[0.047s] DEBUG:colcon:Command line arguments: ['/usr/bin/colcon', 'build']
[0.047s] DEBUG:colcon:Parsed command line arguments: Namespace(log_base=None, log_level=None, verb_name='build', build_base='build', install_base='install', merge_install=False, symlink_install=False, test_result_base=None, continue_on_error=False, executor='parallel', parallel_workers=20, event_handlers=None, ignore_user_meta=False, metas=['./colcon.meta'], base_paths=['.'], packages_ignore=None, packages_ignore_regex=None, paths=None, packages_up_to=None, packages_up_to_regex=None, packages_above=None, packages_above_and_dependencies=None, packages_above_depth=None, packages_select_by_dep=None, packages_skip_by_dep=None, packages_skip_up_to=None, packages_select_build_failed=False, packages_skip_build_finished=False, packages_select_test_failures=False, packages_skip_test_passed=False, packages_select=None, packages_skip=None, packages_select_regex=None, packages_skip_regex=None, packages_start=None, packages_end=None, cmake_args=None, cmake_target=None, cmake_target_skip_unavailable=False, cmake_clean_cache=False, cmake_clean_first=False, cmake_force_configure=False, ament_cmake_args=None, catkin_cmake_args=None, catkin_skip_building_tests=False, mixin_files=None, mixin=None, verb_parser=<colcon_mixin.mixin.mixin_argument.MixinArgumentDecorator object at 0x7538942a3bb0>, verb_extension=<colcon_core.verb.build.BuildVerb object at 0x7538942a3640>, main=<bound method BuildVerb.main of <colcon_core.verb.build.BuildVerb object at 0x7538942a3640>>, mixin_verb=('build',))
[0.106s] Level 1:colcon.colcon_core.package_discovery:discover_packages(colcon_meta) check parameters
[0.106s] Level 1:colcon.colcon_core.package_discovery:discover_packages(recursive) check parameters
[0.106s] Level 1:colcon.colcon_core.package_discovery:discover_packages(ignore) check parameters
[0.106s] Level 1:colcon.colcon_core.package_discovery:discover_packages(path) check parameters
[0.106s] Level 1:colcon.colcon_core.package_discovery:discover_packages(colcon_meta) discover
[0.106s] Level 1:colcon.colcon_core.package_discovery:discover_packages(recursive) discover
[0.106s] INFO:colcon.colcon_core.package_discovery:Crawling recursively for packages in '/mnt/ros_ws'
[0.106s] Level 1:colcon.colcon_core.package_identification:_identify(.) by extensions ['ignore', 'ignore_ament_install']
[0.106s] Level 1:colcon.colcon_core.package_identification:_identify(.) by extension 'ignore'
[0.106s] Level 1:colcon.colcon_core.package_identification:_identify(.) by extension 'ignore_ament_install'
[0.106s] Level 1:colcon.colcon_core.package_identification:_identify(.) by extensions ['colcon_pkg']
[0.106s] Level 1:colcon.colcon_core.package_identification:_identify(.) by extension 'colcon_pkg'
[0.106s] Level 1:colcon.colcon_core.package_identification:_identify(.) by extensions ['colcon_meta']
[0.106s] Level 1:colcon.colcon_core.package_identification:_identify(.) by extension 'colcon_meta'
[0.106s] Level 1:colcon.colcon_core.package_identification:_identify(.) by extensions ['ros']
[0.106s] Level 1:colcon.colcon_core.package_identification:_identify(.) by extension 'ros'
[0.111s] Level 1:colcon.colcon_core.package_identification:_identify(.) by extensions ['cmake', 'python']
[0.111s] Level 1:colcon.colcon_core.package_identification:_identify(.) by extension 'cmake'
[0.111s] Level 1:colcon.colcon_core.package_identification:_identify(.) by extension 'python'
[0.111s] Level 1:colcon.colcon_core.package_identification:_identify(.) by extensions ['python_setup_py']
[0.111s] Level 1:colcon.colcon_core.package_identification:_identify(.) by extension 'python_setup_py'
[0.111s] Level 1:colcon.colcon_core.package_identification:_identify(build) by extensions ['ignore', 'ignore_ament_install']
[0.112s] Level 1:colcon.colcon_core.package_identification:_identify(build) by extension 'ignore'
[0.112s] Level 1:colcon.colcon_core.package_identification:_identify(build) ignored
[0.112s] Level 1:colcon.colcon_core.package_identification:_identify(depth_control) by extensions ['ignore', 'ignore_ament_install']
[0.112s] Level 1:colcon.colcon_core.package_identification:_identify(depth_control) by extension 'ignore'
[0.112s] Level 1:colcon.colcon_core.package_identification:_identify(depth_control) by extension 'ignore_ament_install'
[0.112s] Level 1:colcon.colcon_core.package_identification:_identify(depth_control) by extensions ['colcon_pkg']
[0.112s] Level 1:colcon.colcon_core.package_identification:_identify(depth_control) by extension 'colcon_pkg'
[0.112s] Level 1:colcon.colcon_core.package_identification:_identify(depth_control) by extensions ['colcon_meta']
[0.112s] Level 1:colcon.colcon_core.package_identification:_identify(depth_control) by extension 'colcon_meta'
[0.112s] Level 1:colcon.colcon_core.package_identification:_identify(depth_control) by extensions ['ros']
[0.112s] Level 1:colcon.colcon_core.package_identification:_identify(depth_control) by extension 'ros'
[0.112s] Level 1:colcon.colcon_core.package_identification:_identify(depth_control) by extensions ['cmake', 'python']
[0.112s] Level 1:colcon.colcon_core.package_identification:_identify(depth_control) by extension 'cmake'
[0.112s] Level 1:colcon.colcon_core.package_identification:_identify(depth_control) by extension 'python'
[0.112s] Level 1:colcon.colcon_core.package_identification:_identify(depth_control) by extensions ['python_setup_py']
[0.112s] Level 1:colcon.colcon_core.package_identification:_identify(depth_control) by extension 'python_setup_py'
[0.112s] Level 1:colcon.colcon_core.package_identification:_identify(install) by extensions ['ignore', 'ignore_ament_install']
[0.112s] Level 1:colcon.colcon_core.package_identification:_identify(install) by extension 'ignore'
[0.112s] Level 1:colcon.colcon_core.package_identification:_identify(install) ignored
[0.112s] Level 1:colcon.colcon_core.package_identification:_identify(log) by extensions ['ignore', 'ignore_ament_install']
[0.112s] Level 1:colcon.colcon_core.package_identification:_identify(log) by extension 'ignore'
[0.112s] Level 1:colcon.colcon_core.package_identification:_identify(log) ignored
[0.112s] Level 1:colcon.colcon_core.package_identification:_identify(src) by extensions ['ignore', 'ignore_ament_install']
[0.112s] Level 1:colcon.colcon_core.package_identification:_identify(src) by extension 'ignore'
[0.112s] Level 1:colcon.colcon_core.package_identification:_identify(src) by extension 'ignore_ament_install'
[0.112s] Level 1:colcon.colcon_core.package_identification:_identify(src) by extensions ['colcon_pkg']
[0.112s] Level 1:colcon.colcon_core.package_identification:_identify(src) by extension 'colcon_pkg'
[0.112s] Level 1:colcon.colcon_core.package_identification:_identify(src) by extensions ['colcon_meta']
[0.112s] Level 1:colcon.colcon_core.package_identification:_identify(src) by extension 'colcon_meta'
[0.112s] Level 1:colcon.colcon_core.package_identification:_identify(src) by extensions ['ros']
[0.112s] Level 1:colcon.colcon_core.package_identification:_identify(src) by extension 'ros'
[0.112s] Level 1:colcon.colcon_core.package_identification:_identify(src) by extensions ['cmake', 'python']
[0.112s] Level 1:colcon.colcon_core.package_identification:_identify(src) by extension 'cmake'
[0.112s] Level 1:colcon.colcon_core.package_identification:_identify(src) by extension 'python'
[0.112s] Level 1:colcon.colcon_core.package_identification:_identify(src) by extensions ['python_setup_py']
[0.112s] Level 1:colcon.colcon_core.package_identification:_identify(src) by extension 'python_setup_py'
[0.112s] Level 1:colcon.colcon_core.package_identification:_identify(src/auv_control) by extensions ['ignore', 'ignore_ament_install']
[0.112s] Level 1:colcon.colcon_core.package_identification:_identify(src/auv_control) by extension 'ignore'
[0.112s] Level 1:colcon.colcon_core.package_identification:_identify(src/auv_control) by extension 'ignore_ament_install'
[0.112s] Level 1:colcon.colcon_core.package_identification:_identify(src/auv_control) by extensions ['colcon_pkg']
[0.112s] Level 1:colcon.colcon_core.package_identification:_identify(src/auv_control) by extension 'colcon_pkg'
[0.112s] Level 1:colcon.colcon_core.package_identification:_identify(src/auv_control) by extensions ['colcon_meta']
[0.112s] Level 1:colcon.colcon_core.package_identification:_identify(src/auv_control) by extension 'colcon_meta'
[0.112s] Level 1:colcon.colcon_core.package_identification:_identify(src/auv_control) by extensions ['ros']
[0.112s] Level 1:colcon.colcon_core.package_identification:_identify(src/auv_control) by extension 'ros'
[0.114s] DEBUG:colcon.colcon_core.package_identification:Package 'src/auv_control' with type 'ros.ament_cmake' and name 'auv_control'
[0.114s] Level 1:colcon.colcon_core.package_identification:_identify(src/bluerov2_control) by extensions ['ignore', 'ignore_ament_install']
[0.114s] Level 1:colcon.colcon_core.package_identification:_identify(src/bluerov2_control) by extension 'ignore'
[0.114s] Level 1:colcon.colcon_core.package_identification:_identify(src/bluerov2_control) by extension 'ignore_ament_install'
[0.114s] Level 1:colcon.colcon_core.package_identification:_identify(src/bluerov2_control) by extensions ['colcon_pkg']
[0.114s] Level 1:colcon.colcon_core.package_identification:_identify(src/bluerov2_control) by extension 'colcon_pkg'
[0.114s] Level 1:colcon.colcon_core.package_identification:_identify(src/bluerov2_control) by extensions ['colcon_meta']
[0.114s] Level 1:colcon.colcon_core.package_identification:_identify(src/bluerov2_control) by extension 'colcon_meta'
[0.114s] Level 1:colcon.colcon_core.package_identification:_identify(src/bluerov2_control) by extensions ['ros']
[0.114s] Level 1:colcon.colcon_core.package_identification:_identify(src/bluerov2_control) by extension 'ros'
[0.114s] DEBUG:colcon.colcon_core.package_identification:Package 'src/bluerov2_control' with type 'ros.ament_cmake' and name 'bluerov2_control'
[0.114s] Level 1:colcon.colcon_core.package_identification:_identify(src/bluerov2_description) by extensions ['ignore', 'ignore_ament_install']
[0.114s] Level 1:colcon.colcon_core.package_identification:_identify(src/bluerov2_description) by extension 'ignore'
[0.114s] Level 1:colcon.colcon_core.package_identification:_identify(src/bluerov2_description) by extension 'ignore_ament_install'
[0.114s] Level 1:colcon.colcon_core.package_identification:_identify(src/bluerov2_description) by extensions ['colcon_pkg']
[0.114s] Level 1:colcon.colcon_core.package_identification:_identify(src/bluerov2_description) by extension 'colcon_pkg'
[0.114s] Level 1:colcon.colcon_core.package_identification:_identify(src/bluerov2_description) by extensions ['colcon_meta']
[0.114s] Level 1:colcon.colcon_core.package_identification:_identify(src/bluerov2_description) by extension 'colcon_meta'
[0.114s] Level 1:colcon.colcon_core.package_identification:_identify(src/bluerov2_description) by extensions ['ros']
[0.114s] Level 1:colcon.colcon_core.package_identification:_identify(src/bluerov2_description) by extension 'ros'
[0.115s] DEBUG:colcon.colcon_core.package_identification:Package 'src/bluerov2_description' with type 'ros.ament_cmake' and name 'bluerov2_description'
[0.115s] Level 1:colcon.colcon_core.package_identification:_identify(src/pose_to_tf) by extensions ['ignore', 'ignore_ament_install']
[0.115s] Level 1:colcon.colcon_core.package_identification:_identify(src/pose_to_tf) by extension 'ignore'
[0.115s] Level 1:colcon.colcon_core.package_identification:_identify(src/pose_to_tf) by extension 'ignore_ament_install'
[0.115s] Level 1:colcon.colcon_core.package_identification:_identify(src/pose_to_tf) by extensions ['colcon_pkg']
[0.115s] Level 1:colcon.colcon_core.package_identification:_identify(src/pose_to_tf) by extension 'colcon_pkg'
[0.115s] Level 1:colcon.colcon_core.package_identification:_identify(src/pose_to_tf) by extensions ['colcon_meta']
[0.115s] Level 1:colcon.colcon_core.package_identification:_identify(src/pose_to_tf) by extension 'colcon_meta'
[0.115s] Level 1:colcon.colcon_core.package_identification:_identify(src/pose_to_tf) by extensions ['ros']
[0.115s] Level 1:colcon.colcon_core.package_identification:_identify(src/pose_to_tf) by extension 'ros'
[0.115s] DEBUG:colcon.colcon_core.package_identification:Package 'src/pose_to_tf' with type 'ros.ament_cmake' and name 'pose_to_tf'
[0.115s] Level 1:colcon.colcon_core.package_identification:_identify(src/rov_control_tools) by extensions ['ignore', 'ignore_ament_install']
[0.115s] Level 1:colcon.colcon_core.package_identification:_identify(src/rov_control_tools) by extension 'ignore'
[0.115s] Level 1:colcon.colcon_core.package_identification:_identify(src/rov_control_tools) by extension 'ignore_ament_install'
[0.115s] Level 1:colcon.colcon_core.package_identification:_identify(src/rov_control_tools) by extensions ['colcon_pkg']
[0.115s] Level 1:colcon.colcon_core.package_identification:_identify(src/rov_control_tools) by extension 'colcon_pkg'
[0.115s] Level 1:colcon.colcon_core.package_identification:_identify(src/rov_control_tools) by extensions ['colcon_meta']
[0.115s] Level 1:colcon.colcon_core.package_identification:_identify(src/rov_control_tools) by extension 'colcon_meta'
[0.115s] Level 1:colcon.colcon_core.package_identification:_identify(src/rov_control_tools) by extensions ['ros']
[0.115s] Level 1:colcon.colcon_core.package_identification:_identify(src/rov_control_tools) by extension 'ros'
[0.115s] DEBUG:colcon.colcon_core.package_identification:Package 'src/rov_control_tools' with type 'ros.ament_python' and name 'rov_control_tools'
[0.116s] Level 1:colcon.colcon_core.package_identification:_identify(src/thruster_manager) by extensions ['ignore', 'ignore_ament_install']
[0.116s] Level 1:colcon.colcon_core.package_identification:_identify(src/thruster_manager) by extension 'ignore'
[0.116s] Level 1:colcon.colcon_core.package_identification:_identify(src/thruster_manager) by extension 'ignore_ament_install'
[0.116s] Level 1:colcon.colcon_core.package_identification:_identify(src/thruster_manager) by extensions ['colcon_pkg']
[0.116s] Level 1:colcon.colcon_core.package_identification:_identify(src/thruster_manager) by extension 'colcon_pkg'
[0.116s] Level 1:colcon.colcon_core.package_identification:_identify(src/thruster_manager) by extensions ['colcon_meta']
[0.116s] Level 1:colcon.colcon_core.package_identification:_identify(src/thruster_manager) by extension 'colcon_meta'
[0.116s] Level 1:colcon.colcon_core.package_identification:_identify(src/thruster_manager) by extensions ['ros']
[0.116s] Level 1:colcon.colcon_core.package_identification:_identify(src/thruster_manager) by extension 'ros'
[0.116s] DEBUG:colcon.colcon_core.package_identification:Package 'src/thruster_manager' with type 'ros.ament_cmake' and name 'thruster_manager'
[0.116s] Level 1:colcon.colcon_core.package_identification:_identify(trace) by extensions ['ignore', 'ignore_ament_install']
[0.116s] Level 1:colcon.colcon_core.package_identification:_identify(trace) by extension 'ignore'
[0.116s] Level 1:colcon.colcon_core.package_identification:_identify(trace) by extension 'ignore_ament_install'
[0.116s] Level 1:colcon.colcon_core.package_identification:_identify(trace) by extensions ['colcon_pkg']
[0.116s] Level 1:colcon.colcon_core.package_identification:_identify(trace) by extension 'colcon_pkg'
[0.116s] Level 1:colcon.colcon_core.package_identification:_identify(trace) by extensions ['colcon_meta']
[0.116s] Level 1:colcon.colcon_core.package_identification:_identify(trace) by extension 'colcon_meta'
[0.116s] Level 1:colcon.colcon_core.package_identification:_identify(trace) by extensions ['ros']
[0.116s] Level 1:colcon.colcon_core.package_identification:_identify(trace) by extension 'ros'
[0.116s] Level 1:colcon.colcon_core.package_identification:_identify(trace) by extensions ['cmake', 'python']
[0.116s] Level 1:colcon.colcon_core.package_identification:_identify(trace) by extension 'cmake'
[0.116s] Level 1:colcon.colcon_core.package_identification:_identify(trace) by extension 'python'
[0.116s] Level 1:colcon.colcon_core.package_identification:_identify(trace) by extensions ['python_setup_py']
[0.116s] Level 1:colcon.colcon_core.package_identification:_identify(trace) by extension 'python_setup_py'
[0.116s] Level 1:colcon.colcon_core.package_discovery:discover_packages(recursive) using defaults
[0.116s] Level 1:colcon.colcon_core.package_discovery:discover_packages(ignore) discover
[0.116s] Level 1:colcon.colcon_core.package_discovery:discover_packages(ignore) using defaults
[0.116s] Level 1:colcon.colcon_core.package_discovery:discover_packages(path) discover
[0.116s] Level 1:colcon.colcon_core.package_discovery:discover_packages(path) using defaults
[0.126s] Level 5:colcon.colcon_core.verb:set package 'bluerov2_description' build argument 'cmake_args' from command line to 'None'
[0.126s] Level 5:colcon.colcon_core.verb:set package 'bluerov2_description' build argument 'cmake_target' from command line to 'None'
[0.126s] Level 5:colcon.colcon_core.verb:set package 'bluerov2_description' build argument 'cmake_target_skip_unavailable' from command line to 'False'
[0.126s] Level 5:colcon.colcon_core.verb:set package 'bluerov2_description' build argument 'cmake_clean_cache' from command line to 'False'
[0.126s] Level 5:colcon.colcon_core.verb:set package 'bluerov2_description' build argument 'cmake_clean_first' from command line to 'False'
[0.126s] Level 5:colcon.colcon_core.verb:set package 'bluerov2_description' build argument 'cmake_force_configure' from command line to 'False'
[0.126s] Level 5:colcon.colcon_core.verb:set package 'bluerov2_description' build argument 'ament_cmake_args' from command line to 'None'
[0.126s] Level 5:colcon.colcon_core.verb:set package 'bluerov2_description' build argument 'catkin_cmake_args' from command line to 'None'
[0.126s] Level 5:colcon.colcon_core.verb:set package 'bluerov2_description' build argument 'catkin_skip_building_tests' from command line to 'False'
[0.126s] DEBUG:colcon.colcon_core.verb:Building package 'bluerov2_description' with the following arguments: {'ament_cmake_args': None, 'build_base': '/mnt/ros_ws/build/bluerov2_description', 'catkin_cmake_args': None, 'catkin_skip_building_tests': False, 'cmake_args': None, 'cmake_clean_cache': False, 'cmake_clean_first': False, 'cmake_force_configure': False, 'cmake_target': None, 'cmake_target_skip_unavailable': False, 'install_base': '/mnt/ros_ws/install/bluerov2_description', 'merge_install': False, 'path': '/mnt/ros_ws/src/bluerov2_description', 'symlink_install': False, 'test_result_base': None}
[0.126s] Level 5:colcon.colcon_core.verb:set package 'pose_to_tf' build argument 'cmake_args' from command line to 'None'
[0.126s] Level 5:colcon.colcon_core.verb:set package 'pose_to_tf' build argument 'cmake_target' from command line to 'None'
[0.126s] Level 5:colcon.colcon_core.verb:set package 'pose_to_tf' build argument 'cmake_target_skip_unavailable' from command line to 'False'
[0.126s] Level 5:colcon.colcon_core.verb:set package 'pose_to_tf' build argument 'cmake_clean_cache' from command line to 'False'
[0.126s] Level 5:colcon.colcon_core.verb:set package 'pose_to_tf' build argument 'cmake_clean_first' from command line to 'False'
[0.126s] Level 5:colcon.colcon_core.verb:set package 'pose_to_tf' build argument 'cmake_force_configure' from command line to 'False'
[0.126s] Level 5:colcon.colcon_core.verb:set package 'pose_to_tf' build argument 'ament_cmake_args' from command line to 'None'
[0.126s] Level 5:colcon.colcon_core.verb:set package 'pose_to_tf' build argument 'catkin_cmake_args' from command line to 'None'
[0.126s] Level 5:colcon.colcon_core.verb:set package 'pose_to_tf' build argument 'catkin_skip_building_tests' from command line to 'False'
[0.126s] DEBUG:colcon.colcon_core.verb:Building package 'pose_to_tf' with the following arguments: {'ament_cmake_args': None, 'build_base': '/mnt/ros_ws/build/pose_to_tf', 'catkin_cmake_args': None, 'catkin_skip_building_tests': False, 'cmake_args': None, 'cmake_clean_cache': False, 'cmake_clean_first': False, 'cmake_force_configure': False, 'cmake_target': None, 'cmake_target_skip_unavailable': False, 'install_base': '/mnt/ros_ws/install/pose_to_tf', 'merge_install': False, 'path': '/mnt/ros_ws/src/pose_to_tf', 'symlink_install': False, 'test_result_base': None}
[0.126s] Level 5:colcon.colcon_core.verb:set package 'rov_control_tools' build argument 'cmake_args' from command line to 'None'
[0.126s] Level 5:colcon.colcon_core.verb:set package 'rov_control_tools' build argument 'cmake_target' from command line to 'None'
[0.126s] Level 5:colcon.colcon_core.verb:set package 'rov_control_tools' build argument 'cmake_target_skip_unavailable' from command line to 'False'
[0.126s] Level 5:colcon.colcon_core.verb:set package 'rov_control_tools' build argument 'cmake_clean_cache' from command line to 'False'
[0.126s] Level 5:colcon.colcon_core.verb:set package 'rov_control_tools' build argument 'cmake_clean_first' from command line to 'False'
[0.126s] Level 5:colcon.colcon_core.verb:set package 'rov_control_tools' build argument 'cmake_force_configure' from command line to 'False'
[0.126s] Level 5:colcon.colcon_core.verb:set package 'rov_control_tools' build argument 'ament_cmake_args' from command line to 'None'
[0.126s] Level 5:colcon.colcon_core.verb:set package 'rov_control_tools' build argument 'catkin_cmake_args' from command line to 'None'
[0.126s] Level 5:colcon.colcon_core.verb:set package 'rov_control_tools' build argument 'catkin_skip_building_tests' from command line to 'False'
[0.126s] DEBUG:colcon.colcon_core.verb:Building package 'rov_control_tools' with the following arguments: {'ament_cmake_args': None, 'build_base': '/mnt/ros_ws/build/rov_control_tools', 'catkin_cmake_args': None, 'catkin_skip_building_tests': False, 'cmake_args': None, 'cmake_clean_cache': False, 'cmake_clean_first': False, 'cmake_force_configure': False, 'cmake_target': None, 'cmake_target_skip_unavailable': False, 'install_base': '/mnt/ros_ws/install/rov_control_tools', 'merge_install': False, 'path': '/mnt/ros_ws/src/rov_control_tools', 'symlink_install': False, 'test_result_base': None}
[0.127s] Level 5:colcon.colcon_core.verb:set package 'thruster_manager' build argument 'cmake_args' from command line to 'None'
[0.127s] Level 5:colcon.colcon_core.verb:set package 'thruster_manager' build argument 'cmake_target' from command line to 'None'
[0.127s] Level 5:colcon.colcon_core.verb:set package 'thruster_manager' build argument 'cmake_target_skip_unavailable' from command line to 'False'
[0.127s] Level 5:colcon.colcon_core.verb:set package 'thruster_manager' build argument 'cmake_clean_cache' from command line to 'False'
[0.127s] Level 5:colcon.colcon_core.verb:set package 'thruster_manager' build argument 'cmake_clean_first' from command line to 'False'
[0.127s] Level 5:colcon.colcon_core.verb:set package 'thruster_manager' build argument 'cmake_force_configure' from command line to 'False'
[0.127s] Level 5:colcon.colcon_core.verb:set package 'thruster_manager' build argument 'ament_cmake_args' from command line to 'None'
[0.127s] Level 5:colcon.colcon_core.verb:set package 'thruster_manager' build argument 'catkin_cmake_args' from command line to 'None'
[0.127s] Level 5:colcon.colcon_core.verb:set package 'thruster_manager' build argument 'catkin_skip_building_tests' from command line to 'False'
[0.127s] DEBUG:colcon.colcon_core.verb:Building package 'thruster_manager' with the following arguments: {'ament_cmake_args': None, 'build_base': '/mnt/ros_ws/build/thruster_manager', 'catkin_cmake_args': None, 'catkin_skip_building_tests': False, 'cmake_args': None, 'cmake_clean_cache': False, 'cmake_clean_first': False, 'cmake_force_configure': False, 'cmake_target': None, 'cmake_target_skip_unavailable': False, 'install_base': '/mnt/ros_ws/install/thruster_manager', 'merge_install': False, 'path': '/mnt/ros_ws/src/thruster_manager', 'symlink_install': False, 'test_result_base': None}
[0.127s] Level 5:colcon.colcon_core.verb:set package 'auv_control' build argument 'cmake_args' from command line to 'None'
[0.127s] Level 5:colcon.colcon_core.verb:set package 'auv_control' build argument 'cmake_target' from command line to 'None'
[0.127s] Level 5:colcon.colcon_core.verb:set package 'auv_control' build argument 'cmake_target_skip_unavailable' from command line to 'False'
[0.127s] Level 5:colcon.colcon_core.verb:set package 'auv_control' build argument 'cmake_clean_cache' from command line to 'False'
[0.127s] Level 5:colcon.colcon_core.verb:set package 'auv_control' build argument 'cmake_clean_first' from command line to 'False'
[0.127s] Level 5:colcon.colcon_core.verb:set package 'auv_control' build argument 'cmake_force_configure' from command line to 'False'
[0.127s] Level 5:colcon.colcon_core.verb:set package 'auv_control' build argument 'ament_cmake_args' from command line to 'None'
[0.127s] Level 5:colcon.colcon_core.verb:set package 'auv_control' build argument 'catkin_cmake_args' from command line to 'None'
[0.127s] Level 5:colcon.colcon_core.verb:set package 'auv_control' build argument 'catkin_skip_building_tests' from command line to 'False'
[0.127s] DEBUG:colcon.colcon_core.verb:Building package 'auv_control' with the following arguments: {'ament_cmake_args': None, 'build_base': '/mnt/ros_ws/build/auv_control', 'catkin_cmake_args': None, 'catkin_skip_building_tests': False, 'cmake_args': None, 'cmake_clean_cache': False, 'cmake_clean_first': False, 'cmake_force_configure': False, 'cmake_target': None, 'cmake_target_skip_unavailable': False, 'install_base': '/mnt/ros_ws/install/auv_control', 'merge_install': False, 'path': '/mnt/ros_ws/src/auv_control', 'symlink_install': False, 'test_result_base': None}
[0.127s] Level 5:colcon.colcon_core.verb:set package 'bluerov2_control' build argument 'cmake_args' from command line to 'None'
[0.127s] Level 5:colcon.colcon_core.verb:set package 'bluerov2_control' build argument 'cmake_target' from command line to 'None'
[0.127s] Level 5:colcon.colcon_core.verb:set package 'bluerov2_control' build argument 'cmake_target_skip_unavailable' from command line to 'False'
[0.127s] Level 5:colcon.colcon_core.verb:set package 'bluerov2_control' build argument 'cmake_clean_cache' from command line to 'False'
[0.127s] Level 5:colcon.colcon_core.verb:set package 'bluerov2_control' build argument 'cmake_clean_first' from command line to 'False'
[0.127s] Level 5:colcon.colcon_core.verb:set package 'bluerov2_control' build argument 'cmake_force_configure' from command line to 'False'
[0.127s] Level 5:colcon.colcon_core.verb:set package 'bluerov2_control' build argument 'ament_cmake_args' from command line to 'None'
[0.127s] Level 5:colcon.colcon_core.verb:set package 'bluerov2_control' build argument 'catkin_cmake_args' from command line to 'None'
[0.127s] Level 5:colcon.colcon_core.verb:set package 'bluerov2_control' build argument 'catkin_skip_building_tests' from command line to 'False'
[0.127s] DEBUG:colcon.colcon_core.verb:Building package 'bluerov2_control' with the following arguments: {'ament_cmake_args': None, 'build_base': '/mnt/ros_ws/build/bluerov2_control', 'catkin_cmake_args': None, 'catkin_skip_building_tests': False, 'cmake_args': None, 'cmake_clean_cache': False, 'cmake_clean_first': False, 'cmake_force_configure': False, 'cmake_target': None, 'cmake_target_skip_unavailable': False, 'install_base': '/mnt/ros_ws/install/bluerov2_control', 'merge_install': False, 'path': '/mnt/ros_ws/src/bluerov2_control', 'symlink_install': False, 'test_result_base': None}
[0.127s] INFO:colcon.colcon_core.executor:Executing jobs using 'parallel' executor
[0.128s] DEBUG:colcon.colcon_parallel_executor.executor.parallel:run_until_complete
[0.128s] INFO:colcon.colcon_ros.task.ament_cmake.build:Building ROS package in '/mnt/ros_ws/src/thruster_manager' with build type 'ament_cmake'
[0.128s] INFO:colcon.colcon_cmake.task.cmake.build:Building CMake package in '/mnt/ros_ws/src/thruster_manager'
[0.129s] INFO:colcon.colcon_core.plugin_system:Skipping extension 'colcon_core.shell.bat': Not used on non-Windows systems
[0.129s] INFO:colcon.colcon_core.shell:Skip shell extension 'powershell' for command environment: Not usable outside of PowerShell
[0.129s] DEBUG:colcon.colcon_core.shell:Skip shell extension 'dsv' for command environment
[0.130s] WARNING:colcon.colcon_ros.prefix_path.ament:The path '/mnt/ros_ws/install/bluerov2_control' in the environment variable AMENT_PREFIX_PATH doesn't exist
[0.130s] WARNING:colcon.colcon_ros.prefix_path.ament:The path '/mnt/ros_ws/install/auv_control' in the environment variable AMENT_PREFIX_PATH doesn't exist
[0.130s] WARNING:colcon.colcon_ros.prefix_path.ament:The path '/mnt/ros_ws/install/thruster_manager' in the environment variable AMENT_PREFIX_PATH doesn't exist
[0.130s] WARNING:colcon.colcon_ros.prefix_path.ament:The path '/mnt/ros_ws/install/rov_control_tools' in the environment variable AMENT_PREFIX_PATH doesn't exist
[0.130s] WARNING:colcon.colcon_ros.prefix_path.ament:The path '/mnt/ros_ws/install/pose_to_tf' in the environment variable AMENT_PREFIX_PATH doesn't exist
[0.130s] WARNING:colcon.colcon_ros.prefix_path.ament:The path '/mnt/ros_ws/install/bluerov2_description' in the environment variable AMENT_PREFIX_PATH doesn't exist
[0.130s] WARNING:colcon.colcon_ros.prefix_path.catkin:The path '/mnt/ros_ws/install/bluerov2_control' in the environment variable CMAKE_PREFIX_PATH doesn't exist
[0.130s] WARNING:colcon.colcon_ros.prefix_path.catkin:The path '/mnt/ros_ws/install/auv_control' in the environment variable CMAKE_PREFIX_PATH doesn't exist
[0.130s] WARNING:colcon.colcon_ros.prefix_path.catkin:The path '/mnt/ros_ws/install/thruster_manager' in the environment variable CMAKE_PREFIX_PATH doesn't exist
[0.130s] WARNING:colcon.colcon_ros.prefix_path.catkin:The path '/mnt/ros_ws/install/pose_to_tf' in the environment variable CMAKE_PREFIX_PATH doesn't exist
[0.130s] WARNING:colcon.colcon_ros.prefix_path.catkin:The path '/mnt/ros_ws/install/bluerov2_description' in the environment variable CMAKE_PREFIX_PATH doesn't exist
[0.131s] INFO:colcon.colcon_ros.task.ament_cmake.build:Building ROS package in '/mnt/ros_ws/src/bluerov2_description' with build type 'ament_cmake'
[0.132s] INFO:colcon.colcon_cmake.task.cmake.build:Building CMake package in '/mnt/ros_ws/src/bluerov2_description'
[0.132s] INFO:colcon.colcon_core.shell:Skip shell extension 'powershell' for command environment: Not usable outside of PowerShell
[0.132s] DEBUG:colcon.colcon_core.shell:Skip shell extension 'dsv' for command environment
[0.133s] INFO:colcon.colcon_ros.task.ament_cmake.build:Building ROS package in '/mnt/ros_ws/src/pose_to_tf' with build type 'ament_cmake'
[0.133s] INFO:colcon.colcon_cmake.task.cmake.build:Building CMake package in '/mnt/ros_ws/src/pose_to_tf'
[0.133s] INFO:colcon.colcon_core.shell:Skip shell extension 'powershell' for command environment: Not usable outside of PowerShell
[0.133s] DEBUG:colcon.colcon_core.shell:Skip shell extension 'dsv' for command environment
[0.135s] INFO:colcon.colcon_ros.task.ament_python.build:Building ROS package in '/mnt/ros_ws/src/rov_control_tools' with build type 'ament_python'
[0.135s] Level 1:colcon.colcon_core.shell:create_environment_hook('rov_control_tools', 'ament_prefix_path')
[0.135s] INFO:colcon.colcon_core.shell:Creating environment hook '/mnt/ros_ws/install/rov_control_tools/share/rov_control_tools/hook/ament_prefix_path.ps1'
[0.135s] INFO:colcon.colcon_core.shell:Creating environment descriptor '/mnt/ros_ws/install/rov_control_tools/share/rov_control_tools/hook/ament_prefix_path.dsv'
[0.135s] INFO:colcon.colcon_core.shell:Creating environment hook '/mnt/ros_ws/install/rov_control_tools/share/rov_control_tools/hook/ament_prefix_path.sh'
[0.136s] INFO:colcon.colcon_core.shell:Skip shell extension 'powershell' for command environment: Not usable outside of PowerShell
[0.136s] DEBUG:colcon.colcon_core.shell:Skip shell extension 'dsv' for command environment
[0.139s] DEBUG:colcon.colcon_core.event_handler.log_command:Invoking command in '/mnt/ros_ws/build/thruster_manager': CMAKE_PREFIX_PATH=${CMAKE_PREFIX_PATH}:/mnt/ros_ws/install/rov_control_tools:/opt/ros/humble /usr/bin/cmake /mnt/ros_ws/src/thruster_manager -DCMAKE_INSTALL_PREFIX=/mnt/ros_ws/install/thruster_manager
[0.140s] DEBUG:colcon.colcon_core.event_handler.log_command:Invoking command in '/mnt/ros_ws/build/bluerov2_description': CMAKE_PREFIX_PATH=${CMAKE_PREFIX_PATH}:/mnt/ros_ws/install/rov_control_tools:/opt/ros/humble /usr/bin/cmake /mnt/ros_ws/src/bluerov2_description -DCMAKE_INSTALL_PREFIX=/mnt/ros_ws/install/bluerov2_description
[0.142s] DEBUG:colcon.colcon_core.event_handler.log_command:Invoking command in '/mnt/ros_ws/build/pose_to_tf': CMAKE_PREFIX_PATH=${CMAKE_PREFIX_PATH}:/mnt/ros_ws/install/rov_control_tools:/opt/ros/humble /usr/bin/cmake /mnt/ros_ws/src/pose_to_tf -DCMAKE_INSTALL_PREFIX=/mnt/ros_ws/install/pose_to_tf
[0.248s] INFO:colcon.colcon_core.task.python.build:Building Python package in '/mnt/ros_ws/src/rov_control_tools'
[0.248s] INFO:colcon.colcon_core.shell:Skip shell extension 'powershell' for command environment: Not usable outside of PowerShell
[0.248s] DEBUG:colcon.colcon_core.shell:Skip shell extension 'dsv' for command environment
[0.399s] DEBUG:colcon.colcon_core.event_handler.log_command:Invoking command in '/mnt/ros_ws/src/rov_control_tools': PYTHONPATH=/mnt/ros_ws/build/rov_control_tools/prefix_override:/usr/lib/python3/dist-packages/colcon_core/task/python/colcon_distutils_commands:/mnt/ros_ws/install/rov_control_tools/lib/python3.10/site-packages:${PYTHONPATH} /usr/bin/python3 -W ignore:setup.py install is deprecated -W ignore:easy_install command is deprecated setup.py egg_info --egg-base ../../build/rov_control_tools build --build-base /mnt/ros_ws/build/rov_control_tools/build install --record /mnt/ros_ws/build/rov_control_tools/install.log --single-version-externally-managed install_data
[0.480s] DEBUG:colcon.colcon_core.event_handler.log_command:Invoked command in '/mnt/ros_ws/build/bluerov2_description' returned '0': CMAKE_PREFIX_PATH=${CMAKE_PREFIX_PATH}:/mnt/ros_ws/install/rov_control_tools:/opt/ros/humble /usr/bin/cmake /mnt/ros_ws/src/bluerov2_description -DCMAKE_INSTALL_PREFIX=/mnt/ros_ws/install/bluerov2_description
[0.481s] DEBUG:colcon.colcon_core.event_handler.log_command:Invoking command in '/mnt/ros_ws/build/bluerov2_description': CMAKE_PREFIX_PATH=${CMAKE_PREFIX_PATH}:/mnt/ros_ws/install/rov_control_tools:/opt/ros/humble /usr/bin/cmake --build /mnt/ros_ws/build/bluerov2_description -- -j20 -l20
[0.506s] DEBUG:colcon.colcon_core.event_handler.log_command:Invoked command in '/mnt/ros_ws/build/bluerov2_description' returned '0': CMAKE_PREFIX_PATH=${CMAKE_PREFIX_PATH}:/mnt/ros_ws/install/rov_control_tools:/opt/ros/humble /usr/bin/cmake --build /mnt/ros_ws/build/bluerov2_description -- -j20 -l20
[0.512s] DEBUG:colcon.colcon_core.event_handler.log_command:Invoking command in '/mnt/ros_ws/build/bluerov2_description': CMAKE_PREFIX_PATH=${CMAKE_PREFIX_PATH}:/mnt/ros_ws/install/rov_control_tools:/opt/ros/humble /usr/bin/cmake --install /mnt/ros_ws/build/bluerov2_description
[0.526s] DEBUG:colcon.colcon_core.event_handler.log_command:Invoked command in '/mnt/ros_ws/src/rov_control_tools' returned '0': PYTHONPATH=/mnt/ros_ws/build/rov_control_tools/prefix_override:/usr/lib/python3/dist-packages/colcon_core/task/python/colcon_distutils_commands:/mnt/ros_ws/install/rov_control_tools/lib/python3.10/site-packages:${PYTHONPATH} /usr/bin/python3 -W ignore:setup.py install is deprecated -W ignore:easy_install command is deprecated setup.py egg_info --egg-base ../../build/rov_control_tools build --build-base /mnt/ros_ws/build/rov_control_tools/build install --record /mnt/ros_ws/build/rov_control_tools/install.log --single-version-externally-managed install_data
[0.527s] Level 1:colcon.colcon_core.environment:checking '/mnt/ros_ws/install/rov_control_tools' for CMake module files
[0.527s] Level 1:colcon.colcon_core.environment:checking '/mnt/ros_ws/install/rov_control_tools' for CMake config files
[0.527s] Level 1:colcon.colcon_core.environment:checking '/mnt/ros_ws/install/rov_control_tools/lib'
[0.527s] Level 1:colcon.colcon_core.environment:checking '/mnt/ros_ws/install/rov_control_tools/bin'
[0.527s] Level 1:colcon.colcon_core.environment:checking '/mnt/ros_ws/install/rov_control_tools/lib/pkgconfig/rov_control_tools.pc'
[0.527s] Level 1:colcon.colcon_core.environment:checking '/mnt/ros_ws/install/rov_control_tools/lib/python3.10/site-packages'
[0.527s] Level 1:colcon.colcon_core.shell:create_environment_hook('rov_control_tools', 'pythonpath')
[0.527s] INFO:colcon.colcon_core.shell:Creating environment hook '/mnt/ros_ws/install/rov_control_tools/share/rov_control_tools/hook/pythonpath.ps1'
[0.528s] INFO:colcon.colcon_core.shell:Creating environment descriptor '/mnt/ros_ws/install/rov_control_tools/share/rov_control_tools/hook/pythonpath.dsv'
[0.528s] INFO:colcon.colcon_core.shell:Creating environment hook '/mnt/ros_ws/install/rov_control_tools/share/rov_control_tools/hook/pythonpath.sh'
[0.528s] Level 1:colcon.colcon_core.environment:checking '/mnt/ros_ws/install/rov_control_tools/bin'
[0.528s] Level 1:colcon.colcon_core.environment:create_environment_scripts_only(rov_control_tools)
[0.528s] INFO:colcon.colcon_core.shell:Creating package script '/mnt/ros_ws/install/rov_control_tools/share/rov_control_tools/package.ps1'
[0.529s] INFO:colcon.colcon_core.shell:Creating package descriptor '/mnt/ros_ws/install/rov_control_tools/share/rov_control_tools/package.dsv'
[0.529s] INFO:colcon.colcon_core.shell:Creating package script '/mnt/ros_ws/install/rov_control_tools/share/rov_control_tools/package.sh'
[0.529s] INFO:colcon.colcon_core.shell:Creating package script '/mnt/ros_ws/install/rov_control_tools/share/rov_control_tools/package.bash'
[0.529s] INFO:colcon.colcon_core.shell:Creating package script '/mnt/ros_ws/install/rov_control_tools/share/rov_control_tools/package.zsh'
[0.530s] Level 1:colcon.colcon_core.environment:create_file_with_runtime_dependencies(/mnt/ros_ws/install/rov_control_tools/share/colcon-core/packages/rov_control_tools)
[0.534s] Level 1:colcon.colcon_core.environment:create_environment_scripts_only(bluerov2_description)
[0.535s] Level 1:colcon.colcon_core.environment:checking '/mnt/ros_ws/install/bluerov2_description' for CMake module files
[0.535s] DEBUG:colcon.colcon_core.event_handler.log_command:Invoked command in '/mnt/ros_ws/build/bluerov2_description' returned '0': CMAKE_PREFIX_PATH=${CMAKE_PREFIX_PATH}:/mnt/ros_ws/install/rov_control_tools:/opt/ros/humble /usr/bin/cmake --install /mnt/ros_ws/build/bluerov2_description
[0.535s] Level 1:colcon.colcon_core.environment:checking '/mnt/ros_ws/install/bluerov2_description' for CMake config files
[0.535s] Level 1:colcon.colcon_core.shell:create_environment_hook('bluerov2_description', 'cmake_prefix_path')
[0.535s] INFO:colcon.colcon_core.shell:Creating environment hook '/mnt/ros_ws/install/bluerov2_description/share/bluerov2_description/hook/cmake_prefix_path.ps1'
[0.536s] INFO:colcon.colcon_core.shell:Creating environment descriptor '/mnt/ros_ws/install/bluerov2_description/share/bluerov2_description/hook/cmake_prefix_path.dsv'
[0.536s] INFO:colcon.colcon_core.shell:Creating environment hook '/mnt/ros_ws/install/bluerov2_description/share/bluerov2_description/hook/cmake_prefix_path.sh'
[0.536s] Level 1:colcon.colcon_core.environment:checking '/mnt/ros_ws/install/bluerov2_description/bin'
[0.537s] Level 1:colcon.colcon_core.environment:checking '/mnt/ros_ws/install/bluerov2_description/lib/pkgconfig/bluerov2_description.pc'
[0.537s] Level 1:colcon.colcon_core.environment:checking '/mnt/ros_ws/install/bluerov2_description/lib/python3.10/site-packages'
[0.537s] Level 1:colcon.colcon_core.environment:checking '/mnt/ros_ws/install/bluerov2_description/bin'
[0.537s] INFO:colcon.colcon_core.shell:Creating package script '/mnt/ros_ws/install/bluerov2_description/share/bluerov2_description/package.ps1'
[0.537s] INFO:colcon.colcon_core.shell:Creating package descriptor '/mnt/ros_ws/install/bluerov2_description/share/bluerov2_description/package.dsv'
[0.538s] INFO:colcon.colcon_core.shell:Creating package script '/mnt/ros_ws/install/bluerov2_description/share/bluerov2_description/package.sh'
[0.538s] INFO:colcon.colcon_core.shell:Creating package script '/mnt/ros_ws/install/bluerov2_description/share/bluerov2_description/package.bash'
[0.538s] INFO:colcon.colcon_core.shell:Creating package script '/mnt/ros_ws/install/bluerov2_description/share/bluerov2_description/package.zsh'
[0.539s] Level 1:colcon.colcon_core.environment:create_file_with_runtime_dependencies(/mnt/ros_ws/install/bluerov2_description/share/colcon-core/packages/bluerov2_description)
[0.539s] Level 1:colcon.colcon_core.environment:create_environment_scripts_only(bluerov2_description)
[0.539s] Level 1:colcon.colcon_core.environment:checking '/mnt/ros_ws/install/bluerov2_description' for CMake module files
[0.539s] Level 1:colcon.colcon_core.environment:checking '/mnt/ros_ws/install/bluerov2_description' for CMake config files
[0.540s] Level 1:colcon.colcon_core.shell:create_environment_hook('bluerov2_description', 'cmake_prefix_path')
[0.540s] INFO:colcon.colcon_core.shell:Creating environment hook '/mnt/ros_ws/install/bluerov2_description/share/bluerov2_description/hook/cmake_prefix_path.ps1'
[0.540s] INFO:colcon.colcon_core.shell:Creating environment descriptor '/mnt/ros_ws/install/bluerov2_description/share/bluerov2_description/hook/cmake_prefix_path.dsv'
[0.540s] INFO:colcon.colcon_core.shell:Creating environment hook '/mnt/ros_ws/install/bluerov2_description/share/bluerov2_description/hook/cmake_prefix_path.sh'
[0.540s] Level 1:colcon.colcon_core.environment:checking '/mnt/ros_ws/install/bluerov2_description/bin'
[0.540s] Level 1:colcon.colcon_core.environment:checking '/mnt/ros_ws/install/bluerov2_description/lib/pkgconfig/bluerov2_description.pc'
[0.540s] Level 1:colcon.colcon_core.environment:checking '/mnt/ros_ws/install/bluerov2_description/lib/python3.10/site-packages'
[0.541s] Level 1:colcon.colcon_core.environment:checking '/mnt/ros_ws/install/bluerov2_description/bin'
[0.541s] INFO:colcon.colcon_core.shell:Creating package script '/mnt/ros_ws/install/bluerov2_description/share/bluerov2_description/package.ps1'
[0.541s] INFO:colcon.colcon_core.shell:Creating package descriptor '/mnt/ros_ws/install/bluerov2_description/share/bluerov2_description/package.dsv'
[0.541s] INFO:colcon.colcon_core.shell:Creating package script '/mnt/ros_ws/install/bluerov2_description/share/bluerov2_description/package.sh'
[0.541s] INFO:colcon.colcon_core.shell:Creating package script '/mnt/ros_ws/install/bluerov2_description/share/bluerov2_description/package.bash'
[0.541s] INFO:colcon.colcon_core.shell:Creating package script '/mnt/ros_ws/install/bluerov2_description/share/bluerov2_description/package.zsh'
[0.542s] Level 1:colcon.colcon_core.environment:create_file_with_runtime_dependencies(/mnt/ros_ws/install/bluerov2_description/share/colcon-core/packages/bluerov2_description)
[0.847s] DEBUG:colcon.colcon_core.event_handler.log_command:Invoked command in '/mnt/ros_ws/build/pose_to_tf' returned '0': CMAKE_PREFIX_PATH=${CMAKE_PREFIX_PATH}:/mnt/ros_ws/install/rov_control_tools:/opt/ros/humble /usr/bin/cmake /mnt/ros_ws/src/pose_to_tf -DCMAKE_INSTALL_PREFIX=/mnt/ros_ws/install/pose_to_tf
[0.847s] DEBUG:colcon.colcon_core.event_handler.log_command:Invoking command in '/mnt/ros_ws/build/pose_to_tf': CMAKE_PREFIX_PATH=${CMAKE_PREFIX_PATH}:/mnt/ros_ws/install/rov_control_tools:/opt/ros/humble /usr/bin/cmake --build /mnt/ros_ws/build/pose_to_tf -- -j20 -l20
[0.901s] DEBUG:colcon.colcon_core.event_handler.log_command:Invoked command in '/mnt/ros_ws/build/thruster_manager' returned '0': CMAKE_PREFIX_PATH=${CMAKE_PREFIX_PATH}:/mnt/ros_ws/install/rov_control_tools:/opt/ros/humble /usr/bin/cmake /mnt/ros_ws/src/thruster_manager -DCMAKE_INSTALL_PREFIX=/mnt/ros_ws/install/thruster_manager
[0.902s] DEBUG:colcon.colcon_core.event_handler.log_command:Invoking command in '/mnt/ros_ws/build/thruster_manager': CMAKE_PREFIX_PATH=${CMAKE_PREFIX_PATH}:/mnt/ros_ws/install/rov_control_tools:/opt/ros/humble /usr/bin/cmake --build /mnt/ros_ws/build/thruster_manager -- -j20 -l20
[11.392s] DEBUG:colcon.colcon_core.event_handler.log_command:Invoked command in '/mnt/ros_ws/build/pose_to_tf' returned '0': CMAKE_PREFIX_PATH=${CMAKE_PREFIX_PATH}:/mnt/ros_ws/install/rov_control_tools:/opt/ros/humble /usr/bin/cmake --build /mnt/ros_ws/build/pose_to_tf -- -j20 -l20
[11.393s] DEBUG:colcon.colcon_core.event_handler.log_command:Invoking command in '/mnt/ros_ws/build/pose_to_tf': CMAKE_PREFIX_PATH=${CMAKE_PREFIX_PATH}:/mnt/ros_ws/install/rov_control_tools:/opt/ros/humble /usr/bin/cmake --install /mnt/ros_ws/build/pose_to_tf
[11.419s] Level 1:colcon.colcon_core.environment:create_environment_scripts_only(pose_to_tf)
[11.419s] DEBUG:colcon.colcon_core.event_handler.log_command:Invoked command in '/mnt/ros_ws/build/pose_to_tf' returned '0': CMAKE_PREFIX_PATH=${CMAKE_PREFIX_PATH}:/mnt/ros_ws/install/rov_control_tools:/opt/ros/humble /usr/bin/cmake --install /mnt/ros_ws/build/pose_to_tf
[11.419s] Level 1:colcon.colcon_core.environment:checking '/mnt/ros_ws/install/pose_to_tf' for CMake module files
[11.420s] Level 1:colcon.colcon_core.environment:checking '/mnt/ros_ws/install/pose_to_tf' for CMake config files
[11.420s] Level 1:colcon.colcon_core.shell:create_environment_hook('pose_to_tf', 'cmake_prefix_path')
[11.420s] INFO:colcon.colcon_core.shell:Creating environment hook '/mnt/ros_ws/install/pose_to_tf/share/pose_to_tf/hook/cmake_prefix_path.ps1'
[11.420s] INFO:colcon.colcon_core.shell:Creating environment descriptor '/mnt/ros_ws/install/pose_to_tf/share/pose_to_tf/hook/cmake_prefix_path.dsv'
[11.421s] INFO:colcon.colcon_core.shell:Creating environment hook '/mnt/ros_ws/install/pose_to_tf/share/pose_to_tf/hook/cmake_prefix_path.sh'
[11.421s] Level 1:colcon.colcon_core.environment:checking '/mnt/ros_ws/install/pose_to_tf/lib'
[11.421s] Level 1:colcon.colcon_core.environment:checking '/mnt/ros_ws/install/pose_to_tf/bin'
[11.421s] Level 1:colcon.colcon_core.environment:checking '/mnt/ros_ws/install/pose_to_tf/lib/pkgconfig/pose_to_tf.pc'
[11.421s] Level 1:colcon.colcon_core.environment:checking '/mnt/ros_ws/install/pose_to_tf/lib/python3.10/site-packages'
[11.421s] Level 1:colcon.colcon_core.environment:checking '/mnt/ros_ws/install/pose_to_tf/bin'
[11.421s] INFO:colcon.colcon_core.shell:Creating package script '/mnt/ros_ws/install/pose_to_tf/share/pose_to_tf/package.ps1'
[11.421s] INFO:colcon.colcon_core.shell:Creating package descriptor '/mnt/ros_ws/install/pose_to_tf/share/pose_to_tf/package.dsv'
[11.422s] INFO:colcon.colcon_core.shell:Creating package script '/mnt/ros_ws/install/pose_to_tf/share/pose_to_tf/package.sh'
[11.422s] INFO:colcon.colcon_core.shell:Creating package script '/mnt/ros_ws/install/pose_to_tf/share/pose_to_tf/package.bash'
[11.422s] INFO:colcon.colcon_core.shell:Creating package script '/mnt/ros_ws/install/pose_to_tf/share/pose_to_tf/package.zsh'
[11.422s] Level 1:colcon.colcon_core.environment:create_file_with_runtime_dependencies(/mnt/ros_ws/install/pose_to_tf/share/colcon-core/packages/pose_to_tf)
[11.422s] Level 1:colcon.colcon_core.environment:create_environment_scripts_only(pose_to_tf)
[11.422s] Level 1:colcon.colcon_core.environment:checking '/mnt/ros_ws/install/pose_to_tf' for CMake module files
[11.422s] Level 1:colcon.colcon_core.environment:checking '/mnt/ros_ws/install/pose_to_tf' for CMake config files
[11.422s] Level 1:colcon.colcon_core.shell:create_environment_hook('pose_to_tf', 'cmake_prefix_path')
[11.423s] INFO:colcon.colcon_core.shell:Creating environment hook '/mnt/ros_ws/install/pose_to_tf/share/pose_to_tf/hook/cmake_prefix_path.ps1'
[11.423s] INFO:colcon.colcon_core.shell:Creating environment descriptor '/mnt/ros_ws/install/pose_to_tf/share/pose_to_tf/hook/cmake_prefix_path.dsv'
[11.423s] INFO:colcon.colcon_core.shell:Creating environment hook '/mnt/ros_ws/install/pose_to_tf/share/pose_to_tf/hook/cmake_prefix_path.sh'
[11.423s] Level 1:colcon.colcon_core.environment:checking '/mnt/ros_ws/install/pose_to_tf/lib'
[11.423s] Level 1:colcon.colcon_core.environment:checking '/mnt/ros_ws/install/pose_to_tf/bin'
[11.423s] Level 1:colcon.colcon_core.environment:checking '/mnt/ros_ws/install/pose_to_tf/lib/pkgconfig/pose_to_tf.pc'
[11.423s] Level 1:colcon.colcon_core.environment:checking '/mnt/ros_ws/install/pose_to_tf/lib/python3.10/site-packages'
[11.423s] Level 1:colcon.colcon_core.environment:checking '/mnt/ros_ws/install/pose_to_tf/bin'
[11.423s] INFO:colcon.colcon_core.shell:Creating package script '/mnt/ros_ws/install/pose_to_tf/share/pose_to_tf/package.ps1'
[11.424s] INFO:colcon.colcon_core.shell:Creating package descriptor '/mnt/ros_ws/install/pose_to_tf/share/pose_to_tf/package.dsv'
[11.424s] INFO:colcon.colcon_core.shell:Creating package script '/mnt/ros_ws/install/pose_to_tf/share/pose_to_tf/package.sh'
[11.424s] INFO:colcon.colcon_core.shell:Creating package script '/mnt/ros_ws/install/pose_to_tf/share/pose_to_tf/package.bash'
[11.424s] INFO:colcon.colcon_core.shell:Creating package script '/mnt/ros_ws/install/pose_to_tf/share/pose_to_tf/package.zsh'
[11.424s] Level 1:colcon.colcon_core.environment:create_file_with_runtime_dependencies(/mnt/ros_ws/install/pose_to_tf/share/colcon-core/packages/pose_to_tf)
[16.001s] DEBUG:colcon.colcon_core.event_handler.log_command:Invoked command in '/mnt/ros_ws/build/thruster_manager' returned '0': CMAKE_PREFIX_PATH=${CMAKE_PREFIX_PATH}:/mnt/ros_ws/install/rov_control_tools:/opt/ros/humble /usr/bin/cmake --build /mnt/ros_ws/build/thruster_manager -- -j20 -l20
[16.001s] DEBUG:colcon.colcon_core.event_handler.log_command:Invoking command in '/mnt/ros_ws/build/thruster_manager': CMAKE_PREFIX_PATH=${CMAKE_PREFIX_PATH}:/mnt/ros_ws/install/rov_control_tools:/opt/ros/humble /usr/bin/cmake --install /mnt/ros_ws/build/thruster_manager
[16.020s] Level 1:colcon.colcon_core.environment:create_environment_scripts_only(thruster_manager)
[16.021s] Level 1:colcon.colcon_core.environment:checking '/mnt/ros_ws/install/thruster_manager' for CMake module files
[16.021s] DEBUG:colcon.colcon_core.event_handler.log_command:Invoked command in '/mnt/ros_ws/build/thruster_manager' returned '0': CMAKE_PREFIX_PATH=${CMAKE_PREFIX_PATH}:/mnt/ros_ws/install/rov_control_tools:/opt/ros/humble /usr/bin/cmake --install /mnt/ros_ws/build/thruster_manager
[16.021s] Level 1:colcon.colcon_core.environment:checking '/mnt/ros_ws/install/thruster_manager' for CMake config files
[16.021s] Level 1:colcon.colcon_core.shell:create_environment_hook('thruster_manager', 'cmake_prefix_path')
[16.021s] INFO:colcon.colcon_core.shell:Creating environment hook '/mnt/ros_ws/install/thruster_manager/share/thruster_manager/hook/cmake_prefix_path.ps1'
[16.021s] INFO:colcon.colcon_core.shell:Creating environment descriptor '/mnt/ros_ws/install/thruster_manager/share/thruster_manager/hook/cmake_prefix_path.dsv'
[16.021s] INFO:colcon.colcon_core.shell:Creating environment hook '/mnt/ros_ws/install/thruster_manager/share/thruster_manager/hook/cmake_prefix_path.sh'
[16.022s] Level 1:colcon.colcon_core.environment:checking '/mnt/ros_ws/install/thruster_manager/lib'
[16.022s] Level 1:colcon.colcon_core.shell:create_environment_hook('thruster_manager', 'ld_library_path_lib')
[16.022s] INFO:colcon.colcon_core.shell:Creating environment hook '/mnt/ros_ws/install/thruster_manager/share/thruster_manager/hook/ld_library_path_lib.ps1'
[16.022s] INFO:colcon.colcon_core.shell:Creating environment descriptor '/mnt/ros_ws/install/thruster_manager/share/thruster_manager/hook/ld_library_path_lib.dsv'
[16.022s] INFO:colcon.colcon_core.shell:Creating environment hook '/mnt/ros_ws/install/thruster_manager/share/thruster_manager/hook/ld_library_path_lib.sh'
[16.022s] Level 1:colcon.colcon_core.environment:checking '/mnt/ros_ws/install/thruster_manager/bin'
[16.022s] Level 1:colcon.colcon_core.environment:checking '/mnt/ros_ws/install/thruster_manager/lib/pkgconfig/thruster_manager.pc'
[16.022s] Level 1:colcon.colcon_core.environment:checking '/mnt/ros_ws/install/thruster_manager/lib/python3.10/site-packages'
[16.022s] Level 1:colcon.colcon_core.environment:checking '/mnt/ros_ws/install/thruster_manager/bin'
[16.023s] INFO:colcon.colcon_core.shell:Creating package script '/mnt/ros_ws/install/thruster_manager/share/thruster_manager/package.ps1'
[16.023s] INFO:colcon.colcon_core.shell:Creating package descriptor '/mnt/ros_ws/install/thruster_manager/share/thruster_manager/package.dsv'
[16.023s] INFO:colcon.colcon_core.shell:Creating package script '/mnt/ros_ws/install/thruster_manager/share/thruster_manager/package.sh'
[16.023s] INFO:colcon.colcon_core.shell:Creating package script '/mnt/ros_ws/install/thruster_manager/share/thruster_manager/package.bash'
[16.023s] INFO:colcon.colcon_core.shell:Creating package script '/mnt/ros_ws/install/thruster_manager/share/thruster_manager/package.zsh'
[16.023s] Level 1:colcon.colcon_core.environment:create_file_with_runtime_dependencies(/mnt/ros_ws/install/thruster_manager/share/colcon-core/packages/thruster_manager)
[16.024s] Level 1:colcon.colcon_core.environment:create_environment_scripts_only(thruster_manager)
[16.024s] Level 1:colcon.colcon_core.environment:checking '/mnt/ros_ws/install/thruster_manager' for CMake module files
[16.024s] Level 1:colcon.colcon_core.environment:checking '/mnt/ros_ws/install/thruster_manager' for CMake config files
[16.024s] Level 1:colcon.colcon_core.shell:create_environment_hook('thruster_manager', 'cmake_prefix_path')
[16.024s] INFO:colcon.colcon_core.shell:Creating environment hook '/mnt/ros_ws/install/thruster_manager/share/thruster_manager/hook/cmake_prefix_path.ps1'
[16.024s] INFO:colcon.colcon_core.shell:Creating environment descriptor '/mnt/ros_ws/install/thruster_manager/share/thruster_manager/hook/cmake_prefix_path.dsv'
[16.024s] INFO:colcon.colcon_core.shell:Creating environment hook '/mnt/ros_ws/install/thruster_manager/share/thruster_manager/hook/cmake_prefix_path.sh'
[16.025s] Level 1:colcon.colcon_core.environment:checking '/mnt/ros_ws/install/thruster_manager/lib'
[16.025s] Level 1:colcon.colcon_core.shell:create_environment_hook('thruster_manager', 'ld_library_path_lib')
[16.025s] INFO:colcon.colcon_core.shell:Creating environment hook '/mnt/ros_ws/install/thruster_manager/share/thruster_manager/hook/ld_library_path_lib.ps1'
[16.025s] INFO:colcon.colcon_core.shell:Creating environment descriptor '/mnt/ros_ws/install/thruster_manager/share/thruster_manager/hook/ld_library_path_lib.dsv'
[16.025s] INFO:colcon.colcon_core.shell:Creating environment hook '/mnt/ros_ws/install/thruster_manager/share/thruster_manager/hook/ld_library_path_lib.sh'
[16.025s] Level 1:colcon.colcon_core.environment:checking '/mnt/ros_ws/install/thruster_manager/bin'
[16.025s] Level 1:colcon.colcon_core.environment:checking '/mnt/ros_ws/install/thruster_manager/lib/pkgconfig/thruster_manager.pc'
[16.025s] Level 1:colcon.colcon_core.environment:checking '/mnt/ros_ws/install/thruster_manager/lib/python3.10/site-packages'
[16.025s] Level 1:colcon.colcon_core.environment:checking '/mnt/ros_ws/install/thruster_manager/bin'
[16.025s] INFO:colcon.colcon_core.shell:Creating package script '/mnt/ros_ws/install/thruster_manager/share/thruster_manager/package.ps1'
[16.026s] INFO:colcon.colcon_core.shell:Creating package descriptor '/mnt/ros_ws/install/thruster_manager/share/thruster_manager/package.dsv'
[16.026s] INFO:colcon.colcon_core.shell:Creating package script '/mnt/ros_ws/install/thruster_manager/share/thruster_manager/package.sh'
[16.026s] INFO:colcon.colcon_core.shell:Creating package script '/mnt/ros_ws/install/thruster_manager/share/thruster_manager/package.bash'
[16.026s] INFO:colcon.colcon_core.shell:Creating package script '/mnt/ros_ws/install/thruster_manager/share/thruster_manager/package.zsh'
[16.026s] Level 1:colcon.colcon_core.environment:create_file_with_runtime_dependencies(/mnt/ros_ws/install/thruster_manager/share/colcon-core/packages/thruster_manager)
[16.026s] INFO:colcon.colcon_ros.task.ament_cmake.build:Building ROS package in '/mnt/ros_ws/src/auv_control' with build type 'ament_cmake'
[16.026s] INFO:colcon.colcon_cmake.task.cmake.build:Building CMake package in '/mnt/ros_ws/src/auv_control'
[16.027s] INFO:colcon.colcon_core.shell:Skip shell extension 'powershell' for command environment: Not usable outside of PowerShell
[16.027s] DEBUG:colcon.colcon_core.shell:Skip shell extension 'dsv' for command environment
[16.033s] DEBUG:colcon.colcon_core.event_handler.log_command:Invoking command in '/mnt/ros_ws/build/auv_control': CMAKE_PREFIX_PATH=/mnt/ros_ws/install/thruster_manager:/mnt/ros_ws/install/bluerov2_control:/mnt/ros_ws/install/auv_control:/mnt/ros_ws/install/pose_to_tf:/mnt/ros_ws/install/bluerov2_description:/mnt/ros_ws/install/rov_control_tools:/opt/ros/humble LD_LIBRARY_PATH=/mnt/ros_ws/install/thruster_manager/lib:/mnt/ros_ws/install/auv_control/lib:/usr/lib/x86_64-linux-gnu/gazebo-11/plugins:/opt/ros/humble/opt/rviz_ogre_vendor/lib:/opt/ros/humble/lib/x86_64-linux-gnu:/opt/ros/humble/lib /usr/bin/cmake /mnt/ros_ws/src/auv_control -DCMAKE_INSTALL_PREFIX=/mnt/ros_ws/install/auv_control
[17.578s] DEBUG:colcon.colcon_core.event_handler.log_command:Invoked command in '/mnt/ros_ws/build/auv_control' returned '0': CMAKE_PREFIX_PATH=/mnt/ros_ws/install/thruster_manager:/mnt/ros_ws/install/bluerov2_control:/mnt/ros_ws/install/auv_control:/mnt/ros_ws/install/pose_to_tf:/mnt/ros_ws/install/bluerov2_description:/mnt/ros_ws/install/rov_control_tools:/opt/ros/humble LD_LIBRARY_PATH=/mnt/ros_ws/install/thruster_manager/lib:/mnt/ros_ws/install/auv_control/lib:/usr/lib/x86_64-linux-gnu/gazebo-11/plugins:/opt/ros/humble/opt/rviz_ogre_vendor/lib:/opt/ros/humble/lib/x86_64-linux-gnu:/opt/ros/humble/lib /usr/bin/cmake /mnt/ros_ws/src/auv_control -DCMAKE_INSTALL_PREFIX=/mnt/ros_ws/install/auv_control
[17.579s] DEBUG:colcon.colcon_core.event_handler.log_command:Invoking command in '/mnt/ros_ws/build/auv_control': CMAKE_PREFIX_PATH=/mnt/ros_ws/install/thruster_manager:/mnt/ros_ws/install/bluerov2_control:/mnt/ros_ws/install/auv_control:/mnt/ros_ws/install/pose_to_tf:/mnt/ros_ws/install/bluerov2_description:/mnt/ros_ws/install/rov_control_tools:/opt/ros/humble LD_LIBRARY_PATH=/mnt/ros_ws/install/thruster_manager/lib:/mnt/ros_ws/install/auv_control/lib:/usr/lib/x86_64-linux-gnu/gazebo-11/plugins:/opt/ros/humble/opt/rviz_ogre_vendor/lib:/opt/ros/humble/lib/x86_64-linux-gnu:/opt/ros/humble/lib /usr/bin/cmake --build /mnt/ros_ws/build/auv_control -- -j20 -l20
[32.808s] DEBUG:colcon.colcon_core.event_handler.log_command:Invoked command in '/mnt/ros_ws/build/auv_control' returned '0': CMAKE_PREFIX_PATH=/mnt/ros_ws/install/thruster_manager:/mnt/ros_ws/install/bluerov2_control:/mnt/ros_ws/install/auv_control:/mnt/ros_ws/install/pose_to_tf:/mnt/ros_ws/install/bluerov2_description:/mnt/ros_ws/install/rov_control_tools:/opt/ros/humble LD_LIBRARY_PATH=/mnt/ros_ws/install/thruster_manager/lib:/mnt/ros_ws/install/auv_control/lib:/usr/lib/x86_64-linux-gnu/gazebo-11/plugins:/opt/ros/humble/opt/rviz_ogre_vendor/lib:/opt/ros/humble/lib/x86_64-linux-gnu:/opt/ros/humble/lib /usr/bin/cmake --build /mnt/ros_ws/build/auv_control -- -j20 -l20
[32.810s] DEBUG:colcon.colcon_core.event_handler.log_command:Invoking command in '/mnt/ros_ws/build/auv_control': CMAKE_PREFIX_PATH=/mnt/ros_ws/install/thruster_manager:/mnt/ros_ws/install/bluerov2_control:/mnt/ros_ws/install/auv_control:/mnt/ros_ws/install/pose_to_tf:/mnt/ros_ws/install/bluerov2_description:/mnt/ros_ws/install/rov_control_tools:/opt/ros/humble LD_LIBRARY_PATH=/mnt/ros_ws/install/thruster_manager/lib:/mnt/ros_ws/install/auv_control/lib:/usr/lib/x86_64-linux-gnu/gazebo-11/plugins:/opt/ros/humble/opt/rviz_ogre_vendor/lib:/opt/ros/humble/lib/x86_64-linux-gnu:/opt/ros/humble/lib /usr/bin/cmake --install /mnt/ros_ws/build/auv_control
[32.868s] Level 1:colcon.colcon_core.environment:create_environment_scripts_only(auv_control)
[32.868s] Level 1:colcon.colcon_core.environment:checking '/mnt/ros_ws/install/auv_control' for CMake module files
[32.869s] DEBUG:colcon.colcon_core.event_handler.log_command:Invoked command in '/mnt/ros_ws/build/auv_control' returned '0': CMAKE_PREFIX_PATH=/mnt/ros_ws/install/thruster_manager:/mnt/ros_ws/install/bluerov2_control:/mnt/ros_ws/install/auv_control:/mnt/ros_ws/install/pose_to_tf:/mnt/ros_ws/install/bluerov2_description:/mnt/ros_ws/install/rov_control_tools:/opt/ros/humble LD_LIBRARY_PATH=/mnt/ros_ws/install/thruster_manager/lib:/mnt/ros_ws/install/auv_control/lib:/usr/lib/x86_64-linux-gnu/gazebo-11/plugins:/opt/ros/humble/opt/rviz_ogre_vendor/lib:/opt/ros/humble/lib/x86_64-linux-gnu:/opt/ros/humble/lib /usr/bin/cmake --install /mnt/ros_ws/build/auv_control
[32.869s] Level 1:colcon.colcon_core.environment:checking '/mnt/ros_ws/install/auv_control' for CMake config files
[32.869s] Level 1:colcon.colcon_core.shell:create_environment_hook('auv_control', 'cmake_prefix_path')
[32.869s] INFO:colcon.colcon_core.shell:Creating environment hook '/mnt/ros_ws/install/auv_control/share/auv_control/hook/cmake_prefix_path.ps1'
[32.869s] INFO:colcon.colcon_core.shell:Creating environment descriptor '/mnt/ros_ws/install/auv_control/share/auv_control/hook/cmake_prefix_path.dsv'
[32.869s] INFO:colcon.colcon_core.shell:Creating environment hook '/mnt/ros_ws/install/auv_control/share/auv_control/hook/cmake_prefix_path.sh'
[32.870s] Level 1:colcon.colcon_core.environment:checking '/mnt/ros_ws/install/auv_control/lib'
[32.870s] Level 1:colcon.colcon_core.shell:create_environment_hook('auv_control', 'ld_library_path_lib')
[32.870s] INFO:colcon.colcon_core.shell:Creating environment hook '/mnt/ros_ws/install/auv_control/share/auv_control/hook/ld_library_path_lib.ps1'
[32.870s] INFO:colcon.colcon_core.shell:Creating environment descriptor '/mnt/ros_ws/install/auv_control/share/auv_control/hook/ld_library_path_lib.dsv'
[32.870s] INFO:colcon.colcon_core.shell:Creating environment hook '/mnt/ros_ws/install/auv_control/share/auv_control/hook/ld_library_path_lib.sh'
[32.870s] Level 1:colcon.colcon_core.environment:checking '/mnt/ros_ws/install/auv_control/bin'
[32.870s] Level 1:colcon.colcon_core.environment:checking '/mnt/ros_ws/install/auv_control/lib/pkgconfig/auv_control.pc'
[32.870s] Level 1:colcon.colcon_core.environment:checking '/mnt/ros_ws/install/auv_control/lib/python3.10/site-packages'
[32.870s] Level 1:colcon.colcon_core.environment:checking '/mnt/ros_ws/install/auv_control/bin'
[32.871s] INFO:colcon.colcon_core.shell:Creating package script '/mnt/ros_ws/install/auv_control/share/auv_control/package.ps1'
[32.871s] INFO:colcon.colcon_core.shell:Creating package descriptor '/mnt/ros_ws/install/auv_control/share/auv_control/package.dsv'
[32.871s] INFO:colcon.colcon_core.shell:Creating package script '/mnt/ros_ws/install/auv_control/share/auv_control/package.sh'
[32.871s] INFO:colcon.colcon_core.shell:Creating package script '/mnt/ros_ws/install/auv_control/share/auv_control/package.bash'
[32.871s] INFO:colcon.colcon_core.shell:Creating package script '/mnt/ros_ws/install/auv_control/share/auv_control/package.zsh'
[32.871s] Level 1:colcon.colcon_core.environment:create_file_with_runtime_dependencies(/mnt/ros_ws/install/auv_control/share/colcon-core/packages/auv_control)
[32.872s] Level 1:colcon.colcon_core.environment:create_environment_scripts_only(auv_control)
[32.872s] Level 1:colcon.colcon_core.environment:checking '/mnt/ros_ws/install/auv_control' for CMake module files
[32.872s] Level 1:colcon.colcon_core.environment:checking '/mnt/ros_ws/install/auv_control' for CMake config files
[32.872s] Level 1:colcon.colcon_core.shell:create_environment_hook('auv_control', 'cmake_prefix_path')
[32.872s] INFO:colcon.colcon_core.shell:Creating environment hook '/mnt/ros_ws/install/auv_control/share/auv_control/hook/cmake_prefix_path.ps1'
[32.872s] INFO:colcon.colcon_core.shell:Creating environment descriptor '/mnt/ros_ws/install/auv_control/share/auv_control/hook/cmake_prefix_path.dsv'
[32.873s] INFO:colcon.colcon_core.shell:Creating environment hook '/mnt/ros_ws/install/auv_control/share/auv_control/hook/cmake_prefix_path.sh'
[32.873s] Level 1:colcon.colcon_core.environment:checking '/mnt/ros_ws/install/auv_control/lib'
[32.873s] Level 1:colcon.colcon_core.shell:create_environment_hook('auv_control', 'ld_library_path_lib')
[32.873s] INFO:colcon.colcon_core.shell:Creating environment hook '/mnt/ros_ws/install/auv_control/share/auv_control/hook/ld_library_path_lib.ps1'
[32.873s] INFO:colcon.colcon_core.shell:Creating environment descriptor '/mnt/ros_ws/install/auv_control/share/auv_control/hook/ld_library_path_lib.dsv'
[32.873s] INFO:colcon.colcon_core.shell:Creating environment hook '/mnt/ros_ws/install/auv_control/share/auv_control/hook/ld_library_path_lib.sh'
[32.873s] Level 1:colcon.colcon_core.environment:checking '/mnt/ros_ws/install/auv_control/bin'
[32.873s] Level 1:colcon.colcon_core.environment:checking '/mnt/ros_ws/install/auv_control/lib/pkgconfig/auv_control.pc'
[32.873s] Level 1:colcon.colcon_core.environment:checking '/mnt/ros_ws/install/auv_control/lib/python3.10/site-packages'
[32.873s] Level 1:colcon.colcon_core.environment:checking '/mnt/ros_ws/install/auv_control/bin'
[32.874s] INFO:colcon.colcon_core.shell:Creating package script '/mnt/ros_ws/install/auv_control/share/auv_control/package.ps1'
[32.874s] INFO:colcon.colcon_core.shell:Creating package descriptor '/mnt/ros_ws/install/auv_control/share/auv_control/package.dsv'
[32.874s] INFO:colcon.colcon_core.shell:Creating package script '/mnt/ros_ws/install/auv_control/share/auv_control/package.sh'
[32.874s] INFO:colcon.colcon_core.shell:Creating package script '/mnt/ros_ws/install/auv_control/share/auv_control/package.bash'
[32.874s] INFO:colcon.colcon_core.shell:Creating package script '/mnt/ros_ws/install/auv_control/share/auv_control/package.zsh'
[32.874s] Level 1:colcon.colcon_core.environment:create_file_with_runtime_dependencies(/mnt/ros_ws/install/auv_control/share/colcon-core/packages/auv_control)
[32.875s] INFO:colcon.colcon_ros.task.ament_cmake.build:Building ROS package in '/mnt/ros_ws/src/bluerov2_control' with build type 'ament_cmake'
[32.875s] INFO:colcon.colcon_cmake.task.cmake.build:Building CMake package in '/mnt/ros_ws/src/bluerov2_control'
[32.875s] INFO:colcon.colcon_core.shell:Skip shell extension 'powershell' for command environment: Not usable outside of PowerShell
[32.875s] DEBUG:colcon.colcon_core.shell:Skip shell extension 'dsv' for command environment
[32.885s] DEBUG:colcon.colcon_core.event_handler.log_command:Invoking command in '/mnt/ros_ws/build/bluerov2_control': CMAKE_PREFIX_PATH=/mnt/ros_ws/install/auv_control:/mnt/ros_ws/install/thruster_manager:/mnt/ros_ws/install/bluerov2_control:/mnt/ros_ws/install/pose_to_tf:/mnt/ros_ws/install/bluerov2_description:/mnt/ros_ws/install/rov_control_tools:/opt/ros/humble /usr/bin/cmake /mnt/ros_ws/src/bluerov2_control -DCMAKE_INSTALL_PREFIX=/mnt/ros_ws/install/bluerov2_control
[33.399s] DEBUG:colcon.colcon_core.event_handler.log_command:Invoked command in '/mnt/ros_ws/build/bluerov2_control' returned '0': CMAKE_PREFIX_PATH=/mnt/ros_ws/install/auv_control:/mnt/ros_ws/install/thruster_manager:/mnt/ros_ws/install/bluerov2_control:/mnt/ros_ws/install/pose_to_tf:/mnt/ros_ws/install/bluerov2_description:/mnt/ros_ws/install/rov_control_tools:/opt/ros/humble /usr/bin/cmake /mnt/ros_ws/src/bluerov2_control -DCMAKE_INSTALL_PREFIX=/mnt/ros_ws/install/bluerov2_control
[33.399s] DEBUG:colcon.colcon_core.event_handler.log_command:Invoking command in '/mnt/ros_ws/build/bluerov2_control': CMAKE_PREFIX_PATH=/mnt/ros_ws/install/auv_control:/mnt/ros_ws/install/thruster_manager:/mnt/ros_ws/install/bluerov2_control:/mnt/ros_ws/install/pose_to_tf:/mnt/ros_ws/install/bluerov2_description:/mnt/ros_ws/install/rov_control_tools:/opt/ros/humble /usr/bin/cmake --build /mnt/ros_ws/build/bluerov2_control -- -j20 -l20
[33.423s] DEBUG:colcon.colcon_core.event_handler.log_command:Invoked command in '/mnt/ros_ws/build/bluerov2_control' returned '0': CMAKE_PREFIX_PATH=/mnt/ros_ws/install/auv_control:/mnt/ros_ws/install/thruster_manager:/mnt/ros_ws/install/bluerov2_control:/mnt/ros_ws/install/pose_to_tf:/mnt/ros_ws/install/bluerov2_description:/mnt/ros_ws/install/rov_control_tools:/opt/ros/humble /usr/bin/cmake --build /mnt/ros_ws/build/bluerov2_control -- -j20 -l20
[33.424s] DEBUG:colcon.colcon_core.event_handler.log_command:Invoking command in '/mnt/ros_ws/build/bluerov2_control': CMAKE_PREFIX_PATH=/mnt/ros_ws/install/auv_control:/mnt/ros_ws/install/thruster_manager:/mnt/ros_ws/install/bluerov2_control:/mnt/ros_ws/install/pose_to_tf:/mnt/ros_ws/install/bluerov2_description:/mnt/ros_ws/install/rov_control_tools:/opt/ros/humble /usr/bin/cmake --install /mnt/ros_ws/build/bluerov2_control
[33.434s] Level 1:colcon.colcon_core.environment:create_environment_scripts_only(bluerov2_control)
[33.434s] DEBUG:colcon.colcon_core.event_handler.log_command:Invoked command in '/mnt/ros_ws/build/bluerov2_control' returned '0': CMAKE_PREFIX_PATH=/mnt/ros_ws/install/auv_control:/mnt/ros_ws/install/thruster_manager:/mnt/ros_ws/install/bluerov2_control:/mnt/ros_ws/install/pose_to_tf:/mnt/ros_ws/install/bluerov2_description:/mnt/ros_ws/install/rov_control_tools:/opt/ros/humble /usr/bin/cmake --install /mnt/ros_ws/build/bluerov2_control
[33.435s] Level 1:colcon.colcon_core.environment:checking '/mnt/ros_ws/install/bluerov2_control' for CMake module files
[33.437s] Level 1:colcon.colcon_core.environment:checking '/mnt/ros_ws/install/bluerov2_control' for CMake config files
[33.437s] Level 1:colcon.colcon_core.shell:create_environment_hook('bluerov2_control', 'cmake_prefix_path')
[33.438s] INFO:colcon.colcon_core.shell:Creating environment hook '/mnt/ros_ws/install/bluerov2_control/share/bluerov2_control/hook/cmake_prefix_path.ps1'
[33.439s] INFO:colcon.colcon_core.shell:Creating environment descriptor '/mnt/ros_ws/install/bluerov2_control/share/bluerov2_control/hook/cmake_prefix_path.dsv'
[33.440s] INFO:colcon.colcon_core.shell:Creating environment hook '/mnt/ros_ws/install/bluerov2_control/share/bluerov2_control/hook/cmake_prefix_path.sh'
[33.442s] Level 1:colcon.colcon_core.environment:checking '/mnt/ros_ws/install/bluerov2_control/bin'
[33.442s] Level 1:colcon.colcon_core.environment:checking '/mnt/ros_ws/install/bluerov2_control/lib/pkgconfig/bluerov2_control.pc'
[33.443s] Level 1:colcon.colcon_core.environment:checking '/mnt/ros_ws/install/bluerov2_control/lib/python3.10/site-packages'
[33.443s] Level 1:colcon.colcon_core.environment:checking '/mnt/ros_ws/install/bluerov2_control/bin'
[33.444s] INFO:colcon.colcon_core.shell:Creating package script '/mnt/ros_ws/install/bluerov2_control/share/bluerov2_control/package.ps1'
[33.445s] INFO:colcon.colcon_core.shell:Creating package descriptor '/mnt/ros_ws/install/bluerov2_control/share/bluerov2_control/package.dsv'
[33.446s] INFO:colcon.colcon_core.shell:Creating package script '/mnt/ros_ws/install/bluerov2_control/share/bluerov2_control/package.sh'
[33.446s] INFO:colcon.colcon_core.shell:Creating package script '/mnt/ros_ws/install/bluerov2_control/share/bluerov2_control/package.bash'
[33.447s] INFO:colcon.colcon_core.shell:Creating package script '/mnt/ros_ws/install/bluerov2_control/share/bluerov2_control/package.zsh'
[33.447s] Level 1:colcon.colcon_core.environment:create_file_with_runtime_dependencies(/mnt/ros_ws/install/bluerov2_control/share/colcon-core/packages/bluerov2_control)
[33.448s] Level 1:colcon.colcon_core.environment:create_environment_scripts_only(bluerov2_control)
[33.449s] Level 1:colcon.colcon_core.environment:checking '/mnt/ros_ws/install/bluerov2_control' for CMake module files
[33.450s] Level 1:colcon.colcon_core.environment:checking '/mnt/ros_ws/install/bluerov2_control' for CMake config files
[33.450s] Level 1:colcon.colcon_core.shell:create_environment_hook('bluerov2_control', 'cmake_prefix_path')
[33.450s] INFO:colcon.colcon_core.shell:Creating environment hook '/mnt/ros_ws/install/bluerov2_control/share/bluerov2_control/hook/cmake_prefix_path.ps1'
[33.451s] INFO:colcon.colcon_core.shell:Creating environment descriptor '/mnt/ros_ws/install/bluerov2_control/share/bluerov2_control/hook/cmake_prefix_path.dsv'
[33.451s] INFO:colcon.colcon_core.shell:Creating environment hook '/mnt/ros_ws/install/bluerov2_control/share/bluerov2_control/hook/cmake_prefix_path.sh'
[33.452s] Level 1:colcon.colcon_core.environment:checking '/mnt/ros_ws/install/bluerov2_control/bin'
[33.452s] Level 1:colcon.colcon_core.environment:checking '/mnt/ros_ws/install/bluerov2_control/lib/pkgconfig/bluerov2_control.pc'
[33.452s] Level 1:colcon.colcon_core.environment:checking '/mnt/ros_ws/install/bluerov2_control/lib/python3.10/site-packages'
[33.453s] Level 1:colcon.colcon_core.environment:checking '/mnt/ros_ws/install/bluerov2_control/bin'
[33.453s] INFO:colcon.colcon_core.shell:Creating package script '/mnt/ros_ws/install/bluerov2_control/share/bluerov2_control/package.ps1'
[33.453s] INFO:colcon.colcon_core.shell:Creating package descriptor '/mnt/ros_ws/install/bluerov2_control/share/bluerov2_control/package.dsv'
[33.454s] INFO:colcon.colcon_core.shell:Creating package script '/mnt/ros_ws/install/bluerov2_control/share/bluerov2_control/package.sh'
[33.454s] INFO:colcon.colcon_core.shell:Creating package script '/mnt/ros_ws/install/bluerov2_control/share/bluerov2_control/package.bash'
[33.455s] INFO:colcon.colcon_core.shell:Creating package script '/mnt/ros_ws/install/bluerov2_control/share/bluerov2_control/package.zsh'
[33.455s] Level 1:colcon.colcon_core.environment:create_file_with_runtime_dependencies(/mnt/ros_ws/install/bluerov2_control/share/colcon-core/packages/bluerov2_control)
[33.455s] DEBUG:colcon.colcon_parallel_executor.executor.parallel:closing loop
[33.455s] DEBUG:colcon.colcon_parallel_executor.executor.parallel:loop closed
[33.456s] DEBUG:colcon.colcon_parallel_executor.executor.parallel:run_until_complete finished with '0'
[33.456s] DEBUG:colcon.colcon_core.event_reactor:joining thread
[33.459s] INFO:colcon.colcon_core.plugin_system:Skipping extension 'colcon_notification.desktop_notification.notify_send': Could not find 'notify-send'
[33.459s] INFO:colcon.colcon_core.plugin_system:Skipping extension 'colcon_notification.desktop_notification.terminal_notifier': Not used on non-Darwin systems
[33.460s] INFO:colcon.colcon_core.plugin_system:Skipping extension 'colcon_notification.desktop_notification.win32': Not used on non-Windows systems
[33.460s] INFO:colcon.colcon_notification.desktop_notification:Sending desktop notification using 'notify2'
[33.461s] DEBUG:colcon.colcon_notification.desktop_notification.notify2:Failed to initialize notify2: org.freedesktop.DBus.Error.Spawn.ExecFailed: /usr/bin/dbus-launch terminated abnormally without any error message
[33.461s] DEBUG:colcon.colcon_core.event_reactor:joined thread
[33.461s] INFO:colcon.colcon_core.shell:Creating prefix script '/mnt/ros_ws/install/local_setup.ps1'
[33.462s] INFO:colcon.colcon_core.shell:Creating prefix util module '/mnt/ros_ws/install/_local_setup_util_ps1.py'
[33.462s] INFO:colcon.colcon_core.shell:Creating prefix chain script '/mnt/ros_ws/install/setup.ps1'
[33.463s] INFO:colcon.colcon_core.shell:Creating prefix script '/mnt/ros_ws/install/local_setup.sh'
[33.463s] INFO:colcon.colcon_core.shell:Creating prefix util module '/mnt/ros_ws/install/_local_setup_util_sh.py'
[33.463s] INFO:colcon.colcon_core.shell:Creating prefix chain script '/mnt/ros_ws/install/setup.sh'
[33.464s] INFO:colcon.colcon_core.shell:Creating prefix script '/mnt/ros_ws/install/local_setup.bash'
[33.464s] INFO:colcon.colcon_core.shell:Creating prefix chain script '/mnt/ros_ws/install/setup.bash'
[33.464s] INFO:colcon.colcon_core.shell:Creating prefix script '/mnt/ros_ws/install/local_setup.zsh'
[33.465s] INFO:colcon.colcon_core.shell:Creating prefix chain script '/mnt/ros_ws/install/setup.zsh'
