[0.006s] Invoking command in '/mnt/ros_ws/build/bluerov2_control': CMAKE_PREFIX_PATH=${CMAKE_PREFIX_PATH}:/opt/ros/humble /usr/bin/cmake /mnt/ros_ws/src/bluerov2_control -DCMAKE_INSTALL_PREFIX=/mnt/ros_ws/install/bluerov2_control
[0.038s] -- The C compiler identification is GNU 11.4.0
[0.075s] -- The CXX compiler identification is GNU 11.4.0
[0.080s] -- Detecting C compiler ABI info
[0.130s] -- Detecting C compiler ABI info - done
[0.138s] -- Check for working C compiler: /usr/bin/cc - skipped
[0.138s] -- Detecting C compile features
[0.138s] -- Detecting C compile features - done
[0.141s] -- Detecting CXX compiler ABI info
[0.199s] -- Detecting CXX compiler ABI info - done
[0.203s] -- Check for working CXX compiler: /usr/bin/c++ - skipped
[0.203s] -- Detecting CXX compile features
[0.203s] -- Detecting CXX compile features - done
[0.205s] -- Found ament_cmake: 1.3.11 (/opt/ros/humble/share/ament_cmake/cmake)
[0.289s] -- Found Python3: /usr/bin/python3 (found version "3.10.12") found components: Interpreter 
[0.369s] -- Configuring done
[0.370s] -- Generating done
[0.371s] -- Build files have been written to: /mnt/ros_ws/build/bluerov2_control
[0.373s] Invoked command in '/mnt/ros_ws/build/bluerov2_control' returned '0': CMAKE_PREFIX_PATH=${CMAKE_PREFIX_PATH}:/opt/ros/humble /usr/bin/cmake /mnt/ros_ws/src/bluerov2_control -DCMAKE_INSTALL_PREFIX=/mnt/ros_ws/install/bluerov2_control
[0.374s] Invoking command in '/mnt/ros_ws/build/bluerov2_control': CMAKE_PREFIX_PATH=${CMAKE_PREFIX_PATH}:/opt/ros/humble /usr/bin/cmake --build /mnt/ros_ws/build/bluerov2_control -- -j20 -l20
[0.396s] Invoked command in '/mnt/ros_ws/build/bluerov2_control' returned '0': CMAKE_PREFIX_PATH=${CMAKE_PREFIX_PATH}:/opt/ros/humble /usr/bin/cmake --build /mnt/ros_ws/build/bluerov2_control -- -j20 -l20
[0.404s] Invoking command in '/mnt/ros_ws/build/bluerov2_control': CMAKE_PREFIX_PATH=${CMAKE_PREFIX_PATH}:/opt/ros/humble /usr/bin/cmake --install /mnt/ros_ws/build/bluerov2_control
[0.409s] -- Install configuration: ""
[0.409s] -- Installing: /mnt/ros_ws/install/bluerov2_control/share/bluerov2_control/launch
[0.409s] -- Installing: /mnt/ros_ws/install/bluerov2_control/share/bluerov2_control/launch/wrench_launch.py
[0.409s] -- Installing: /mnt/ros_ws/install/bluerov2_control/share/bluerov2_control/launch/cascaded_pids_launch.py
[0.409s] -- Installing: /mnt/ros_ws/install/bluerov2_control/share/bluerov2_control/launch/sliding_mode_launch.py
[0.409s] -- Installing: /mnt/ros_ws/install/bluerov2_control/share/bluerov2_control/launch/rviz_launch.py
[0.409s] -- Installing: /mnt/ros_ws/install/bluerov2_control/share/bluerov2_control/config
[0.409s] -- Installing: /mnt/ros_ws/install/bluerov2_control/share/bluerov2_control/config/manual.yaml
[0.409s] -- Installing: /mnt/ros_ws/install/bluerov2_control/share/bluerov2_control/config/sliding_mode.yaml
[0.409s] -- Installing: /mnt/ros_ws/install/bluerov2_control/share/bluerov2_control/config/bluerov2.rviz
[0.409s] -- Installing: /mnt/ros_ws/install/bluerov2_control/share/bluerov2_control/config/anchors.yaml
[0.409s] -- Installing: /mnt/ros_ws/install/bluerov2_control/share/bluerov2_control/config/thruster_manager.yaml
[0.409s] -- Installing: /mnt/ros_ws/install/bluerov2_control/share/bluerov2_control/config/cascaded_pid.yaml
[0.409s] -- Installing: /mnt/ros_ws/install/bluerov2_control/share/bluerov2_control/config/tilt.yaml
[0.410s] -- Installing: /mnt/ros_ws/install/bluerov2_control/share/ament_index/resource_index/package_run_dependencies/bluerov2_control
[0.410s] -- Installing: /mnt/ros_ws/install/bluerov2_control/share/ament_index/resource_index/parent_prefix_path/bluerov2_control
[0.410s] -- Installing: /mnt/ros_ws/install/bluerov2_control/share/bluerov2_control/environment/ament_prefix_path.sh
[0.410s] -- Installing: /mnt/ros_ws/install/bluerov2_control/share/bluerov2_control/environment/ament_prefix_path.dsv
[0.410s] -- Installing: /mnt/ros_ws/install/bluerov2_control/share/bluerov2_control/environment/path.sh
[0.410s] -- Installing: /mnt/ros_ws/install/bluerov2_control/share/bluerov2_control/environment/path.dsv
[0.410s] -- Installing: /mnt/ros_ws/install/bluerov2_control/share/bluerov2_control/local_setup.bash
[0.410s] -- Installing: /mnt/ros_ws/install/bluerov2_control/share/bluerov2_control/local_setup.sh
[0.410s] -- Installing: /mnt/ros_ws/install/bluerov2_control/share/bluerov2_control/local_setup.zsh
[0.410s] -- Installing: /mnt/ros_ws/install/bluerov2_control/share/bluerov2_control/local_setup.dsv
[0.410s] -- Installing: /mnt/ros_ws/install/bluerov2_control/share/bluerov2_control/package.dsv
[0.410s] -- Installing: /mnt/ros_ws/install/bluerov2_control/share/ament_index/resource_index/packages/bluerov2_control
[0.410s] -- Installing: /mnt/ros_ws/install/bluerov2_control/share/bluerov2_control/cmake/bluerov2_controlConfig.cmake
[0.410s] -- Installing: /mnt/ros_ws/install/bluerov2_control/share/bluerov2_control/cmake/bluerov2_controlConfig-version.cmake
[0.410s] -- Installing: /mnt/ros_ws/install/bluerov2_control/share/bluerov2_control/package.xml
[0.412s] Invoked command in '/mnt/ros_ws/build/bluerov2_control' returned '0': CMAKE_PREFIX_PATH=${CMAKE_PREFIX_PATH}:/opt/ros/humble /usr/bin/cmake --install /mnt/ros_ws/build/bluerov2_control
