[0.007s] Invoking command in '/mnt/ros_ws/build/pose_to_tf': CMAKE_PREFIX_PATH=${CMAKE_PREFIX_PATH}:/opt/ros/humble /usr/bin/cmake --build /mnt/ros_ws/build/pose_to_tf -- -j20 -l20
[0.038s] [ 50%] Built target pose_to_tf
[0.039s] [100%] Built target pose_with_covariance
[0.055s] Invoked command in '/mnt/ros_ws/build/pose_to_tf' returned '0': CMAKE_PREFIX_PATH=${CMAKE_PREFIX_PATH}:/opt/ros/humble /usr/bin/cmake --build /mnt/ros_ws/build/pose_to_tf -- -j20 -l20
[0.055s] Invoking command in '/mnt/ros_ws/build/pose_to_tf': CMAKE_PREFIX_PATH=${CMAKE_PREFIX_PATH}:/opt/ros/humble /usr/bin/cmake --install /mnt/ros_ws/build/pose_to_tf
[0.061s] -- Install configuration: ""
[0.061s] -- Up-to-date: /mnt/ros_ws/install/pose_to_tf/share/pose_to_tf/params
[0.061s] -- Up-to-date: /mnt/ros_ws/install/pose_to_tf/share/pose_to_tf/params/ekf.yaml
[0.061s] -- Up-to-date: /mnt/ros_ws/install/pose_to_tf/lib/pose_to_tf/pose_to_tf
[0.061s] -- Up-to-date: /mnt/ros_ws/install/pose_to_tf/lib/pose_to_tf/pose_with_covariance
[0.061s] -- Up-to-date: /mnt/ros_ws/install/pose_to_tf/share/ament_index/resource_index/package_run_dependencies/pose_to_tf
[0.061s] -- Up-to-date: /mnt/ros_ws/install/pose_to_tf/share/ament_index/resource_index/parent_prefix_path/pose_to_tf
[0.062s] -- Up-to-date: /mnt/ros_ws/install/pose_to_tf/share/pose_to_tf/environment/ament_prefix_path.sh
[0.062s] -- Up-to-date: /mnt/ros_ws/install/pose_to_tf/share/pose_to_tf/environment/ament_prefix_path.dsv
[0.062s] -- Up-to-date: /mnt/ros_ws/install/pose_to_tf/share/pose_to_tf/environment/path.sh
[0.062s] -- Up-to-date: /mnt/ros_ws/install/pose_to_tf/share/pose_to_tf/environment/path.dsv
[0.062s] -- Up-to-date: /mnt/ros_ws/install/pose_to_tf/share/pose_to_tf/local_setup.bash
[0.062s] -- Up-to-date: /mnt/ros_ws/install/pose_to_tf/share/pose_to_tf/local_setup.sh
[0.062s] -- Up-to-date: /mnt/ros_ws/install/pose_to_tf/share/pose_to_tf/local_setup.zsh
[0.062s] -- Up-to-date: /mnt/ros_ws/install/pose_to_tf/share/pose_to_tf/local_setup.dsv
[0.062s] -- Installing: /mnt/ros_ws/install/pose_to_tf/share/pose_to_tf/package.dsv
[0.062s] -- Up-to-date: /mnt/ros_ws/install/pose_to_tf/share/ament_index/resource_index/packages/pose_to_tf
[0.062s] -- Up-to-date: /mnt/ros_ws/install/pose_to_tf/share/pose_to_tf/cmake/ament_cmake_export_dependencies-extras.cmake
[0.062s] -- Up-to-date: /mnt/ros_ws/install/pose_to_tf/share/pose_to_tf/cmake/pose_to_tfConfig.cmake
[0.062s] -- Up-to-date: /mnt/ros_ws/install/pose_to_tf/share/pose_to_tf/cmake/pose_to_tfConfig-version.cmake
[0.062s] -- Up-to-date: /mnt/ros_ws/install/pose_to_tf/share/pose_to_tf/package.xml
[0.063s] Invoked command in '/mnt/ros_ws/build/pose_to_tf' returned '0': CMAKE_PREFIX_PATH=${CMAKE_PREFIX_PATH}:/opt/ros/humble /usr/bin/cmake --install /mnt/ros_ws/build/pose_to_tf
