[0.245s] Invoking command in '/mnt/ros_ws/src/rov_control_tools': PYTHONPATH=/mnt/ros_ws/build/rov_control_tools/prefix_override:/usr/lib/python3/dist-packages/colcon_core/task/python/colcon_distutils_commands:/mnt/ros_ws/install/rov_control_tools/lib/python3.10/site-packages:${PYTHONPATH} /usr/bin/python3 -W ignore:setup.py install is deprecated -W ignore:easy_install command is deprecated setup.py egg_info --egg-base ../../build/rov_control_tools build --build-base /mnt/ros_ws/build/rov_control_tools/build install --record /mnt/ros_ws/build/rov_control_tools/install.log --single-version-externally-managed install_data
[0.337s] running egg_info
[0.337s] creating ../../build/rov_control_tools/rov_control_tools.egg-info
[0.338s] writing ../../build/rov_control_tools/rov_control_tools.egg-info/PKG-INFO
[0.338s] writing dependency_links to ../../build/rov_control_tools/rov_control_tools.egg-info/dependency_links.txt
[0.338s] writing entry points to ../../build/rov_control_tools/rov_control_tools.egg-info/entry_points.txt
[0.338s] writing requirements to ../../build/rov_control_tools/rov_control_tools.egg-info/requires.txt
[0.338s] writing top-level names to ../../build/rov_control_tools/rov_control_tools.egg-info/top_level.txt
[0.338s] writing manifest file '../../build/rov_control_tools/rov_control_tools.egg-info/SOURCES.txt'
[0.338s] reading manifest file '../../build/rov_control_tools/rov_control_tools.egg-info/SOURCES.txt'
[0.339s] writing manifest file '../../build/rov_control_tools/rov_control_tools.egg-info/SOURCES.txt'
[0.339s] running build
[0.339s] running build_py
[0.339s] creating /mnt/ros_ws/build/rov_control_tools/build
[0.339s] creating /mnt/ros_ws/build/rov_control_tools/build/lib
[0.339s] creating /mnt/ros_ws/build/rov_control_tools/build/lib/rov_control_tools
[0.339s] copying rov_control_tools/cmd_publisher_start.py -> /mnt/ros_ws/build/rov_control_tools/build/lib/rov_control_tools
[0.339s] copying rov_control_tools/cmd_publisher_circle.py -> /mnt/ros_ws/build/rov_control_tools/build/lib/rov_control_tools
[0.339s] copying rov_control_tools/data_logger.py -> /mnt/ros_ws/build/rov_control_tools/build/lib/rov_control_tools
[0.339s] copying rov_control_tools/cmd_publisher_point.py -> /mnt/ros_ws/build/rov_control_tools/build/lib/rov_control_tools
[0.339s] copying rov_control_tools/__init__.py -> /mnt/ros_ws/build/rov_control_tools/build/lib/rov_control_tools
[0.339s] running install
[0.340s] running install_lib
[0.340s] creating /mnt/ros_ws/install/rov_control_tools/lib/python3.10/site-packages/rov_control_tools
[0.340s] copying /mnt/ros_ws/build/rov_control_tools/build/lib/rov_control_tools/cmd_publisher_start.py -> /mnt/ros_ws/install/rov_control_tools/lib/python3.10/site-packages/rov_control_tools
[0.340s] copying /mnt/ros_ws/build/rov_control_tools/build/lib/rov_control_tools/cmd_publisher_circle.py -> /mnt/ros_ws/install/rov_control_tools/lib/python3.10/site-packages/rov_control_tools
[0.340s] copying /mnt/ros_ws/build/rov_control_tools/build/lib/rov_control_tools/data_logger.py -> /mnt/ros_ws/install/rov_control_tools/lib/python3.10/site-packages/rov_control_tools
[0.340s] copying /mnt/ros_ws/build/rov_control_tools/build/lib/rov_control_tools/cmd_publisher_point.py -> /mnt/ros_ws/install/rov_control_tools/lib/python3.10/site-packages/rov_control_tools
[0.340s] copying /mnt/ros_ws/build/rov_control_tools/build/lib/rov_control_tools/__init__.py -> /mnt/ros_ws/install/rov_control_tools/lib/python3.10/site-packages/rov_control_tools
[0.340s] byte-compiling /mnt/ros_ws/install/rov_control_tools/lib/python3.10/site-packages/rov_control_tools/cmd_publisher_start.py to cmd_publisher_start.cpython-310.pyc
[0.340s] byte-compiling /mnt/ros_ws/install/rov_control_tools/lib/python3.10/site-packages/rov_control_tools/cmd_publisher_circle.py to cmd_publisher_circle.cpython-310.pyc
[0.340s] byte-compiling /mnt/ros_ws/install/rov_control_tools/lib/python3.10/site-packages/rov_control_tools/data_logger.py to data_logger.cpython-310.pyc
[0.341s] byte-compiling /mnt/ros_ws/install/rov_control_tools/lib/python3.10/site-packages/rov_control_tools/cmd_publisher_point.py to cmd_publisher_point.cpython-310.pyc
[0.341s] byte-compiling /mnt/ros_ws/install/rov_control_tools/lib/python3.10/site-packages/rov_control_tools/__init__.py to __init__.cpython-310.pyc
[0.341s] running install_data
[0.341s] creating /mnt/ros_ws/install/rov_control_tools/share/ament_index
[0.341s] creating /mnt/ros_ws/install/rov_control_tools/share/ament_index/resource_index
[0.341s] creating /mnt/ros_ws/install/rov_control_tools/share/ament_index/resource_index/packages
[0.341s] copying resource/rov_control_tools -> /mnt/ros_ws/install/rov_control_tools/share/ament_index/resource_index/packages
[0.341s] copying package.xml -> /mnt/ros_ws/install/rov_control_tools/share/rov_control_tools
[0.342s] creating /mnt/ros_ws/install/rov_control_tools/share/rov_control_tools/launch
[0.342s] copying launch/cmd_record_launch.py -> /mnt/ros_ws/install/rov_control_tools/share/rov_control_tools/launch
[0.342s] running install_egg_info
[0.342s] Copying ../../build/rov_control_tools/rov_control_tools.egg-info to /mnt/ros_ws/install/rov_control_tools/lib/python3.10/site-packages/rov_control_tools-0.0.0-py3.10.egg-info
[0.342s] running install_scripts
[0.352s] Installing cmd_publisher_circle script to /mnt/ros_ws/install/rov_control_tools/lib/rov_control_tools
[0.353s] Installing cmd_publisher_point script to /mnt/ros_ws/install/rov_control_tools/lib/rov_control_tools
[0.353s] Installing cmd_publisher_start script to /mnt/ros_ws/install/rov_control_tools/lib/rov_control_tools
[0.353s] Installing data_logger script to /mnt/ros_ws/install/rov_control_tools/lib/rov_control_tools
[0.353s] writing list of installed files to '/mnt/ros_ws/build/rov_control_tools/install.log'
[0.363s] Invoked command in '/mnt/ros_ws/src/rov_control_tools' returned '0': PYTHONPATH=/mnt/ros_ws/build/rov_control_tools/prefix_override:/usr/lib/python3/dist-packages/colcon_core/task/python/colcon_distutils_commands:/mnt/ros_ws/install/rov_control_tools/lib/python3.10/site-packages:${PYTHONPATH} /usr/bin/python3 -W ignore:setup.py install is deprecated -W ignore:easy_install command is deprecated setup.py egg_info --egg-base ../../build/rov_control_tools build --build-base /mnt/ros_ws/build/rov_control_tools/build install --record /mnt/ros_ws/build/rov_control_tools/install.log --single-version-externally-managed install_data
