[0.009s] Invoking command in '/mnt/ros_ws/build/bluerov2_control': CMAKE_PREFIX_PATH=${CMAKE_PREFIX_PATH}:/mnt/ros_ws/install/rov_control_tools:/opt/ros/humble /usr/bin/cmake --build /mnt/ros_ws/build/bluerov2_control -- -j20 -l20
[0.120s] Invoked command in '/mnt/ros_ws/build/bluerov2_control' returned '0': CMAKE_PREFIX_PATH=${CMAKE_PREFIX_PATH}:/mnt/ros_ws/install/rov_control_tools:/opt/ros/humble /usr/bin/cmake --build /mnt/ros_ws/build/bluerov2_control -- -j20 -l20
[0.124s] Invoking command in '/mnt/ros_ws/build/bluerov2_control': CMAKE_PREFIX_PATH=${CMAKE_PREFIX_PATH}:/mnt/ros_ws/install/rov_control_tools:/opt/ros/humble /usr/bin/cmake --install /mnt/ros_ws/build/bluerov2_control
[0.129s] -- Install configuration: ""
[0.129s] -- Up-to-date: /mnt/ros_ws/install/bluerov2_control/share/bluerov2_control/launch
[0.129s] -- Up-to-date: /mnt/ros_ws/install/bluerov2_control/share/bluerov2_control/launch/wrench_launch.py
[0.129s] -- Up-to-date: /mnt/ros_ws/install/bluerov2_control/share/bluerov2_control/launch/cascaded_pids_launch.py
[0.129s] -- Up-to-date: /mnt/ros_ws/install/bluerov2_control/share/bluerov2_control/launch/sliding_mode_launch.py
[0.129s] -- Up-to-date: /mnt/ros_ws/install/bluerov2_control/share/bluerov2_control/launch/rviz_launch.py
[0.129s] -- Up-to-date: /mnt/ros_ws/install/bluerov2_control/share/bluerov2_control/config
[0.129s] -- Up-to-date: /mnt/ros_ws/install/bluerov2_control/share/bluerov2_control/config/manual.yaml
[0.129s] -- Up-to-date: /mnt/ros_ws/install/bluerov2_control/share/bluerov2_control/config/sliding_mode.yaml
[0.129s] -- Up-to-date: /mnt/ros_ws/install/bluerov2_control/share/bluerov2_control/config/bluerov2.rviz
[0.129s] -- Up-to-date: /mnt/ros_ws/install/bluerov2_control/share/bluerov2_control/config/anchors.yaml
[0.129s] -- Up-to-date: /mnt/ros_ws/install/bluerov2_control/share/bluerov2_control/config/thruster_manager.yaml
[0.129s] -- Up-to-date: /mnt/ros_ws/install/bluerov2_control/share/bluerov2_control/config/cascaded_pid.yaml
[0.129s] -- Up-to-date: /mnt/ros_ws/install/bluerov2_control/share/bluerov2_control/config/tilt.yaml
[0.129s] -- Up-to-date: /mnt/ros_ws/install/bluerov2_control/share/ament_index/resource_index/package_run_dependencies/bluerov2_control
[0.129s] -- Up-to-date: /mnt/ros_ws/install/bluerov2_control/share/ament_index/resource_index/parent_prefix_path/bluerov2_control
[0.129s] -- Up-to-date: /mnt/ros_ws/install/bluerov2_control/share/bluerov2_control/environment/ament_prefix_path.sh
[0.129s] -- Up-to-date: /mnt/ros_ws/install/bluerov2_control/share/bluerov2_control/environment/ament_prefix_path.dsv
[0.129s] -- Up-to-date: /mnt/ros_ws/install/bluerov2_control/share/bluerov2_control/environment/path.sh
[0.129s] -- Up-to-date: /mnt/ros_ws/install/bluerov2_control/share/bluerov2_control/environment/path.dsv
[0.129s] -- Up-to-date: /mnt/ros_ws/install/bluerov2_control/share/bluerov2_control/local_setup.bash
[0.129s] -- Up-to-date: /mnt/ros_ws/install/bluerov2_control/share/bluerov2_control/local_setup.sh
[0.129s] -- Up-to-date: /mnt/ros_ws/install/bluerov2_control/share/bluerov2_control/local_setup.zsh
[0.129s] -- Up-to-date: /mnt/ros_ws/install/bluerov2_control/share/bluerov2_control/local_setup.dsv
[0.129s] -- Installing: /mnt/ros_ws/install/bluerov2_control/share/bluerov2_control/package.dsv
[0.129s] -- Up-to-date: /mnt/ros_ws/install/bluerov2_control/share/ament_index/resource_index/packages/bluerov2_control
[0.129s] -- Up-to-date: /mnt/ros_ws/install/bluerov2_control/share/bluerov2_control/cmake/bluerov2_controlConfig.cmake
[0.129s] -- Up-to-date: /mnt/ros_ws/install/bluerov2_control/share/bluerov2_control/cmake/bluerov2_controlConfig-version.cmake
[0.129s] -- Up-to-date: /mnt/ros_ws/install/bluerov2_control/share/bluerov2_control/package.xml
[0.130s] Invoked command in '/mnt/ros_ws/build/bluerov2_control' returned '0': CMAKE_PREFIX_PATH=${CMAKE_PREFIX_PATH}:/mnt/ros_ws/install/rov_control_tools:/opt/ros/humble /usr/bin/cmake --install /mnt/ros_ws/build/bluerov2_control
