[0.004s] Invoking command in '/mnt/ros_ws/build/bluerov2_description': CMAKE_PREFIX_PATH=${CMAKE_PREFIX_PATH}:/opt/ros/humble /usr/bin/cmake /mnt/ros_ws/src/bluerov2_description -DCMAKE_INSTALL_PREFIX=/mnt/ros_ws/install/bluerov2_description
[0.033s] -- The C compiler identification is GNU 11.4.0
[0.070s] -- The CXX compiler identification is GNU 11.4.0
[0.074s] -- Detecting C compiler ABI info
[0.124s] -- Detecting C compiler ABI info - done
[0.129s] -- Check for working C compiler: /usr/bin/cc - skipped
[0.130s] -- Detecting C compile features
[0.130s] -- Detecting C compile features - done
[0.133s] -- Detecting CXX compiler ABI info
[0.196s] -- Detecting CXX compiler ABI info - done
[0.200s] -- Check for working CXX compiler: /usr/bin/c++ - skipped
[0.200s] -- Detecting CXX compile features
[0.201s] -- Detecting CXX compile features - done
[0.202s] -- Found ament_cmake: 1.3.11 (/opt/ros/humble/share/ament_cmake/cmake)
[0.290s] -- Found Python3: /usr/bin/python3 (found version "3.10.12") found components: Interpreter 
[0.370s] -- Configuring done
[0.371s] -- Generating done
[0.372s] -- Build files have been written to: /mnt/ros_ws/build/bluerov2_description
[0.374s] Invoked command in '/mnt/ros_ws/build/bluerov2_description' returned '0': CMAKE_PREFIX_PATH=${CMAKE_PREFIX_PATH}:/opt/ros/humble /usr/bin/cmake /mnt/ros_ws/src/bluerov2_description -DCMAKE_INSTALL_PREFIX=/mnt/ros_ws/install/bluerov2_description
[0.374s] Invoking command in '/mnt/ros_ws/build/bluerov2_description': CMAKE_PREFIX_PATH=${CMAKE_PREFIX_PATH}:/opt/ros/humble /usr/bin/cmake --build /mnt/ros_ws/build/bluerov2_description -- -j20 -l20
[0.401s] Invoked command in '/mnt/ros_ws/build/bluerov2_description' returned '0': CMAKE_PREFIX_PATH=${CMAKE_PREFIX_PATH}:/opt/ros/humble /usr/bin/cmake --build /mnt/ros_ws/build/bluerov2_description -- -j20 -l20
[0.402s] Invoking command in '/mnt/ros_ws/build/bluerov2_description': CMAKE_PREFIX_PATH=${CMAKE_PREFIX_PATH}:/opt/ros/humble /usr/bin/cmake --install /mnt/ros_ws/build/bluerov2_description
[0.408s] -- Install configuration: ""
[0.408s] -- Installing: /mnt/ros_ws/install/bluerov2_description/share/bluerov2_description/environment/resource_paths.dsv
[0.408s] -- Installing: /mnt/ros_ws/install/bluerov2_description/share/bluerov2_description/launch
[0.409s] -- Installing: /mnt/ros_ws/install/bluerov2_description/share/bluerov2_description/launch/upload_bluerov2_launch.py
[0.409s] -- Installing: /mnt/ros_ws/install/bluerov2_description/share/bluerov2_description/launch/manual.yaml
[0.409s] -- Installing: /mnt/ros_ws/install/bluerov2_description/share/bluerov2_description/launch/world_launch.py
[0.409s] -- Installing: /mnt/ros_ws/install/bluerov2_description/share/bluerov2_description/launch/state_publisher_launch.py
[0.409s] -- Installing: /mnt/ros_ws/install/bluerov2_description/share/bluerov2_description/meshes
[0.409s] -- Installing: /mnt/ros_ws/install/bluerov2_description/share/bluerov2_description/meshes/bluerov2_propcw.dae
[0.409s] -- Installing: /mnt/ros_ws/install/bluerov2_description/share/bluerov2_description/meshes/bluerov2_noprop.dae
[0.421s] -- Installing: /mnt/ros_ws/install/bluerov2_description/share/bluerov2_description/meshes/bluerov2_propccw.dae
[0.421s] -- Installing: /mnt/ros_ws/install/bluerov2_description/share/bluerov2_description/meshes/bluerov2_propcw.ive
[0.421s] -- Installing: /mnt/ros_ws/install/bluerov2_description/share/bluerov2_description/meshes/ping360_sonar.dae
[0.423s] -- Installing: /mnt/ros_ws/install/bluerov2_description/share/bluerov2_description/meshes/bluerov2_propccw.ive
[0.423s] -- Installing: /mnt/ros_ws/install/bluerov2_description/share/bluerov2_description/urdf
[0.423s] -- Installing: /mnt/ros_ws/install/bluerov2_description/share/bluerov2_description/urdf/hydrodynamics.xacro
[0.423s] -- Installing: /mnt/ros_ws/install/bluerov2_description/share/bluerov2_description/urdf/demo_world.sdf
[0.423s] -- Installing: /mnt/ros_ws/install/bluerov2_description/share/bluerov2_description/urdf/thrusters.xacro
[0.423s] -- Installing: /mnt/ros_ws/install/bluerov2_description/share/bluerov2_description/urdf/bluerov2.xacro
[0.423s] -- Installing: /mnt/ros_ws/install/bluerov2_description/share/bluerov2_description/urdf/sensors.xacro
[0.423s] -- Installing: /mnt/ros_ws/install/bluerov2_description/share/bluerov2_description/urdf/snippets
[0.423s] -- Installing: /mnt/ros_ws/install/bluerov2_description/share/bluerov2_description/urdf/snippets/camera_snippets.xacro
[0.423s] -- Installing: /mnt/ros_ws/install/bluerov2_description/share/bluerov2_description/urdf/snippets/dvl_snippets.xacro
[0.423s] -- Installing: /mnt/ros_ws/install/bluerov2_description/share/bluerov2_description/urdf/snippets/pose_3d_snippets.xacro
[0.423s] -- Installing: /mnt/ros_ws/install/bluerov2_description/share/bluerov2_description/urdf/snippets/common.urdf.xacro
[0.423s] -- Installing: /mnt/ros_ws/install/bluerov2_description/share/bluerov2_description/urdf/snippets/stereo_snippets.xacro
[0.423s] -- Installing: /mnt/ros_ws/install/bluerov2_description/share/bluerov2_description/urdf/snippets/gps_sensor_snippets.xacro
[0.423s] -- Installing: /mnt/ros_ws/install/bluerov2_description/share/bluerov2_description/urdf/snippets/magnetometer_snippets.xacro
[0.423s] -- Installing: /mnt/ros_ws/install/bluerov2_description/share/bluerov2_description/urdf/snippets/README.md
[0.423s] -- Installing: /mnt/ros_ws/install/bluerov2_description/share/bluerov2_description/urdf/snippets/all_sensor_snippets.xacro
[0.423s] -- Installing: /mnt/ros_ws/install/bluerov2_description/share/bluerov2_description/urdf/snippets/rpt_snippets.xacro
[0.423s] -- Installing: /mnt/ros_ws/install/bluerov2_description/share/bluerov2_description/urdf/snippets/imu_snippets.xacro
[0.423s] -- Installing: /mnt/ros_ws/install/bluerov2_description/share/bluerov2_description/urdf/snippets/pressure_snippets.xacro
[0.423s] -- Installing: /mnt/ros_ws/install/bluerov2_description/share/bluerov2_description/urdf/snippets/sonar_snippets.xacro
[0.423s] -- Installing: /mnt/ros_ws/install/bluerov2_description/share/bluerov2_description/urdf/snippets/chemical_concentration_snippets.xacro
[0.423s] -- Installing: /mnt/ros_ws/install/bluerov2_description/share/ament_index/resource_index/package_run_dependencies/bluerov2_description
[0.424s] -- Installing: /mnt/ros_ws/install/bluerov2_description/share/ament_index/resource_index/parent_prefix_path/bluerov2_description
[0.424s] -- Installing: /mnt/ros_ws/install/bluerov2_description/share/bluerov2_description/environment/ament_prefix_path.sh
[0.424s] -- Installing: /mnt/ros_ws/install/bluerov2_description/share/bluerov2_description/environment/ament_prefix_path.dsv
[0.424s] -- Installing: /mnt/ros_ws/install/bluerov2_description/share/bluerov2_description/environment/path.sh
[0.424s] -- Installing: /mnt/ros_ws/install/bluerov2_description/share/bluerov2_description/environment/path.dsv
[0.424s] -- Installing: /mnt/ros_ws/install/bluerov2_description/share/bluerov2_description/local_setup.bash
[0.424s] -- Installing: /mnt/ros_ws/install/bluerov2_description/share/bluerov2_description/local_setup.sh
[0.424s] -- Installing: /mnt/ros_ws/install/bluerov2_description/share/bluerov2_description/local_setup.zsh
[0.424s] -- Installing: /mnt/ros_ws/install/bluerov2_description/share/bluerov2_description/local_setup.dsv
[0.424s] -- Installing: /mnt/ros_ws/install/bluerov2_description/share/bluerov2_description/package.dsv
[0.424s] -- Installing: /mnt/ros_ws/install/bluerov2_description/share/ament_index/resource_index/packages/bluerov2_description
[0.424s] -- Installing: /mnt/ros_ws/install/bluerov2_description/share/bluerov2_description/cmake/bluerov2_descriptionConfig.cmake
[0.424s] -- Installing: /mnt/ros_ws/install/bluerov2_description/share/bluerov2_description/cmake/bluerov2_descriptionConfig-version.cmake
[0.424s] -- Installing: /mnt/ros_ws/install/bluerov2_description/share/bluerov2_description/package.xml
[0.425s] Invoked command in '/mnt/ros_ws/build/bluerov2_description' returned '0': CMAKE_PREFIX_PATH=${CMAKE_PREFIX_PATH}:/opt/ros/humble /usr/bin/cmake --install /mnt/ros_ws/build/bluerov2_description
