[0.255s] Invoking command in '/mnt/ros_ws/src/rov_control_tools': PYTHONPATH=/mnt/ros_ws/build/rov_control_tools/prefix_override:/usr/lib/python3/dist-packages/colcon_core/task/python/colcon_distutils_commands:/mnt/ros_ws/install/rov_control_tools/lib/python3.10/site-packages:${PYTHONPATH} /usr/bin/python3 -W ignore:setup.py install is deprecated -W ignore:easy_install command is deprecated setup.py egg_info --egg-base ../../build/rov_control_tools build --build-base /mnt/ros_ws/build/rov_control_tools/build install --record /mnt/ros_ws/build/rov_control_tools/install.log --single-version-externally-managed install_data
[0.351s] running egg_info
[0.351s] writing ../../build/rov_control_tools/rov_control_tools.egg-info/PKG-INFO
[0.351s] writing dependency_links to ../../build/rov_control_tools/rov_control_tools.egg-info/dependency_links.txt
[0.351s] writing entry points to ../../build/rov_control_tools/rov_control_tools.egg-info/entry_points.txt
[0.351s] writing requirements to ../../build/rov_control_tools/rov_control_tools.egg-info/requires.txt
[0.351s] writing top-level names to ../../build/rov_control_tools/rov_control_tools.egg-info/top_level.txt
[0.352s] reading manifest file '../../build/rov_control_tools/rov_control_tools.egg-info/SOURCES.txt'
[0.352s] writing manifest file '../../build/rov_control_tools/rov_control_tools.egg-info/SOURCES.txt'
[0.352s] running build
[0.352s] running build_py
[0.352s] copying rov_control_tools/cmd_publisher_point.py -> /mnt/ros_ws/build/rov_control_tools/build/lib/rov_control_tools
[0.352s] running install
[0.353s] running install_lib
[0.353s] copying /mnt/ros_ws/build/rov_control_tools/build/lib/rov_control_tools/cmd_publisher_point.py -> /mnt/ros_ws/install/rov_control_tools/lib/python3.10/site-packages/rov_control_tools
[0.353s] byte-compiling /mnt/ros_ws/install/rov_control_tools/lib/python3.10/site-packages/rov_control_tools/cmd_publisher_point.py to cmd_publisher_point.cpython-310.pyc
[0.353s] running install_data
[0.353s] copying launch/stepcmd_record_launch.py -> /mnt/ros_ws/install/rov_control_tools/share/rov_control_tools/launch
[0.353s] running install_egg_info
[0.354s] removing '/mnt/ros_ws/install/rov_control_tools/lib/python3.10/site-packages/rov_control_tools-0.0.0-py3.10.egg-info' (and everything under it)
[0.354s] Copying ../../build/rov_control_tools/rov_control_tools.egg-info to /mnt/ros_ws/install/rov_control_tools/lib/python3.10/site-packages/rov_control_tools-0.0.0-py3.10.egg-info
[0.355s] running install_scripts
[0.364s] Installing cmd_publisher_point script to /mnt/ros_ws/install/rov_control_tools/lib/rov_control_tools
[0.364s] Installing data_logger script to /mnt/ros_ws/install/rov_control_tools/lib/rov_control_tools
[0.364s] writing list of installed files to '/mnt/ros_ws/build/rov_control_tools/install.log'
[0.374s] Invoked command in '/mnt/ros_ws/src/rov_control_tools' returned '0': PYTHONPATH=/mnt/ros_ws/build/rov_control_tools/prefix_override:/usr/lib/python3/dist-packages/colcon_core/task/python/colcon_distutils_commands:/mnt/ros_ws/install/rov_control_tools/lib/python3.10/site-packages:${PYTHONPATH} /usr/bin/python3 -W ignore:setup.py install is deprecated -W ignore:easy_install command is deprecated setup.py egg_info --egg-base ../../build/rov_control_tools build --build-base /mnt/ros_ws/build/rov_control_tools/build install --record /mnt/ros_ws/build/rov_control_tools/install.log --single-version-externally-managed install_data
