[0.008s] Invoking command in '/mnt/ros_ws/build/auv_control': CMAKE_PREFIX_PATH=${CMAKE_PREFIX_PATH}:/opt/ros/humble /usr/bin/cmake /mnt/ros_ws/src/auv_control -DCMAKE_INSTALL_PREFIX=/mnt/ros_ws/install/auv_control
[0.082s] -- The C compiler identification is GNU 11.4.0
[0.178s] -- The CXX compiler identification is GNU 11.4.0
[0.184s] -- Detecting C compiler ABI info
[0.260s] -- Detecting C compiler ABI info - done
[0.266s] -- Check for working C compiler: /usr/bin/cc - skipped
[0.266s] -- Detecting C compile features
[0.267s] -- Detecting C compile features - done
[0.269s] -- Detecting CXX compiler ABI info
[0.318s] -- Detecting CXX compiler ABI info - done
[0.322s] -- Check for working CXX compiler: /usr/bin/c++ - skipped
[0.322s] -- Detecting CXX compile features
[0.322s] -- Detecting CXX compile features - done
[0.325s] -- Found ament_cmake: 1.3.11 (/opt/ros/humble/share/ament_cmake/cmake)
[0.434s] -- Found Python3: /usr/bin/python3 (found version "3.10.12") found components: Interpreter 
[0.517s] -- Found rclcpp: 16.0.12 (/opt/ros/humble/share/rclcpp/cmake)
[0.545s] -- Found rosidl_generator_c: 3.1.6 (/opt/ros/humble/share/rosidl_generator_c/cmake)
[0.548s] -- Found rosidl_adapter: 3.1.6 (/opt/ros/humble/share/rosidl_adapter/cmake)
[0.554s] -- Found rosidl_generator_cpp: 3.1.6 (/opt/ros/humble/share/rosidl_generator_cpp/cmake)
[0.562s] -- Using all available rosidl_typesupport_c: rosidl_typesupport_fastrtps_c;rosidl_typesupport_introspection_c
[0.572s] -- Using all available rosidl_typesupport_cpp: rosidl_typesupport_fastrtps_cpp;rosidl_typesupport_introspection_cpp
[0.601s] -- Found rmw_implementation_cmake: 6.1.2 (/opt/ros/humble/share/rmw_implementation_cmake/cmake)
[0.603s] -- Found rmw_fastrtps_cpp: 6.2.7 (/opt/ros/humble/share/rmw_fastrtps_cpp/cmake)
[0.741s] -- Found OpenSSL: /usr/lib/x86_64-linux-gnu/libcrypto.so (found version "3.0.2")  
[0.778s] -- Found FastRTPS: /opt/ros/humble/include  
[0.805s] -- Using RMW implementation 'rmw_fastrtps_cpp' as default
[0.817s] -- Looking for pthread.h
[0.931s] -- Looking for pthread.h - found
[0.931s] -- Performing Test CMAKE_HAVE_LIBC_PTHREAD
[1.033s] -- Performing Test CMAKE_HAVE_LIBC_PTHREAD - Success
[1.035s] -- Found Threads: TRUE  
[1.081s] -- Found geometry_msgs: 4.8.0 (/opt/ros/humble/share/geometry_msgs/cmake)
[1.089s] -- Found sensor_msgs: 4.8.0 (/opt/ros/humble/share/sensor_msgs/cmake)
[1.101s] -- Found nav_msgs: 4.8.0 (/opt/ros/humble/share/nav_msgs/cmake)
[1.120s] -- Found tf2_ros: 0.25.12 (/opt/ros/humble/share/tf2_ros/cmake)
[1.190s] -- Found urdf: 2.6.1 (/opt/ros/humble/share/urdf/cmake)
[1.219s] [31mCMake Error at CMakeLists.txt:16 (find_package):
[1.219s]   By not providing "Findthruster_manager.cmake" in CMAKE_MODULE_PATH this
[1.219s]   project has asked CMake to find a package configuration file provided by
[1.219s]   "thruster_manager", but CMake did not find one.
[1.219s] 
[1.219s]   Could not find a package configuration file provided by "thruster_manager"
[1.219s]   with any of the following names:
[1.219s] 
[1.219s]     thruster_managerConfig.cmake
[1.219s]     thruster_manager-config.cmake
[1.219s] 
[1.219s]   Add the installation prefix of "thruster_manager" to CMAKE_PREFIX_PATH or
[1.219s]   set "thruster_manager_DIR" to a directory containing one of the above
[1.219s]   files.  If "thruster_manager" provides a separate development package or
[1.219s]   SDK, be sure it has been installed.
[1.219s] 
[1.219s] -- Configuring incomplete, errors occurred!
[1.219s] See also "/mnt/ros_ws/build/auv_control/CMakeFiles/CMakeOutput.log".
[1.219s] [0m
[1.223s] Invoked command in '/mnt/ros_ws/build/auv_control' returned '1': CMAKE_PREFIX_PATH=${CMAKE_PREFIX_PATH}:/opt/ros/humble /usr/bin/cmake /mnt/ros_ws/src/auv_control -DCMAKE_INSTALL_PREFIX=/mnt/ros_ws/install/auv_control
