[0.011s] Invoking command in '/mnt/ros_ws/build/simple_launch': CMAKE_PREFIX_PATH=${CMAKE_PREFIX_PATH}:/opt/ros/humble /usr/bin/cmake --build /mnt/ros_ws/build/simple_launch -- -j20 -l20
[0.050s] Built target ament_cmake_python_copy_simple_launch
[0.155s] running egg_info
[0.155s] creating simple_launch.egg-info
[0.156s] writing simple_launch.egg-info/PKG-INFO
[0.156s] writing dependency_links to simple_launch.egg-info/dependency_links.txt
[0.156s] writing top-level names to simple_launch.egg-info/top_level.txt
[0.156s] writing manifest file 'simple_launch.egg-info/SOURCES.txt'
[0.158s] reading manifest file 'simple_launch.egg-info/SOURCES.txt'
[0.158s] writing manifest file 'simple_launch.egg-info/SOURCES.txt'
[0.170s] Built target ament_cmake_python_build_simple_launch_egg
[0.176s] Invoked command in '/mnt/ros_ws/build/simple_launch' returned '0': CMAKE_PREFIX_PATH=${CMAKE_PREFIX_PATH}:/opt/ros/humble /usr/bin/cmake --build /mnt/ros_ws/build/simple_launch -- -j20 -l20
[0.176s] Invoking command in '/mnt/ros_ws/build/simple_launch': CMAKE_PREFIX_PATH=${CMAKE_PREFIX_PATH}:/opt/ros/humble /usr/bin/cmake --install /mnt/ros_ws/build/simple_launch
[0.182s] -- Install configuration: ""
[0.182s] -- Installing: /mnt/ros_ws/install/simple_launch/share/simple_launch/example
[0.182s] -- Installing: /mnt/ros_ws/install/simple_launch/share/simple_launch/example/example_launch.py
[0.183s] -- Installing: /mnt/ros_ws/install/simple_launch/share/simple_launch/example/example_opaque_launch.py
[0.183s] -- Installing: /mnt/ros_ws/install/simple_launch/share/simple_launch/example/composition_launch.py
[0.183s] -- Installing: /mnt/ros_ws/install/simple_launch/share/simple_launch/example/scoped_opaque_launch.py
[0.183s] -- Installing: /mnt/ros_ws/install/simple_launch/share/simple_launch/example/event_example_launch.py
[0.183s] -- Installing: /mnt/ros_ws/install/simple_launch/share/simple_launch/example/scoped_launch.py
[0.183s] -- Installing: /mnt/ros_ws/install/simple_launch/share/simple_launch/example/composition_opaque_launch.py
[0.183s] -- Installing: /mnt/ros_ws/install/simple_launch/share/simple_launch/example/gazebo
[0.183s] -- Installing: /mnt/ros_ws/install/simple_launch/share/simple_launch/example/gazebo/demo_world.sdf
[0.183s] -- Installing: /mnt/ros_ws/install/simple_launch/share/simple_launch/example/gazebo/gazebo_launch.py
[0.183s] -- Installing: /mnt/ros_ws/install/simple_launch/share/simple_launch/example/gazebo/turret_gazebo.rviz
[0.183s] -- Installing: /mnt/ros_ws/install/simple_launch/share/simple_launch/example/included_launch.py
[0.183s] -- Installing: /mnt/ros_ws/install/simple_launch/share/simple_launch/example/turret.xacro
[0.183s] -- Installing: /mnt/ros_ws/install/simple_launch/share/simple_launch/example/turret.rviz
[0.183s] -- Installing: /mnt/ros_ws/install/simple_launch/share/simple_launch/example/event_tutorial_launch.py
[0.183s] -- Installing: /mnt/ros_ws/install/simple_launch/share/simple_launch/example/condition_launch.py
[0.183s] -- Installing: /mnt/ros_ws/install/simple_launch/share/simple_launch/example/scoped_included_launch.py
[0.183s] -- Installing: /mnt/ros_ws/install/simple_launch/lib/simple_launch/call_service
[0.183s] -- Installing: /mnt/ros_ws/install/simple_launch/lib/simple_launch/set_parameters
[0.183s] -- Installing: /mnt/ros_ws/install/simple_launch/lib/simple_launch/generate_gz_world
[0.183s] -- Installing: /mnt/ros_ws/install/simple_launch/share/simple_launch/environment/pythonpath.sh
[0.184s] -- Installing: /mnt/ros_ws/install/simple_launch/share/simple_launch/environment/pythonpath.dsv
[0.184s] -- Installing: /mnt/ros_ws/install/simple_launch/local/lib/python3.10/dist-packages/simple_launch-1.11.0-py3.10.egg-info
[0.184s] -- Installing: /mnt/ros_ws/install/simple_launch/local/lib/python3.10/dist-packages/simple_launch-1.11.0-py3.10.egg-info/SOURCES.txt
[0.184s] -- Installing: /mnt/ros_ws/install/simple_launch/local/lib/python3.10/dist-packages/simple_launch-1.11.0-py3.10.egg-info/dependency_links.txt
[0.184s] -- Installing: /mnt/ros_ws/install/simple_launch/local/lib/python3.10/dist-packages/simple_launch-1.11.0-py3.10.egg-info/top_level.txt
[0.184s] -- Installing: /mnt/ros_ws/install/simple_launch/local/lib/python3.10/dist-packages/simple_launch-1.11.0-py3.10.egg-info/PKG-INFO
[0.184s] -- Installing: /mnt/ros_ws/install/simple_launch/local/lib/python3.10/dist-packages/simple_launch
[0.184s] -- Installing: /mnt/ros_ws/install/simple_launch/local/lib/python3.10/dist-packages/simple_launch/simple_substitution.py
[0.184s] -- Installing: /mnt/ros_ws/install/simple_launch/local/lib/python3.10/dist-packages/simple_launch/group.py
[0.184s] -- Installing: /mnt/ros_ws/install/simple_launch/local/lib/python3.10/dist-packages/simple_launch/gazebo.py
[0.184s] -- Installing: /mnt/ros_ws/install/simple_launch/local/lib/python3.10/dist-packages/simple_launch/__init__.py
[0.184s] -- Installing: /mnt/ros_ws/install/simple_launch/local/lib/python3.10/dist-packages/simple_launch/console.py
[0.184s] -- Installing: /mnt/ros_ws/install/simple_launch/local/lib/python3.10/dist-packages/simple_launch/events.py
[0.207s] Listing '/mnt/ros_ws/install/simple_launch/local/lib/python3.10/dist-packages/simple_launch'...
[0.207s] Compiling '/mnt/ros_ws/install/simple_launch/local/lib/python3.10/dist-packages/simple_launch/__init__.py'...
[0.207s] Compiling '/mnt/ros_ws/install/simple_launch/local/lib/python3.10/dist-packages/simple_launch/console.py'...
[0.207s] Compiling '/mnt/ros_ws/install/simple_launch/local/lib/python3.10/dist-packages/simple_launch/events.py'...
[0.207s] Compiling '/mnt/ros_ws/install/simple_launch/local/lib/python3.10/dist-packages/simple_launch/gazebo.py'...
[0.207s] Compiling '/mnt/ros_ws/install/simple_launch/local/lib/python3.10/dist-packages/simple_launch/group.py'...
[0.207s] Compiling '/mnt/ros_ws/install/simple_launch/local/lib/python3.10/dist-packages/simple_launch/simple_substitution.py'...
[0.209s] -- Installing: /mnt/ros_ws/install/simple_launch/share/ament_index/resource_index/package_run_dependencies/simple_launch
[0.209s] -- Installing: /mnt/ros_ws/install/simple_launch/share/ament_index/resource_index/parent_prefix_path/simple_launch
[0.209s] -- Installing: /mnt/ros_ws/install/simple_launch/share/simple_launch/environment/ament_prefix_path.sh
[0.209s] -- Installing: /mnt/ros_ws/install/simple_launch/share/simple_launch/environment/ament_prefix_path.dsv
[0.209s] -- Installing: /mnt/ros_ws/install/simple_launch/share/simple_launch/environment/path.sh
[0.209s] -- Installing: /mnt/ros_ws/install/simple_launch/share/simple_launch/environment/path.dsv
[0.209s] -- Installing: /mnt/ros_ws/install/simple_launch/share/simple_launch/local_setup.bash
[0.209s] -- Installing: /mnt/ros_ws/install/simple_launch/share/simple_launch/local_setup.sh
[0.209s] -- Installing: /mnt/ros_ws/install/simple_launch/share/simple_launch/local_setup.zsh
[0.209s] -- Installing: /mnt/ros_ws/install/simple_launch/share/simple_launch/local_setup.dsv
[0.209s] -- Installing: /mnt/ros_ws/install/simple_launch/share/simple_launch/package.dsv
[0.209s] -- Installing: /mnt/ros_ws/install/simple_launch/share/ament_index/resource_index/packages/simple_launch
[0.210s] -- Installing: /mnt/ros_ws/install/simple_launch/share/simple_launch/cmake/simple_launchConfig.cmake
[0.210s] -- Installing: /mnt/ros_ws/install/simple_launch/share/simple_launch/cmake/simple_launchConfig-version.cmake
[0.210s] -- Installing: /mnt/ros_ws/install/simple_launch/share/simple_launch/package.xml
