[0.243s] Invoking command in '/mnt/ros_ws/src/rov_control_tools': PYTHONPATH=/mnt/ros_ws/build/rov_control_tools/prefix_override:/usr/lib/python3/dist-packages/colcon_core/task/python/colcon_distutils_commands:/mnt/ros_ws/install/rov_control_tools/lib/python3.10/site-packages:${PYTHONPATH} /usr/bin/python3 -W ignore:setup.py install is deprecated -W ignore:easy_install command is deprecated setup.py egg_info --egg-base ../../build/rov_control_tools build --build-base /mnt/ros_ws/build/rov_control_tools/build install --record /mnt/ros_ws/build/rov_control_tools/install.log --single-version-externally-managed install_data
[0.335s] running egg_info
[0.335s] writing ../../build/rov_control_tools/rov_control_tools.egg-info/PKG-INFO
[0.335s] writing dependency_links to ../../build/rov_control_tools/rov_control_tools.egg-info/dependency_links.txt
[0.335s] writing entry points to ../../build/rov_control_tools/rov_control_tools.egg-info/entry_points.txt
[0.335s] writing requirements to ../../build/rov_control_tools/rov_control_tools.egg-info/requires.txt
[0.335s] writing top-level names to ../../build/rov_control_tools/rov_control_tools.egg-info/top_level.txt
[0.336s] reading manifest file '../../build/rov_control_tools/rov_control_tools.egg-info/SOURCES.txt'
[0.336s] writing manifest file '../../build/rov_control_tools/rov_control_tools.egg-info/SOURCES.txt'
[0.336s] running build
[0.336s] running build_py
[0.336s] running install
[0.337s] running install_lib
[0.337s] running install_data
[0.337s] copying launch/cmd_record_launch.py -> /mnt/ros_ws/install/rov_control_tools/share/rov_control_tools/launch
[0.337s] running install_egg_info
[0.338s] removing '/mnt/ros_ws/install/rov_control_tools/lib/python3.10/site-packages/rov_control_tools-0.0.0-py3.10.egg-info' (and everything under it)
[0.338s] Copying ../../build/rov_control_tools/rov_control_tools.egg-info to /mnt/ros_ws/install/rov_control_tools/lib/python3.10/site-packages/rov_control_tools-0.0.0-py3.10.egg-info
[0.338s] running install_scripts
[0.348s] Installing cmd_publisher_circle script to /mnt/ros_ws/install/rov_control_tools/lib/rov_control_tools
[0.348s] Installing cmd_publisher_point script to /mnt/ros_ws/install/rov_control_tools/lib/rov_control_tools
[0.348s] Installing cmd_publisher_start script to /mnt/ros_ws/install/rov_control_tools/lib/rov_control_tools
[0.348s] Installing data_logger script to /mnt/ros_ws/install/rov_control_tools/lib/rov_control_tools
[0.348s] writing list of installed files to '/mnt/ros_ws/build/rov_control_tools/install.log'
[0.358s] Invoked command in '/mnt/ros_ws/src/rov_control_tools' returned '0': PYTHONPATH=/mnt/ros_ws/build/rov_control_tools/prefix_override:/usr/lib/python3/dist-packages/colcon_core/task/python/colcon_distutils_commands:/mnt/ros_ws/install/rov_control_tools/lib/python3.10/site-packages:${PYTHONPATH} /usr/bin/python3 -W ignore:setup.py install is deprecated -W ignore:easy_install command is deprecated setup.py egg_info --egg-base ../../build/rov_control_tools build --build-base /mnt/ros_ws/build/rov_control_tools/build install --record /mnt/ros_ws/build/rov_control_tools/install.log --single-version-externally-managed install_data
