running egg_info
writing ../../build/rov_control_tools/rov_control_tools.egg-info/PKG-INFO
writing dependency_links to ../../build/rov_control_tools/rov_control_tools.egg-info/dependency_links.txt
writing entry points to ../../build/rov_control_tools/rov_control_tools.egg-info/entry_points.txt
writing requirements to ../../build/rov_control_tools/rov_control_tools.egg-info/requires.txt
writing top-level names to ../../build/rov_control_tools/rov_control_tools.egg-info/top_level.txt
reading manifest file '../../build/rov_control_tools/rov_control_tools.egg-info/SOURCES.txt'
writing manifest file '../../build/rov_control_tools/rov_control_tools.egg-info/SOURCES.txt'
running build
running build_py
copying rov_control_tools/cmd_publisher.py -> /mnt/ros_ws/build/rov_control_tools/build/lib/rov_control_tools
running install
running install_lib
copying /mnt/ros_ws/build/rov_control_tools/build/lib/rov_control_tools/cmd_publisher.py -> /mnt/ros_ws/install/rov_control_tools/lib/python3.10/site-packages/rov_control_tools
byte-compiling /mnt/ros_ws/install/rov_control_tools/lib/python3.10/site-packages/rov_control_tools/cmd_publisher.py to cmd_publisher.cpython-310.pyc
running install_data
running install_egg_info
removing '/mnt/ros_ws/install/rov_control_tools/lib/python3.10/site-packages/rov_control_tools-0.0.0-py3.10.egg-info' (and everything under it)
Copying ../../build/rov_control_tools/rov_control_tools.egg-info to /mnt/ros_ws/install/rov_control_tools/lib/python3.10/site-packages/rov_control_tools-0.0.0-py3.10.egg-info
running install_scripts
Installing cmd_publisher script to /mnt/ros_ws/install/rov_control_tools/lib/rov_control_tools
writing list of installed files to '/mnt/ros_ws/build/rov_control_tools/install.log'
