running egg_info
creating ../../build/rov_control_tools/rov_control_tools.egg-info
writing ../../build/rov_control_tools/rov_control_tools.egg-info/PKG-INFO
writing dependency_links to ../../build/rov_control_tools/rov_control_tools.egg-info/dependency_links.txt
writing entry points to ../../build/rov_control_tools/rov_control_tools.egg-info/entry_points.txt
writing requirements to ../../build/rov_control_tools/rov_control_tools.egg-info/requires.txt
writing top-level names to ../../build/rov_control_tools/rov_control_tools.egg-info/top_level.txt
writing manifest file '../../build/rov_control_tools/rov_control_tools.egg-info/SOURCES.txt'
reading manifest file '../../build/rov_control_tools/rov_control_tools.egg-info/SOURCES.txt'
writing manifest file '../../build/rov_control_tools/rov_control_tools.egg-info/SOURCES.txt'
running build
running build_py
creating /mnt/ros_ws/build/rov_control_tools/build
creating /mnt/ros_ws/build/rov_control_tools/build/lib
creating /mnt/ros_ws/build/rov_control_tools/build/lib/rov_control_tools
copying rov_control_tools/cmd_publisher_start.py -> /mnt/ros_ws/build/rov_control_tools/build/lib/rov_control_tools
copying rov_control_tools/cmd_publisher_circle.py -> /mnt/ros_ws/build/rov_control_tools/build/lib/rov_control_tools
copying rov_control_tools/data_logger.py -> /mnt/ros_ws/build/rov_control_tools/build/lib/rov_control_tools
copying rov_control_tools/cmd_publisher_point.py -> /mnt/ros_ws/build/rov_control_tools/build/lib/rov_control_tools
copying rov_control_tools/__init__.py -> /mnt/ros_ws/build/rov_control_tools/build/lib/rov_control_tools
running install
running install_lib
creating /mnt/ros_ws/install/rov_control_tools/lib/python3.10/site-packages/rov_control_tools
copying /mnt/ros_ws/build/rov_control_tools/build/lib/rov_control_tools/cmd_publisher_start.py -> /mnt/ros_ws/install/rov_control_tools/lib/python3.10/site-packages/rov_control_tools
copying /mnt/ros_ws/build/rov_control_tools/build/lib/rov_control_tools/cmd_publisher_circle.py -> /mnt/ros_ws/install/rov_control_tools/lib/python3.10/site-packages/rov_control_tools
copying /mnt/ros_ws/build/rov_control_tools/build/lib/rov_control_tools/data_logger.py -> /mnt/ros_ws/install/rov_control_tools/lib/python3.10/site-packages/rov_control_tools
copying /mnt/ros_ws/build/rov_control_tools/build/lib/rov_control_tools/cmd_publisher_point.py -> /mnt/ros_ws/install/rov_control_tools/lib/python3.10/site-packages/rov_control_tools
copying /mnt/ros_ws/build/rov_control_tools/build/lib/rov_control_tools/__init__.py -> /mnt/ros_ws/install/rov_control_tools/lib/python3.10/site-packages/rov_control_tools
byte-compiling /mnt/ros_ws/install/rov_control_tools/lib/python3.10/site-packages/rov_control_tools/cmd_publisher_start.py to cmd_publisher_start.cpython-310.pyc
byte-compiling /mnt/ros_ws/install/rov_control_tools/lib/python3.10/site-packages/rov_control_tools/cmd_publisher_circle.py to cmd_publisher_circle.cpython-310.pyc
byte-compiling /mnt/ros_ws/install/rov_control_tools/lib/python3.10/site-packages/rov_control_tools/data_logger.py to data_logger.cpython-310.pyc
byte-compiling /mnt/ros_ws/install/rov_control_tools/lib/python3.10/site-packages/rov_control_tools/cmd_publisher_point.py to cmd_publisher_point.cpython-310.pyc
byte-compiling /mnt/ros_ws/install/rov_control_tools/lib/python3.10/site-packages/rov_control_tools/__init__.py to __init__.cpython-310.pyc
running install_data
creating /mnt/ros_ws/install/rov_control_tools/share/ament_index
creating /mnt/ros_ws/install/rov_control_tools/share/ament_index/resource_index
creating /mnt/ros_ws/install/rov_control_tools/share/ament_index/resource_index/packages
copying resource/rov_control_tools -> /mnt/ros_ws/install/rov_control_tools/share/ament_index/resource_index/packages
copying package.xml -> /mnt/ros_ws/install/rov_control_tools/share/rov_control_tools
creating /mnt/ros_ws/install/rov_control_tools/share/rov_control_tools/launch
copying launch/cmd_record_launch.py -> /mnt/ros_ws/install/rov_control_tools/share/rov_control_tools/launch
running install_egg_info
Copying ../../build/rov_control_tools/rov_control_tools.egg-info to /mnt/ros_ws/install/rov_control_tools/lib/python3.10/site-packages/rov_control_tools-0.0.0-py3.10.egg-info
running install_scripts
Installing cmd_publisher_circle script to /mnt/ros_ws/install/rov_control_tools/lib/rov_control_tools
Installing cmd_publisher_point script to /mnt/ros_ws/install/rov_control_tools/lib/rov_control_tools
Installing cmd_publisher_start script to /mnt/ros_ws/install/rov_control_tools/lib/rov_control_tools
Installing data_logger script to /mnt/ros_ws/install/rov_control_tools/lib/rov_control_tools
writing list of installed files to '/mnt/ros_ws/build/rov_control_tools/install.log'
