[0.016s] Invoking command in '/mnt/ros_ws/build/slider_publisher': /usr/bin/cmake /mnt/ros_ws/src/slider_publisher -DCATKIN_INSTALL_INTO_PREFIX_ROOT=0 -DCMAKE_INSTALL_PREFIX=/mnt/ros_ws/install/slider_publisher
[0.019s] -- Found ament_cmake: 1.3.11 (/opt/ros/humble/share/ament_cmake/cmake)
[0.118s] -- Found Python3: /usr/bin/python3 (found version "3.10.12") found components: Interpreter 
[0.172s] -- Found rclpy: 3.3.16 (/opt/ros/humble/share/rclpy/cmake)
[0.179s] [31mCMake Error at CMakeLists.txt:7 (find_package):
[0.179s]   By not providing "Findrqt_gui_py.cmake" in CMAKE_MODULE_PATH this project
[0.179s]   has asked CMake to find a package configuration file provided by
[0.179s]   "rqt_gui_py", but CMake did not find one.
[0.179s] 
[0.179s]   Could not find a package configuration file provided by "rqt_gui_py" with
[0.179s]   any of the following names:
[0.179s] 
[0.179s]     rqt_gui_pyConfig.cmake
[0.179s]     rqt_gui_py-config.cmake
[0.179s] 
[0.179s]   Add the installation prefix of "rqt_gui_py" to CMAKE_PREFIX_PATH or set
[0.179s]   "rqt_gui_py_DIR" to a directory containing one of the above files.  If
[0.179s]   "rqt_gui_py" provides a separate development package or SDK, be sure it has
[0.179s]   been installed.
[0.179s] 
[0.179s] [0m
[0.180s] -- Configuring incomplete, errors occurred!
[0.180s] See also "/mnt/ros_ws/build/slider_publisher/CMakeFiles/CMakeOutput.log".
[0.182s] Invoked command in '/mnt/ros_ws/build/slider_publisher' returned '1': /usr/bin/cmake /mnt/ros_ws/src/slider_publisher -DCATKIN_INSTALL_INTO_PREFIX_ROOT=0 -DCMAKE_INSTALL_PREFIX=/mnt/ros_ws/install/slider_publisher
