[0.014s] Invoking command in '/mnt/ros_ws/build/slider_publisher': /usr/bin/cmake /mnt/ros_ws/src/slider_publisher -DCATKIN_INSTALL_INTO_PREFIX_ROOT=0 -DCMAKE_INSTALL_PREFIX=/mnt/ros_ws/install/slider_publisher
[0.039s] -- The C compiler identification is GNU 11.4.0
[0.073s] -- The CXX compiler identification is GNU 11.4.0
[0.077s] -- Detecting C compiler ABI info
[0.117s] -- Detecting C compiler ABI info - done
[0.121s] -- Check for working C compiler: /usr/bin/cc - skipped
[0.121s] -- Detecting C compile features
[0.121s] -- Detecting C compile features - done
[0.123s] -- Detecting CXX compiler ABI info
[0.170s] -- Detecting CXX compiler ABI info - done
[0.174s] -- Check for working CXX compiler: /usr/bin/c++ - skipped
[0.174s] -- Detecting CXX compile features
[0.175s] -- Detecting CXX compile features - done
[0.182s] [31mCMake Error at CMakeLists.txt:4 (find_package):
[0.182s]   By not providing "Findcatkin.cmake" in CMAKE_MODULE_PATH this project has
[0.182s]   asked CMake to find a package configuration file provided by "catkin", but
[0.182s]   CMake did not find one.
[0.183s] 
[0.183s]   Could not find a package configuration file provided by "catkin" with any
[0.183s]   of the following names:
[0.183s] 
[0.183s]     catkinConfig.cmake
[0.183s]     catkin-config.cmake
[0.183s] 
[0.183s]   Add the installation prefix of "catkin" to CMAKE_PREFIX_PATH or set
[0.183s]   "catkin_DIR" to a directory containing one of the above files.  If "catkin"
[0.183s]   provides a separate development package or SDK, be sure it has been
[0.183s]   installed.
[0.183s] 
[0.183s] [0m
[0.183s] -- Configuring incomplete, errors occurred!
[0.183s] See also "/mnt/ros_ws/build/slider_publisher/CMakeFiles/CMakeOutput.log".
[0.184s] Invoked command in '/mnt/ros_ws/build/slider_publisher' returned '1': /usr/bin/cmake /mnt/ros_ws/src/slider_publisher -DCATKIN_INSTALL_INTO_PREFIX_ROOT=0 -DCMAKE_INSTALL_PREFIX=/mnt/ros_ws/install/slider_publisher
