[0.046s] DEBUG:colcon:Command line arguments: ['/usr/bin/colcon', 'build']
[0.046s] DEBUG:colcon:Parsed command line arguments: Namespace(log_base=None, log_level=None, verb_name='build', build_base='build', install_base='install', merge_install=False, symlink_install=False, test_result_base=None, continue_on_error=False, executor='parallel', parallel_workers=20, event_handlers=None, ignore_user_meta=False, metas=['./colcon.meta'], base_paths=['.'], packages_ignore=None, packages_ignore_regex=None, paths=None, packages_up_to=None, packages_up_to_regex=None, packages_above=None, packages_above_and_dependencies=None, packages_above_depth=None, packages_select_by_dep=None, packages_skip_by_dep=None, packages_skip_up_to=None, packages_select_build_failed=False, packages_skip_build_finished=False, packages_select_test_failures=False, packages_skip_test_passed=False, packages_select=None, packages_skip=None, packages_select_regex=None, packages_skip_regex=None, packages_start=None, packages_end=None, cmake_args=None, cmake_target=None, cmake_target_skip_unavailable=False, cmake_clean_cache=False, cmake_clean_first=False, cmake_force_configure=False, ament_cmake_args=None, catkin_cmake_args=None, catkin_skip_building_tests=False, mixin_files=None, mixin=None, verb_parser=<colcon_mixin.mixin.mixin_argument.MixinArgumentDecorator object at 0x793cc67d7580>, verb_extension=<colcon_core.verb.build.BuildVerb object at 0x793cc67d7010>, main=<bound method BuildVerb.main of <colcon_core.verb.build.BuildVerb object at 0x793cc67d7010>>, mixin_verb=('build',))
[0.104s] Level 1:colcon.colcon_core.package_discovery:discover_packages(colcon_meta) check parameters
[0.104s] Level 1:colcon.colcon_core.package_discovery:discover_packages(recursive) check parameters
[0.104s] Level 1:colcon.colcon_core.package_discovery:discover_packages(ignore) check parameters
[0.104s] Level 1:colcon.colcon_core.package_discovery:discover_packages(path) check parameters
[0.104s] Level 1:colcon.colcon_core.package_discovery:discover_packages(colcon_meta) discover
[0.104s] Level 1:colcon.colcon_core.package_discovery:discover_packages(recursive) discover
[0.104s] INFO:colcon.colcon_core.package_discovery:Crawling recursively for packages in '/mnt/ros_ws'
[0.104s] Level 1:colcon.colcon_core.package_identification:_identify(.) by extensions ['ignore', 'ignore_ament_install']
[0.104s] Level 1:colcon.colcon_core.package_identification:_identify(.) by extension 'ignore'
[0.104s] Level 1:colcon.colcon_core.package_identification:_identify(.) by extension 'ignore_ament_install'
[0.105s] Level 1:colcon.colcon_core.package_identification:_identify(.) by extensions ['colcon_pkg']
[0.105s] Level 1:colcon.colcon_core.package_identification:_identify(.) by extension 'colcon_pkg'
[0.105s] Level 1:colcon.colcon_core.package_identification:_identify(.) by extensions ['colcon_meta']
[0.105s] Level 1:colcon.colcon_core.package_identification:_identify(.) by extension 'colcon_meta'
[0.105s] Level 1:colcon.colcon_core.package_identification:_identify(.) by extensions ['ros']
[0.105s] Level 1:colcon.colcon_core.package_identification:_identify(.) by extension 'ros'
[0.110s] Level 1:colcon.colcon_core.package_identification:_identify(.) by extensions ['cmake', 'python']
[0.110s] Level 1:colcon.colcon_core.package_identification:_identify(.) by extension 'cmake'
[0.110s] Level 1:colcon.colcon_core.package_identification:_identify(.) by extension 'python'
[0.110s] Level 1:colcon.colcon_core.package_identification:_identify(.) by extensions ['python_setup_py']
[0.110s] Level 1:colcon.colcon_core.package_identification:_identify(.) by extension 'python_setup_py'
[0.110s] Level 1:colcon.colcon_core.package_identification:_identify(build) by extensions ['ignore', 'ignore_ament_install']
[0.110s] Level 1:colcon.colcon_core.package_identification:_identify(build) by extension 'ignore'
[0.110s] Level 1:colcon.colcon_core.package_identification:_identify(build) ignored
[0.110s] Level 1:colcon.colcon_core.package_identification:_identify(install) by extensions ['ignore', 'ignore_ament_install']
[0.110s] Level 1:colcon.colcon_core.package_identification:_identify(install) by extension 'ignore'
[0.110s] Level 1:colcon.colcon_core.package_identification:_identify(install) ignored
[0.110s] Level 1:colcon.colcon_core.package_identification:_identify(log) by extensions ['ignore', 'ignore_ament_install']
[0.110s] Level 1:colcon.colcon_core.package_identification:_identify(log) by extension 'ignore'
[0.110s] Level 1:colcon.colcon_core.package_identification:_identify(log) ignored
[0.110s] Level 1:colcon.colcon_core.package_identification:_identify(src) by extensions ['ignore', 'ignore_ament_install']
[0.110s] Level 1:colcon.colcon_core.package_identification:_identify(src) by extension 'ignore'
[0.110s] Level 1:colcon.colcon_core.package_identification:_identify(src) by extension 'ignore_ament_install'
[0.110s] Level 1:colcon.colcon_core.package_identification:_identify(src) by extensions ['colcon_pkg']
[0.110s] Level 1:colcon.colcon_core.package_identification:_identify(src) by extension 'colcon_pkg'
[0.110s] Level 1:colcon.colcon_core.package_identification:_identify(src) by extensions ['colcon_meta']
[0.110s] Level 1:colcon.colcon_core.package_identification:_identify(src) by extension 'colcon_meta'
[0.110s] Level 1:colcon.colcon_core.package_identification:_identify(src) by extensions ['ros']
[0.110s] Level 1:colcon.colcon_core.package_identification:_identify(src) by extension 'ros'
[0.110s] Level 1:colcon.colcon_core.package_identification:_identify(src) by extensions ['cmake', 'python']
[0.110s] Level 1:colcon.colcon_core.package_identification:_identify(src) by extension 'cmake'
[0.111s] Level 1:colcon.colcon_core.package_identification:_identify(src) by extension 'python'
[0.111s] Level 1:colcon.colcon_core.package_identification:_identify(src) by extensions ['python_setup_py']
[0.111s] Level 1:colcon.colcon_core.package_identification:_identify(src) by extension 'python_setup_py'
[0.111s] Level 1:colcon.colcon_core.package_identification:_identify(src/bluerov2_control) by extensions ['ignore', 'ignore_ament_install']
[0.111s] Level 1:colcon.colcon_core.package_identification:_identify(src/bluerov2_control) by extension 'ignore'
[0.111s] Level 1:colcon.colcon_core.package_identification:_identify(src/bluerov2_control) by extension 'ignore_ament_install'
[0.111s] Level 1:colcon.colcon_core.package_identification:_identify(src/bluerov2_control) by extensions ['colcon_pkg']
[0.111s] Level 1:colcon.colcon_core.package_identification:_identify(src/bluerov2_control) by extension 'colcon_pkg'
[0.111s] Level 1:colcon.colcon_core.package_identification:_identify(src/bluerov2_control) by extensions ['colcon_meta']
[0.111s] Level 1:colcon.colcon_core.package_identification:_identify(src/bluerov2_control) by extension 'colcon_meta'
[0.111s] Level 1:colcon.colcon_core.package_identification:_identify(src/bluerov2_control) by extensions ['ros']
[0.111s] Level 1:colcon.colcon_core.package_identification:_identify(src/bluerov2_control) by extension 'ros'
[0.112s] DEBUG:colcon.colcon_core.package_identification:Package 'src/bluerov2_control' with type 'ros.ament_cmake' and name 'bluerov2_control'
[0.112s] Level 1:colcon.colcon_core.package_identification:_identify(src/bluerov2_description) by extensions ['ignore', 'ignore_ament_install']
[0.112s] Level 1:colcon.colcon_core.package_identification:_identify(src/bluerov2_description) by extension 'ignore'
[0.112s] Level 1:colcon.colcon_core.package_identification:_identify(src/bluerov2_description) by extension 'ignore_ament_install'
[0.112s] Level 1:colcon.colcon_core.package_identification:_identify(src/bluerov2_description) by extensions ['colcon_pkg']
[0.112s] Level 1:colcon.colcon_core.package_identification:_identify(src/bluerov2_description) by extension 'colcon_pkg'
[0.112s] Level 1:colcon.colcon_core.package_identification:_identify(src/bluerov2_description) by extensions ['colcon_meta']
[0.112s] Level 1:colcon.colcon_core.package_identification:_identify(src/bluerov2_description) by extension 'colcon_meta'
[0.112s] Level 1:colcon.colcon_core.package_identification:_identify(src/bluerov2_description) by extensions ['ros']
[0.112s] Level 1:colcon.colcon_core.package_identification:_identify(src/bluerov2_description) by extension 'ros'
[0.112s] DEBUG:colcon.colcon_core.package_identification:Package 'src/bluerov2_description' with type 'ros.ament_cmake' and name 'bluerov2_description'
[0.112s] Level 1:colcon.colcon_core.package_discovery:discover_packages(recursive) using defaults
[0.112s] Level 1:colcon.colcon_core.package_discovery:discover_packages(ignore) discover
[0.112s] Level 1:colcon.colcon_core.package_discovery:discover_packages(ignore) using defaults
[0.112s] Level 1:colcon.colcon_core.package_discovery:discover_packages(path) discover
[0.112s] Level 1:colcon.colcon_core.package_discovery:discover_packages(path) using defaults
[0.121s] Level 5:colcon.colcon_core.verb:set package 'bluerov2_control' build argument 'cmake_args' from command line to 'None'
[0.121s] Level 5:colcon.colcon_core.verb:set package 'bluerov2_control' build argument 'cmake_target' from command line to 'None'
[0.121s] Level 5:colcon.colcon_core.verb:set package 'bluerov2_control' build argument 'cmake_target_skip_unavailable' from command line to 'False'
[0.121s] Level 5:colcon.colcon_core.verb:set package 'bluerov2_control' build argument 'cmake_clean_cache' from command line to 'False'
[0.121s] Level 5:colcon.colcon_core.verb:set package 'bluerov2_control' build argument 'cmake_clean_first' from command line to 'False'
[0.121s] Level 5:colcon.colcon_core.verb:set package 'bluerov2_control' build argument 'cmake_force_configure' from command line to 'False'
[0.121s] Level 5:colcon.colcon_core.verb:set package 'bluerov2_control' build argument 'ament_cmake_args' from command line to 'None'
[0.121s] Level 5:colcon.colcon_core.verb:set package 'bluerov2_control' build argument 'catkin_cmake_args' from command line to 'None'
[0.121s] Level 5:colcon.colcon_core.verb:set package 'bluerov2_control' build argument 'catkin_skip_building_tests' from command line to 'False'
[0.121s] DEBUG:colcon.colcon_core.verb:Building package 'bluerov2_control' with the following arguments: {'ament_cmake_args': None, 'build_base': '/mnt/ros_ws/build/bluerov2_control', 'catkin_cmake_args': None, 'catkin_skip_building_tests': False, 'cmake_args': None, 'cmake_clean_cache': False, 'cmake_clean_first': False, 'cmake_force_configure': False, 'cmake_target': None, 'cmake_target_skip_unavailable': False, 'install_base': '/mnt/ros_ws/install/bluerov2_control', 'merge_install': False, 'path': '/mnt/ros_ws/src/bluerov2_control', 'symlink_install': False, 'test_result_base': None}
[0.121s] Level 5:colcon.colcon_core.verb:set package 'bluerov2_description' build argument 'cmake_args' from command line to 'None'
[0.121s] Level 5:colcon.colcon_core.verb:set package 'bluerov2_description' build argument 'cmake_target' from command line to 'None'
[0.121s] Level 5:colcon.colcon_core.verb:set package 'bluerov2_description' build argument 'cmake_target_skip_unavailable' from command line to 'False'
[0.121s] Level 5:colcon.colcon_core.verb:set package 'bluerov2_description' build argument 'cmake_clean_cache' from command line to 'False'
[0.121s] Level 5:colcon.colcon_core.verb:set package 'bluerov2_description' build argument 'cmake_clean_first' from command line to 'False'
[0.121s] Level 5:colcon.colcon_core.verb:set package 'bluerov2_description' build argument 'cmake_force_configure' from command line to 'False'
[0.121s] Level 5:colcon.colcon_core.verb:set package 'bluerov2_description' build argument 'ament_cmake_args' from command line to 'None'
[0.121s] Level 5:colcon.colcon_core.verb:set package 'bluerov2_description' build argument 'catkin_cmake_args' from command line to 'None'
[0.121s] Level 5:colcon.colcon_core.verb:set package 'bluerov2_description' build argument 'catkin_skip_building_tests' from command line to 'False'
[0.121s] DEBUG:colcon.colcon_core.verb:Building package 'bluerov2_description' with the following arguments: {'ament_cmake_args': None, 'build_base': '/mnt/ros_ws/build/bluerov2_description', 'catkin_cmake_args': None, 'catkin_skip_building_tests': False, 'cmake_args': None, 'cmake_clean_cache': False, 'cmake_clean_first': False, 'cmake_force_configure': False, 'cmake_target': None, 'cmake_target_skip_unavailable': False, 'install_base': '/mnt/ros_ws/install/bluerov2_description', 'merge_install': False, 'path': '/mnt/ros_ws/src/bluerov2_description', 'symlink_install': False, 'test_result_base': None}
[0.121s] INFO:colcon.colcon_core.executor:Executing jobs using 'parallel' executor
[0.122s] DEBUG:colcon.colcon_parallel_executor.executor.parallel:run_until_complete
[0.122s] INFO:colcon.colcon_ros.task.ament_cmake.build:Building ROS package in '/mnt/ros_ws/src/bluerov2_control' with build type 'ament_cmake'
[0.122s] INFO:colcon.colcon_cmake.task.cmake.build:Building CMake package in '/mnt/ros_ws/src/bluerov2_control'
[0.123s] INFO:colcon.colcon_core.plugin_system:Skipping extension 'colcon_core.shell.bat': Not used on non-Windows systems
[0.123s] INFO:colcon.colcon_core.shell:Skip shell extension 'powershell' for command environment: Not usable outside of PowerShell
[0.123s] DEBUG:colcon.colcon_core.shell:Skip shell extension 'dsv' for command environment
[0.124s] WARNING:colcon.colcon_ros.prefix_path.ament:The path '/mnt/ros_ws/install/bluerov2_description' in the environment variable AMENT_PREFIX_PATH doesn't exist
[0.124s] WARNING:colcon.colcon_ros.prefix_path.ament:The path '/mnt/ros_ws/install/bluerov2_control' in the environment variable AMENT_PREFIX_PATH doesn't exist
[0.124s] WARNING:colcon.colcon_ros.prefix_path.catkin:The path '/mnt/ros_ws/install/bluerov2_description' in the environment variable CMAKE_PREFIX_PATH doesn't exist
[0.124s] WARNING:colcon.colcon_ros.prefix_path.catkin:The path '/mnt/ros_ws/install/bluerov2_control' in the environment variable CMAKE_PREFIX_PATH doesn't exist
[0.125s] INFO:colcon.colcon_ros.task.ament_cmake.build:Building ROS package in '/mnt/ros_ws/src/bluerov2_description' with build type 'ament_cmake'
[0.125s] INFO:colcon.colcon_cmake.task.cmake.build:Building CMake package in '/mnt/ros_ws/src/bluerov2_description'
[0.125s] INFO:colcon.colcon_core.shell:Skip shell extension 'powershell' for command environment: Not usable outside of PowerShell
[0.125s] DEBUG:colcon.colcon_core.shell:Skip shell extension 'dsv' for command environment
[0.128s] DEBUG:colcon.colcon_core.event_handler.log_command:Invoking command in '/mnt/ros_ws/build/bluerov2_control': CMAKE_PREFIX_PATH=${CMAKE_PREFIX_PATH}:/opt/ros/humble /usr/bin/cmake /mnt/ros_ws/src/bluerov2_control -DCMAKE_INSTALL_PREFIX=/mnt/ros_ws/install/bluerov2_control
[0.130s] DEBUG:colcon.colcon_core.event_handler.log_command:Invoking command in '/mnt/ros_ws/build/bluerov2_description': CMAKE_PREFIX_PATH=${CMAKE_PREFIX_PATH}:/opt/ros/humble /usr/bin/cmake /mnt/ros_ws/src/bluerov2_description -DCMAKE_INSTALL_PREFIX=/mnt/ros_ws/install/bluerov2_description
[0.496s] DEBUG:colcon.colcon_core.event_handler.log_command:Invoked command in '/mnt/ros_ws/build/bluerov2_control' returned '0': CMAKE_PREFIX_PATH=${CMAKE_PREFIX_PATH}:/opt/ros/humble /usr/bin/cmake /mnt/ros_ws/src/bluerov2_control -DCMAKE_INSTALL_PREFIX=/mnt/ros_ws/install/bluerov2_control
[0.497s] DEBUG:colcon.colcon_core.event_handler.log_command:Invoking command in '/mnt/ros_ws/build/bluerov2_control': CMAKE_PREFIX_PATH=${CMAKE_PREFIX_PATH}:/opt/ros/humble /usr/bin/cmake --build /mnt/ros_ws/build/bluerov2_control -- -j20 -l20
[0.499s] DEBUG:colcon.colcon_core.event_handler.log_command:Invoked command in '/mnt/ros_ws/build/bluerov2_description' returned '0': CMAKE_PREFIX_PATH=${CMAKE_PREFIX_PATH}:/opt/ros/humble /usr/bin/cmake /mnt/ros_ws/src/bluerov2_description -DCMAKE_INSTALL_PREFIX=/mnt/ros_ws/install/bluerov2_description
[0.500s] DEBUG:colcon.colcon_core.event_handler.log_command:Invoking command in '/mnt/ros_ws/build/bluerov2_description': CMAKE_PREFIX_PATH=${CMAKE_PREFIX_PATH}:/opt/ros/humble /usr/bin/cmake --build /mnt/ros_ws/build/bluerov2_description -- -j20 -l20
[0.519s] DEBUG:colcon.colcon_core.event_handler.log_command:Invoked command in '/mnt/ros_ws/build/bluerov2_control' returned '0': CMAKE_PREFIX_PATH=${CMAKE_PREFIX_PATH}:/opt/ros/humble /usr/bin/cmake --build /mnt/ros_ws/build/bluerov2_control -- -j20 -l20
[0.526s] DEBUG:colcon.colcon_core.event_handler.log_command:Invoking command in '/mnt/ros_ws/build/bluerov2_control': CMAKE_PREFIX_PATH=${CMAKE_PREFIX_PATH}:/opt/ros/humble /usr/bin/cmake --install /mnt/ros_ws/build/bluerov2_control
[0.527s] DEBUG:colcon.colcon_core.event_handler.log_command:Invoked command in '/mnt/ros_ws/build/bluerov2_description' returned '0': CMAKE_PREFIX_PATH=${CMAKE_PREFIX_PATH}:/opt/ros/humble /usr/bin/cmake --build /mnt/ros_ws/build/bluerov2_description -- -j20 -l20
[0.528s] DEBUG:colcon.colcon_core.event_handler.log_command:Invoking command in '/mnt/ros_ws/build/bluerov2_description': CMAKE_PREFIX_PATH=${CMAKE_PREFIX_PATH}:/opt/ros/humble /usr/bin/cmake --install /mnt/ros_ws/build/bluerov2_description
[0.534s] Level 1:colcon.colcon_core.environment:create_environment_scripts_only(bluerov2_control)
[0.535s] DEBUG:colcon.colcon_core.event_handler.log_command:Invoked command in '/mnt/ros_ws/build/bluerov2_control' returned '0': CMAKE_PREFIX_PATH=${CMAKE_PREFIX_PATH}:/opt/ros/humble /usr/bin/cmake --install /mnt/ros_ws/build/bluerov2_control
[0.536s] Level 1:colcon.colcon_core.environment:checking '/mnt/ros_ws/install/bluerov2_control' for CMake module files
[0.536s] Level 1:colcon.colcon_core.environment:checking '/mnt/ros_ws/install/bluerov2_control' for CMake config files
[0.537s] Level 1:colcon.colcon_core.shell:create_environment_hook('bluerov2_control', 'cmake_prefix_path')
[0.537s] INFO:colcon.colcon_core.shell:Creating environment hook '/mnt/ros_ws/install/bluerov2_control/share/bluerov2_control/hook/cmake_prefix_path.ps1'
[0.537s] INFO:colcon.colcon_core.shell:Creating environment descriptor '/mnt/ros_ws/install/bluerov2_control/share/bluerov2_control/hook/cmake_prefix_path.dsv'
[0.537s] INFO:colcon.colcon_core.shell:Creating environment hook '/mnt/ros_ws/install/bluerov2_control/share/bluerov2_control/hook/cmake_prefix_path.sh'
[0.538s] Level 1:colcon.colcon_core.environment:checking '/mnt/ros_ws/install/bluerov2_control/bin'
[0.538s] Level 1:colcon.colcon_core.environment:checking '/mnt/ros_ws/install/bluerov2_control/lib/pkgconfig/bluerov2_control.pc'
[0.539s] Level 1:colcon.colcon_core.environment:checking '/mnt/ros_ws/install/bluerov2_control/lib/python3.10/site-packages'
[0.539s] Level 1:colcon.colcon_core.environment:checking '/mnt/ros_ws/install/bluerov2_control/bin'
[0.539s] INFO:colcon.colcon_core.shell:Creating package script '/mnt/ros_ws/install/bluerov2_control/share/bluerov2_control/package.ps1'
[0.540s] INFO:colcon.colcon_core.shell:Creating package descriptor '/mnt/ros_ws/install/bluerov2_control/share/bluerov2_control/package.dsv'
[0.540s] INFO:colcon.colcon_core.shell:Creating package script '/mnt/ros_ws/install/bluerov2_control/share/bluerov2_control/package.sh'
[0.541s] INFO:colcon.colcon_core.shell:Creating package script '/mnt/ros_ws/install/bluerov2_control/share/bluerov2_control/package.bash'
[0.541s] INFO:colcon.colcon_core.shell:Creating package script '/mnt/ros_ws/install/bluerov2_control/share/bluerov2_control/package.zsh'
[0.541s] Level 1:colcon.colcon_core.environment:create_file_with_runtime_dependencies(/mnt/ros_ws/install/bluerov2_control/share/colcon-core/packages/bluerov2_control)
[0.541s] Level 1:colcon.colcon_core.environment:create_environment_scripts_only(bluerov2_control)
[0.541s] Level 1:colcon.colcon_core.environment:checking '/mnt/ros_ws/install/bluerov2_control' for CMake module files
[0.542s] Level 1:colcon.colcon_core.environment:checking '/mnt/ros_ws/install/bluerov2_control' for CMake config files
[0.542s] Level 1:colcon.colcon_core.shell:create_environment_hook('bluerov2_control', 'cmake_prefix_path')
[0.542s] INFO:colcon.colcon_core.shell:Creating environment hook '/mnt/ros_ws/install/bluerov2_control/share/bluerov2_control/hook/cmake_prefix_path.ps1'
[0.542s] INFO:colcon.colcon_core.shell:Creating environment descriptor '/mnt/ros_ws/install/bluerov2_control/share/bluerov2_control/hook/cmake_prefix_path.dsv'
[0.542s] INFO:colcon.colcon_core.shell:Creating environment hook '/mnt/ros_ws/install/bluerov2_control/share/bluerov2_control/hook/cmake_prefix_path.sh'
[0.542s] Level 1:colcon.colcon_core.environment:checking '/mnt/ros_ws/install/bluerov2_control/bin'
[0.542s] Level 1:colcon.colcon_core.environment:checking '/mnt/ros_ws/install/bluerov2_control/lib/pkgconfig/bluerov2_control.pc'
[0.542s] Level 1:colcon.colcon_core.environment:checking '/mnt/ros_ws/install/bluerov2_control/lib/python3.10/site-packages'
[0.542s] Level 1:colcon.colcon_core.environment:checking '/mnt/ros_ws/install/bluerov2_control/bin'
[0.543s] INFO:colcon.colcon_core.shell:Creating package script '/mnt/ros_ws/install/bluerov2_control/share/bluerov2_control/package.ps1'
[0.543s] INFO:colcon.colcon_core.shell:Creating package descriptor '/mnt/ros_ws/install/bluerov2_control/share/bluerov2_control/package.dsv'
[0.543s] INFO:colcon.colcon_core.shell:Creating package script '/mnt/ros_ws/install/bluerov2_control/share/bluerov2_control/package.sh'
[0.543s] INFO:colcon.colcon_core.shell:Creating package script '/mnt/ros_ws/install/bluerov2_control/share/bluerov2_control/package.bash'
[0.543s] INFO:colcon.colcon_core.shell:Creating package script '/mnt/ros_ws/install/bluerov2_control/share/bluerov2_control/package.zsh'
[0.543s] Level 1:colcon.colcon_core.environment:create_file_with_runtime_dependencies(/mnt/ros_ws/install/bluerov2_control/share/colcon-core/packages/bluerov2_control)
[0.551s] Level 1:colcon.colcon_core.environment:create_environment_scripts_only(bluerov2_description)
[0.551s] Level 1:colcon.colcon_core.environment:checking '/mnt/ros_ws/install/bluerov2_description' for CMake module files
[0.551s] DEBUG:colcon.colcon_core.event_handler.log_command:Invoked command in '/mnt/ros_ws/build/bluerov2_description' returned '0': CMAKE_PREFIX_PATH=${CMAKE_PREFIX_PATH}:/opt/ros/humble /usr/bin/cmake --install /mnt/ros_ws/build/bluerov2_description
[0.551s] Level 1:colcon.colcon_core.environment:checking '/mnt/ros_ws/install/bluerov2_description' for CMake config files
[0.551s] Level 1:colcon.colcon_core.shell:create_environment_hook('bluerov2_description', 'cmake_prefix_path')
[0.551s] INFO:colcon.colcon_core.shell:Creating environment hook '/mnt/ros_ws/install/bluerov2_description/share/bluerov2_description/hook/cmake_prefix_path.ps1'
[0.551s] INFO:colcon.colcon_core.shell:Creating environment descriptor '/mnt/ros_ws/install/bluerov2_description/share/bluerov2_description/hook/cmake_prefix_path.dsv'
[0.551s] INFO:colcon.colcon_core.shell:Creating environment hook '/mnt/ros_ws/install/bluerov2_description/share/bluerov2_description/hook/cmake_prefix_path.sh'
[0.552s] Level 1:colcon.colcon_core.environment:checking '/mnt/ros_ws/install/bluerov2_description/bin'
[0.552s] Level 1:colcon.colcon_core.environment:checking '/mnt/ros_ws/install/bluerov2_description/lib/pkgconfig/bluerov2_description.pc'
[0.552s] Level 1:colcon.colcon_core.environment:checking '/mnt/ros_ws/install/bluerov2_description/lib/python3.10/site-packages'
[0.552s] Level 1:colcon.colcon_core.environment:checking '/mnt/ros_ws/install/bluerov2_description/bin'
[0.552s] INFO:colcon.colcon_core.shell:Creating package script '/mnt/ros_ws/install/bluerov2_description/share/bluerov2_description/package.ps1'
[0.552s] INFO:colcon.colcon_core.shell:Creating package descriptor '/mnt/ros_ws/install/bluerov2_description/share/bluerov2_description/package.dsv'
[0.552s] INFO:colcon.colcon_core.shell:Creating package script '/mnt/ros_ws/install/bluerov2_description/share/bluerov2_description/package.sh'
[0.552s] INFO:colcon.colcon_core.shell:Creating package script '/mnt/ros_ws/install/bluerov2_description/share/bluerov2_description/package.bash'
[0.553s] INFO:colcon.colcon_core.shell:Creating package script '/mnt/ros_ws/install/bluerov2_description/share/bluerov2_description/package.zsh'
[0.553s] Level 1:colcon.colcon_core.environment:create_file_with_runtime_dependencies(/mnt/ros_ws/install/bluerov2_description/share/colcon-core/packages/bluerov2_description)
[0.553s] Level 1:colcon.colcon_core.environment:create_environment_scripts_only(bluerov2_description)
[0.553s] Level 1:colcon.colcon_core.environment:checking '/mnt/ros_ws/install/bluerov2_description' for CMake module files
[0.553s] Level 1:colcon.colcon_core.environment:checking '/mnt/ros_ws/install/bluerov2_description' for CMake config files
[0.553s] Level 1:colcon.colcon_core.shell:create_environment_hook('bluerov2_description', 'cmake_prefix_path')
[0.553s] INFO:colcon.colcon_core.shell:Creating environment hook '/mnt/ros_ws/install/bluerov2_description/share/bluerov2_description/hook/cmake_prefix_path.ps1'
[0.553s] INFO:colcon.colcon_core.shell:Creating environment descriptor '/mnt/ros_ws/install/bluerov2_description/share/bluerov2_description/hook/cmake_prefix_path.dsv'
[0.554s] INFO:colcon.colcon_core.shell:Creating environment hook '/mnt/ros_ws/install/bluerov2_description/share/bluerov2_description/hook/cmake_prefix_path.sh'
[0.554s] Level 1:colcon.colcon_core.environment:checking '/mnt/ros_ws/install/bluerov2_description/bin'
[0.554s] Level 1:colcon.colcon_core.environment:checking '/mnt/ros_ws/install/bluerov2_description/lib/pkgconfig/bluerov2_description.pc'
[0.554s] Level 1:colcon.colcon_core.environment:checking '/mnt/ros_ws/install/bluerov2_description/lib/python3.10/site-packages'
[0.554s] Level 1:colcon.colcon_core.environment:checking '/mnt/ros_ws/install/bluerov2_description/bin'
[0.554s] INFO:colcon.colcon_core.shell:Creating package script '/mnt/ros_ws/install/bluerov2_description/share/bluerov2_description/package.ps1'
[0.554s] INFO:colcon.colcon_core.shell:Creating package descriptor '/mnt/ros_ws/install/bluerov2_description/share/bluerov2_description/package.dsv'
[0.555s] INFO:colcon.colcon_core.shell:Creating package script '/mnt/ros_ws/install/bluerov2_description/share/bluerov2_description/package.sh'
[0.555s] INFO:colcon.colcon_core.shell:Creating package script '/mnt/ros_ws/install/bluerov2_description/share/bluerov2_description/package.bash'
[0.555s] INFO:colcon.colcon_core.shell:Creating package script '/mnt/ros_ws/install/bluerov2_description/share/bluerov2_description/package.zsh'
[0.555s] Level 1:colcon.colcon_core.environment:create_file_with_runtime_dependencies(/mnt/ros_ws/install/bluerov2_description/share/colcon-core/packages/bluerov2_description)
[0.555s] DEBUG:colcon.colcon_parallel_executor.executor.parallel:closing loop
[0.555s] DEBUG:colcon.colcon_parallel_executor.executor.parallel:loop closed
[0.555s] DEBUG:colcon.colcon_parallel_executor.executor.parallel:run_until_complete finished with '0'
[0.555s] DEBUG:colcon.colcon_core.event_reactor:joining thread
[0.558s] INFO:colcon.colcon_core.plugin_system:Skipping extension 'colcon_notification.desktop_notification.notify_send': Could not find 'notify-send'
[0.558s] INFO:colcon.colcon_core.plugin_system:Skipping extension 'colcon_notification.desktop_notification.terminal_notifier': Not used on non-Darwin systems
[0.558s] INFO:colcon.colcon_core.plugin_system:Skipping extension 'colcon_notification.desktop_notification.win32': Not used on non-Windows systems
[0.558s] INFO:colcon.colcon_notification.desktop_notification:Sending desktop notification using 'notify2'
[0.559s] DEBUG:colcon.colcon_notification.desktop_notification.notify2:Failed to initialize notify2: org.freedesktop.DBus.Error.Spawn.ExecFailed: /usr/bin/dbus-launch terminated abnormally without any error message
[0.559s] DEBUG:colcon.colcon_core.event_reactor:joined thread
[0.560s] INFO:colcon.colcon_core.shell:Creating prefix script '/mnt/ros_ws/install/local_setup.ps1'
[0.566s] INFO:colcon.colcon_core.shell:Creating prefix util module '/mnt/ros_ws/install/_local_setup_util_ps1.py'
[0.567s] INFO:colcon.colcon_core.shell:Creating prefix chain script '/mnt/ros_ws/install/setup.ps1'
[0.567s] INFO:colcon.colcon_core.shell:Creating prefix script '/mnt/ros_ws/install/local_setup.sh'
[0.568s] INFO:colcon.colcon_core.shell:Creating prefix util module '/mnt/ros_ws/install/_local_setup_util_sh.py'
[0.568s] INFO:colcon.colcon_core.shell:Creating prefix chain script '/mnt/ros_ws/install/setup.sh'
[0.569s] INFO:colcon.colcon_core.shell:Creating prefix script '/mnt/ros_ws/install/local_setup.bash'
[0.569s] INFO:colcon.colcon_core.shell:Creating prefix chain script '/mnt/ros_ws/install/setup.bash'
[0.570s] INFO:colcon.colcon_core.shell:Creating prefix script '/mnt/ros_ws/install/local_setup.zsh'
[0.570s] INFO:colcon.colcon_core.shell:Creating prefix chain script '/mnt/ros_ws/install/setup.zsh'
