[0.006s] Invoking command in '/mnt/ros_ws/build/auv_control': CMAKE_PREFIX_PATH=/mnt/ros_ws/install/thruster_manager:/mnt/ros_ws/install/bluerov2_control:/mnt/ros_ws/install/auv_control:/mnt/ros_ws/install/simple_launch:/mnt/ros_ws/install/pose_to_tf:/mnt/ros_ws/install/bluerov2_description:/mnt/ros_ws/install/rov_control_tools:/opt/ros/humble LD_LIBRARY_PATH=/mnt/ros_ws/install/thruster_manager/lib:/mnt/ros_ws/install/auv_control/lib:/usr/lib/x86_64-linux-gnu/gazebo-11/plugins:/opt/ros/humble/opt/rviz_ogre_vendor/lib:/opt/ros/humble/lib/x86_64-linux-gnu:/opt/ros/humble/lib /usr/bin/cmake --build /mnt/ros_ws/build/auv_control -- -j20 -l20
[0.038s] [  7%] Built target auv_control__rosidl_generator_c
[0.038s] [ 10%] Built target auv_control__cpp
[0.042s] [ 10%] Built target ament_cmake_python_copy_auv_control
[0.048s] [ 17%] Built target auv_control__rosidl_typesupport_introspection_c
[0.049s] [ 25%] Built target auv_control__rosidl_typesupport_c
[0.052s] [ 48%] Built target auv_control__rosidl_typesupport_fastrtps_cpp
[0.052s] [ 48%] Built target auv_control__rosidl_typesupport_fastrtps_c
[0.052s] [ 48%] Built target auv_control__rosidl_typesupport_cpp
[0.054s] [ 56%] Built target auv_control__rosidl_typesupport_introspection_cpp
[0.064s] [ 56%] Built target auv_control
[0.072s] [ 64%] Built target control_common
[0.076s] [ 66%] Built target auv_control__py
[0.088s] [ 71%] Built target auv_control__rosidl_generator_py
[0.092s] [ 79%] Built target cascaded_pid
[0.094s] [ 84%] Built target sliding_mode
[0.101s] [ 89%] Built target auv_control__rosidl_typesupport_fastrtps_c__pyext
[0.103s] [ 94%] Built target auv_control__rosidl_typesupport_introspection_c__pyext
[0.103s] [100%] Built target auv_control__rosidl_typesupport_c__pyext
[0.139s] running egg_info
[0.139s] writing auv_control.egg-info/PKG-INFO
[0.139s] writing dependency_links to auv_control.egg-info/dependency_links.txt
[0.139s] writing top-level names to auv_control.egg-info/top_level.txt
[0.140s] reading manifest file 'auv_control.egg-info/SOURCES.txt'
[0.140s] writing manifest file 'auv_control.egg-info/SOURCES.txt'
[0.153s] [100%] Built target ament_cmake_python_build_auv_control_egg
[0.161s] Invoked command in '/mnt/ros_ws/build/auv_control' returned '0': CMAKE_PREFIX_PATH=/mnt/ros_ws/install/thruster_manager:/mnt/ros_ws/install/bluerov2_control:/mnt/ros_ws/install/auv_control:/mnt/ros_ws/install/simple_launch:/mnt/ros_ws/install/pose_to_tf:/mnt/ros_ws/install/bluerov2_description:/mnt/ros_ws/install/rov_control_tools:/opt/ros/humble LD_LIBRARY_PATH=/mnt/ros_ws/install/thruster_manager/lib:/mnt/ros_ws/install/auv_control/lib:/usr/lib/x86_64-linux-gnu/gazebo-11/plugins:/opt/ros/humble/opt/rviz_ogre_vendor/lib:/opt/ros/humble/lib/x86_64-linux-gnu:/opt/ros/humble/lib /usr/bin/cmake --build /mnt/ros_ws/build/auv_control -- -j20 -l20
[0.162s] Invoking command in '/mnt/ros_ws/build/auv_control': CMAKE_PREFIX_PATH=/mnt/ros_ws/install/thruster_manager:/mnt/ros_ws/install/bluerov2_control:/mnt/ros_ws/install/auv_control:/mnt/ros_ws/install/simple_launch:/mnt/ros_ws/install/pose_to_tf:/mnt/ros_ws/install/bluerov2_description:/mnt/ros_ws/install/rov_control_tools:/opt/ros/humble LD_LIBRARY_PATH=/mnt/ros_ws/install/thruster_manager/lib:/mnt/ros_ws/install/auv_control/lib:/usr/lib/x86_64-linux-gnu/gazebo-11/plugins:/opt/ros/humble/opt/rviz_ogre_vendor/lib:/opt/ros/humble/lib/x86_64-linux-gnu:/opt/ros/humble/lib /usr/bin/cmake --install /mnt/ros_ws/build/auv_control
[0.167s] -- Install configuration: ""
[0.167s] -- Up-to-date: /mnt/ros_ws/install/auv_control/share/ament_index/resource_index/rosidl_interfaces/auv_control
[0.167s] -- Up-to-date: /mnt/ros_ws/install/auv_control/include/auv_control/auv_control
[0.167s] -- Up-to-date: /mnt/ros_ws/install/auv_control/include/auv_control/auv_control/srv
[0.167s] -- Up-to-date: /mnt/ros_ws/install/auv_control/include/auv_control/auv_control/srv/detail
[0.167s] -- Up-to-date: /mnt/ros_ws/install/auv_control/include/auv_control/auv_control/srv/detail/control__functions.h
[0.167s] -- Up-to-date: /mnt/ros_ws/install/auv_control/include/auv_control/auv_control/srv/detail/control__type_support.h
[0.167s] -- Up-to-date: /mnt/ros_ws/install/auv_control/include/auv_control/auv_control/srv/detail/control__struct.h
[0.167s] -- Up-to-date: /mnt/ros_ws/install/auv_control/include/auv_control/auv_control/srv/detail/control__functions.c
[0.167s] -- Up-to-date: /mnt/ros_ws/install/auv_control/include/auv_control/auv_control/srv/control.h
[0.167s] -- Up-to-date: /mnt/ros_ws/install/auv_control/include/auv_control/auv_control/msg
[0.167s] -- Up-to-date: /mnt/ros_ws/install/auv_control/include/auv_control/auv_control/msg/rosidl_generator_c__visibility_control.h
[0.167s] -- Up-to-date: /mnt/ros_ws/install/auv_control/share/auv_control/environment/library_path.sh
[0.167s] -- Up-to-date: /mnt/ros_ws/install/auv_control/share/auv_control/environment/library_path.dsv
[0.167s] -- Up-to-date: /mnt/ros_ws/install/auv_control/lib/libauv_control__rosidl_generator_c.so
[0.167s] -- Up-to-date: /mnt/ros_ws/install/auv_control/include/auv_control/auv_control
[0.167s] -- Up-to-date: /mnt/ros_ws/install/auv_control/include/auv_control/auv_control/srv
[0.167s] -- Up-to-date: /mnt/ros_ws/install/auv_control/include/auv_control/auv_control/srv/detail
[0.167s] -- Up-to-date: /mnt/ros_ws/install/auv_control/include/auv_control/auv_control/srv/detail/control__rosidl_typesupport_fastrtps_c.h
[0.167s] -- Up-to-date: /mnt/ros_ws/install/auv_control/include/auv_control/auv_control/msg
[0.167s] -- Up-to-date: /mnt/ros_ws/install/auv_control/include/auv_control/auv_control/msg/rosidl_typesupport_fastrtps_c__visibility_control.h
[0.167s] -- Up-to-date: /mnt/ros_ws/install/auv_control/lib/libauv_control__rosidl_typesupport_fastrtps_c.so
[0.167s] -- Up-to-date: /mnt/ros_ws/install/auv_control/include/auv_control/auv_control
[0.167s] -- Up-to-date: /mnt/ros_ws/install/auv_control/include/auv_control/auv_control/srv
[0.167s] -- Up-to-date: /mnt/ros_ws/install/auv_control/include/auv_control/auv_control/srv/control.hpp
[0.167s] -- Up-to-date: /mnt/ros_ws/install/auv_control/include/auv_control/auv_control/srv/detail
[0.167s] -- Up-to-date: /mnt/ros_ws/install/auv_control/include/auv_control/auv_control/srv/detail/control__traits.hpp
[0.168s] -- Up-to-date: /mnt/ros_ws/install/auv_control/include/auv_control/auv_control/srv/detail/control__struct.hpp
[0.168s] -- Up-to-date: /mnt/ros_ws/install/auv_control/include/auv_control/auv_control/srv/detail/control__builder.hpp
[0.168s] -- Up-to-date: /mnt/ros_ws/install/auv_control/include/auv_control/auv_control/srv/detail/control__type_support.hpp
[0.168s] -- Up-to-date: /mnt/ros_ws/install/auv_control/include/auv_control/auv_control/msg
[0.168s] -- Up-to-date: /mnt/ros_ws/install/auv_control/include/auv_control/auv_control/msg/rosidl_generator_cpp__visibility_control.hpp
[0.168s] -- Up-to-date: /mnt/ros_ws/install/auv_control/include/auv_control/auv_control
[0.168s] -- Up-to-date: /mnt/ros_ws/install/auv_control/include/auv_control/auv_control/srv
[0.168s] -- Up-to-date: /mnt/ros_ws/install/auv_control/include/auv_control/auv_control/srv/detail
[0.168s] -- Up-to-date: /mnt/ros_ws/install/auv_control/include/auv_control/auv_control/srv/detail/dds_fastrtps
[0.168s] -- Up-to-date: /mnt/ros_ws/install/auv_control/include/auv_control/auv_control/srv/detail/control__rosidl_typesupport_fastrtps_cpp.hpp
[0.168s] -- Up-to-date: /mnt/ros_ws/install/auv_control/include/auv_control/auv_control/msg
[0.168s] -- Up-to-date: /mnt/ros_ws/install/auv_control/include/auv_control/auv_control/msg/rosidl_typesupport_fastrtps_cpp__visibility_control.h
[0.168s] -- Up-to-date: /mnt/ros_ws/install/auv_control/lib/libauv_control__rosidl_typesupport_fastrtps_cpp.so
[0.168s] -- Up-to-date: /mnt/ros_ws/install/auv_control/include/auv_control/auv_control
[0.169s] -- Up-to-date: /mnt/ros_ws/install/auv_control/include/auv_control/auv_control/srv
[0.169s] -- Up-to-date: /mnt/ros_ws/install/auv_control/include/auv_control/auv_control/srv/detail
[0.169s] -- Up-to-date: /mnt/ros_ws/install/auv_control/include/auv_control/auv_control/srv/detail/control__type_support.c
[0.169s] -- Up-to-date: /mnt/ros_ws/install/auv_control/include/auv_control/auv_control/srv/detail/control__rosidl_typesupport_introspection_c.h
[0.169s] -- Up-to-date: /mnt/ros_ws/install/auv_control/include/auv_control/auv_control/msg
[0.169s] -- Up-to-date: /mnt/ros_ws/install/auv_control/include/auv_control/auv_control/msg/rosidl_typesupport_introspection_c__visibility_control.h
[0.169s] -- Up-to-date: /mnt/ros_ws/install/auv_control/lib/libauv_control__rosidl_typesupport_introspection_c.so
[0.169s] -- Up-to-date: /mnt/ros_ws/install/auv_control/lib/libauv_control__rosidl_typesupport_c.so
[0.169s] -- Up-to-date: /mnt/ros_ws/install/auv_control/include/auv_control/auv_control
[0.169s] -- Up-to-date: /mnt/ros_ws/install/auv_control/include/auv_control/auv_control/srv
[0.169s] -- Up-to-date: /mnt/ros_ws/install/auv_control/include/auv_control/auv_control/srv/detail
[0.169s] -- Up-to-date: /mnt/ros_ws/install/auv_control/include/auv_control/auv_control/srv/detail/control__rosidl_typesupport_introspection_cpp.hpp
[0.169s] -- Up-to-date: /mnt/ros_ws/install/auv_control/include/auv_control/auv_control/srv/detail/control__type_support.cpp
[0.169s] -- Up-to-date: /mnt/ros_ws/install/auv_control/lib/libauv_control__rosidl_typesupport_introspection_cpp.so
[0.169s] -- Up-to-date: /mnt/ros_ws/install/auv_control/lib/libauv_control__rosidl_typesupport_cpp.so
[0.169s] -- Up-to-date: /mnt/ros_ws/install/auv_control/share/auv_control/environment/pythonpath.sh
[0.169s] -- Up-to-date: /mnt/ros_ws/install/auv_control/share/auv_control/environment/pythonpath.dsv
[0.169s] -- Up-to-date: /mnt/ros_ws/install/auv_control/local/lib/python3.10/dist-packages/auv_control-0.0.1-py3.10.egg-info
[0.169s] -- Installing: /mnt/ros_ws/install/auv_control/local/lib/python3.10/dist-packages/auv_control-0.0.1-py3.10.egg-info/SOURCES.txt
[0.169s] -- Installing: /mnt/ros_ws/install/auv_control/local/lib/python3.10/dist-packages/auv_control-0.0.1-py3.10.egg-info/dependency_links.txt
[0.169s] -- Installing: /mnt/ros_ws/install/auv_control/local/lib/python3.10/dist-packages/auv_control-0.0.1-py3.10.egg-info/top_level.txt
[0.169s] -- Installing: /mnt/ros_ws/install/auv_control/local/lib/python3.10/dist-packages/auv_control-0.0.1-py3.10.egg-info/PKG-INFO
[0.169s] -- Up-to-date: /mnt/ros_ws/install/auv_control/local/lib/python3.10/dist-packages/auv_control
[0.169s] -- Up-to-date: /mnt/ros_ws/install/auv_control/local/lib/python3.10/dist-packages/auv_control/_auv_control_s.ep.rosidl_typesupport_introspection_c.c
[0.169s] -- Up-to-date: /mnt/ros_ws/install/auv_control/local/lib/python3.10/dist-packages/auv_control/_auv_control_s.ep.rosidl_typesupport_c.c
[0.169s] -- Up-to-date: /mnt/ros_ws/install/auv_control/local/lib/python3.10/dist-packages/auv_control/srv
[0.169s] -- Up-to-date: /mnt/ros_ws/install/auv_control/local/lib/python3.10/dist-packages/auv_control/srv/_control.py
[0.169s] -- Up-to-date: /mnt/ros_ws/install/auv_control/local/lib/python3.10/dist-packages/auv_control/srv/__init__.py
[0.169s] -- Up-to-date: /mnt/ros_ws/install/auv_control/local/lib/python3.10/dist-packages/auv_control/srv/_control_s.c
[0.169s] -- Up-to-date: /mnt/ros_ws/install/auv_control/local/lib/python3.10/dist-packages/auv_control/_auv_control_s.ep.rosidl_typesupport_fastrtps_c.c
[0.169s] -- Up-to-date: /mnt/ros_ws/install/auv_control/local/lib/python3.10/dist-packages/auv_control/auv_control_s__rosidl_typesupport_fastrtps_c.cpython-310-x86_64-linux-gnu.so
[0.169s] -- Up-to-date: /mnt/ros_ws/install/auv_control/local/lib/python3.10/dist-packages/auv_control/__init__.py
[0.169s] -- Up-to-date: /mnt/ros_ws/install/auv_control/local/lib/python3.10/dist-packages/auv_control/auv_control_s__rosidl_typesupport_c.cpython-310-x86_64-linux-gnu.so
[0.169s] -- Up-to-date: /mnt/ros_ws/install/auv_control/local/lib/python3.10/dist-packages/auv_control/libauv_control__rosidl_generator_py.so
[0.169s] -- Up-to-date: /mnt/ros_ws/install/auv_control/local/lib/python3.10/dist-packages/auv_control/auv_control_s__rosidl_typesupport_introspection_c.cpython-310-x86_64-linux-gnu.so
[0.184s] Listing '/mnt/ros_ws/install/auv_control/local/lib/python3.10/dist-packages/auv_control'...
[0.184s] Listing '/mnt/ros_ws/install/auv_control/local/lib/python3.10/dist-packages/auv_control/srv'...
[0.186s] -- Up-to-date: /mnt/ros_ws/install/auv_control/local/lib/python3.10/dist-packages/auv_control/auv_control_s__rosidl_typesupport_fastrtps_c.cpython-310-x86_64-linux-gnu.so
[0.186s] -- Up-to-date: /mnt/ros_ws/install/auv_control/local/lib/python3.10/dist-packages/auv_control/auv_control_s__rosidl_typesupport_introspection_c.cpython-310-x86_64-linux-gnu.so
[0.186s] -- Up-to-date: /mnt/ros_ws/install/auv_control/local/lib/python3.10/dist-packages/auv_control/auv_control_s__rosidl_typesupport_c.cpython-310-x86_64-linux-gnu.so
[0.186s] -- Up-to-date: /mnt/ros_ws/install/auv_control/lib/libauv_control__rosidl_generator_py.so
[0.186s] -- Up-to-date: /mnt/ros_ws/install/auv_control/share/auv_control/srv/Control.idl
[0.186s] -- Up-to-date: /mnt/ros_ws/install/auv_control/share/auv_control/srv/Control.srv
[0.186s] -- Up-to-date: /mnt/ros_ws/install/auv_control/share/auv_control/srv/Control_Request.msg
[0.186s] -- Up-to-date: /mnt/ros_ws/install/auv_control/share/auv_control/srv/Control_Response.msg
[0.186s] -- Up-to-date: /mnt/ros_ws/install/auv_control/lib/libcontrol_common.so
[0.186s] -- Up-to-date: /mnt/ros_ws/install/auv_control/lib/auv_control/cascaded_pid
[0.186s] -- Up-to-date: /mnt/ros_ws/install/auv_control/lib/auv_control/sliding_mode
[0.186s] -- Up-to-date: /mnt/ros_ws/install/auv_control/share/auv_control/launch
[0.186s] -- Up-to-date: /mnt/ros_ws/install/auv_control/share/auv_control/launch/pose_setpoint.yaml
[0.186s] -- Up-to-date: /mnt/ros_ws/install/auv_control/share/auv_control/launch/vel_setpoint.yaml
[0.186s] -- Up-to-date: /mnt/ros_ws/install/auv_control/share/auv_control/launch/wrench_launch.py
[0.186s] -- Up-to-date: /mnt/ros_ws/install/auv_control/share/auv_control/launch/wrench.yaml
[0.186s] -- Up-to-date: /mnt/ros_ws/install/auv_control/share/auv_control/launch/pose_launch.py
[0.186s] -- Up-to-date: /mnt/ros_ws/install/auv_control/include
[0.186s] -- Up-to-date: /mnt/ros_ws/install/auv_control/include/auv_control
[0.187s] -- Up-to-date: /mnt/ros_ws/install/auv_control/include/auv_control/cascaded_pid.h
[0.187s] -- Up-to-date: /mnt/ros_ws/install/auv_control/include/auv_control/controller_io.h
[0.187s] -- Up-to-date: /mnt/ros_ws/install/auv_control/include/auv_control/service_sync.h
[0.187s] -- Up-to-date: /mnt/ros_ws/install/auv_control/include/auv_control/butterworth.h
[0.187s] -- Up-to-date: /mnt/ros_ws/install/auv_control/include/auv_control/eigen_typedefs.h
[0.187s] -- Up-to-date: /mnt/ros_ws/install/auv_control/include/auv_control/pos_vel_pid.h
[0.187s] -- Up-to-date: /mnt/ros_ws/install/auv_control/include/auv_control/controller_gains.h
[0.187s] -- Up-to-date: /mnt/ros_ws/install/auv_control/include/auv_control/hydrodynamics.h
[0.187s] -- Up-to-date: /mnt/ros_ws/install/auv_control/include/auv_control
[0.187s] -- Up-to-date: /mnt/ros_ws/install/auv_control/include/auv_control/auv_control
[0.187s] -- Up-to-date: /mnt/ros_ws/install/auv_control/include/auv_control/auv_control/cascaded_pid.h
[0.187s] -- Up-to-date: /mnt/ros_ws/install/auv_control/include/auv_control/auv_control/controller_io.h
[0.187s] -- Up-to-date: /mnt/ros_ws/install/auv_control/include/auv_control/auv_control/service_sync.h
[0.187s] -- Up-to-date: /mnt/ros_ws/install/auv_control/include/auv_control/auv_control/butterworth.h
[0.187s] -- Up-to-date: /mnt/ros_ws/install/auv_control/include/auv_control/auv_control/eigen_typedefs.h
[0.187s] -- Up-to-date: /mnt/ros_ws/install/auv_control/include/auv_control/auv_control/pos_vel_pid.h
[0.187s] -- Up-to-date: /mnt/ros_ws/install/auv_control/include/auv_control/auv_control/controller_gains.h
[0.187s] -- Up-to-date: /mnt/ros_ws/install/auv_control/include/auv_control/auv_control/hydrodynamics.h
[0.187s] -- Up-to-date: /mnt/ros_ws/install/auv_control/share/ament_index/resource_index/package_run_dependencies/auv_control
[0.187s] -- Up-to-date: /mnt/ros_ws/install/auv_control/share/ament_index/resource_index/parent_prefix_path/auv_control
[0.187s] -- Up-to-date: /mnt/ros_ws/install/auv_control/share/auv_control/environment/ament_prefix_path.sh
[0.187s] -- Up-to-date: /mnt/ros_ws/install/auv_control/share/auv_control/environment/ament_prefix_path.dsv
[0.187s] -- Up-to-date: /mnt/ros_ws/install/auv_control/share/auv_control/environment/path.sh
[0.187s] -- Up-to-date: /mnt/ros_ws/install/auv_control/share/auv_control/environment/path.dsv
[0.187s] -- Up-to-date: /mnt/ros_ws/install/auv_control/share/auv_control/local_setup.bash
[0.187s] -- Up-to-date: /mnt/ros_ws/install/auv_control/share/auv_control/local_setup.sh
[0.187s] -- Up-to-date: /mnt/ros_ws/install/auv_control/share/auv_control/local_setup.zsh
[0.187s] -- Up-to-date: /mnt/ros_ws/install/auv_control/share/auv_control/local_setup.dsv
[0.187s] -- Installing: /mnt/ros_ws/install/auv_control/share/auv_control/package.dsv
[0.187s] -- Up-to-date: /mnt/ros_ws/install/auv_control/share/ament_index/resource_index/packages/auv_control
[0.187s] -- Up-to-date: /mnt/ros_ws/install/auv_control/share/auv_control/cmake/export_auv_control__rosidl_generator_cExport.cmake
[0.187s] -- Up-to-date: /mnt/ros_ws/install/auv_control/share/auv_control/cmake/export_auv_control__rosidl_generator_cExport-noconfig.cmake
[0.187s] -- Up-to-date: /mnt/ros_ws/install/auv_control/share/auv_control/cmake/export_auv_control__rosidl_typesupport_fastrtps_cExport.cmake
[0.187s] -- Up-to-date: /mnt/ros_ws/install/auv_control/share/auv_control/cmake/export_auv_control__rosidl_typesupport_fastrtps_cExport-noconfig.cmake
[0.187s] -- Up-to-date: /mnt/ros_ws/install/auv_control/share/auv_control/cmake/export_auv_control__rosidl_generator_cppExport.cmake
[0.187s] -- Up-to-date: /mnt/ros_ws/install/auv_control/share/auv_control/cmake/export_auv_control__rosidl_typesupport_fastrtps_cppExport.cmake
[0.187s] -- Up-to-date: /mnt/ros_ws/install/auv_control/share/auv_control/cmake/export_auv_control__rosidl_typesupport_fastrtps_cppExport-noconfig.cmake
[0.187s] -- Up-to-date: /mnt/ros_ws/install/auv_control/share/auv_control/cmake/auv_control__rosidl_typesupport_introspection_cExport.cmake
[0.187s] -- Up-to-date: /mnt/ros_ws/install/auv_control/share/auv_control/cmake/auv_control__rosidl_typesupport_introspection_cExport-noconfig.cmake
[0.187s] -- Up-to-date: /mnt/ros_ws/install/auv_control/share/auv_control/cmake/auv_control__rosidl_typesupport_cExport.cmake
[0.187s] -- Up-to-date: /mnt/ros_ws/install/auv_control/share/auv_control/cmake/auv_control__rosidl_typesupport_cExport-noconfig.cmake
[0.187s] -- Up-to-date: /mnt/ros_ws/install/auv_control/share/auv_control/cmake/auv_control__rosidl_typesupport_introspection_cppExport.cmake
[0.188s] -- Up-to-date: /mnt/ros_ws/install/auv_control/share/auv_control/cmake/auv_control__rosidl_typesupport_introspection_cppExport-noconfig.cmake
[0.188s] -- Up-to-date: /mnt/ros_ws/install/auv_control/share/auv_control/cmake/auv_control__rosidl_typesupport_cppExport.cmake
[0.188s] -- Up-to-date: /mnt/ros_ws/install/auv_control/share/auv_control/cmake/auv_control__rosidl_typesupport_cppExport-noconfig.cmake
[0.188s] -- Up-to-date: /mnt/ros_ws/install/auv_control/share/auv_control/cmake/export_auv_control__rosidl_generator_pyExport.cmake
[0.188s] -- Up-to-date: /mnt/ros_ws/install/auv_control/share/auv_control/cmake/export_auv_control__rosidl_generator_pyExport-noconfig.cmake
[0.188s] -- Up-to-date: /mnt/ros_ws/install/auv_control/share/auv_control/cmake/rosidl_cmake-extras.cmake
[0.188s] -- Up-to-date: /mnt/ros_ws/install/auv_control/share/auv_control/cmake/ament_cmake_export_include_directories-extras.cmake
[0.188s] -- Up-to-date: /mnt/ros_ws/install/auv_control/share/auv_control/cmake/ament_cmake_export_libraries-extras.cmake
[0.188s] -- Up-to-date: /mnt/ros_ws/install/auv_control/share/auv_control/cmake/ament_cmake_export_targets-extras.cmake
[0.188s] -- Up-to-date: /mnt/ros_ws/install/auv_control/share/auv_control/cmake/rosidl_cmake_export_typesupport_targets-extras.cmake
[0.188s] -- Up-to-date: /mnt/ros_ws/install/auv_control/share/auv_control/cmake/ament_cmake_export_dependencies-extras.cmake
[0.188s] -- Up-to-date: /mnt/ros_ws/install/auv_control/share/auv_control/cmake/rosidl_cmake_export_typesupport_libraries-extras.cmake
[0.188s] -- Up-to-date: /mnt/ros_ws/install/auv_control/share/auv_control/cmake/auv_controlConfig.cmake
[0.188s] -- Up-to-date: /mnt/ros_ws/install/auv_control/share/auv_control/cmake/auv_controlConfig-version.cmake
[0.188s] -- Up-to-date: /mnt/ros_ws/install/auv_control/share/auv_control/package.xml
[0.189s] Invoked command in '/mnt/ros_ws/build/auv_control' returned '0': CMAKE_PREFIX_PATH=/mnt/ros_ws/install/thruster_manager:/mnt/ros_ws/install/bluerov2_control:/mnt/ros_ws/install/auv_control:/mnt/ros_ws/install/simple_launch:/mnt/ros_ws/install/pose_to_tf:/mnt/ros_ws/install/bluerov2_description:/mnt/ros_ws/install/rov_control_tools:/opt/ros/humble LD_LIBRARY_PATH=/mnt/ros_ws/install/thruster_manager/lib:/mnt/ros_ws/install/auv_control/lib:/usr/lib/x86_64-linux-gnu/gazebo-11/plugins:/opt/ros/humble/opt/rviz_ogre_vendor/lib:/opt/ros/humble/lib/x86_64-linux-gnu:/opt/ros/humble/lib /usr/bin/cmake --install /mnt/ros_ws/build/auv_control
