[0.010s] Invoking command in '/mnt/ros_ws/build/bluerov2_control': CMAKE_PREFIX_PATH=/mnt/ros_ws/install/auv_control:/mnt/ros_ws/install/thruster_manager:/mnt/ros_ws/install/bluerov2_control:/mnt/ros_ws/install/pose_to_tf:/mnt/ros_ws/install/bluerov2_description:/mnt/ros_ws/install/rov_control_tools:/opt/ros/humble /usr/bin/cmake /mnt/ros_ws/src/bluerov2_control -DCMAKE_INSTALL_PREFIX=/mnt/ros_ws/install/bluerov2_control
[0.098s] -- The C compiler identification is GNU 11.4.0
[0.174s] -- The CXX compiler identification is GNU 11.4.0
[0.178s] -- Detecting C compiler ABI info
[0.254s] -- Detecting C compiler ABI info - done
[0.261s] -- Check for working C compiler: /usr/bin/cc - skipped
[0.261s] -- Detecting C compile features
[0.261s] -- Detecting C compile features - done
[0.264s] -- Detecting CXX compiler ABI info
[0.340s] -- Detecting CXX compiler ABI info - done
[0.344s] -- Check for working CXX compiler: /usr/bin/c++ - skipped
[0.344s] -- Detecting CXX compile features
[0.344s] -- Detecting CXX compile features - done
[0.347s] -- Found ament_cmake: 1.3.11 (/opt/ros/humble/share/ament_cmake/cmake)
[0.435s] -- Found Python3: /usr/bin/python3 (found version "3.10.12") found components: Interpreter 
[0.520s] -- Configuring done
[0.521s] -- Generating done
[0.522s] -- Build files have been written to: /mnt/ros_ws/build/bluerov2_control
[0.524s] Invoked command in '/mnt/ros_ws/build/bluerov2_control' returned '0': CMAKE_PREFIX_PATH=/mnt/ros_ws/install/auv_control:/mnt/ros_ws/install/thruster_manager:/mnt/ros_ws/install/bluerov2_control:/mnt/ros_ws/install/pose_to_tf:/mnt/ros_ws/install/bluerov2_description:/mnt/ros_ws/install/rov_control_tools:/opt/ros/humble /usr/bin/cmake /mnt/ros_ws/src/bluerov2_control -DCMAKE_INSTALL_PREFIX=/mnt/ros_ws/install/bluerov2_control
[0.524s] Invoking command in '/mnt/ros_ws/build/bluerov2_control': CMAKE_PREFIX_PATH=/mnt/ros_ws/install/auv_control:/mnt/ros_ws/install/thruster_manager:/mnt/ros_ws/install/bluerov2_control:/mnt/ros_ws/install/pose_to_tf:/mnt/ros_ws/install/bluerov2_description:/mnt/ros_ws/install/rov_control_tools:/opt/ros/humble /usr/bin/cmake --build /mnt/ros_ws/build/bluerov2_control -- -j20 -l20
[0.548s] Invoked command in '/mnt/ros_ws/build/bluerov2_control' returned '0': CMAKE_PREFIX_PATH=/mnt/ros_ws/install/auv_control:/mnt/ros_ws/install/thruster_manager:/mnt/ros_ws/install/bluerov2_control:/mnt/ros_ws/install/pose_to_tf:/mnt/ros_ws/install/bluerov2_description:/mnt/ros_ws/install/rov_control_tools:/opt/ros/humble /usr/bin/cmake --build /mnt/ros_ws/build/bluerov2_control -- -j20 -l20
[0.548s] Invoking command in '/mnt/ros_ws/build/bluerov2_control': CMAKE_PREFIX_PATH=/mnt/ros_ws/install/auv_control:/mnt/ros_ws/install/thruster_manager:/mnt/ros_ws/install/bluerov2_control:/mnt/ros_ws/install/pose_to_tf:/mnt/ros_ws/install/bluerov2_description:/mnt/ros_ws/install/rov_control_tools:/opt/ros/humble /usr/bin/cmake --install /mnt/ros_ws/build/bluerov2_control
[0.555s] -- Install configuration: ""
[0.556s] -- Installing: /mnt/ros_ws/install/bluerov2_control/share/bluerov2_control/launch
[0.556s] -- Installing: /mnt/ros_ws/install/bluerov2_control/share/bluerov2_control/launch/wrench_launch.py
[0.556s] -- Installing: /mnt/ros_ws/install/bluerov2_control/share/bluerov2_control/launch/cascaded_pids_launch.py
[0.556s] -- Installing: /mnt/ros_ws/install/bluerov2_control/share/bluerov2_control/launch/sliding_mode_launch.py
[0.556s] -- Installing: /mnt/ros_ws/install/bluerov2_control/share/bluerov2_control/launch/rviz_launch.py
[0.556s] -- Installing: /mnt/ros_ws/install/bluerov2_control/share/bluerov2_control/config
[0.556s] -- Installing: /mnt/ros_ws/install/bluerov2_control/share/bluerov2_control/config/manual.yaml
[0.556s] -- Installing: /mnt/ros_ws/install/bluerov2_control/share/bluerov2_control/config/sliding_mode.yaml
[0.556s] -- Installing: /mnt/ros_ws/install/bluerov2_control/share/bluerov2_control/config/bluerov2.rviz
[0.556s] -- Installing: /mnt/ros_ws/install/bluerov2_control/share/bluerov2_control/config/anchors.yaml
[0.556s] -- Installing: /mnt/ros_ws/install/bluerov2_control/share/bluerov2_control/config/thruster_manager.yaml
[0.556s] -- Installing: /mnt/ros_ws/install/bluerov2_control/share/bluerov2_control/config/cascaded_pid.yaml
[0.556s] -- Installing: /mnt/ros_ws/install/bluerov2_control/share/bluerov2_control/config/tilt.yaml
[0.556s] -- Installing: /mnt/ros_ws/install/bluerov2_control/share/ament_index/resource_index/package_run_dependencies/bluerov2_control
[0.556s] -- Installing: /mnt/ros_ws/install/bluerov2_control/share/ament_index/resource_index/parent_prefix_path/bluerov2_control
[0.556s] -- Installing: /mnt/ros_ws/install/bluerov2_control/share/bluerov2_control/environment/ament_prefix_path.sh
[0.556s] -- Installing: /mnt/ros_ws/install/bluerov2_control/share/bluerov2_control/environment/ament_prefix_path.dsv
[0.556s] -- Installing: /mnt/ros_ws/install/bluerov2_control/share/bluerov2_control/environment/path.sh
[0.557s] -- Installing: /mnt/ros_ws/install/bluerov2_control/share/bluerov2_control/environment/path.dsv
[0.557s] -- Installing: /mnt/ros_ws/install/bluerov2_control/share/bluerov2_control/local_setup.bash
[0.557s] -- Installing: /mnt/ros_ws/install/bluerov2_control/share/bluerov2_control/local_setup.sh
[0.557s] -- Installing: /mnt/ros_ws/install/bluerov2_control/share/bluerov2_control/local_setup.zsh
[0.557s] -- Installing: /mnt/ros_ws/install/bluerov2_control/share/bluerov2_control/local_setup.dsv
[0.557s] -- Installing: /mnt/ros_ws/install/bluerov2_control/share/bluerov2_control/package.dsv
[0.557s] -- Installing: /mnt/ros_ws/install/bluerov2_control/share/ament_index/resource_index/packages/bluerov2_control
[0.557s] -- Installing: /mnt/ros_ws/install/bluerov2_control/share/bluerov2_control/cmake/bluerov2_controlConfig.cmake
[0.557s] -- Installing: /mnt/ros_ws/install/bluerov2_control/share/bluerov2_control/cmake/bluerov2_controlConfig-version.cmake
[0.557s] -- Installing: /mnt/ros_ws/install/bluerov2_control/share/bluerov2_control/package.xml
[0.559s] Invoked command in '/mnt/ros_ws/build/bluerov2_control' returned '0': CMAKE_PREFIX_PATH=/mnt/ros_ws/install/auv_control:/mnt/ros_ws/install/thruster_manager:/mnt/ros_ws/install/bluerov2_control:/mnt/ros_ws/install/pose_to_tf:/mnt/ros_ws/install/bluerov2_description:/mnt/ros_ws/install/rov_control_tools:/opt/ros/humble /usr/bin/cmake --install /mnt/ros_ws/build/bluerov2_control
