[0.014s] Invoking command in '/mnt/ros_ws/build/thruster_manager': CMAKE_PREFIX_PATH=${CMAKE_PREFIX_PATH}:/mnt/ros_ws/install/rov_control_tools:/opt/ros/humble /usr/bin/cmake /mnt/ros_ws/src/thruster_manager -DCMAKE_INSTALL_PREFIX=/mnt/ros_ws/install/thruster_manager
[0.116s] -- The C compiler identification is GNU 11.4.0
[0.116s] -- The CXX compiler identification is GNU 11.4.0
[0.116s] -- Detecting C compiler ABI info
[0.119s] -- Detecting C compiler ABI info - done
[0.122s] -- Check for working C compiler: /usr/bin/cc - skipped
[0.123s] -- Detecting C compile features
[0.123s] -- Detecting C compile features - done
[0.124s] -- Detecting CXX compiler ABI info
[0.165s] -- Detecting CXX compiler ABI info - done
[0.169s] -- Check for working CXX compiler: /usr/bin/c++ - skipped
[0.170s] -- Detecting CXX compile features
[0.170s] -- Detecting CXX compile features - done
[0.172s] -- Found ament_cmake: 1.3.11 (/opt/ros/humble/share/ament_cmake/cmake)
[0.254s] -- Found Python3: /usr/bin/python3 (found version "3.10.12") found components: Interpreter 
[0.304s] -- Found rclcpp: 16.0.12 (/opt/ros/humble/share/rclcpp/cmake)
[0.339s] -- Found rosidl_generator_c: 3.1.6 (/opt/ros/humble/share/rosidl_generator_c/cmake)
[0.342s] -- Found rosidl_adapter: 3.1.6 (/opt/ros/humble/share/rosidl_adapter/cmake)
[0.347s] -- Found rosidl_generator_cpp: 3.1.6 (/opt/ros/humble/share/rosidl_generator_cpp/cmake)
[0.355s] -- Using all available rosidl_typesupport_c: rosidl_typesupport_fastrtps_c;rosidl_typesupport_introspection_c
[0.372s] -- Using all available rosidl_typesupport_cpp: rosidl_typesupport_fastrtps_cpp;rosidl_typesupport_introspection_cpp
[0.401s] -- Found rmw_implementation_cmake: 6.1.2 (/opt/ros/humble/share/rmw_implementation_cmake/cmake)
[0.403s] -- Found rmw_fastrtps_cpp: 6.2.7 (/opt/ros/humble/share/rmw_fastrtps_cpp/cmake)
[0.463s] -- Found OpenSSL: /usr/lib/x86_64-linux-gnu/libcrypto.so (found version "3.0.2")  
[0.479s] -- Found FastRTPS: /opt/ros/humble/include  
[0.506s] -- Using RMW implementation 'rmw_fastrtps_cpp' as default
[0.516s] -- Looking for pthread.h
[0.582s] -- Looking for pthread.h - found
[0.582s] -- Performing Test CMAKE_HAVE_LIBC_PTHREAD
[0.623s] -- Performing Test CMAKE_HAVE_LIBC_PTHREAD - Success
[0.623s] -- Found Threads: TRUE  
[0.656s] -- Found geometry_msgs: 4.8.0 (/opt/ros/humble/share/geometry_msgs/cmake)
[0.665s] -- Found sensor_msgs: 4.8.0 (/opt/ros/humble/share/sensor_msgs/cmake)
[0.676s] -- Found tf2_ros: 0.25.12 (/opt/ros/humble/share/tf2_ros/cmake)
[0.742s] -- Found urdf: 2.6.1 (/opt/ros/humble/share/urdf/cmake)
[0.762s] -- Found kdl_parser: 2.6.4 (/opt/ros/humble/share/kdl_parser/cmake)
[0.770s] -- Found eigen3_cmake_module: 0.1.1 (/opt/ros/humble/share/eigen3_cmake_module/cmake)
[0.771s] -- Found Eigen3: TRUE (found version "3.4.0") 
[0.771s] -- Ensuring Eigen3 include directory is part of orocos-kdl CMake target
[0.773s] -- Found rclcpp_lifecycle: 16.0.12 (/opt/ros/humble/share/rclcpp_lifecycle/cmake)
[0.827s] -- Configuring done
[0.837s] -- Generating done
[0.841s] -- Build files have been written to: /mnt/ros_ws/build/thruster_manager
[0.846s] Invoked command in '/mnt/ros_ws/build/thruster_manager' returned '0': CMAKE_PREFIX_PATH=${CMAKE_PREFIX_PATH}:/mnt/ros_ws/install/rov_control_tools:/opt/ros/humble /usr/bin/cmake /mnt/ros_ws/src/thruster_manager -DCMAKE_INSTALL_PREFIX=/mnt/ros_ws/install/thruster_manager
[0.847s] Invoking command in '/mnt/ros_ws/build/thruster_manager': CMAKE_PREFIX_PATH=${CMAKE_PREFIX_PATH}:/mnt/ros_ws/install/rov_control_tools:/opt/ros/humble /usr/bin/cmake --build /mnt/ros_ws/build/thruster_manager -- -j20 -l20
[0.897s] [ 14%] [32mBuilding CXX object CMakeFiles/thruster_manager.dir/src/thruster_manager.cpp.o[0m
[0.899s] [ 28%] [32mBuilding CXX object CMakeFiles/thruster_manager.dir/src/thruster_manager_node.cpp.o[0m
[0.900s] [ 42%] [32mBuilding CXX object CMakeFiles/thruster_manager_node.dir/rclcpp_components/node_main_thruster_manager_node.cpp.o[0m
[2.347s] [ 57%] [32m[1mLinking CXX executable thruster_manager_node[0m
[2.416s] [ 57%] Built target thruster_manager_node
[7.849s] [ 71%] [32m[1mLinking CXX shared library libthruster_manager.so[0m
[8.471s] [ 71%] Built target thruster_manager
[8.482s] [ 85%] [32mBuilding CXX object CMakeFiles/publish_wrenches.dir/src/publish_wrenches.cpp.o[0m
[14.865s] [100%] [32m[1mLinking CXX executable publish_wrenches[0m
[15.373s] [100%] Built target publish_wrenches
[15.380s] Invoked command in '/mnt/ros_ws/build/thruster_manager' returned '0': CMAKE_PREFIX_PATH=${CMAKE_PREFIX_PATH}:/mnt/ros_ws/install/rov_control_tools:/opt/ros/humble /usr/bin/cmake --build /mnt/ros_ws/build/thruster_manager -- -j20 -l20
[15.381s] Invoking command in '/mnt/ros_ws/build/thruster_manager': CMAKE_PREFIX_PATH=${CMAKE_PREFIX_PATH}:/mnt/ros_ws/install/rov_control_tools:/opt/ros/humble /usr/bin/cmake --install /mnt/ros_ws/build/thruster_manager
[15.385s] -- Install configuration: ""
[15.385s] -- Installing: /mnt/ros_ws/install/thruster_manager/lib/thruster_manager/thruster_manager_node
[15.385s] -- Set runtime path of "/mnt/ros_ws/install/thruster_manager/lib/thruster_manager/thruster_manager_node" to ""
[15.385s] -- Installing: /mnt/ros_ws/install/thruster_manager/lib/libthruster_manager.so
[15.395s] -- Set runtime path of "/mnt/ros_ws/install/thruster_manager/lib/libthruster_manager.so" to ""
[15.395s] -- Installing: /mnt/ros_ws/install/thruster_manager/lib/thruster_manager/publish_wrenches
[15.398s] -- Set runtime path of "/mnt/ros_ws/install/thruster_manager/lib/thruster_manager/publish_wrenches" to ""
[15.398s] -- Installing: /mnt/ros_ws/install/thruster_manager/include
[15.399s] -- Installing: /mnt/ros_ws/install/thruster_manager/include/thruster_manager
[15.399s] -- Installing: /mnt/ros_ws/install/thruster_manager/include/thruster_manager/thruster_manager_node.h
[15.399s] -- Installing: /mnt/ros_ws/install/thruster_manager/include/thruster_manager/thruster_link.h
[15.399s] -- Installing: /mnt/ros_ws/install/thruster_manager/include/thruster_manager/thruster_manager.h
[15.399s] -- Installing: /mnt/ros_ws/install/thruster_manager/include/thruster_manager/model_parser.h
[15.399s] -- Up-to-date: /mnt/ros_ws/install/thruster_manager/include/thruster_manager
[15.399s] -- Installing: /mnt/ros_ws/install/thruster_manager/include/thruster_manager/thruster_manager
[15.399s] -- Installing: /mnt/ros_ws/install/thruster_manager/include/thruster_manager/thruster_manager/thruster_manager_node.h
[15.399s] -- Installing: /mnt/ros_ws/install/thruster_manager/include/thruster_manager/thruster_manager/thruster_link.h
[15.399s] -- Installing: /mnt/ros_ws/install/thruster_manager/include/thruster_manager/thruster_manager/thruster_manager.h
[15.399s] -- Installing: /mnt/ros_ws/install/thruster_manager/include/thruster_manager/thruster_manager/model_parser.h
[15.399s] -- Installing: /mnt/ros_ws/install/thruster_manager/share/thruster_manager/environment/library_path.sh
[15.399s] -- Installing: /mnt/ros_ws/install/thruster_manager/share/thruster_manager/environment/library_path.dsv
[15.399s] -- Installing: /mnt/ros_ws/install/thruster_manager/share/ament_index/resource_index/package_run_dependencies/thruster_manager
[15.399s] -- Installing: /mnt/ros_ws/install/thruster_manager/share/ament_index/resource_index/parent_prefix_path/thruster_manager
[15.400s] -- Installing: /mnt/ros_ws/install/thruster_manager/share/thruster_manager/environment/ament_prefix_path.sh
[15.400s] -- Installing: /mnt/ros_ws/install/thruster_manager/share/thruster_manager/environment/ament_prefix_path.dsv
[15.400s] -- Installing: /mnt/ros_ws/install/thruster_manager/share/thruster_manager/environment/path.sh
[15.400s] -- Installing: /mnt/ros_ws/install/thruster_manager/share/thruster_manager/environment/path.dsv
[15.400s] -- Installing: /mnt/ros_ws/install/thruster_manager/share/thruster_manager/local_setup.bash
[15.400s] -- Installing: /mnt/ros_ws/install/thruster_manager/share/thruster_manager/local_setup.sh
[15.400s] -- Installing: /mnt/ros_ws/install/thruster_manager/share/thruster_manager/local_setup.zsh
[15.400s] -- Installing: /mnt/ros_ws/install/thruster_manager/share/thruster_manager/local_setup.dsv
[15.400s] -- Installing: /mnt/ros_ws/install/thruster_manager/share/thruster_manager/package.dsv
[15.400s] -- Installing: /mnt/ros_ws/install/thruster_manager/share/ament_index/resource_index/packages/thruster_manager
[15.400s] -- Installing: /mnt/ros_ws/install/thruster_manager/share/ament_index/resource_index/rclcpp_components/thruster_manager
[15.400s] -- Installing: /mnt/ros_ws/install/thruster_manager/share/thruster_manager/cmake/ament_cmake_export_libraries-extras.cmake
[15.400s] -- Installing: /mnt/ros_ws/install/thruster_manager/share/thruster_manager/cmake/ament_cmake_export_include_directories-extras.cmake
[15.400s] -- Installing: /mnt/ros_ws/install/thruster_manager/share/thruster_manager/cmake/ament_cmake_export_dependencies-extras.cmake
[15.400s] -- Installing: /mnt/ros_ws/install/thruster_manager/share/thruster_manager/cmake/thruster_managerConfig.cmake
[15.400s] -- Installing: /mnt/ros_ws/install/thruster_manager/share/thruster_manager/cmake/thruster_managerConfig-version.cmake
[15.400s] -- Installing: /mnt/ros_ws/install/thruster_manager/share/thruster_manager/package.xml
[15.401s] Invoked command in '/mnt/ros_ws/build/thruster_manager' returned '0': CMAKE_PREFIX_PATH=${CMAKE_PREFIX_PATH}:/mnt/ros_ws/install/rov_control_tools:/opt/ros/humble /usr/bin/cmake --install /mnt/ros_ws/build/thruster_manager
