/mnt/ros_ws/install/rov_control_tools/lib/python3.10/site-packages/rov_control_tools/cmd_publisher_start.py
/mnt/ros_ws/install/rov_control_tools/lib/python3.10/site-packages/rov_control_tools/cmd_publisher_circle.py
/mnt/ros_ws/install/rov_control_tools/lib/python3.10/site-packages/rov_control_tools/data_logger.py
/mnt/ros_ws/install/rov_control_tools/lib/python3.10/site-packages/rov_control_tools/cmd_publisher_point.py
/mnt/ros_ws/install/rov_control_tools/lib/python3.10/site-packages/rov_control_tools/__init__.py
/mnt/ros_ws/install/rov_control_tools/lib/python3.10/site-packages/rov_control_tools/__pycache__/cmd_publisher_start.cpython-310.pyc
/mnt/ros_ws/install/rov_control_tools/lib/python3.10/site-packages/rov_control_tools/__pycache__/cmd_publisher_circle.cpython-310.pyc
/mnt/ros_ws/install/rov_control_tools/lib/python3.10/site-packages/rov_control_tools/__pycache__/data_logger.cpython-310.pyc
/mnt/ros_ws/install/rov_control_tools/lib/python3.10/site-packages/rov_control_tools/__pycache__/cmd_publisher_point.cpython-310.pyc
/mnt/ros_ws/install/rov_control_tools/lib/python3.10/site-packages/rov_control_tools/__pycache__/__init__.cpython-310.pyc
/mnt/ros_ws/install/rov_control_tools/share/ament_index/resource_index/packages/rov_control_tools
/mnt/ros_ws/install/rov_control_tools/share/rov_control_tools/package.xml
/mnt/ros_ws/install/rov_control_tools/share/rov_control_tools/launch/cmd_record_launch.py
/mnt/ros_ws/install/rov_control_tools/lib/python3.10/site-packages/rov_control_tools-0.0.0-py3.10.egg-info/SOURCES.txt
/mnt/ros_ws/install/rov_control_tools/lib/python3.10/site-packages/rov_control_tools-0.0.0-py3.10.egg-info/dependency_links.txt
/mnt/ros_ws/install/rov_control_tools/lib/python3.10/site-packages/rov_control_tools-0.0.0-py3.10.egg-info/top_level.txt
/mnt/ros_ws/install/rov_control_tools/lib/python3.10/site-packages/rov_control_tools-0.0.0-py3.10.egg-info/requires.txt
/mnt/ros_ws/install/rov_control_tools/lib/python3.10/site-packages/rov_control_tools-0.0.0-py3.10.egg-info/entry_points.txt
/mnt/ros_ws/install/rov_control_tools/lib/python3.10/site-packages/rov_control_tools-0.0.0-py3.10.egg-info/zip-safe
/mnt/ros_ws/install/rov_control_tools/lib/python3.10/site-packages/rov_control_tools-0.0.0-py3.10.egg-info/PKG-INFO
/mnt/ros_ws/install/rov_control_tools/lib/rov_control_tools/cmd_publisher_circle
/mnt/ros_ws/install/rov_control_tools/lib/rov_control_tools/cmd_publisher_point
/mnt/ros_ws/install/rov_control_tools/lib/rov_control_tools/cmd_publisher_start
/mnt/ros_ws/install/rov_control_tools/lib/rov_control_tools/data_logger
