[0.007s] Invoking command in '/mnt/ros_ws/build/bluerov2_control': CMAKE_PREFIX_PATH=/mnt/ros_ws/install/auv_control:/mnt/ros_ws/install/thruster_manager:/mnt/ros_ws/install/bluerov2_control:/mnt/ros_ws/install/simple_launch:/mnt/ros_ws/install/pose_to_tf:/mnt/ros_ws/install/bluerov2_description:/mnt/ros_ws/install/rov_control_tools:/opt/ros/humble /usr/bin/cmake /mnt/ros_ws/src/bluerov2_control -DCMAKE_INSTALL_PREFIX=/mnt/ros_ws/install/bluerov2_control
[0.080s] -- The C compiler identification is GNU 11.4.0
[0.147s] -- The CXX compiler identification is GNU 11.4.0
[0.151s] -- Detecting C compiler ABI info
[0.227s] -- Detecting C compiler ABI info - done
[0.232s] -- Check for working C compiler: /usr/bin/cc - skipped
[0.232s] -- Detecting C compile features
[0.232s] -- Detecting C compile features - done
[0.234s] -- Detecting CXX compiler ABI info
[0.290s] -- Detecting CXX compiler ABI info - done
[0.294s] -- Check for working CXX compiler: /usr/bin/c++ - skipped
[0.294s] -- Detecting CXX compile features
[0.294s] -- Detecting CXX compile features - done
[0.297s] -- Found ament_cmake: 1.3.11 (/opt/ros/humble/share/ament_cmake/cmake)
[0.378s] -- Found Python3: /usr/bin/python3 (found version "3.10.12") found components: Interpreter 
[0.462s] -- Configuring done
[0.463s] -- Generating done
[0.463s] -- Build files have been written to: /mnt/ros_ws/build/bluerov2_control
[0.465s] Invoked command in '/mnt/ros_ws/build/bluerov2_control' returned '0': CMAKE_PREFIX_PATH=/mnt/ros_ws/install/auv_control:/mnt/ros_ws/install/thruster_manager:/mnt/ros_ws/install/bluerov2_control:/mnt/ros_ws/install/simple_launch:/mnt/ros_ws/install/pose_to_tf:/mnt/ros_ws/install/bluerov2_description:/mnt/ros_ws/install/rov_control_tools:/opt/ros/humble /usr/bin/cmake /mnt/ros_ws/src/bluerov2_control -DCMAKE_INSTALL_PREFIX=/mnt/ros_ws/install/bluerov2_control
[0.466s] Invoking command in '/mnt/ros_ws/build/bluerov2_control': CMAKE_PREFIX_PATH=/mnt/ros_ws/install/auv_control:/mnt/ros_ws/install/thruster_manager:/mnt/ros_ws/install/bluerov2_control:/mnt/ros_ws/install/simple_launch:/mnt/ros_ws/install/pose_to_tf:/mnt/ros_ws/install/bluerov2_description:/mnt/ros_ws/install/rov_control_tools:/opt/ros/humble /usr/bin/cmake --build /mnt/ros_ws/build/bluerov2_control -- -j20 -l20
[0.485s] Invoked command in '/mnt/ros_ws/build/bluerov2_control' returned '0': CMAKE_PREFIX_PATH=/mnt/ros_ws/install/auv_control:/mnt/ros_ws/install/thruster_manager:/mnt/ros_ws/install/bluerov2_control:/mnt/ros_ws/install/simple_launch:/mnt/ros_ws/install/pose_to_tf:/mnt/ros_ws/install/bluerov2_description:/mnt/ros_ws/install/rov_control_tools:/opt/ros/humble /usr/bin/cmake --build /mnt/ros_ws/build/bluerov2_control -- -j20 -l20
[0.486s] Invoking command in '/mnt/ros_ws/build/bluerov2_control': CMAKE_PREFIX_PATH=/mnt/ros_ws/install/auv_control:/mnt/ros_ws/install/thruster_manager:/mnt/ros_ws/install/bluerov2_control:/mnt/ros_ws/install/simple_launch:/mnt/ros_ws/install/pose_to_tf:/mnt/ros_ws/install/bluerov2_description:/mnt/ros_ws/install/rov_control_tools:/opt/ros/humble /usr/bin/cmake --install /mnt/ros_ws/build/bluerov2_control
[0.493s] -- Install configuration: ""
[0.493s] -- Installing: /mnt/ros_ws/install/bluerov2_control/share/bluerov2_control/launch
[0.493s] -- Installing: /mnt/ros_ws/install/bluerov2_control/share/bluerov2_control/launch/wrench_launch.py
[0.493s] -- Installing: /mnt/ros_ws/install/bluerov2_control/share/bluerov2_control/launch/cascaded_pids_launch.py
[0.493s] -- Installing: /mnt/ros_ws/install/bluerov2_control/share/bluerov2_control/launch/sliding_mode_launch.py
[0.493s] -- Installing: /mnt/ros_ws/install/bluerov2_control/share/bluerov2_control/launch/rviz_launch.py
[0.493s] -- Installing: /mnt/ros_ws/install/bluerov2_control/share/bluerov2_control/config
[0.493s] -- Installing: /mnt/ros_ws/install/bluerov2_control/share/bluerov2_control/config/manual.yaml
[0.494s] -- Installing: /mnt/ros_ws/install/bluerov2_control/share/bluerov2_control/config/sliding_mode.yaml
[0.494s] -- Installing: /mnt/ros_ws/install/bluerov2_control/share/bluerov2_control/config/bluerov2.rviz
[0.494s] -- Installing: /mnt/ros_ws/install/bluerov2_control/share/bluerov2_control/config/anchors.yaml
[0.494s] -- Installing: /mnt/ros_ws/install/bluerov2_control/share/bluerov2_control/config/thruster_manager.yaml
[0.494s] -- Installing: /mnt/ros_ws/install/bluerov2_control/share/bluerov2_control/config/cascaded_pid.yaml
[0.494s] -- Installing: /mnt/ros_ws/install/bluerov2_control/share/bluerov2_control/config/tilt.yaml
[0.494s] -- Installing: /mnt/ros_ws/install/bluerov2_control/share/ament_index/resource_index/package_run_dependencies/bluerov2_control
[0.494s] -- Installing: /mnt/ros_ws/install/bluerov2_control/share/ament_index/resource_index/parent_prefix_path/bluerov2_control
[0.494s] -- Installing: /mnt/ros_ws/install/bluerov2_control/share/bluerov2_control/environment/ament_prefix_path.sh
[0.495s] -- Installing: /mnt/ros_ws/install/bluerov2_control/share/bluerov2_control/environment/ament_prefix_path.dsv
[0.495s] -- Installing: /mnt/ros_ws/install/bluerov2_control/share/bluerov2_control/environment/path.sh
[0.495s] -- Installing: /mnt/ros_ws/install/bluerov2_control/share/bluerov2_control/environment/path.dsv
[0.495s] -- Installing: /mnt/ros_ws/install/bluerov2_control/share/bluerov2_control/local_setup.bash
[0.495s] -- Installing: /mnt/ros_ws/install/bluerov2_control/share/bluerov2_control/local_setup.sh
[0.495s] -- Installing: /mnt/ros_ws/install/bluerov2_control/share/bluerov2_control/local_setup.zsh
[0.495s] -- Installing: /mnt/ros_ws/install/bluerov2_control/share/bluerov2_control/local_setup.dsv
[0.495s] -- Installing: /mnt/ros_ws/install/bluerov2_control/share/bluerov2_control/package.dsv
[0.496s] -- Installing: /mnt/ros_ws/install/bluerov2_control/share/ament_index/resource_index/packages/bluerov2_control
[0.496s] -- Installing: /mnt/ros_ws/install/bluerov2_control/share/bluerov2_control/cmake/bluerov2_controlConfig.cmake
[0.496s] -- Installing: /mnt/ros_ws/install/bluerov2_control/share/bluerov2_control/cmake/bluerov2_controlConfig-version.cmake
[0.496s] -- Installing: /mnt/ros_ws/install/bluerov2_control/share/bluerov2_control/package.xml
[0.498s] Invoked command in '/mnt/ros_ws/build/bluerov2_control' returned '0': CMAKE_PREFIX_PATH=/mnt/ros_ws/install/auv_control:/mnt/ros_ws/install/thruster_manager:/mnt/ros_ws/install/bluerov2_control:/mnt/ros_ws/install/simple_launch:/mnt/ros_ws/install/pose_to_tf:/mnt/ros_ws/install/bluerov2_description:/mnt/ros_ws/install/rov_control_tools:/opt/ros/humble /usr/bin/cmake --install /mnt/ros_ws/build/bluerov2_control
