[0.010s] Invoking command in '/mnt/ros_ws/build/pose_to_tf': CMAKE_PREFIX_PATH=${CMAKE_PREFIX_PATH}:/mnt/ros_ws/install/rov_control_tools:/opt/ros/humble /usr/bin/cmake /mnt/ros_ws/src/pose_to_tf -DCMAKE_INSTALL_PREFIX=/mnt/ros_ws/install/pose_to_tf
[0.115s] -- The C compiler identification is GNU 11.4.0
[0.115s] -- The CXX compiler identification is GNU 11.4.0
[0.115s] -- Detecting C compiler ABI info
[0.122s] -- Detecting C compiler ABI info - done
[0.128s] -- Check for working C compiler: /usr/bin/cc - skipped
[0.132s] -- Detecting C compile features
[0.132s] -- Detecting C compile features - done
[0.132s] -- Detecting CXX compiler ABI info
[0.179s] -- Detecting CXX compiler ABI info - done
[0.185s] -- Check for working CXX compiler: /usr/bin/c++ - skipped
[0.186s] -- Detecting CXX compile features
[0.186s] -- Detecting CXX compile features - done
[0.189s] -- Found ament_cmake_auto: 1.3.11 (/opt/ros/humble/share/ament_cmake_auto/cmake)
[0.275s] -- Found Python3: /usr/bin/python3 (found version "3.10.12") found components: Interpreter 
[0.392s] -- Found rosidl_generator_c: 3.1.6 (/opt/ros/humble/share/rosidl_generator_c/cmake)
[0.394s] -- Found rosidl_adapter: 3.1.6 (/opt/ros/humble/share/rosidl_adapter/cmake)
[0.399s] -- Found rosidl_generator_cpp: 3.1.6 (/opt/ros/humble/share/rosidl_generator_cpp/cmake)
[0.406s] -- Using all available rosidl_typesupport_c: rosidl_typesupport_fastrtps_c;rosidl_typesupport_introspection_c
[0.414s] -- Using all available rosidl_typesupport_cpp: rosidl_typesupport_fastrtps_cpp;rosidl_typesupport_introspection_cpp
[0.438s] -- Found rmw_implementation_cmake: 6.1.2 (/opt/ros/humble/share/rmw_implementation_cmake/cmake)
[0.439s] -- Found rmw_fastrtps_cpp: 6.2.7 (/opt/ros/humble/share/rmw_fastrtps_cpp/cmake)
[0.491s] -- Found OpenSSL: /usr/lib/x86_64-linux-gnu/libcrypto.so (found version "3.0.2")  
[0.507s] -- Found FastRTPS: /opt/ros/humble/include  
[0.534s] -- Using RMW implementation 'rmw_fastrtps_cpp' as default
[0.540s] -- Looking for pthread.h
[0.591s] -- Looking for pthread.h - found
[0.591s] -- Performing Test CMAKE_HAVE_LIBC_PTHREAD
[0.682s] -- Performing Test CMAKE_HAVE_LIBC_PTHREAD - Success
[0.684s] -- Found Threads: TRUE  
[0.802s] -- Configuring done
[0.809s] -- Generating done
[0.811s] -- Build files have been written to: /mnt/ros_ws/build/pose_to_tf
[0.816s] Invoked command in '/mnt/ros_ws/build/pose_to_tf' returned '0': CMAKE_PREFIX_PATH=${CMAKE_PREFIX_PATH}:/mnt/ros_ws/install/rov_control_tools:/opt/ros/humble /usr/bin/cmake /mnt/ros_ws/src/pose_to_tf -DCMAKE_INSTALL_PREFIX=/mnt/ros_ws/install/pose_to_tf
[0.817s] Invoking command in '/mnt/ros_ws/build/pose_to_tf': CMAKE_PREFIX_PATH=${CMAKE_PREFIX_PATH}:/mnt/ros_ws/install/rov_control_tools:/opt/ros/humble /usr/bin/cmake --build /mnt/ros_ws/build/pose_to_tf -- -j20 -l20
[0.855s] [ 25%] [32mBuilding CXX object CMakeFiles/pose_with_covariance.dir/src/pose_with_covariance.cpp.o[0m
[0.855s] [ 50%] [32mBuilding CXX object CMakeFiles/pose_to_tf.dir/src/pose_to_tf.cpp.o[0m
[10.211s] [ 75%] [32m[1mLinking CXX executable pose_to_tf[0m
[10.283s] [100%] [32m[1mLinking CXX executable pose_with_covariance[0m
[10.833s] [100%] Built target pose_to_tf
[10.906s] [100%] Built target pose_with_covariance
[10.913s] Invoked command in '/mnt/ros_ws/build/pose_to_tf' returned '0': CMAKE_PREFIX_PATH=${CMAKE_PREFIX_PATH}:/mnt/ros_ws/install/rov_control_tools:/opt/ros/humble /usr/bin/cmake --build /mnt/ros_ws/build/pose_to_tf -- -j20 -l20
[10.914s] Invoking command in '/mnt/ros_ws/build/pose_to_tf': CMAKE_PREFIX_PATH=${CMAKE_PREFIX_PATH}:/mnt/ros_ws/install/rov_control_tools:/opt/ros/humble /usr/bin/cmake --install /mnt/ros_ws/build/pose_to_tf
[10.918s] -- Install configuration: ""
[10.918s] -- Installing: /mnt/ros_ws/install/pose_to_tf/share/pose_to_tf/params
[10.918s] -- Installing: /mnt/ros_ws/install/pose_to_tf/share/pose_to_tf/params/ekf.yaml
[10.918s] -- Installing: /mnt/ros_ws/install/pose_to_tf/lib/pose_to_tf/pose_to_tf
[10.924s] -- Set runtime path of "/mnt/ros_ws/install/pose_to_tf/lib/pose_to_tf/pose_to_tf" to ""
[10.924s] -- Installing: /mnt/ros_ws/install/pose_to_tf/lib/pose_to_tf/pose_with_covariance
[10.930s] -- Set runtime path of "/mnt/ros_ws/install/pose_to_tf/lib/pose_to_tf/pose_with_covariance" to ""
[10.930s] -- Installing: /mnt/ros_ws/install/pose_to_tf/share/ament_index/resource_index/package_run_dependencies/pose_to_tf
[10.930s] -- Installing: /mnt/ros_ws/install/pose_to_tf/share/ament_index/resource_index/parent_prefix_path/pose_to_tf
[10.930s] -- Installing: /mnt/ros_ws/install/pose_to_tf/share/pose_to_tf/environment/ament_prefix_path.sh
[10.930s] -- Installing: /mnt/ros_ws/install/pose_to_tf/share/pose_to_tf/environment/ament_prefix_path.dsv
[10.930s] -- Installing: /mnt/ros_ws/install/pose_to_tf/share/pose_to_tf/environment/path.sh
[10.930s] -- Installing: /mnt/ros_ws/install/pose_to_tf/share/pose_to_tf/environment/path.dsv
[10.930s] -- Installing: /mnt/ros_ws/install/pose_to_tf/share/pose_to_tf/local_setup.bash
[10.930s] -- Installing: /mnt/ros_ws/install/pose_to_tf/share/pose_to_tf/local_setup.sh
[10.930s] -- Installing: /mnt/ros_ws/install/pose_to_tf/share/pose_to_tf/local_setup.zsh
[10.930s] -- Installing: /mnt/ros_ws/install/pose_to_tf/share/pose_to_tf/local_setup.dsv
[10.930s] -- Installing: /mnt/ros_ws/install/pose_to_tf/share/pose_to_tf/package.dsv
[10.931s] -- Installing: /mnt/ros_ws/install/pose_to_tf/share/ament_index/resource_index/packages/pose_to_tf
[10.931s] -- Installing: /mnt/ros_ws/install/pose_to_tf/share/pose_to_tf/cmake/ament_cmake_export_dependencies-extras.cmake
[10.931s] -- Installing: /mnt/ros_ws/install/pose_to_tf/share/pose_to_tf/cmake/pose_to_tfConfig.cmake
[10.931s] -- Installing: /mnt/ros_ws/install/pose_to_tf/share/pose_to_tf/cmake/pose_to_tfConfig-version.cmake
[10.931s] -- Installing: /mnt/ros_ws/install/pose_to_tf/share/pose_to_tf/package.xml
[10.932s] Invoked command in '/mnt/ros_ws/build/pose_to_tf' returned '0': CMAKE_PREFIX_PATH=${CMAKE_PREFIX_PATH}:/mnt/ros_ws/install/rov_control_tools:/opt/ros/humble /usr/bin/cmake --install /mnt/ros_ws/build/pose_to_tf
