[0.006s] Invoking command in '/mnt/ros_ws/build/pose_to_tf': CMAKE_PREFIX_PATH=${CMAKE_PREFIX_PATH}:/opt/ros/humble /usr/bin/cmake /mnt/ros_ws/src/pose_to_tf -DCMAKE_INSTALL_PREFIX=/mnt/ros_ws/install/pose_to_tf
[0.040s] -- The C compiler identification is GNU 11.4.0
[0.078s] -- The CXX compiler identification is GNU 11.4.0
[0.082s] -- Detecting C compiler ABI info
[0.129s] -- Detecting C compiler ABI info - done
[0.135s] -- Check for working C compiler: /usr/bin/cc - skipped
[0.135s] -- Detecting C compile features
[0.135s] -- Detecting C compile features - done
[0.137s] -- Detecting CXX compiler ABI info
[0.204s] -- Detecting CXX compiler ABI info - done
[0.213s] -- Check for working CXX compiler: /usr/bin/c++ - skipped
[0.214s] -- Detecting CXX compile features
[0.214s] -- Detecting CXX compile features - done
[0.218s] -- Found ament_cmake_auto: 1.3.11 (/opt/ros/humble/share/ament_cmake_auto/cmake)
[0.307s] -- Found Python3: /usr/bin/python3 (found version "3.10.12") found components: Interpreter 
[0.413s] -- Found rosidl_generator_c: 3.1.6 (/opt/ros/humble/share/rosidl_generator_c/cmake)
[0.415s] -- Found rosidl_adapter: 3.1.6 (/opt/ros/humble/share/rosidl_adapter/cmake)
[0.420s] -- Found rosidl_generator_cpp: 3.1.6 (/opt/ros/humble/share/rosidl_generator_cpp/cmake)
[0.426s] -- Using all available rosidl_typesupport_c: rosidl_typesupport_fastrtps_c;rosidl_typesupport_introspection_c
[0.434s] -- Using all available rosidl_typesupport_cpp: rosidl_typesupport_fastrtps_cpp;rosidl_typesupport_introspection_cpp
[0.456s] -- Found rmw_implementation_cmake: 6.1.2 (/opt/ros/humble/share/rmw_implementation_cmake/cmake)
[0.458s] -- Found rmw_fastrtps_cpp: 6.2.7 (/opt/ros/humble/share/rmw_fastrtps_cpp/cmake)
[0.519s] -- Found OpenSSL: /usr/lib/x86_64-linux-gnu/libcrypto.so (found version "3.0.2")  
[0.544s] -- Found FastRTPS: /opt/ros/humble/include  
[0.568s] -- Using RMW implementation 'rmw_fastrtps_cpp' as default
[0.572s] -- Looking for pthread.h
[0.629s] -- Looking for pthread.h - found
[0.629s] -- Performing Test CMAKE_HAVE_LIBC_PTHREAD
[0.689s] -- Performing Test CMAKE_HAVE_LIBC_PTHREAD - Success
[0.689s] -- Found Threads: TRUE  
[0.793s] -- Configuring done
[0.800s] -- Generating done
[0.803s] -- Build files have been written to: /mnt/ros_ws/build/pose_to_tf
[0.808s] Invoked command in '/mnt/ros_ws/build/pose_to_tf' returned '0': CMAKE_PREFIX_PATH=${CMAKE_PREFIX_PATH}:/opt/ros/humble /usr/bin/cmake /mnt/ros_ws/src/pose_to_tf -DCMAKE_INSTALL_PREFIX=/mnt/ros_ws/install/pose_to_tf
[0.809s] Invoking command in '/mnt/ros_ws/build/pose_to_tf': CMAKE_PREFIX_PATH=${CMAKE_PREFIX_PATH}:/opt/ros/humble /usr/bin/cmake --build /mnt/ros_ws/build/pose_to_tf -- -j20 -l20
[0.864s] [ 25%] [32mBuilding CXX object CMakeFiles/pose_to_tf.dir/src/pose_to_tf.cpp.o[0m
[0.864s] [ 50%] [32mBuilding CXX object CMakeFiles/pose_with_covariance.dir/src/pose_with_covariance.cpp.o[0m
[10.212s] [ 75%] [32m[1mLinking CXX executable pose_to_tf[0m
[10.331s] [100%] [32m[1mLinking CXX executable pose_with_covariance[0m
[10.855s] [100%] Built target pose_to_tf
[10.962s] [100%] Built target pose_with_covariance
[10.970s] Invoked command in '/mnt/ros_ws/build/pose_to_tf' returned '0': CMAKE_PREFIX_PATH=${CMAKE_PREFIX_PATH}:/opt/ros/humble /usr/bin/cmake --build /mnt/ros_ws/build/pose_to_tf -- -j20 -l20
[10.970s] Invoking command in '/mnt/ros_ws/build/pose_to_tf': CMAKE_PREFIX_PATH=${CMAKE_PREFIX_PATH}:/opt/ros/humble /usr/bin/cmake --install /mnt/ros_ws/build/pose_to_tf
[10.976s] -- Install configuration: ""
[10.976s] -- Installing: /mnt/ros_ws/install/pose_to_tf/share/pose_to_tf/params
[10.976s] -- Installing: /mnt/ros_ws/install/pose_to_tf/share/pose_to_tf/params/ekf.yaml
[10.977s] -- Installing: /mnt/ros_ws/install/pose_to_tf/lib/pose_to_tf/pose_to_tf
[10.983s] -- Set runtime path of "/mnt/ros_ws/install/pose_to_tf/lib/pose_to_tf/pose_to_tf" to ""
[10.983s] -- Installing: /mnt/ros_ws/install/pose_to_tf/lib/pose_to_tf/pose_with_covariance
[10.989s] -- Set runtime path of "/mnt/ros_ws/install/pose_to_tf/lib/pose_to_tf/pose_with_covariance" to ""
[10.990s] -- Installing: /mnt/ros_ws/install/pose_to_tf/share/ament_index/resource_index/package_run_dependencies/pose_to_tf
[10.990s] -- Installing: /mnt/ros_ws/install/pose_to_tf/share/ament_index/resource_index/parent_prefix_path/pose_to_tf
[10.990s] -- Installing: /mnt/ros_ws/install/pose_to_tf/share/pose_to_tf/environment/ament_prefix_path.sh
[10.990s] -- Installing: /mnt/ros_ws/install/pose_to_tf/share/pose_to_tf/environment/ament_prefix_path.dsv
[10.990s] -- Installing: /mnt/ros_ws/install/pose_to_tf/share/pose_to_tf/environment/path.sh
[10.990s] -- Installing: /mnt/ros_ws/install/pose_to_tf/share/pose_to_tf/environment/path.dsv
[10.990s] -- Installing: /mnt/ros_ws/install/pose_to_tf/share/pose_to_tf/local_setup.bash
[10.990s] -- Installing: /mnt/ros_ws/install/pose_to_tf/share/pose_to_tf/local_setup.sh
[10.990s] -- Installing: /mnt/ros_ws/install/pose_to_tf/share/pose_to_tf/local_setup.zsh
[10.990s] -- Installing: /mnt/ros_ws/install/pose_to_tf/share/pose_to_tf/local_setup.dsv
[10.990s] -- Installing: /mnt/ros_ws/install/pose_to_tf/share/pose_to_tf/package.dsv
[10.990s] -- Installing: /mnt/ros_ws/install/pose_to_tf/share/ament_index/resource_index/packages/pose_to_tf
[10.990s] -- Installing: /mnt/ros_ws/install/pose_to_tf/share/pose_to_tf/cmake/ament_cmake_export_dependencies-extras.cmake
[10.990s] -- Installing: /mnt/ros_ws/install/pose_to_tf/share/pose_to_tf/cmake/pose_to_tfConfig.cmake
[10.990s] -- Installing: /mnt/ros_ws/install/pose_to_tf/share/pose_to_tf/cmake/pose_to_tfConfig-version.cmake
[10.990s] -- Installing: /mnt/ros_ws/install/pose_to_tf/share/pose_to_tf/package.xml
[10.992s] Invoked command in '/mnt/ros_ws/build/pose_to_tf' returned '0': CMAKE_PREFIX_PATH=${CMAKE_PREFIX_PATH}:/opt/ros/humble /usr/bin/cmake --install /mnt/ros_ws/build/pose_to_tf
