[0.008s] Invoking command in '/mnt/ros_ws/build/pose_to_tf': CMAKE_PREFIX_PATH=${CMAKE_PREFIX_PATH}:/mnt/ros_ws/install/rov_control_tools:/opt/ros/humble /usr/bin/cmake /mnt/ros_ws/src/pose_to_tf -DCMAKE_INSTALL_PREFIX=/mnt/ros_ws/install/pose_to_tf
[0.038s] -- The C compiler identification is GNU 11.4.0
[0.069s] -- The CXX compiler identification is GNU 11.4.0
[0.073s] -- Detecting C compiler ABI info
[0.117s] -- Detecting C compiler ABI info - done
[0.120s] -- Check for working C compiler: /usr/bin/cc - skipped
[0.120s] -- Detecting C compile features
[0.120s] -- Detecting C compile features - done
[0.122s] -- Detecting CXX compiler ABI info
[0.166s] -- Detecting CXX compiler ABI info - done
[0.169s] -- Check for working CXX compiler: /usr/bin/c++ - skipped
[0.169s] -- Detecting CXX compile features
[0.170s] -- Detecting CXX compile features - done
[0.171s] -- Found ament_cmake_auto: 1.3.11 (/opt/ros/humble/share/ament_cmake_auto/cmake)
[0.259s] -- Found Python3: /usr/bin/python3 (found version "3.10.12") found components: Interpreter 
[0.363s] -- Found rosidl_generator_c: 3.1.6 (/opt/ros/humble/share/rosidl_generator_c/cmake)
[0.365s] -- Found rosidl_adapter: 3.1.6 (/opt/ros/humble/share/rosidl_adapter/cmake)
[0.370s] -- Found rosidl_generator_cpp: 3.1.6 (/opt/ros/humble/share/rosidl_generator_cpp/cmake)
[0.376s] -- Using all available rosidl_typesupport_c: rosidl_typesupport_fastrtps_c;rosidl_typesupport_introspection_c
[0.384s] -- Using all available rosidl_typesupport_cpp: rosidl_typesupport_fastrtps_cpp;rosidl_typesupport_introspection_cpp
[0.406s] -- Found rmw_implementation_cmake: 6.1.2 (/opt/ros/humble/share/rmw_implementation_cmake/cmake)
[0.408s] -- Found rmw_fastrtps_cpp: 6.2.7 (/opt/ros/humble/share/rmw_fastrtps_cpp/cmake)
[0.459s] -- Found OpenSSL: /usr/lib/x86_64-linux-gnu/libcrypto.so (found version "3.0.2")  
[0.476s] -- Found FastRTPS: /opt/ros/humble/include  
[0.502s] -- Using RMW implementation 'rmw_fastrtps_cpp' as default
[0.507s] -- Looking for pthread.h
[0.551s] -- Looking for pthread.h - found
[0.552s] -- Performing Test CMAKE_HAVE_LIBC_PTHREAD
[0.597s] -- Performing Test CMAKE_HAVE_LIBC_PTHREAD - Success
[0.598s] -- Found Threads: TRUE  
[0.699s] -- Configuring done
[0.706s] -- Generating done
[0.709s] -- Build files have been written to: /mnt/ros_ws/build/pose_to_tf
[0.713s] Invoked command in '/mnt/ros_ws/build/pose_to_tf' returned '0': CMAKE_PREFIX_PATH=${CMAKE_PREFIX_PATH}:/mnt/ros_ws/install/rov_control_tools:/opt/ros/humble /usr/bin/cmake /mnt/ros_ws/src/pose_to_tf -DCMAKE_INSTALL_PREFIX=/mnt/ros_ws/install/pose_to_tf
[0.714s] Invoking command in '/mnt/ros_ws/build/pose_to_tf': CMAKE_PREFIX_PATH=${CMAKE_PREFIX_PATH}:/mnt/ros_ws/install/rov_control_tools:/opt/ros/humble /usr/bin/cmake --build /mnt/ros_ws/build/pose_to_tf -- -j20 -l20
[0.746s] [ 50%] [32mBuilding CXX object CMakeFiles/pose_with_covariance.dir/src/pose_with_covariance.cpp.o[0m
[0.747s] [ 50%] [32mBuilding CXX object CMakeFiles/pose_to_tf.dir/src/pose_to_tf.cpp.o[0m
[10.487s] [ 75%] [32m[1mLinking CXX executable pose_to_tf[0m
[10.607s] [100%] [32m[1mLinking CXX executable pose_with_covariance[0m
[11.150s] [100%] Built target pose_to_tf
[11.252s] [100%] Built target pose_with_covariance
[11.259s] Invoked command in '/mnt/ros_ws/build/pose_to_tf' returned '0': CMAKE_PREFIX_PATH=${CMAKE_PREFIX_PATH}:/mnt/ros_ws/install/rov_control_tools:/opt/ros/humble /usr/bin/cmake --build /mnt/ros_ws/build/pose_to_tf -- -j20 -l20
[11.260s] Invoking command in '/mnt/ros_ws/build/pose_to_tf': CMAKE_PREFIX_PATH=${CMAKE_PREFIX_PATH}:/mnt/ros_ws/install/rov_control_tools:/opt/ros/humble /usr/bin/cmake --install /mnt/ros_ws/build/pose_to_tf
[11.266s] -- Install configuration: ""
[11.266s] -- Installing: /mnt/ros_ws/install/pose_to_tf/share/pose_to_tf/params
[11.266s] -- Installing: /mnt/ros_ws/install/pose_to_tf/share/pose_to_tf/params/ekf.yaml
[11.266s] -- Installing: /mnt/ros_ws/install/pose_to_tf/lib/pose_to_tf/pose_to_tf
[11.278s] -- Set runtime path of "/mnt/ros_ws/install/pose_to_tf/lib/pose_to_tf/pose_to_tf" to ""
[11.278s] -- Installing: /mnt/ros_ws/install/pose_to_tf/lib/pose_to_tf/pose_with_covariance
[11.284s] -- Set runtime path of "/mnt/ros_ws/install/pose_to_tf/lib/pose_to_tf/pose_with_covariance" to ""
[11.284s] -- Installing: /mnt/ros_ws/install/pose_to_tf/share/ament_index/resource_index/package_run_dependencies/pose_to_tf
[11.284s] -- Installing: /mnt/ros_ws/install/pose_to_tf/share/ament_index/resource_index/parent_prefix_path/pose_to_tf
[11.284s] -- Installing: /mnt/ros_ws/install/pose_to_tf/share/pose_to_tf/environment/ament_prefix_path.sh
[11.284s] -- Installing: /mnt/ros_ws/install/pose_to_tf/share/pose_to_tf/environment/ament_prefix_path.dsv
[11.284s] -- Installing: /mnt/ros_ws/install/pose_to_tf/share/pose_to_tf/environment/path.sh
[11.284s] -- Installing: /mnt/ros_ws/install/pose_to_tf/share/pose_to_tf/environment/path.dsv
[11.284s] -- Installing: /mnt/ros_ws/install/pose_to_tf/share/pose_to_tf/local_setup.bash
[11.284s] -- Installing: /mnt/ros_ws/install/pose_to_tf/share/pose_to_tf/local_setup.sh
[11.284s] -- Installing: /mnt/ros_ws/install/pose_to_tf/share/pose_to_tf/local_setup.zsh
[11.284s] -- Installing: /mnt/ros_ws/install/pose_to_tf/share/pose_to_tf/local_setup.dsv
[11.284s] -- Installing: /mnt/ros_ws/install/pose_to_tf/share/pose_to_tf/package.dsv
[11.284s] -- Installing: /mnt/ros_ws/install/pose_to_tf/share/ament_index/resource_index/packages/pose_to_tf
[11.284s] -- Installing: /mnt/ros_ws/install/pose_to_tf/share/pose_to_tf/cmake/ament_cmake_export_dependencies-extras.cmake
[11.285s] -- Installing: /mnt/ros_ws/install/pose_to_tf/share/pose_to_tf/cmake/pose_to_tfConfig.cmake
[11.285s] -- Installing: /mnt/ros_ws/install/pose_to_tf/share/pose_to_tf/cmake/pose_to_tfConfig-version.cmake
[11.285s] -- Installing: /mnt/ros_ws/install/pose_to_tf/share/pose_to_tf/package.xml
[11.286s] Invoked command in '/mnt/ros_ws/build/pose_to_tf' returned '0': CMAKE_PREFIX_PATH=${CMAKE_PREFIX_PATH}:/mnt/ros_ws/install/rov_control_tools:/opt/ros/humble /usr/bin/cmake --install /mnt/ros_ws/build/pose_to_tf
