[0.052s] DEBUG:colcon:Command line arguments: ['/usr/bin/colcon', 'build']
[0.053s] DEBUG:colcon:Parsed command line arguments: Namespace(log_base=None, log_level=None, verb_name='build', build_base='build', install_base='install', merge_install=False, symlink_install=False, test_result_base=None, continue_on_error=False, executor='parallel', parallel_workers=20, event_handlers=None, ignore_user_meta=False, metas=['./colcon.meta'], base_paths=['.'], packages_ignore=None, packages_ignore_regex=None, paths=None, packages_up_to=None, packages_up_to_regex=None, packages_above=None, packages_above_and_dependencies=None, packages_above_depth=None, packages_select_by_dep=None, packages_skip_by_dep=None, packages_skip_up_to=None, packages_select_build_failed=False, packages_skip_build_finished=False, packages_select_test_failures=False, packages_skip_test_passed=False, packages_select=None, packages_skip=None, packages_select_regex=None, packages_skip_regex=None, packages_start=None, packages_end=None, cmake_args=None, cmake_target=None, cmake_target_skip_unavailable=False, cmake_clean_cache=False, cmake_clean_first=False, cmake_force_configure=False, ament_cmake_args=None, catkin_cmake_args=None, catkin_skip_building_tests=False, mixin_files=None, mixin=None, verb_parser=<colcon_mixin.mixin.mixin_argument.MixinArgumentDecorator object at 0x7d7043bdc2e0>, verb_extension=<colcon_core.verb.build.BuildVerb object at 0x7d7043babdc0>, main=<bound method BuildVerb.main of <colcon_core.verb.build.BuildVerb object at 0x7d7043babdc0>>, mixin_verb=('build',))
[0.116s] Level 1:colcon.colcon_core.package_discovery:discover_packages(colcon_meta) check parameters
[0.116s] Level 1:colcon.colcon_core.package_discovery:discover_packages(recursive) check parameters
[0.116s] Level 1:colcon.colcon_core.package_discovery:discover_packages(ignore) check parameters
[0.116s] Level 1:colcon.colcon_core.package_discovery:discover_packages(path) check parameters
[0.116s] Level 1:colcon.colcon_core.package_discovery:discover_packages(colcon_meta) discover
[0.116s] Level 1:colcon.colcon_core.package_discovery:discover_packages(recursive) discover
[0.116s] INFO:colcon.colcon_core.package_discovery:Crawling recursively for packages in '/mnt/ros_ws'
[0.116s] Level 1:colcon.colcon_core.package_identification:_identify(.) by extensions ['ignore', 'ignore_ament_install']
[0.116s] Level 1:colcon.colcon_core.package_identification:_identify(.) by extension 'ignore'
[0.116s] Level 1:colcon.colcon_core.package_identification:_identify(.) by extension 'ignore_ament_install'
[0.116s] Level 1:colcon.colcon_core.package_identification:_identify(.) by extensions ['colcon_pkg']
[0.116s] Level 1:colcon.colcon_core.package_identification:_identify(.) by extension 'colcon_pkg'
[0.116s] Level 1:colcon.colcon_core.package_identification:_identify(.) by extensions ['colcon_meta']
[0.116s] Level 1:colcon.colcon_core.package_identification:_identify(.) by extension 'colcon_meta'
[0.116s] Level 1:colcon.colcon_core.package_identification:_identify(.) by extensions ['ros']
[0.116s] Level 1:colcon.colcon_core.package_identification:_identify(.) by extension 'ros'
[0.122s] Level 1:colcon.colcon_core.package_identification:_identify(.) by extensions ['cmake', 'python']
[0.122s] Level 1:colcon.colcon_core.package_identification:_identify(.) by extension 'cmake'
[0.122s] Level 1:colcon.colcon_core.package_identification:_identify(.) by extension 'python'
[0.122s] Level 1:colcon.colcon_core.package_identification:_identify(.) by extensions ['python_setup_py']
[0.122s] Level 1:colcon.colcon_core.package_identification:_identify(.) by extension 'python_setup_py'
[0.122s] Level 1:colcon.colcon_core.package_identification:_identify(build) by extensions ['ignore', 'ignore_ament_install']
[0.122s] Level 1:colcon.colcon_core.package_identification:_identify(build) by extension 'ignore'
[0.122s] Level 1:colcon.colcon_core.package_identification:_identify(build) ignored
[0.122s] Level 1:colcon.colcon_core.package_identification:_identify(install) by extensions ['ignore', 'ignore_ament_install']
[0.122s] Level 1:colcon.colcon_core.package_identification:_identify(install) by extension 'ignore'
[0.122s] Level 1:colcon.colcon_core.package_identification:_identify(install) ignored
[0.122s] Level 1:colcon.colcon_core.package_identification:_identify(log) by extensions ['ignore', 'ignore_ament_install']
[0.123s] Level 1:colcon.colcon_core.package_identification:_identify(log) by extension 'ignore'
[0.123s] Level 1:colcon.colcon_core.package_identification:_identify(log) ignored
[0.123s] Level 1:colcon.colcon_core.package_identification:_identify(src) by extensions ['ignore', 'ignore_ament_install']
[0.123s] Level 1:colcon.colcon_core.package_identification:_identify(src) by extension 'ignore'
[0.123s] Level 1:colcon.colcon_core.package_identification:_identify(src) by extension 'ignore_ament_install'
[0.123s] Level 1:colcon.colcon_core.package_identification:_identify(src) by extensions ['colcon_pkg']
[0.123s] Level 1:colcon.colcon_core.package_identification:_identify(src) by extension 'colcon_pkg'
[0.123s] Level 1:colcon.colcon_core.package_identification:_identify(src) by extensions ['colcon_meta']
[0.123s] Level 1:colcon.colcon_core.package_identification:_identify(src) by extension 'colcon_meta'
[0.123s] Level 1:colcon.colcon_core.package_identification:_identify(src) by extensions ['ros']
[0.123s] Level 1:colcon.colcon_core.package_identification:_identify(src) by extension 'ros'
[0.123s] Level 1:colcon.colcon_core.package_identification:_identify(src) by extensions ['cmake', 'python']
[0.123s] Level 1:colcon.colcon_core.package_identification:_identify(src) by extension 'cmake'
[0.123s] Level 1:colcon.colcon_core.package_identification:_identify(src) by extension 'python'
[0.123s] Level 1:colcon.colcon_core.package_identification:_identify(src) by extensions ['python_setup_py']
[0.123s] Level 1:colcon.colcon_core.package_identification:_identify(src) by extension 'python_setup_py'
[0.123s] Level 1:colcon.colcon_core.package_identification:_identify(src/auv_control) by extensions ['ignore', 'ignore_ament_install']
[0.123s] Level 1:colcon.colcon_core.package_identification:_identify(src/auv_control) by extension 'ignore'
[0.123s] Level 1:colcon.colcon_core.package_identification:_identify(src/auv_control) by extension 'ignore_ament_install'
[0.123s] Level 1:colcon.colcon_core.package_identification:_identify(src/auv_control) by extensions ['colcon_pkg']
[0.123s] Level 1:colcon.colcon_core.package_identification:_identify(src/auv_control) by extension 'colcon_pkg'
[0.123s] Level 1:colcon.colcon_core.package_identification:_identify(src/auv_control) by extensions ['colcon_meta']
[0.123s] Level 1:colcon.colcon_core.package_identification:_identify(src/auv_control) by extension 'colcon_meta'
[0.123s] Level 1:colcon.colcon_core.package_identification:_identify(src/auv_control) by extensions ['ros']
[0.123s] Level 1:colcon.colcon_core.package_identification:_identify(src/auv_control) by extension 'ros'
[0.124s] DEBUG:colcon.colcon_core.package_identification:Package 'src/auv_control' with type 'ros.ament_cmake' and name 'auv_control'
[0.124s] Level 1:colcon.colcon_core.package_identification:_identify(src/bluerov2_control) by extensions ['ignore', 'ignore_ament_install']
[0.125s] Level 1:colcon.colcon_core.package_identification:_identify(src/bluerov2_control) by extension 'ignore'
[0.125s] Level 1:colcon.colcon_core.package_identification:_identify(src/bluerov2_control) by extension 'ignore_ament_install'
[0.125s] Level 1:colcon.colcon_core.package_identification:_identify(src/bluerov2_control) by extensions ['colcon_pkg']
[0.125s] Level 1:colcon.colcon_core.package_identification:_identify(src/bluerov2_control) by extension 'colcon_pkg'
[0.125s] Level 1:colcon.colcon_core.package_identification:_identify(src/bluerov2_control) by extensions ['colcon_meta']
[0.125s] Level 1:colcon.colcon_core.package_identification:_identify(src/bluerov2_control) by extension 'colcon_meta'
[0.125s] Level 1:colcon.colcon_core.package_identification:_identify(src/bluerov2_control) by extensions ['ros']
[0.125s] Level 1:colcon.colcon_core.package_identification:_identify(src/bluerov2_control) by extension 'ros'
[0.125s] DEBUG:colcon.colcon_core.package_identification:Package 'src/bluerov2_control' with type 'ros.ament_cmake' and name 'bluerov2_control'
[0.125s] Level 1:colcon.colcon_core.package_identification:_identify(src/bluerov2_description) by extensions ['ignore', 'ignore_ament_install']
[0.125s] Level 1:colcon.colcon_core.package_identification:_identify(src/bluerov2_description) by extension 'ignore'
[0.125s] Level 1:colcon.colcon_core.package_identification:_identify(src/bluerov2_description) by extension 'ignore_ament_install'
[0.125s] Level 1:colcon.colcon_core.package_identification:_identify(src/bluerov2_description) by extensions ['colcon_pkg']
[0.125s] Level 1:colcon.colcon_core.package_identification:_identify(src/bluerov2_description) by extension 'colcon_pkg'
[0.125s] Level 1:colcon.colcon_core.package_identification:_identify(src/bluerov2_description) by extensions ['colcon_meta']
[0.125s] Level 1:colcon.colcon_core.package_identification:_identify(src/bluerov2_description) by extension 'colcon_meta'
[0.125s] Level 1:colcon.colcon_core.package_identification:_identify(src/bluerov2_description) by extensions ['ros']
[0.125s] Level 1:colcon.colcon_core.package_identification:_identify(src/bluerov2_description) by extension 'ros'
[0.125s] DEBUG:colcon.colcon_core.package_identification:Package 'src/bluerov2_description' with type 'ros.ament_cmake' and name 'bluerov2_description'
[0.125s] Level 1:colcon.colcon_core.package_identification:_identify(src/pose_to_tf) by extensions ['ignore', 'ignore_ament_install']
[0.125s] Level 1:colcon.colcon_core.package_identification:_identify(src/pose_to_tf) by extension 'ignore'
[0.125s] Level 1:colcon.colcon_core.package_identification:_identify(src/pose_to_tf) by extension 'ignore_ament_install'
[0.125s] Level 1:colcon.colcon_core.package_identification:_identify(src/pose_to_tf) by extensions ['colcon_pkg']
[0.125s] Level 1:colcon.colcon_core.package_identification:_identify(src/pose_to_tf) by extension 'colcon_pkg'
[0.125s] Level 1:colcon.colcon_core.package_identification:_identify(src/pose_to_tf) by extensions ['colcon_meta']
[0.125s] Level 1:colcon.colcon_core.package_identification:_identify(src/pose_to_tf) by extension 'colcon_meta'
[0.125s] Level 1:colcon.colcon_core.package_identification:_identify(src/pose_to_tf) by extensions ['ros']
[0.125s] Level 1:colcon.colcon_core.package_identification:_identify(src/pose_to_tf) by extension 'ros'
[0.126s] DEBUG:colcon.colcon_core.package_identification:Package 'src/pose_to_tf' with type 'ros.ament_cmake' and name 'pose_to_tf'
[0.126s] Level 1:colcon.colcon_core.package_identification:_identify(src/rov_control_tools) by extensions ['ignore', 'ignore_ament_install']
[0.126s] Level 1:colcon.colcon_core.package_identification:_identify(src/rov_control_tools) by extension 'ignore'
[0.126s] Level 1:colcon.colcon_core.package_identification:_identify(src/rov_control_tools) by extension 'ignore_ament_install'
[0.126s] Level 1:colcon.colcon_core.package_identification:_identify(src/rov_control_tools) by extensions ['colcon_pkg']
[0.126s] Level 1:colcon.colcon_core.package_identification:_identify(src/rov_control_tools) by extension 'colcon_pkg'
[0.126s] Level 1:colcon.colcon_core.package_identification:_identify(src/rov_control_tools) by extensions ['colcon_meta']
[0.126s] Level 1:colcon.colcon_core.package_identification:_identify(src/rov_control_tools) by extension 'colcon_meta'
[0.126s] Level 1:colcon.colcon_core.package_identification:_identify(src/rov_control_tools) by extensions ['ros']
[0.126s] Level 1:colcon.colcon_core.package_identification:_identify(src/rov_control_tools) by extension 'ros'
[0.126s] DEBUG:colcon.colcon_core.package_identification:Package 'src/rov_control_tools' with type 'ros.ament_python' and name 'rov_control_tools'
[0.126s] Level 1:colcon.colcon_core.package_identification:_identify(src/simple_launch) by extensions ['ignore', 'ignore_ament_install']
[0.126s] Level 1:colcon.colcon_core.package_identification:_identify(src/simple_launch) by extension 'ignore'
[0.126s] Level 1:colcon.colcon_core.package_identification:_identify(src/simple_launch) by extension 'ignore_ament_install'
[0.126s] Level 1:colcon.colcon_core.package_identification:_identify(src/simple_launch) by extensions ['colcon_pkg']
[0.126s] Level 1:colcon.colcon_core.package_identification:_identify(src/simple_launch) by extension 'colcon_pkg'
[0.126s] Level 1:colcon.colcon_core.package_identification:_identify(src/simple_launch) by extensions ['colcon_meta']
[0.126s] Level 1:colcon.colcon_core.package_identification:_identify(src/simple_launch) by extension 'colcon_meta'
[0.126s] Level 1:colcon.colcon_core.package_identification:_identify(src/simple_launch) by extensions ['ros']
[0.126s] Level 1:colcon.colcon_core.package_identification:_identify(src/simple_launch) by extension 'ros'
[0.127s] DEBUG:colcon.colcon_core.package_identification:Package 'src/simple_launch' with type 'ros.ament_cmake' and name 'simple_launch'
[0.127s] Level 1:colcon.colcon_core.package_identification:_identify(src/thruster_manager) by extensions ['ignore', 'ignore_ament_install']
[0.127s] Level 1:colcon.colcon_core.package_identification:_identify(src/thruster_manager) by extension 'ignore'
[0.127s] Level 1:colcon.colcon_core.package_identification:_identify(src/thruster_manager) by extension 'ignore_ament_install'
[0.127s] Level 1:colcon.colcon_core.package_identification:_identify(src/thruster_manager) by extensions ['colcon_pkg']
[0.127s] Level 1:colcon.colcon_core.package_identification:_identify(src/thruster_manager) by extension 'colcon_pkg'
[0.127s] Level 1:colcon.colcon_core.package_identification:_identify(src/thruster_manager) by extensions ['colcon_meta']
[0.127s] Level 1:colcon.colcon_core.package_identification:_identify(src/thruster_manager) by extension 'colcon_meta'
[0.127s] Level 1:colcon.colcon_core.package_identification:_identify(src/thruster_manager) by extensions ['ros']
[0.127s] Level 1:colcon.colcon_core.package_identification:_identify(src/thruster_manager) by extension 'ros'
[0.127s] DEBUG:colcon.colcon_core.package_identification:Package 'src/thruster_manager' with type 'ros.ament_cmake' and name 'thruster_manager'
[0.127s] Level 1:colcon.colcon_core.package_discovery:discover_packages(recursive) using defaults
[0.127s] Level 1:colcon.colcon_core.package_discovery:discover_packages(ignore) discover
[0.127s] Level 1:colcon.colcon_core.package_discovery:discover_packages(ignore) using defaults
[0.127s] Level 1:colcon.colcon_core.package_discovery:discover_packages(path) discover
[0.127s] Level 1:colcon.colcon_core.package_discovery:discover_packages(path) using defaults
[0.138s] Level 5:colcon.colcon_core.verb:set package 'bluerov2_description' build argument 'cmake_args' from command line to 'None'
[0.138s] Level 5:colcon.colcon_core.verb:set package 'bluerov2_description' build argument 'cmake_target' from command line to 'None'
[0.138s] Level 5:colcon.colcon_core.verb:set package 'bluerov2_description' build argument 'cmake_target_skip_unavailable' from command line to 'False'
[0.138s] Level 5:colcon.colcon_core.verb:set package 'bluerov2_description' build argument 'cmake_clean_cache' from command line to 'False'
[0.138s] Level 5:colcon.colcon_core.verb:set package 'bluerov2_description' build argument 'cmake_clean_first' from command line to 'False'
[0.138s] Level 5:colcon.colcon_core.verb:set package 'bluerov2_description' build argument 'cmake_force_configure' from command line to 'False'
[0.138s] Level 5:colcon.colcon_core.verb:set package 'bluerov2_description' build argument 'ament_cmake_args' from command line to 'None'
[0.138s] Level 5:colcon.colcon_core.verb:set package 'bluerov2_description' build argument 'catkin_cmake_args' from command line to 'None'
[0.138s] Level 5:colcon.colcon_core.verb:set package 'bluerov2_description' build argument 'catkin_skip_building_tests' from command line to 'False'
[0.138s] DEBUG:colcon.colcon_core.verb:Building package 'bluerov2_description' with the following arguments: {'ament_cmake_args': None, 'build_base': '/mnt/ros_ws/build/bluerov2_description', 'catkin_cmake_args': None, 'catkin_skip_building_tests': False, 'cmake_args': None, 'cmake_clean_cache': False, 'cmake_clean_first': False, 'cmake_force_configure': False, 'cmake_target': None, 'cmake_target_skip_unavailable': False, 'install_base': '/mnt/ros_ws/install/bluerov2_description', 'merge_install': False, 'path': '/mnt/ros_ws/src/bluerov2_description', 'symlink_install': False, 'test_result_base': None}
[0.138s] Level 5:colcon.colcon_core.verb:set package 'pose_to_tf' build argument 'cmake_args' from command line to 'None'
[0.138s] Level 5:colcon.colcon_core.verb:set package 'pose_to_tf' build argument 'cmake_target' from command line to 'None'
[0.138s] Level 5:colcon.colcon_core.verb:set package 'pose_to_tf' build argument 'cmake_target_skip_unavailable' from command line to 'False'
[0.138s] Level 5:colcon.colcon_core.verb:set package 'pose_to_tf' build argument 'cmake_clean_cache' from command line to 'False'
[0.138s] Level 5:colcon.colcon_core.verb:set package 'pose_to_tf' build argument 'cmake_clean_first' from command line to 'False'
[0.138s] Level 5:colcon.colcon_core.verb:set package 'pose_to_tf' build argument 'cmake_force_configure' from command line to 'False'
[0.138s] Level 5:colcon.colcon_core.verb:set package 'pose_to_tf' build argument 'ament_cmake_args' from command line to 'None'
[0.138s] Level 5:colcon.colcon_core.verb:set package 'pose_to_tf' build argument 'catkin_cmake_args' from command line to 'None'
[0.138s] Level 5:colcon.colcon_core.verb:set package 'pose_to_tf' build argument 'catkin_skip_building_tests' from command line to 'False'
[0.138s] DEBUG:colcon.colcon_core.verb:Building package 'pose_to_tf' with the following arguments: {'ament_cmake_args': None, 'build_base': '/mnt/ros_ws/build/pose_to_tf', 'catkin_cmake_args': None, 'catkin_skip_building_tests': False, 'cmake_args': None, 'cmake_clean_cache': False, 'cmake_clean_first': False, 'cmake_force_configure': False, 'cmake_target': None, 'cmake_target_skip_unavailable': False, 'install_base': '/mnt/ros_ws/install/pose_to_tf', 'merge_install': False, 'path': '/mnt/ros_ws/src/pose_to_tf', 'symlink_install': False, 'test_result_base': None}
[0.138s] Level 5:colcon.colcon_core.verb:set package 'rov_control_tools' build argument 'cmake_args' from command line to 'None'
[0.138s] Level 5:colcon.colcon_core.verb:set package 'rov_control_tools' build argument 'cmake_target' from command line to 'None'
[0.138s] Level 5:colcon.colcon_core.verb:set package 'rov_control_tools' build argument 'cmake_target_skip_unavailable' from command line to 'False'
[0.138s] Level 5:colcon.colcon_core.verb:set package 'rov_control_tools' build argument 'cmake_clean_cache' from command line to 'False'
[0.138s] Level 5:colcon.colcon_core.verb:set package 'rov_control_tools' build argument 'cmake_clean_first' from command line to 'False'
[0.138s] Level 5:colcon.colcon_core.verb:set package 'rov_control_tools' build argument 'cmake_force_configure' from command line to 'False'
[0.138s] Level 5:colcon.colcon_core.verb:set package 'rov_control_tools' build argument 'ament_cmake_args' from command line to 'None'
[0.138s] Level 5:colcon.colcon_core.verb:set package 'rov_control_tools' build argument 'catkin_cmake_args' from command line to 'None'
[0.138s] Level 5:colcon.colcon_core.verb:set package 'rov_control_tools' build argument 'catkin_skip_building_tests' from command line to 'False'
[0.138s] DEBUG:colcon.colcon_core.verb:Building package 'rov_control_tools' with the following arguments: {'ament_cmake_args': None, 'build_base': '/mnt/ros_ws/build/rov_control_tools', 'catkin_cmake_args': None, 'catkin_skip_building_tests': False, 'cmake_args': None, 'cmake_clean_cache': False, 'cmake_clean_first': False, 'cmake_force_configure': False, 'cmake_target': None, 'cmake_target_skip_unavailable': False, 'install_base': '/mnt/ros_ws/install/rov_control_tools', 'merge_install': False, 'path': '/mnt/ros_ws/src/rov_control_tools', 'symlink_install': False, 'test_result_base': None}
[0.138s] Level 5:colcon.colcon_core.verb:set package 'simple_launch' build argument 'cmake_args' from command line to 'None'
[0.138s] Level 5:colcon.colcon_core.verb:set package 'simple_launch' build argument 'cmake_target' from command line to 'None'
[0.138s] Level 5:colcon.colcon_core.verb:set package 'simple_launch' build argument 'cmake_target_skip_unavailable' from command line to 'False'
[0.138s] Level 5:colcon.colcon_core.verb:set package 'simple_launch' build argument 'cmake_clean_cache' from command line to 'False'
[0.138s] Level 5:colcon.colcon_core.verb:set package 'simple_launch' build argument 'cmake_clean_first' from command line to 'False'
[0.138s] Level 5:colcon.colcon_core.verb:set package 'simple_launch' build argument 'cmake_force_configure' from command line to 'False'
[0.138s] Level 5:colcon.colcon_core.verb:set package 'simple_launch' build argument 'ament_cmake_args' from command line to 'None'
[0.138s] Level 5:colcon.colcon_core.verb:set package 'simple_launch' build argument 'catkin_cmake_args' from command line to 'None'
[0.138s] Level 5:colcon.colcon_core.verb:set package 'simple_launch' build argument 'catkin_skip_building_tests' from command line to 'False'
[0.138s] DEBUG:colcon.colcon_core.verb:Building package 'simple_launch' with the following arguments: {'ament_cmake_args': None, 'build_base': '/mnt/ros_ws/build/simple_launch', 'catkin_cmake_args': None, 'catkin_skip_building_tests': False, 'cmake_args': None, 'cmake_clean_cache': False, 'cmake_clean_first': False, 'cmake_force_configure': False, 'cmake_target': None, 'cmake_target_skip_unavailable': False, 'install_base': '/mnt/ros_ws/install/simple_launch', 'merge_install': False, 'path': '/mnt/ros_ws/src/simple_launch', 'symlink_install': False, 'test_result_base': None}
[0.139s] Level 5:colcon.colcon_core.verb:set package 'thruster_manager' build argument 'cmake_args' from command line to 'None'
[0.139s] Level 5:colcon.colcon_core.verb:set package 'thruster_manager' build argument 'cmake_target' from command line to 'None'
[0.139s] Level 5:colcon.colcon_core.verb:set package 'thruster_manager' build argument 'cmake_target_skip_unavailable' from command line to 'False'
[0.139s] Level 5:colcon.colcon_core.verb:set package 'thruster_manager' build argument 'cmake_clean_cache' from command line to 'False'
[0.139s] Level 5:colcon.colcon_core.verb:set package 'thruster_manager' build argument 'cmake_clean_first' from command line to 'False'
[0.139s] Level 5:colcon.colcon_core.verb:set package 'thruster_manager' build argument 'cmake_force_configure' from command line to 'False'
[0.139s] Level 5:colcon.colcon_core.verb:set package 'thruster_manager' build argument 'ament_cmake_args' from command line to 'None'
[0.139s] Level 5:colcon.colcon_core.verb:set package 'thruster_manager' build argument 'catkin_cmake_args' from command line to 'None'
[0.139s] Level 5:colcon.colcon_core.verb:set package 'thruster_manager' build argument 'catkin_skip_building_tests' from command line to 'False'
[0.139s] DEBUG:colcon.colcon_core.verb:Building package 'thruster_manager' with the following arguments: {'ament_cmake_args': None, 'build_base': '/mnt/ros_ws/build/thruster_manager', 'catkin_cmake_args': None, 'catkin_skip_building_tests': False, 'cmake_args': None, 'cmake_clean_cache': False, 'cmake_clean_first': False, 'cmake_force_configure': False, 'cmake_target': None, 'cmake_target_skip_unavailable': False, 'install_base': '/mnt/ros_ws/install/thruster_manager', 'merge_install': False, 'path': '/mnt/ros_ws/src/thruster_manager', 'symlink_install': False, 'test_result_base': None}
[0.139s] Level 5:colcon.colcon_core.verb:set package 'auv_control' build argument 'cmake_args' from command line to 'None'
[0.139s] Level 5:colcon.colcon_core.verb:set package 'auv_control' build argument 'cmake_target' from command line to 'None'
[0.139s] Level 5:colcon.colcon_core.verb:set package 'auv_control' build argument 'cmake_target_skip_unavailable' from command line to 'False'
[0.139s] Level 5:colcon.colcon_core.verb:set package 'auv_control' build argument 'cmake_clean_cache' from command line to 'False'
[0.139s] Level 5:colcon.colcon_core.verb:set package 'auv_control' build argument 'cmake_clean_first' from command line to 'False'
[0.139s] Level 5:colcon.colcon_core.verb:set package 'auv_control' build argument 'cmake_force_configure' from command line to 'False'
[0.139s] Level 5:colcon.colcon_core.verb:set package 'auv_control' build argument 'ament_cmake_args' from command line to 'None'
[0.139s] Level 5:colcon.colcon_core.verb:set package 'auv_control' build argument 'catkin_cmake_args' from command line to 'None'
[0.139s] Level 5:colcon.colcon_core.verb:set package 'auv_control' build argument 'catkin_skip_building_tests' from command line to 'False'
[0.139s] DEBUG:colcon.colcon_core.verb:Building package 'auv_control' with the following arguments: {'ament_cmake_args': None, 'build_base': '/mnt/ros_ws/build/auv_control', 'catkin_cmake_args': None, 'catkin_skip_building_tests': False, 'cmake_args': None, 'cmake_clean_cache': False, 'cmake_clean_first': False, 'cmake_force_configure': False, 'cmake_target': None, 'cmake_target_skip_unavailable': False, 'install_base': '/mnt/ros_ws/install/auv_control', 'merge_install': False, 'path': '/mnt/ros_ws/src/auv_control', 'symlink_install': False, 'test_result_base': None}
[0.139s] Level 5:colcon.colcon_core.verb:set package 'bluerov2_control' build argument 'cmake_args' from command line to 'None'
[0.139s] Level 5:colcon.colcon_core.verb:set package 'bluerov2_control' build argument 'cmake_target' from command line to 'None'
[0.139s] Level 5:colcon.colcon_core.verb:set package 'bluerov2_control' build argument 'cmake_target_skip_unavailable' from command line to 'False'
[0.139s] Level 5:colcon.colcon_core.verb:set package 'bluerov2_control' build argument 'cmake_clean_cache' from command line to 'False'
[0.139s] Level 5:colcon.colcon_core.verb:set package 'bluerov2_control' build argument 'cmake_clean_first' from command line to 'False'
[0.139s] Level 5:colcon.colcon_core.verb:set package 'bluerov2_control' build argument 'cmake_force_configure' from command line to 'False'
[0.139s] Level 5:colcon.colcon_core.verb:set package 'bluerov2_control' build argument 'ament_cmake_args' from command line to 'None'
[0.139s] Level 5:colcon.colcon_core.verb:set package 'bluerov2_control' build argument 'catkin_cmake_args' from command line to 'None'
[0.139s] Level 5:colcon.colcon_core.verb:set package 'bluerov2_control' build argument 'catkin_skip_building_tests' from command line to 'False'
[0.139s] DEBUG:colcon.colcon_core.verb:Building package 'bluerov2_control' with the following arguments: {'ament_cmake_args': None, 'build_base': '/mnt/ros_ws/build/bluerov2_control', 'catkin_cmake_args': None, 'catkin_skip_building_tests': False, 'cmake_args': None, 'cmake_clean_cache': False, 'cmake_clean_first': False, 'cmake_force_configure': False, 'cmake_target': None, 'cmake_target_skip_unavailable': False, 'install_base': '/mnt/ros_ws/install/bluerov2_control', 'merge_install': False, 'path': '/mnt/ros_ws/src/bluerov2_control', 'symlink_install': False, 'test_result_base': None}
[0.139s] INFO:colcon.colcon_core.executor:Executing jobs using 'parallel' executor
[0.140s] DEBUG:colcon.colcon_parallel_executor.executor.parallel:run_until_complete
[0.140s] INFO:colcon.colcon_ros.task.ament_cmake.build:Building ROS package in '/mnt/ros_ws/src/thruster_manager' with build type 'ament_cmake'
[0.140s] INFO:colcon.colcon_cmake.task.cmake.build:Building CMake package in '/mnt/ros_ws/src/thruster_manager'
[0.141s] INFO:colcon.colcon_core.plugin_system:Skipping extension 'colcon_core.shell.bat': Not used on non-Windows systems
[0.141s] INFO:colcon.colcon_core.shell:Skip shell extension 'powershell' for command environment: Not usable outside of PowerShell
[0.141s] DEBUG:colcon.colcon_core.shell:Skip shell extension 'dsv' for command environment
[0.144s] INFO:colcon.colcon_ros.task.ament_cmake.build:Building ROS package in '/mnt/ros_ws/src/bluerov2_description' with build type 'ament_cmake'
[0.144s] INFO:colcon.colcon_cmake.task.cmake.build:Building CMake package in '/mnt/ros_ws/src/bluerov2_description'
[0.144s] INFO:colcon.colcon_core.shell:Skip shell extension 'powershell' for command environment: Not usable outside of PowerShell
[0.144s] DEBUG:colcon.colcon_core.shell:Skip shell extension 'dsv' for command environment
[0.146s] INFO:colcon.colcon_ros.task.ament_cmake.build:Building ROS package in '/mnt/ros_ws/src/pose_to_tf' with build type 'ament_cmake'
[0.146s] INFO:colcon.colcon_cmake.task.cmake.build:Building CMake package in '/mnt/ros_ws/src/pose_to_tf'
[0.146s] INFO:colcon.colcon_core.shell:Skip shell extension 'powershell' for command environment: Not usable outside of PowerShell
[0.146s] DEBUG:colcon.colcon_core.shell:Skip shell extension 'dsv' for command environment
[0.148s] INFO:colcon.colcon_ros.task.ament_python.build:Building ROS package in '/mnt/ros_ws/src/rov_control_tools' with build type 'ament_python'
[0.148s] Level 1:colcon.colcon_core.shell:create_environment_hook('rov_control_tools', 'ament_prefix_path')
[0.148s] INFO:colcon.colcon_core.shell:Creating environment hook '/mnt/ros_ws/install/rov_control_tools/share/rov_control_tools/hook/ament_prefix_path.ps1'
[0.148s] INFO:colcon.colcon_core.shell:Creating environment descriptor '/mnt/ros_ws/install/rov_control_tools/share/rov_control_tools/hook/ament_prefix_path.dsv'
[0.148s] INFO:colcon.colcon_core.shell:Creating environment hook '/mnt/ros_ws/install/rov_control_tools/share/rov_control_tools/hook/ament_prefix_path.sh'
[0.149s] INFO:colcon.colcon_core.shell:Skip shell extension 'powershell' for command environment: Not usable outside of PowerShell
[0.149s] DEBUG:colcon.colcon_core.shell:Skip shell extension 'dsv' for command environment
[0.150s] INFO:colcon.colcon_ros.task.ament_cmake.build:Building ROS package in '/mnt/ros_ws/src/simple_launch' with build type 'ament_cmake'
[0.150s] INFO:colcon.colcon_cmake.task.cmake.build:Building CMake package in '/mnt/ros_ws/src/simple_launch'
[0.150s] INFO:colcon.colcon_core.shell:Skip shell extension 'powershell' for command environment: Not usable outside of PowerShell
[0.150s] DEBUG:colcon.colcon_core.shell:Skip shell extension 'dsv' for command environment
[0.154s] DEBUG:colcon.colcon_core.event_handler.log_command:Invoking command in '/mnt/ros_ws/build/thruster_manager': CMAKE_PREFIX_PATH=${CMAKE_PREFIX_PATH}:/mnt/ros_ws/install/rov_control_tools:/opt/ros/humble /usr/bin/cmake --build /mnt/ros_ws/build/thruster_manager -- -j20 -l20
[0.156s] DEBUG:colcon.colcon_core.event_handler.log_command:Invoking command in '/mnt/ros_ws/build/bluerov2_description': CMAKE_PREFIX_PATH=${CMAKE_PREFIX_PATH}:/mnt/ros_ws/install/rov_control_tools:/opt/ros/humble /usr/bin/cmake --build /mnt/ros_ws/build/bluerov2_description -- -j20 -l20
[0.157s] DEBUG:colcon.colcon_core.event_handler.log_command:Invoking command in '/mnt/ros_ws/build/pose_to_tf': CMAKE_PREFIX_PATH=${CMAKE_PREFIX_PATH}:/mnt/ros_ws/install/rov_control_tools:/opt/ros/humble /usr/bin/cmake --build /mnt/ros_ws/build/pose_to_tf -- -j20 -l20
[0.272s] INFO:colcon.colcon_core.task.python.build:Building Python package in '/mnt/ros_ws/src/rov_control_tools'
[0.272s] INFO:colcon.colcon_core.shell:Skip shell extension 'powershell' for command environment: Not usable outside of PowerShell
[0.272s] DEBUG:colcon.colcon_core.shell:Skip shell extension 'dsv' for command environment
[0.277s] DEBUG:colcon.colcon_core.event_handler.log_command:Invoked command in '/mnt/ros_ws/build/bluerov2_description' returned '0': CMAKE_PREFIX_PATH=${CMAKE_PREFIX_PATH}:/mnt/ros_ws/install/rov_control_tools:/opt/ros/humble /usr/bin/cmake --build /mnt/ros_ws/build/bluerov2_description -- -j20 -l20
[0.282s] DEBUG:colcon.colcon_core.event_handler.log_command:Invoking command in '/mnt/ros_ws/build/bluerov2_description': CMAKE_PREFIX_PATH=${CMAKE_PREFIX_PATH}:/mnt/ros_ws/install/rov_control_tools:/opt/ros/humble /usr/bin/cmake --install /mnt/ros_ws/build/bluerov2_description
[0.282s] DEBUG:colcon.colcon_core.event_handler.log_command:Invoked command in '/mnt/ros_ws/build/thruster_manager' returned '0': CMAKE_PREFIX_PATH=${CMAKE_PREFIX_PATH}:/mnt/ros_ws/install/rov_control_tools:/opt/ros/humble /usr/bin/cmake --build /mnt/ros_ws/build/thruster_manager -- -j20 -l20
[0.283s] DEBUG:colcon.colcon_core.event_handler.log_command:Invoking command in '/mnt/ros_ws/build/thruster_manager': CMAKE_PREFIX_PATH=${CMAKE_PREFIX_PATH}:/mnt/ros_ws/install/rov_control_tools:/opt/ros/humble /usr/bin/cmake --install /mnt/ros_ws/build/thruster_manager
[0.285s] DEBUG:colcon.colcon_core.event_handler.log_command:Invoking command in '/mnt/ros_ws/build/simple_launch': CMAKE_PREFIX_PATH=${CMAKE_PREFIX_PATH}:/mnt/ros_ws/install/rov_control_tools:/opt/ros/humble /usr/bin/cmake --build /mnt/ros_ws/build/simple_launch -- -j20 -l20
[0.285s] DEBUG:colcon.colcon_core.event_handler.log_command:Invoked command in '/mnt/ros_ws/build/pose_to_tf' returned '0': CMAKE_PREFIX_PATH=${CMAKE_PREFIX_PATH}:/mnt/ros_ws/install/rov_control_tools:/opt/ros/humble /usr/bin/cmake --build /mnt/ros_ws/build/pose_to_tf -- -j20 -l20
[0.285s] DEBUG:colcon.colcon_core.event_handler.log_command:Invoking command in '/mnt/ros_ws/build/pose_to_tf': CMAKE_PREFIX_PATH=${CMAKE_PREFIX_PATH}:/mnt/ros_ws/install/rov_control_tools:/opt/ros/humble /usr/bin/cmake --install /mnt/ros_ws/build/pose_to_tf
[0.299s] Level 1:colcon.colcon_core.environment:create_environment_scripts_only(bluerov2_description)
[0.302s] DEBUG:colcon.colcon_core.event_handler.log_command:Invoked command in '/mnt/ros_ws/build/bluerov2_description' returned '0': CMAKE_PREFIX_PATH=${CMAKE_PREFIX_PATH}:/mnt/ros_ws/install/rov_control_tools:/opt/ros/humble /usr/bin/cmake --install /mnt/ros_ws/build/bluerov2_description
[0.302s] Level 1:colcon.colcon_core.environment:checking '/mnt/ros_ws/install/bluerov2_description' for CMake module files
[0.303s] Level 1:colcon.colcon_core.environment:checking '/mnt/ros_ws/install/bluerov2_description' for CMake config files
[0.303s] Level 1:colcon.colcon_core.shell:create_environment_hook('bluerov2_description', 'cmake_prefix_path')
[0.303s] INFO:colcon.colcon_core.shell:Creating environment hook '/mnt/ros_ws/install/bluerov2_description/share/bluerov2_description/hook/cmake_prefix_path.ps1'
[0.303s] INFO:colcon.colcon_core.shell:Creating environment descriptor '/mnt/ros_ws/install/bluerov2_description/share/bluerov2_description/hook/cmake_prefix_path.dsv'
[0.303s] INFO:colcon.colcon_core.shell:Creating environment hook '/mnt/ros_ws/install/bluerov2_description/share/bluerov2_description/hook/cmake_prefix_path.sh'
[0.304s] Level 1:colcon.colcon_core.environment:checking '/mnt/ros_ws/install/bluerov2_description/bin'
[0.304s] Level 1:colcon.colcon_core.environment:checking '/mnt/ros_ws/install/bluerov2_description/lib/pkgconfig/bluerov2_description.pc'
[0.304s] Level 1:colcon.colcon_core.environment:checking '/mnt/ros_ws/install/bluerov2_description/lib/python3.10/site-packages'
[0.304s] Level 1:colcon.colcon_core.environment:checking '/mnt/ros_ws/install/bluerov2_description/bin'
[0.304s] INFO:colcon.colcon_core.shell:Creating package script '/mnt/ros_ws/install/bluerov2_description/share/bluerov2_description/package.ps1'
[0.304s] INFO:colcon.colcon_core.shell:Creating package descriptor '/mnt/ros_ws/install/bluerov2_description/share/bluerov2_description/package.dsv'
[0.305s] INFO:colcon.colcon_core.shell:Creating package script '/mnt/ros_ws/install/bluerov2_description/share/bluerov2_description/package.sh'
[0.305s] INFO:colcon.colcon_core.shell:Creating package script '/mnt/ros_ws/install/bluerov2_description/share/bluerov2_description/package.bash'
[0.306s] INFO:colcon.colcon_core.shell:Creating package script '/mnt/ros_ws/install/bluerov2_description/share/bluerov2_description/package.zsh'
[0.306s] Level 1:colcon.colcon_core.environment:create_file_with_runtime_dependencies(/mnt/ros_ws/install/bluerov2_description/share/colcon-core/packages/bluerov2_description)
[0.307s] Level 1:colcon.colcon_core.environment:create_environment_scripts_only(bluerov2_description)
[0.307s] Level 1:colcon.colcon_core.environment:checking '/mnt/ros_ws/install/bluerov2_description' for CMake module files
[0.307s] Level 1:colcon.colcon_core.environment:checking '/mnt/ros_ws/install/bluerov2_description' for CMake config files
[0.308s] Level 1:colcon.colcon_core.shell:create_environment_hook('bluerov2_description', 'cmake_prefix_path')
[0.308s] INFO:colcon.colcon_core.shell:Creating environment hook '/mnt/ros_ws/install/bluerov2_description/share/bluerov2_description/hook/cmake_prefix_path.ps1'
[0.308s] INFO:colcon.colcon_core.shell:Creating environment descriptor '/mnt/ros_ws/install/bluerov2_description/share/bluerov2_description/hook/cmake_prefix_path.dsv'
[0.308s] INFO:colcon.colcon_core.shell:Creating environment hook '/mnt/ros_ws/install/bluerov2_description/share/bluerov2_description/hook/cmake_prefix_path.sh'
[0.309s] Level 1:colcon.colcon_core.environment:checking '/mnt/ros_ws/install/bluerov2_description/bin'
[0.309s] Level 1:colcon.colcon_core.environment:checking '/mnt/ros_ws/install/bluerov2_description/lib/pkgconfig/bluerov2_description.pc'
[0.309s] Level 1:colcon.colcon_core.environment:checking '/mnt/ros_ws/install/bluerov2_description/lib/python3.10/site-packages'
[0.309s] Level 1:colcon.colcon_core.environment:checking '/mnt/ros_ws/install/bluerov2_description/bin'
[0.309s] INFO:colcon.colcon_core.shell:Creating package script '/mnt/ros_ws/install/bluerov2_description/share/bluerov2_description/package.ps1'
[0.310s] INFO:colcon.colcon_core.shell:Creating package descriptor '/mnt/ros_ws/install/bluerov2_description/share/bluerov2_description/package.dsv'
[0.310s] INFO:colcon.colcon_core.shell:Creating package script '/mnt/ros_ws/install/bluerov2_description/share/bluerov2_description/package.sh'
[0.310s] INFO:colcon.colcon_core.shell:Creating package script '/mnt/ros_ws/install/bluerov2_description/share/bluerov2_description/package.bash'
[0.311s] INFO:colcon.colcon_core.shell:Creating package script '/mnt/ros_ws/install/bluerov2_description/share/bluerov2_description/package.zsh'
[0.311s] Level 1:colcon.colcon_core.environment:create_file_with_runtime_dependencies(/mnt/ros_ws/install/bluerov2_description/share/colcon-core/packages/bluerov2_description)
[0.312s] Level 1:colcon.colcon_core.environment:create_environment_scripts_only(pose_to_tf)
[0.312s] Level 1:colcon.colcon_core.environment:checking '/mnt/ros_ws/install/pose_to_tf' for CMake module files
[0.312s] DEBUG:colcon.colcon_core.event_handler.log_command:Invoked command in '/mnt/ros_ws/build/pose_to_tf' returned '0': CMAKE_PREFIX_PATH=${CMAKE_PREFIX_PATH}:/mnt/ros_ws/install/rov_control_tools:/opt/ros/humble /usr/bin/cmake --install /mnt/ros_ws/build/pose_to_tf
[0.312s] Level 1:colcon.colcon_core.environment:checking '/mnt/ros_ws/install/pose_to_tf' for CMake config files
[0.313s] Level 1:colcon.colcon_core.shell:create_environment_hook('pose_to_tf', 'cmake_prefix_path')
[0.313s] INFO:colcon.colcon_core.shell:Creating environment hook '/mnt/ros_ws/install/pose_to_tf/share/pose_to_tf/hook/cmake_prefix_path.ps1'
[0.313s] INFO:colcon.colcon_core.shell:Creating environment descriptor '/mnt/ros_ws/install/pose_to_tf/share/pose_to_tf/hook/cmake_prefix_path.dsv'
[0.313s] INFO:colcon.colcon_core.shell:Creating environment hook '/mnt/ros_ws/install/pose_to_tf/share/pose_to_tf/hook/cmake_prefix_path.sh'
[0.314s] Level 1:colcon.colcon_core.environment:checking '/mnt/ros_ws/install/pose_to_tf/lib'
[0.314s] Level 1:colcon.colcon_core.environment:checking '/mnt/ros_ws/install/pose_to_tf/bin'
[0.314s] Level 1:colcon.colcon_core.environment:checking '/mnt/ros_ws/install/pose_to_tf/lib/pkgconfig/pose_to_tf.pc'
[0.314s] Level 1:colcon.colcon_core.environment:checking '/mnt/ros_ws/install/pose_to_tf/lib/python3.10/site-packages'
[0.314s] Level 1:colcon.colcon_core.environment:checking '/mnt/ros_ws/install/pose_to_tf/bin'
[0.314s] INFO:colcon.colcon_core.shell:Creating package script '/mnt/ros_ws/install/pose_to_tf/share/pose_to_tf/package.ps1'
[0.315s] INFO:colcon.colcon_core.shell:Creating package descriptor '/mnt/ros_ws/install/pose_to_tf/share/pose_to_tf/package.dsv'
[0.315s] INFO:colcon.colcon_core.shell:Creating package script '/mnt/ros_ws/install/pose_to_tf/share/pose_to_tf/package.sh'
[0.315s] INFO:colcon.colcon_core.shell:Creating package script '/mnt/ros_ws/install/pose_to_tf/share/pose_to_tf/package.bash'
[0.315s] INFO:colcon.colcon_core.shell:Creating package script '/mnt/ros_ws/install/pose_to_tf/share/pose_to_tf/package.zsh'
[0.315s] Level 1:colcon.colcon_core.environment:create_file_with_runtime_dependencies(/mnt/ros_ws/install/pose_to_tf/share/colcon-core/packages/pose_to_tf)
[0.316s] Level 1:colcon.colcon_core.environment:create_environment_scripts_only(pose_to_tf)
[0.316s] Level 1:colcon.colcon_core.environment:checking '/mnt/ros_ws/install/pose_to_tf' for CMake module files
[0.316s] Level 1:colcon.colcon_core.environment:checking '/mnt/ros_ws/install/pose_to_tf' for CMake config files
[0.316s] Level 1:colcon.colcon_core.shell:create_environment_hook('pose_to_tf', 'cmake_prefix_path')
[0.316s] INFO:colcon.colcon_core.shell:Creating environment hook '/mnt/ros_ws/install/pose_to_tf/share/pose_to_tf/hook/cmake_prefix_path.ps1'
[0.316s] INFO:colcon.colcon_core.shell:Creating environment descriptor '/mnt/ros_ws/install/pose_to_tf/share/pose_to_tf/hook/cmake_prefix_path.dsv'
[0.316s] INFO:colcon.colcon_core.shell:Creating environment hook '/mnt/ros_ws/install/pose_to_tf/share/pose_to_tf/hook/cmake_prefix_path.sh'
[0.317s] Level 1:colcon.colcon_core.environment:checking '/mnt/ros_ws/install/pose_to_tf/lib'
[0.317s] Level 1:colcon.colcon_core.environment:checking '/mnt/ros_ws/install/pose_to_tf/bin'
[0.317s] Level 1:colcon.colcon_core.environment:checking '/mnt/ros_ws/install/pose_to_tf/lib/pkgconfig/pose_to_tf.pc'
[0.317s] Level 1:colcon.colcon_core.environment:checking '/mnt/ros_ws/install/pose_to_tf/lib/python3.10/site-packages'
[0.317s] Level 1:colcon.colcon_core.environment:checking '/mnt/ros_ws/install/pose_to_tf/bin'
[0.317s] INFO:colcon.colcon_core.shell:Creating package script '/mnt/ros_ws/install/pose_to_tf/share/pose_to_tf/package.ps1'
[0.317s] INFO:colcon.colcon_core.shell:Creating package descriptor '/mnt/ros_ws/install/pose_to_tf/share/pose_to_tf/package.dsv'
[0.318s] INFO:colcon.colcon_core.shell:Creating package script '/mnt/ros_ws/install/pose_to_tf/share/pose_to_tf/package.sh'
[0.318s] INFO:colcon.colcon_core.shell:Creating package script '/mnt/ros_ws/install/pose_to_tf/share/pose_to_tf/package.bash'
[0.318s] INFO:colcon.colcon_core.shell:Creating package script '/mnt/ros_ws/install/pose_to_tf/share/pose_to_tf/package.zsh'
[0.318s] Level 1:colcon.colcon_core.environment:create_file_with_runtime_dependencies(/mnt/ros_ws/install/pose_to_tf/share/colcon-core/packages/pose_to_tf)
[0.318s] Level 1:colcon.colcon_core.environment:create_environment_scripts_only(thruster_manager)
[0.318s] Level 1:colcon.colcon_core.environment:checking '/mnt/ros_ws/install/thruster_manager' for CMake module files
[0.319s] DEBUG:colcon.colcon_core.event_handler.log_command:Invoked command in '/mnt/ros_ws/build/thruster_manager' returned '0': CMAKE_PREFIX_PATH=${CMAKE_PREFIX_PATH}:/mnt/ros_ws/install/rov_control_tools:/opt/ros/humble /usr/bin/cmake --install /mnt/ros_ws/build/thruster_manager
[0.319s] Level 1:colcon.colcon_core.environment:checking '/mnt/ros_ws/install/thruster_manager' for CMake config files
[0.319s] Level 1:colcon.colcon_core.shell:create_environment_hook('thruster_manager', 'cmake_prefix_path')
[0.319s] INFO:colcon.colcon_core.shell:Creating environment hook '/mnt/ros_ws/install/thruster_manager/share/thruster_manager/hook/cmake_prefix_path.ps1'
[0.319s] INFO:colcon.colcon_core.shell:Creating environment descriptor '/mnt/ros_ws/install/thruster_manager/share/thruster_manager/hook/cmake_prefix_path.dsv'
[0.319s] INFO:colcon.colcon_core.shell:Creating environment hook '/mnt/ros_ws/install/thruster_manager/share/thruster_manager/hook/cmake_prefix_path.sh'
[0.320s] Level 1:colcon.colcon_core.environment:checking '/mnt/ros_ws/install/thruster_manager/lib'
[0.320s] Level 1:colcon.colcon_core.shell:create_environment_hook('thruster_manager', 'ld_library_path_lib')
[0.320s] INFO:colcon.colcon_core.shell:Creating environment hook '/mnt/ros_ws/install/thruster_manager/share/thruster_manager/hook/ld_library_path_lib.ps1'
[0.320s] INFO:colcon.colcon_core.shell:Creating environment descriptor '/mnt/ros_ws/install/thruster_manager/share/thruster_manager/hook/ld_library_path_lib.dsv'
[0.320s] INFO:colcon.colcon_core.shell:Creating environment hook '/mnt/ros_ws/install/thruster_manager/share/thruster_manager/hook/ld_library_path_lib.sh'
[0.320s] Level 1:colcon.colcon_core.environment:checking '/mnt/ros_ws/install/thruster_manager/bin'
[0.320s] Level 1:colcon.colcon_core.environment:checking '/mnt/ros_ws/install/thruster_manager/lib/pkgconfig/thruster_manager.pc'
[0.320s] Level 1:colcon.colcon_core.environment:checking '/mnt/ros_ws/install/thruster_manager/lib/python3.10/site-packages'
[0.320s] Level 1:colcon.colcon_core.environment:checking '/mnt/ros_ws/install/thruster_manager/bin'
[0.321s] INFO:colcon.colcon_core.shell:Creating package script '/mnt/ros_ws/install/thruster_manager/share/thruster_manager/package.ps1'
[0.321s] INFO:colcon.colcon_core.shell:Creating package descriptor '/mnt/ros_ws/install/thruster_manager/share/thruster_manager/package.dsv'
[0.321s] INFO:colcon.colcon_core.shell:Creating package script '/mnt/ros_ws/install/thruster_manager/share/thruster_manager/package.sh'
[0.321s] INFO:colcon.colcon_core.shell:Creating package script '/mnt/ros_ws/install/thruster_manager/share/thruster_manager/package.bash'
[0.321s] INFO:colcon.colcon_core.shell:Creating package script '/mnt/ros_ws/install/thruster_manager/share/thruster_manager/package.zsh'
[0.322s] Level 1:colcon.colcon_core.environment:create_file_with_runtime_dependencies(/mnt/ros_ws/install/thruster_manager/share/colcon-core/packages/thruster_manager)
[0.322s] Level 1:colcon.colcon_core.environment:create_environment_scripts_only(thruster_manager)
[0.322s] Level 1:colcon.colcon_core.environment:checking '/mnt/ros_ws/install/thruster_manager' for CMake module files
[0.322s] Level 1:colcon.colcon_core.environment:checking '/mnt/ros_ws/install/thruster_manager' for CMake config files
[0.322s] Level 1:colcon.colcon_core.shell:create_environment_hook('thruster_manager', 'cmake_prefix_path')
[0.322s] INFO:colcon.colcon_core.shell:Creating environment hook '/mnt/ros_ws/install/thruster_manager/share/thruster_manager/hook/cmake_prefix_path.ps1'
[0.322s] INFO:colcon.colcon_core.shell:Creating environment descriptor '/mnt/ros_ws/install/thruster_manager/share/thruster_manager/hook/cmake_prefix_path.dsv'
[0.323s] INFO:colcon.colcon_core.shell:Creating environment hook '/mnt/ros_ws/install/thruster_manager/share/thruster_manager/hook/cmake_prefix_path.sh'
[0.323s] Level 1:colcon.colcon_core.environment:checking '/mnt/ros_ws/install/thruster_manager/lib'
[0.323s] Level 1:colcon.colcon_core.shell:create_environment_hook('thruster_manager', 'ld_library_path_lib')
[0.323s] INFO:colcon.colcon_core.shell:Creating environment hook '/mnt/ros_ws/install/thruster_manager/share/thruster_manager/hook/ld_library_path_lib.ps1'
[0.323s] INFO:colcon.colcon_core.shell:Creating environment descriptor '/mnt/ros_ws/install/thruster_manager/share/thruster_manager/hook/ld_library_path_lib.dsv'
[0.323s] INFO:colcon.colcon_core.shell:Creating environment hook '/mnt/ros_ws/install/thruster_manager/share/thruster_manager/hook/ld_library_path_lib.sh'
[0.324s] Level 1:colcon.colcon_core.environment:checking '/mnt/ros_ws/install/thruster_manager/bin'
[0.324s] Level 1:colcon.colcon_core.environment:checking '/mnt/ros_ws/install/thruster_manager/lib/pkgconfig/thruster_manager.pc'
[0.324s] Level 1:colcon.colcon_core.environment:checking '/mnt/ros_ws/install/thruster_manager/lib/python3.10/site-packages'
[0.324s] Level 1:colcon.colcon_core.environment:checking '/mnt/ros_ws/install/thruster_manager/bin'
[0.324s] INFO:colcon.colcon_core.shell:Creating package script '/mnt/ros_ws/install/thruster_manager/share/thruster_manager/package.ps1'
[0.324s] INFO:colcon.colcon_core.shell:Creating package descriptor '/mnt/ros_ws/install/thruster_manager/share/thruster_manager/package.dsv'
[0.324s] INFO:colcon.colcon_core.shell:Creating package script '/mnt/ros_ws/install/thruster_manager/share/thruster_manager/package.sh'
[0.325s] INFO:colcon.colcon_core.shell:Creating package script '/mnt/ros_ws/install/thruster_manager/share/thruster_manager/package.bash'
[0.325s] INFO:colcon.colcon_core.shell:Creating package script '/mnt/ros_ws/install/thruster_manager/share/thruster_manager/package.zsh'
[0.325s] Level 1:colcon.colcon_core.environment:create_file_with_runtime_dependencies(/mnt/ros_ws/install/thruster_manager/share/colcon-core/packages/thruster_manager)
[0.325s] INFO:colcon.colcon_ros.task.ament_cmake.build:Building ROS package in '/mnt/ros_ws/src/auv_control' with build type 'ament_cmake'
[0.325s] INFO:colcon.colcon_cmake.task.cmake.build:Building CMake package in '/mnt/ros_ws/src/auv_control'
[0.325s] INFO:colcon.colcon_core.shell:Skip shell extension 'powershell' for command environment: Not usable outside of PowerShell
[0.325s] DEBUG:colcon.colcon_core.shell:Skip shell extension 'dsv' for command environment
[0.332s] DEBUG:colcon.colcon_core.event_handler.log_command:Invoking command in '/mnt/ros_ws/build/auv_control': CMAKE_PREFIX_PATH=/mnt/ros_ws/install/thruster_manager:/mnt/ros_ws/install/bluerov2_control:/mnt/ros_ws/install/auv_control:/mnt/ros_ws/install/simple_launch:/mnt/ros_ws/install/pose_to_tf:/mnt/ros_ws/install/bluerov2_description:/mnt/ros_ws/install/rov_control_tools:/opt/ros/humble LD_LIBRARY_PATH=/mnt/ros_ws/install/thruster_manager/lib:/mnt/ros_ws/install/auv_control/lib:/usr/lib/x86_64-linux-gnu/gazebo-11/plugins:/opt/ros/humble/opt/rviz_ogre_vendor/lib:/opt/ros/humble/lib/x86_64-linux-gnu:/opt/ros/humble/lib /usr/bin/cmake --build /mnt/ros_ws/build/auv_control -- -j20 -l20
[0.435s] DEBUG:colcon.colcon_core.event_handler.log_command:Invoking command in '/mnt/ros_ws/src/rov_control_tools': PYTHONPATH=/mnt/ros_ws/build/rov_control_tools/prefix_override:/usr/lib/python3/dist-packages/colcon_core/task/python/colcon_distutils_commands:/mnt/ros_ws/install/rov_control_tools/lib/python3.10/site-packages:${PYTHONPATH} /usr/bin/python3 -W ignore:setup.py install is deprecated -W ignore:easy_install command is deprecated setup.py egg_info --egg-base ../../build/rov_control_tools build --build-base /mnt/ros_ws/build/rov_control_tools/build install --record /mnt/ros_ws/build/rov_control_tools/install.log --single-version-externally-managed install_data
[0.453s] DEBUG:colcon.colcon_core.event_handler.log_command:Invoked command in '/mnt/ros_ws/build/simple_launch' returned '0': CMAKE_PREFIX_PATH=${CMAKE_PREFIX_PATH}:/mnt/ros_ws/install/rov_control_tools:/opt/ros/humble /usr/bin/cmake --build /mnt/ros_ws/build/simple_launch -- -j20 -l20
[0.453s] DEBUG:colcon.colcon_core.event_handler.log_command:Invoking command in '/mnt/ros_ws/build/simple_launch': CMAKE_PREFIX_PATH=${CMAKE_PREFIX_PATH}:/mnt/ros_ws/install/rov_control_tools:/opt/ros/humble /usr/bin/cmake --install /mnt/ros_ws/build/simple_launch
[0.485s] Level 1:colcon.colcon_core.environment:create_environment_scripts_only(simple_launch)
[0.485s] Level 1:colcon.colcon_core.environment:checking '/mnt/ros_ws/install/simple_launch' for CMake module files
[0.485s] DEBUG:colcon.colcon_core.event_handler.log_command:Invoked command in '/mnt/ros_ws/build/simple_launch' returned '0': CMAKE_PREFIX_PATH=${CMAKE_PREFIX_PATH}:/mnt/ros_ws/install/rov_control_tools:/opt/ros/humble /usr/bin/cmake --install /mnt/ros_ws/build/simple_launch
[0.485s] Level 1:colcon.colcon_core.environment:checking '/mnt/ros_ws/install/simple_launch' for CMake config files
[0.486s] Level 1:colcon.colcon_core.shell:create_environment_hook('simple_launch', 'cmake_prefix_path')
[0.486s] INFO:colcon.colcon_core.shell:Creating environment hook '/mnt/ros_ws/install/simple_launch/share/simple_launch/hook/cmake_prefix_path.ps1'
[0.486s] INFO:colcon.colcon_core.shell:Creating environment descriptor '/mnt/ros_ws/install/simple_launch/share/simple_launch/hook/cmake_prefix_path.dsv'
[0.486s] INFO:colcon.colcon_core.shell:Creating environment hook '/mnt/ros_ws/install/simple_launch/share/simple_launch/hook/cmake_prefix_path.sh'
[0.486s] Level 1:colcon.colcon_core.environment:checking '/mnt/ros_ws/install/simple_launch/lib'
[0.486s] Level 1:colcon.colcon_core.environment:checking '/mnt/ros_ws/install/simple_launch/bin'
[0.486s] Level 1:colcon.colcon_core.environment:checking '/mnt/ros_ws/install/simple_launch/lib/pkgconfig/simple_launch.pc'
[0.487s] Level 1:colcon.colcon_core.environment:checking '/mnt/ros_ws/install/simple_launch/lib/python3.10/site-packages'
[0.487s] Level 1:colcon.colcon_core.environment:checking '/mnt/ros_ws/install/simple_launch/bin'
[0.487s] INFO:colcon.colcon_core.shell:Creating package script '/mnt/ros_ws/install/simple_launch/share/simple_launch/package.ps1'
[0.487s] INFO:colcon.colcon_core.shell:Creating package descriptor '/mnt/ros_ws/install/simple_launch/share/simple_launch/package.dsv'
[0.487s] INFO:colcon.colcon_core.shell:Creating package script '/mnt/ros_ws/install/simple_launch/share/simple_launch/package.sh'
[0.487s] INFO:colcon.colcon_core.shell:Creating package script '/mnt/ros_ws/install/simple_launch/share/simple_launch/package.bash'
[0.487s] INFO:colcon.colcon_core.shell:Creating package script '/mnt/ros_ws/install/simple_launch/share/simple_launch/package.zsh'
[0.487s] Level 1:colcon.colcon_core.environment:create_file_with_runtime_dependencies(/mnt/ros_ws/install/simple_launch/share/colcon-core/packages/simple_launch)
[0.488s] Level 1:colcon.colcon_core.environment:create_environment_scripts_only(simple_launch)
[0.488s] Level 1:colcon.colcon_core.environment:checking '/mnt/ros_ws/install/simple_launch' for CMake module files
[0.488s] Level 1:colcon.colcon_core.environment:checking '/mnt/ros_ws/install/simple_launch' for CMake config files
[0.488s] Level 1:colcon.colcon_core.shell:create_environment_hook('simple_launch', 'cmake_prefix_path')
[0.488s] INFO:colcon.colcon_core.shell:Creating environment hook '/mnt/ros_ws/install/simple_launch/share/simple_launch/hook/cmake_prefix_path.ps1'
[0.488s] INFO:colcon.colcon_core.shell:Creating environment descriptor '/mnt/ros_ws/install/simple_launch/share/simple_launch/hook/cmake_prefix_path.dsv'
[0.488s] INFO:colcon.colcon_core.shell:Creating environment hook '/mnt/ros_ws/install/simple_launch/share/simple_launch/hook/cmake_prefix_path.sh'
[0.489s] Level 1:colcon.colcon_core.environment:checking '/mnt/ros_ws/install/simple_launch/lib'
[0.489s] Level 1:colcon.colcon_core.environment:checking '/mnt/ros_ws/install/simple_launch/bin'
[0.489s] Level 1:colcon.colcon_core.environment:checking '/mnt/ros_ws/install/simple_launch/lib/pkgconfig/simple_launch.pc'
[0.489s] Level 1:colcon.colcon_core.environment:checking '/mnt/ros_ws/install/simple_launch/lib/python3.10/site-packages'
[0.489s] Level 1:colcon.colcon_core.environment:checking '/mnt/ros_ws/install/simple_launch/bin'
[0.489s] INFO:colcon.colcon_core.shell:Creating package script '/mnt/ros_ws/install/simple_launch/share/simple_launch/package.ps1'
[0.489s] INFO:colcon.colcon_core.shell:Creating package descriptor '/mnt/ros_ws/install/simple_launch/share/simple_launch/package.dsv'
[0.489s] INFO:colcon.colcon_core.shell:Creating package script '/mnt/ros_ws/install/simple_launch/share/simple_launch/package.sh'
[0.490s] INFO:colcon.colcon_core.shell:Creating package script '/mnt/ros_ws/install/simple_launch/share/simple_launch/package.bash'
[0.490s] INFO:colcon.colcon_core.shell:Creating package script '/mnt/ros_ws/install/simple_launch/share/simple_launch/package.zsh'
[0.490s] Level 1:colcon.colcon_core.environment:create_file_with_runtime_dependencies(/mnt/ros_ws/install/simple_launch/share/colcon-core/packages/simple_launch)
[0.563s] Level 1:colcon.colcon_core.environment:checking '/mnt/ros_ws/install/rov_control_tools' for CMake module files
[0.563s] DEBUG:colcon.colcon_core.event_handler.log_command:Invoked command in '/mnt/ros_ws/src/rov_control_tools' returned '0': PYTHONPATH=/mnt/ros_ws/build/rov_control_tools/prefix_override:/usr/lib/python3/dist-packages/colcon_core/task/python/colcon_distutils_commands:/mnt/ros_ws/install/rov_control_tools/lib/python3.10/site-packages:${PYTHONPATH} /usr/bin/python3 -W ignore:setup.py install is deprecated -W ignore:easy_install command is deprecated setup.py egg_info --egg-base ../../build/rov_control_tools build --build-base /mnt/ros_ws/build/rov_control_tools/build install --record /mnt/ros_ws/build/rov_control_tools/install.log --single-version-externally-managed install_data
[0.563s] Level 1:colcon.colcon_core.environment:checking '/mnt/ros_ws/install/rov_control_tools' for CMake config files
[0.563s] Level 1:colcon.colcon_core.environment:checking '/mnt/ros_ws/install/rov_control_tools/lib'
[0.563s] Level 1:colcon.colcon_core.environment:checking '/mnt/ros_ws/install/rov_control_tools/bin'
[0.564s] Level 1:colcon.colcon_core.environment:checking '/mnt/ros_ws/install/rov_control_tools/lib/pkgconfig/rov_control_tools.pc'
[0.564s] Level 1:colcon.colcon_core.environment:checking '/mnt/ros_ws/install/rov_control_tools/lib/python3.10/site-packages'
[0.564s] Level 1:colcon.colcon_core.shell:create_environment_hook('rov_control_tools', 'pythonpath')
[0.564s] INFO:colcon.colcon_core.shell:Creating environment hook '/mnt/ros_ws/install/rov_control_tools/share/rov_control_tools/hook/pythonpath.ps1'
[0.564s] INFO:colcon.colcon_core.shell:Creating environment descriptor '/mnt/ros_ws/install/rov_control_tools/share/rov_control_tools/hook/pythonpath.dsv'
[0.564s] INFO:colcon.colcon_core.shell:Creating environment hook '/mnt/ros_ws/install/rov_control_tools/share/rov_control_tools/hook/pythonpath.sh'
[0.564s] Level 1:colcon.colcon_core.environment:checking '/mnt/ros_ws/install/rov_control_tools/bin'
[0.564s] Level 1:colcon.colcon_core.environment:create_environment_scripts_only(rov_control_tools)
[0.565s] INFO:colcon.colcon_core.shell:Creating package script '/mnt/ros_ws/install/rov_control_tools/share/rov_control_tools/package.ps1'
[0.565s] INFO:colcon.colcon_core.shell:Creating package descriptor '/mnt/ros_ws/install/rov_control_tools/share/rov_control_tools/package.dsv'
[0.565s] INFO:colcon.colcon_core.shell:Creating package script '/mnt/ros_ws/install/rov_control_tools/share/rov_control_tools/package.sh'
[0.565s] INFO:colcon.colcon_core.shell:Creating package script '/mnt/ros_ws/install/rov_control_tools/share/rov_control_tools/package.bash'
[0.565s] INFO:colcon.colcon_core.shell:Creating package script '/mnt/ros_ws/install/rov_control_tools/share/rov_control_tools/package.zsh'
[0.565s] Level 1:colcon.colcon_core.environment:create_file_with_runtime_dependencies(/mnt/ros_ws/install/rov_control_tools/share/colcon-core/packages/rov_control_tools)
[3.581s] DEBUG:colcon.colcon_core.event_handler.log_command:Invoked command in '/mnt/ros_ws/build/auv_control' returned '0': CMAKE_PREFIX_PATH=/mnt/ros_ws/install/thruster_manager:/mnt/ros_ws/install/bluerov2_control:/mnt/ros_ws/install/auv_control:/mnt/ros_ws/install/simple_launch:/mnt/ros_ws/install/pose_to_tf:/mnt/ros_ws/install/bluerov2_description:/mnt/ros_ws/install/rov_control_tools:/opt/ros/humble LD_LIBRARY_PATH=/mnt/ros_ws/install/thruster_manager/lib:/mnt/ros_ws/install/auv_control/lib:/usr/lib/x86_64-linux-gnu/gazebo-11/plugins:/opt/ros/humble/opt/rviz_ogre_vendor/lib:/opt/ros/humble/lib/x86_64-linux-gnu:/opt/ros/humble/lib /usr/bin/cmake --build /mnt/ros_ws/build/auv_control -- -j20 -l20
[3.581s] DEBUG:colcon.colcon_core.event_handler.log_command:Invoking command in '/mnt/ros_ws/build/auv_control': CMAKE_PREFIX_PATH=/mnt/ros_ws/install/thruster_manager:/mnt/ros_ws/install/bluerov2_control:/mnt/ros_ws/install/auv_control:/mnt/ros_ws/install/simple_launch:/mnt/ros_ws/install/pose_to_tf:/mnt/ros_ws/install/bluerov2_description:/mnt/ros_ws/install/rov_control_tools:/opt/ros/humble LD_LIBRARY_PATH=/mnt/ros_ws/install/thruster_manager/lib:/mnt/ros_ws/install/auv_control/lib:/usr/lib/x86_64-linux-gnu/gazebo-11/plugins:/opt/ros/humble/opt/rviz_ogre_vendor/lib:/opt/ros/humble/lib/x86_64-linux-gnu:/opt/ros/humble/lib /usr/bin/cmake --install /mnt/ros_ws/build/auv_control
[3.612s] Level 1:colcon.colcon_core.environment:create_environment_scripts_only(auv_control)
[3.612s] Level 1:colcon.colcon_core.environment:checking '/mnt/ros_ws/install/auv_control' for CMake module files
[3.613s] DEBUG:colcon.colcon_core.event_handler.log_command:Invoked command in '/mnt/ros_ws/build/auv_control' returned '0': CMAKE_PREFIX_PATH=/mnt/ros_ws/install/thruster_manager:/mnt/ros_ws/install/bluerov2_control:/mnt/ros_ws/install/auv_control:/mnt/ros_ws/install/simple_launch:/mnt/ros_ws/install/pose_to_tf:/mnt/ros_ws/install/bluerov2_description:/mnt/ros_ws/install/rov_control_tools:/opt/ros/humble LD_LIBRARY_PATH=/mnt/ros_ws/install/thruster_manager/lib:/mnt/ros_ws/install/auv_control/lib:/usr/lib/x86_64-linux-gnu/gazebo-11/plugins:/opt/ros/humble/opt/rviz_ogre_vendor/lib:/opt/ros/humble/lib/x86_64-linux-gnu:/opt/ros/humble/lib /usr/bin/cmake --install /mnt/ros_ws/build/auv_control
[3.613s] Level 1:colcon.colcon_core.environment:checking '/mnt/ros_ws/install/auv_control' for CMake config files
[3.613s] Level 1:colcon.colcon_core.shell:create_environment_hook('auv_control', 'cmake_prefix_path')
[3.613s] INFO:colcon.colcon_core.shell:Creating environment hook '/mnt/ros_ws/install/auv_control/share/auv_control/hook/cmake_prefix_path.ps1'
[3.613s] INFO:colcon.colcon_core.shell:Creating environment descriptor '/mnt/ros_ws/install/auv_control/share/auv_control/hook/cmake_prefix_path.dsv'
[3.614s] INFO:colcon.colcon_core.shell:Creating environment hook '/mnt/ros_ws/install/auv_control/share/auv_control/hook/cmake_prefix_path.sh'
[3.614s] Level 1:colcon.colcon_core.environment:checking '/mnt/ros_ws/install/auv_control/lib'
[3.614s] Level 1:colcon.colcon_core.shell:create_environment_hook('auv_control', 'ld_library_path_lib')
[3.614s] INFO:colcon.colcon_core.shell:Creating environment hook '/mnt/ros_ws/install/auv_control/share/auv_control/hook/ld_library_path_lib.ps1'
[3.614s] INFO:colcon.colcon_core.shell:Creating environment descriptor '/mnt/ros_ws/install/auv_control/share/auv_control/hook/ld_library_path_lib.dsv'
[3.614s] INFO:colcon.colcon_core.shell:Creating environment hook '/mnt/ros_ws/install/auv_control/share/auv_control/hook/ld_library_path_lib.sh'
[3.614s] Level 1:colcon.colcon_core.environment:checking '/mnt/ros_ws/install/auv_control/bin'
[3.614s] Level 1:colcon.colcon_core.environment:checking '/mnt/ros_ws/install/auv_control/lib/pkgconfig/auv_control.pc'
[3.614s] Level 1:colcon.colcon_core.environment:checking '/mnt/ros_ws/install/auv_control/lib/python3.10/site-packages'
[3.615s] Level 1:colcon.colcon_core.environment:checking '/mnt/ros_ws/install/auv_control/bin'
[3.615s] INFO:colcon.colcon_core.shell:Creating package script '/mnt/ros_ws/install/auv_control/share/auv_control/package.ps1'
[3.615s] INFO:colcon.colcon_core.shell:Creating package descriptor '/mnt/ros_ws/install/auv_control/share/auv_control/package.dsv'
[3.615s] INFO:colcon.colcon_core.shell:Creating package script '/mnt/ros_ws/install/auv_control/share/auv_control/package.sh'
[3.615s] INFO:colcon.colcon_core.shell:Creating package script '/mnt/ros_ws/install/auv_control/share/auv_control/package.bash'
[3.615s] INFO:colcon.colcon_core.shell:Creating package script '/mnt/ros_ws/install/auv_control/share/auv_control/package.zsh'
[3.616s] Level 1:colcon.colcon_core.environment:create_file_with_runtime_dependencies(/mnt/ros_ws/install/auv_control/share/colcon-core/packages/auv_control)
[3.616s] Level 1:colcon.colcon_core.environment:create_environment_scripts_only(auv_control)
[3.616s] Level 1:colcon.colcon_core.environment:checking '/mnt/ros_ws/install/auv_control' for CMake module files
[3.616s] Level 1:colcon.colcon_core.environment:checking '/mnt/ros_ws/install/auv_control' for CMake config files
[3.616s] Level 1:colcon.colcon_core.shell:create_environment_hook('auv_control', 'cmake_prefix_path')
[3.616s] INFO:colcon.colcon_core.shell:Creating environment hook '/mnt/ros_ws/install/auv_control/share/auv_control/hook/cmake_prefix_path.ps1'
[3.617s] INFO:colcon.colcon_core.shell:Creating environment descriptor '/mnt/ros_ws/install/auv_control/share/auv_control/hook/cmake_prefix_path.dsv'
[3.617s] INFO:colcon.colcon_core.shell:Creating environment hook '/mnt/ros_ws/install/auv_control/share/auv_control/hook/cmake_prefix_path.sh'
[3.617s] Level 1:colcon.colcon_core.environment:checking '/mnt/ros_ws/install/auv_control/lib'
[3.617s] Level 1:colcon.colcon_core.shell:create_environment_hook('auv_control', 'ld_library_path_lib')
[3.617s] INFO:colcon.colcon_core.shell:Creating environment hook '/mnt/ros_ws/install/auv_control/share/auv_control/hook/ld_library_path_lib.ps1'
[3.617s] INFO:colcon.colcon_core.shell:Creating environment descriptor '/mnt/ros_ws/install/auv_control/share/auv_control/hook/ld_library_path_lib.dsv'
[3.617s] INFO:colcon.colcon_core.shell:Creating environment hook '/mnt/ros_ws/install/auv_control/share/auv_control/hook/ld_library_path_lib.sh'
[3.617s] Level 1:colcon.colcon_core.environment:checking '/mnt/ros_ws/install/auv_control/bin'
[3.618s] Level 1:colcon.colcon_core.environment:checking '/mnt/ros_ws/install/auv_control/lib/pkgconfig/auv_control.pc'
[3.618s] Level 1:colcon.colcon_core.environment:checking '/mnt/ros_ws/install/auv_control/lib/python3.10/site-packages'
[3.618s] Level 1:colcon.colcon_core.environment:checking '/mnt/ros_ws/install/auv_control/bin'
[3.618s] INFO:colcon.colcon_core.shell:Creating package script '/mnt/ros_ws/install/auv_control/share/auv_control/package.ps1'
[3.618s] INFO:colcon.colcon_core.shell:Creating package descriptor '/mnt/ros_ws/install/auv_control/share/auv_control/package.dsv'
[3.618s] INFO:colcon.colcon_core.shell:Creating package script '/mnt/ros_ws/install/auv_control/share/auv_control/package.sh'
[3.618s] INFO:colcon.colcon_core.shell:Creating package script '/mnt/ros_ws/install/auv_control/share/auv_control/package.bash'
[3.619s] INFO:colcon.colcon_core.shell:Creating package script '/mnt/ros_ws/install/auv_control/share/auv_control/package.zsh'
[3.619s] Level 1:colcon.colcon_core.environment:create_file_with_runtime_dependencies(/mnt/ros_ws/install/auv_control/share/colcon-core/packages/auv_control)
[3.619s] INFO:colcon.colcon_ros.task.ament_cmake.build:Building ROS package in '/mnt/ros_ws/src/bluerov2_control' with build type 'ament_cmake'
[3.619s] INFO:colcon.colcon_cmake.task.cmake.build:Building CMake package in '/mnt/ros_ws/src/bluerov2_control'
[3.619s] INFO:colcon.colcon_core.shell:Skip shell extension 'powershell' for command environment: Not usable outside of PowerShell
[3.619s] DEBUG:colcon.colcon_core.shell:Skip shell extension 'dsv' for command environment
[3.627s] DEBUG:colcon.colcon_core.event_handler.log_command:Invoking command in '/mnt/ros_ws/build/bluerov2_control': CMAKE_PREFIX_PATH=/mnt/ros_ws/install/auv_control:/mnt/ros_ws/install/thruster_manager:/mnt/ros_ws/install/bluerov2_control:/mnt/ros_ws/install/simple_launch:/mnt/ros_ws/install/pose_to_tf:/mnt/ros_ws/install/bluerov2_description:/mnt/ros_ws/install/rov_control_tools:/opt/ros/humble /usr/bin/cmake --build /mnt/ros_ws/build/bluerov2_control -- -j20 -l20
[3.656s] DEBUG:colcon.colcon_core.event_handler.log_command:Invoked command in '/mnt/ros_ws/build/bluerov2_control' returned '0': CMAKE_PREFIX_PATH=/mnt/ros_ws/install/auv_control:/mnt/ros_ws/install/thruster_manager:/mnt/ros_ws/install/bluerov2_control:/mnt/ros_ws/install/simple_launch:/mnt/ros_ws/install/pose_to_tf:/mnt/ros_ws/install/bluerov2_description:/mnt/ros_ws/install/rov_control_tools:/opt/ros/humble /usr/bin/cmake --build /mnt/ros_ws/build/bluerov2_control -- -j20 -l20
[3.656s] DEBUG:colcon.colcon_core.event_handler.log_command:Invoking command in '/mnt/ros_ws/build/bluerov2_control': CMAKE_PREFIX_PATH=/mnt/ros_ws/install/auv_control:/mnt/ros_ws/install/thruster_manager:/mnt/ros_ws/install/bluerov2_control:/mnt/ros_ws/install/simple_launch:/mnt/ros_ws/install/pose_to_tf:/mnt/ros_ws/install/bluerov2_description:/mnt/ros_ws/install/rov_control_tools:/opt/ros/humble /usr/bin/cmake --install /mnt/ros_ws/build/bluerov2_control
[3.663s] Level 1:colcon.colcon_core.environment:create_environment_scripts_only(bluerov2_control)
[3.663s] Level 1:colcon.colcon_core.environment:checking '/mnt/ros_ws/install/bluerov2_control' for CMake module files
[3.663s] DEBUG:colcon.colcon_core.event_handler.log_command:Invoked command in '/mnt/ros_ws/build/bluerov2_control' returned '0': CMAKE_PREFIX_PATH=/mnt/ros_ws/install/auv_control:/mnt/ros_ws/install/thruster_manager:/mnt/ros_ws/install/bluerov2_control:/mnt/ros_ws/install/simple_launch:/mnt/ros_ws/install/pose_to_tf:/mnt/ros_ws/install/bluerov2_description:/mnt/ros_ws/install/rov_control_tools:/opt/ros/humble /usr/bin/cmake --install /mnt/ros_ws/build/bluerov2_control
[3.663s] Level 1:colcon.colcon_core.environment:checking '/mnt/ros_ws/install/bluerov2_control' for CMake config files
[3.664s] Level 1:colcon.colcon_core.shell:create_environment_hook('bluerov2_control', 'cmake_prefix_path')
[3.664s] INFO:colcon.colcon_core.shell:Creating environment hook '/mnt/ros_ws/install/bluerov2_control/share/bluerov2_control/hook/cmake_prefix_path.ps1'
[3.664s] INFO:colcon.colcon_core.shell:Creating environment descriptor '/mnt/ros_ws/install/bluerov2_control/share/bluerov2_control/hook/cmake_prefix_path.dsv'
[3.664s] INFO:colcon.colcon_core.shell:Creating environment hook '/mnt/ros_ws/install/bluerov2_control/share/bluerov2_control/hook/cmake_prefix_path.sh'
[3.664s] Level 1:colcon.colcon_core.environment:checking '/mnt/ros_ws/install/bluerov2_control/bin'
[3.664s] Level 1:colcon.colcon_core.environment:checking '/mnt/ros_ws/install/bluerov2_control/lib/pkgconfig/bluerov2_control.pc'
[3.665s] Level 1:colcon.colcon_core.environment:checking '/mnt/ros_ws/install/bluerov2_control/lib/python3.10/site-packages'
[3.665s] Level 1:colcon.colcon_core.environment:checking '/mnt/ros_ws/install/bluerov2_control/bin'
[3.665s] INFO:colcon.colcon_core.shell:Creating package script '/mnt/ros_ws/install/bluerov2_control/share/bluerov2_control/package.ps1'
[3.665s] INFO:colcon.colcon_core.shell:Creating package descriptor '/mnt/ros_ws/install/bluerov2_control/share/bluerov2_control/package.dsv'
[3.665s] INFO:colcon.colcon_core.shell:Creating package script '/mnt/ros_ws/install/bluerov2_control/share/bluerov2_control/package.sh'
[3.665s] INFO:colcon.colcon_core.shell:Creating package script '/mnt/ros_ws/install/bluerov2_control/share/bluerov2_control/package.bash'
[3.665s] INFO:colcon.colcon_core.shell:Creating package script '/mnt/ros_ws/install/bluerov2_control/share/bluerov2_control/package.zsh'
[3.666s] Level 1:colcon.colcon_core.environment:create_file_with_runtime_dependencies(/mnt/ros_ws/install/bluerov2_control/share/colcon-core/packages/bluerov2_control)
[3.666s] Level 1:colcon.colcon_core.environment:create_environment_scripts_only(bluerov2_control)
[3.666s] Level 1:colcon.colcon_core.environment:checking '/mnt/ros_ws/install/bluerov2_control' for CMake module files
[3.666s] Level 1:colcon.colcon_core.environment:checking '/mnt/ros_ws/install/bluerov2_control' for CMake config files
[3.666s] Level 1:colcon.colcon_core.shell:create_environment_hook('bluerov2_control', 'cmake_prefix_path')
[3.666s] INFO:colcon.colcon_core.shell:Creating environment hook '/mnt/ros_ws/install/bluerov2_control/share/bluerov2_control/hook/cmake_prefix_path.ps1'
[3.666s] INFO:colcon.colcon_core.shell:Creating environment descriptor '/mnt/ros_ws/install/bluerov2_control/share/bluerov2_control/hook/cmake_prefix_path.dsv'
[3.667s] INFO:colcon.colcon_core.shell:Creating environment hook '/mnt/ros_ws/install/bluerov2_control/share/bluerov2_control/hook/cmake_prefix_path.sh'
[3.667s] Level 1:colcon.colcon_core.environment:checking '/mnt/ros_ws/install/bluerov2_control/bin'
[3.667s] Level 1:colcon.colcon_core.environment:checking '/mnt/ros_ws/install/bluerov2_control/lib/pkgconfig/bluerov2_control.pc'
[3.667s] Level 1:colcon.colcon_core.environment:checking '/mnt/ros_ws/install/bluerov2_control/lib/python3.10/site-packages'
[3.667s] Level 1:colcon.colcon_core.environment:checking '/mnt/ros_ws/install/bluerov2_control/bin'
[3.667s] INFO:colcon.colcon_core.shell:Creating package script '/mnt/ros_ws/install/bluerov2_control/share/bluerov2_control/package.ps1'
[3.667s] INFO:colcon.colcon_core.shell:Creating package descriptor '/mnt/ros_ws/install/bluerov2_control/share/bluerov2_control/package.dsv'
[3.668s] INFO:colcon.colcon_core.shell:Creating package script '/mnt/ros_ws/install/bluerov2_control/share/bluerov2_control/package.sh'
[3.668s] INFO:colcon.colcon_core.shell:Creating package script '/mnt/ros_ws/install/bluerov2_control/share/bluerov2_control/package.bash'
[3.668s] INFO:colcon.colcon_core.shell:Creating package script '/mnt/ros_ws/install/bluerov2_control/share/bluerov2_control/package.zsh'
[3.668s] Level 1:colcon.colcon_core.environment:create_file_with_runtime_dependencies(/mnt/ros_ws/install/bluerov2_control/share/colcon-core/packages/bluerov2_control)
[3.668s] DEBUG:colcon.colcon_parallel_executor.executor.parallel:closing loop
[3.668s] DEBUG:colcon.colcon_parallel_executor.executor.parallel:loop closed
[3.668s] DEBUG:colcon.colcon_parallel_executor.executor.parallel:run_until_complete finished with '0'
[3.668s] DEBUG:colcon.colcon_core.event_reactor:joining thread
[3.671s] INFO:colcon.colcon_core.plugin_system:Skipping extension 'colcon_notification.desktop_notification.notify_send': Could not find 'notify-send'
[3.671s] INFO:colcon.colcon_core.plugin_system:Skipping extension 'colcon_notification.desktop_notification.terminal_notifier': Not used on non-Darwin systems
[3.671s] INFO:colcon.colcon_core.plugin_system:Skipping extension 'colcon_notification.desktop_notification.win32': Not used on non-Windows systems
[3.671s] INFO:colcon.colcon_notification.desktop_notification:Sending desktop notification using 'notify2'
[3.673s] DEBUG:colcon.colcon_notification.desktop_notification.notify2:Failed to initialize notify2: org.freedesktop.DBus.Error.Spawn.ExecFailed: /usr/bin/dbus-launch terminated abnormally without any error message
[3.673s] DEBUG:colcon.colcon_core.event_reactor:joined thread
[3.673s] INFO:colcon.colcon_core.shell:Creating prefix script '/mnt/ros_ws/install/local_setup.ps1'
[3.674s] INFO:colcon.colcon_core.shell:Creating prefix util module '/mnt/ros_ws/install/_local_setup_util_ps1.py'
[3.674s] INFO:colcon.colcon_core.shell:Creating prefix chain script '/mnt/ros_ws/install/setup.ps1'
[3.675s] INFO:colcon.colcon_core.shell:Creating prefix script '/mnt/ros_ws/install/local_setup.sh'
[3.675s] INFO:colcon.colcon_core.shell:Creating prefix util module '/mnt/ros_ws/install/_local_setup_util_sh.py'
[3.675s] INFO:colcon.colcon_core.shell:Creating prefix chain script '/mnt/ros_ws/install/setup.sh'
[3.676s] INFO:colcon.colcon_core.shell:Creating prefix script '/mnt/ros_ws/install/local_setup.bash'
[3.676s] INFO:colcon.colcon_core.shell:Creating prefix chain script '/mnt/ros_ws/install/setup.bash'
[3.677s] INFO:colcon.colcon_core.shell:Creating prefix script '/mnt/ros_ws/install/local_setup.zsh'
[3.677s] INFO:colcon.colcon_core.shell:Creating prefix chain script '/mnt/ros_ws/install/setup.zsh'
