[0.047s] DEBUG:colcon:Command line arguments: ['/usr/bin/colcon', 'build']
[0.047s] DEBUG:colcon:Parsed command line arguments: Namespace(log_base=None, log_level=None, verb_name='build', build_base='build', install_base='install', merge_install=False, symlink_install=False, test_result_base=None, continue_on_error=False, executor='parallel', parallel_workers=20, event_handlers=None, ignore_user_meta=False, metas=['./colcon.meta'], base_paths=['.'], packages_ignore=None, packages_ignore_regex=None, paths=None, packages_up_to=None, packages_up_to_regex=None, packages_above=None, packages_above_and_dependencies=None, packages_above_depth=None, packages_select_by_dep=None, packages_skip_by_dep=None, packages_skip_up_to=None, packages_select_build_failed=False, packages_skip_build_finished=False, packages_select_test_failures=False, packages_skip_test_passed=False, packages_select=None, packages_skip=None, packages_select_regex=None, packages_skip_regex=None, packages_start=None, packages_end=None, cmake_args=None, cmake_target=None, cmake_target_skip_unavailable=False, cmake_clean_cache=False, cmake_clean_first=False, cmake_force_configure=False, ament_cmake_args=None, catkin_cmake_args=None, catkin_skip_building_tests=False, mixin_files=None, mixin=None, verb_parser=<colcon_mixin.mixin.mixin_argument.MixinArgumentDecorator object at 0x748484fb3550>, verb_extension=<colcon_core.verb.build.BuildVerb object at 0x748484fb2fe0>, main=<bound method BuildVerb.main of <colcon_core.verb.build.BuildVerb object at 0x748484fb2fe0>>, mixin_verb=('build',))
[0.107s] Level 1:colcon.colcon_core.package_discovery:discover_packages(colcon_meta) check parameters
[0.107s] Level 1:colcon.colcon_core.package_discovery:discover_packages(recursive) check parameters
[0.108s] Level 1:colcon.colcon_core.package_discovery:discover_packages(ignore) check parameters
[0.108s] Level 1:colcon.colcon_core.package_discovery:discover_packages(path) check parameters
[0.108s] Level 1:colcon.colcon_core.package_discovery:discover_packages(colcon_meta) discover
[0.108s] Level 1:colcon.colcon_core.package_discovery:discover_packages(recursive) discover
[0.108s] INFO:colcon.colcon_core.package_discovery:Crawling recursively for packages in '/mnt/ros_ws'
[0.108s] Level 1:colcon.colcon_core.package_identification:_identify(.) by extensions ['ignore', 'ignore_ament_install']
[0.108s] Level 1:colcon.colcon_core.package_identification:_identify(.) by extension 'ignore'
[0.108s] Level 1:colcon.colcon_core.package_identification:_identify(.) by extension 'ignore_ament_install'
[0.108s] Level 1:colcon.colcon_core.package_identification:_identify(.) by extensions ['colcon_pkg']
[0.108s] Level 1:colcon.colcon_core.package_identification:_identify(.) by extension 'colcon_pkg'
[0.108s] Level 1:colcon.colcon_core.package_identification:_identify(.) by extensions ['colcon_meta']
[0.108s] Level 1:colcon.colcon_core.package_identification:_identify(.) by extension 'colcon_meta'
[0.108s] Level 1:colcon.colcon_core.package_identification:_identify(.) by extensions ['ros']
[0.108s] Level 1:colcon.colcon_core.package_identification:_identify(.) by extension 'ros'
[0.113s] Level 1:colcon.colcon_core.package_identification:_identify(.) by extensions ['cmake', 'python']
[0.113s] Level 1:colcon.colcon_core.package_identification:_identify(.) by extension 'cmake'
[0.113s] Level 1:colcon.colcon_core.package_identification:_identify(.) by extension 'python'
[0.113s] Level 1:colcon.colcon_core.package_identification:_identify(.) by extensions ['python_setup_py']
[0.113s] Level 1:colcon.colcon_core.package_identification:_identify(.) by extension 'python_setup_py'
[0.113s] Level 1:colcon.colcon_core.package_identification:_identify(build) by extensions ['ignore', 'ignore_ament_install']
[0.114s] Level 1:colcon.colcon_core.package_identification:_identify(build) by extension 'ignore'
[0.114s] Level 1:colcon.colcon_core.package_identification:_identify(build) ignored
[0.114s] Level 1:colcon.colcon_core.package_identification:_identify(install) by extensions ['ignore', 'ignore_ament_install']
[0.114s] Level 1:colcon.colcon_core.package_identification:_identify(install) by extension 'ignore'
[0.114s] Level 1:colcon.colcon_core.package_identification:_identify(install) ignored
[0.114s] Level 1:colcon.colcon_core.package_identification:_identify(log) by extensions ['ignore', 'ignore_ament_install']
[0.114s] Level 1:colcon.colcon_core.package_identification:_identify(log) by extension 'ignore'
[0.114s] Level 1:colcon.colcon_core.package_identification:_identify(log) ignored
[0.114s] Level 1:colcon.colcon_core.package_identification:_identify(src) by extensions ['ignore', 'ignore_ament_install']
[0.114s] Level 1:colcon.colcon_core.package_identification:_identify(src) by extension 'ignore'
[0.114s] Level 1:colcon.colcon_core.package_identification:_identify(src) by extension 'ignore_ament_install'
[0.114s] Level 1:colcon.colcon_core.package_identification:_identify(src) by extensions ['colcon_pkg']
[0.114s] Level 1:colcon.colcon_core.package_identification:_identify(src) by extension 'colcon_pkg'
[0.114s] Level 1:colcon.colcon_core.package_identification:_identify(src) by extensions ['colcon_meta']
[0.114s] Level 1:colcon.colcon_core.package_identification:_identify(src) by extension 'colcon_meta'
[0.114s] Level 1:colcon.colcon_core.package_identification:_identify(src) by extensions ['ros']
[0.114s] Level 1:colcon.colcon_core.package_identification:_identify(src) by extension 'ros'
[0.114s] Level 1:colcon.colcon_core.package_identification:_identify(src) by extensions ['cmake', 'python']
[0.114s] Level 1:colcon.colcon_core.package_identification:_identify(src) by extension 'cmake'
[0.114s] Level 1:colcon.colcon_core.package_identification:_identify(src) by extension 'python'
[0.114s] Level 1:colcon.colcon_core.package_identification:_identify(src) by extensions ['python_setup_py']
[0.114s] Level 1:colcon.colcon_core.package_identification:_identify(src) by extension 'python_setup_py'
[0.114s] Level 1:colcon.colcon_core.package_identification:_identify(src/auv_control) by extensions ['ignore', 'ignore_ament_install']
[0.114s] Level 1:colcon.colcon_core.package_identification:_identify(src/auv_control) by extension 'ignore'
[0.114s] Level 1:colcon.colcon_core.package_identification:_identify(src/auv_control) by extension 'ignore_ament_install'
[0.114s] Level 1:colcon.colcon_core.package_identification:_identify(src/auv_control) by extensions ['colcon_pkg']
[0.114s] Level 1:colcon.colcon_core.package_identification:_identify(src/auv_control) by extension 'colcon_pkg'
[0.114s] Level 1:colcon.colcon_core.package_identification:_identify(src/auv_control) by extensions ['colcon_meta']
[0.114s] Level 1:colcon.colcon_core.package_identification:_identify(src/auv_control) by extension 'colcon_meta'
[0.114s] Level 1:colcon.colcon_core.package_identification:_identify(src/auv_control) by extensions ['ros']
[0.114s] Level 1:colcon.colcon_core.package_identification:_identify(src/auv_control) by extension 'ros'
[0.115s] DEBUG:colcon.colcon_core.package_identification:Package 'src/auv_control' with type 'ros.ament_cmake' and name 'auv_control'
[0.115s] Level 1:colcon.colcon_core.package_identification:_identify(src/bluerov2_control) by extensions ['ignore', 'ignore_ament_install']
[0.116s] Level 1:colcon.colcon_core.package_identification:_identify(src/bluerov2_control) by extension 'ignore'
[0.116s] Level 1:colcon.colcon_core.package_identification:_identify(src/bluerov2_control) by extension 'ignore_ament_install'
[0.116s] Level 1:colcon.colcon_core.package_identification:_identify(src/bluerov2_control) by extensions ['colcon_pkg']
[0.116s] Level 1:colcon.colcon_core.package_identification:_identify(src/bluerov2_control) by extension 'colcon_pkg'
[0.116s] Level 1:colcon.colcon_core.package_identification:_identify(src/bluerov2_control) by extensions ['colcon_meta']
[0.116s] Level 1:colcon.colcon_core.package_identification:_identify(src/bluerov2_control) by extension 'colcon_meta'
[0.116s] Level 1:colcon.colcon_core.package_identification:_identify(src/bluerov2_control) by extensions ['ros']
[0.116s] Level 1:colcon.colcon_core.package_identification:_identify(src/bluerov2_control) by extension 'ros'
[0.116s] DEBUG:colcon.colcon_core.package_identification:Package 'src/bluerov2_control' with type 'ros.ament_cmake' and name 'bluerov2_control'
[0.116s] Level 1:colcon.colcon_core.package_identification:_identify(src/bluerov2_description) by extensions ['ignore', 'ignore_ament_install']
[0.116s] Level 1:colcon.colcon_core.package_identification:_identify(src/bluerov2_description) by extension 'ignore'
[0.116s] Level 1:colcon.colcon_core.package_identification:_identify(src/bluerov2_description) by extension 'ignore_ament_install'
[0.116s] Level 1:colcon.colcon_core.package_identification:_identify(src/bluerov2_description) by extensions ['colcon_pkg']
[0.116s] Level 1:colcon.colcon_core.package_identification:_identify(src/bluerov2_description) by extension 'colcon_pkg'
[0.116s] Level 1:colcon.colcon_core.package_identification:_identify(src/bluerov2_description) by extensions ['colcon_meta']
[0.116s] Level 1:colcon.colcon_core.package_identification:_identify(src/bluerov2_description) by extension 'colcon_meta'
[0.116s] Level 1:colcon.colcon_core.package_identification:_identify(src/bluerov2_description) by extensions ['ros']
[0.116s] Level 1:colcon.colcon_core.package_identification:_identify(src/bluerov2_description) by extension 'ros'
[0.116s] DEBUG:colcon.colcon_core.package_identification:Package 'src/bluerov2_description' with type 'ros.ament_cmake' and name 'bluerov2_description'
[0.116s] Level 1:colcon.colcon_core.package_identification:_identify(src/pose_to_tf) by extensions ['ignore', 'ignore_ament_install']
[0.116s] Level 1:colcon.colcon_core.package_identification:_identify(src/pose_to_tf) by extension 'ignore'
[0.116s] Level 1:colcon.colcon_core.package_identification:_identify(src/pose_to_tf) by extension 'ignore_ament_install'
[0.116s] Level 1:colcon.colcon_core.package_identification:_identify(src/pose_to_tf) by extensions ['colcon_pkg']
[0.116s] Level 1:colcon.colcon_core.package_identification:_identify(src/pose_to_tf) by extension 'colcon_pkg'
[0.116s] Level 1:colcon.colcon_core.package_identification:_identify(src/pose_to_tf) by extensions ['colcon_meta']
[0.116s] Level 1:colcon.colcon_core.package_identification:_identify(src/pose_to_tf) by extension 'colcon_meta'
[0.117s] Level 1:colcon.colcon_core.package_identification:_identify(src/pose_to_tf) by extensions ['ros']
[0.117s] Level 1:colcon.colcon_core.package_identification:_identify(src/pose_to_tf) by extension 'ros'
[0.117s] DEBUG:colcon.colcon_core.package_identification:Package 'src/pose_to_tf' with type 'ros.ament_cmake' and name 'pose_to_tf'
[0.117s] Level 1:colcon.colcon_core.package_identification:_identify(src/simple_launch) by extensions ['ignore', 'ignore_ament_install']
[0.117s] Level 1:colcon.colcon_core.package_identification:_identify(src/simple_launch) by extension 'ignore'
[0.117s] Level 1:colcon.colcon_core.package_identification:_identify(src/simple_launch) by extension 'ignore_ament_install'
[0.117s] Level 1:colcon.colcon_core.package_identification:_identify(src/simple_launch) by extensions ['colcon_pkg']
[0.117s] Level 1:colcon.colcon_core.package_identification:_identify(src/simple_launch) by extension 'colcon_pkg'
[0.117s] Level 1:colcon.colcon_core.package_identification:_identify(src/simple_launch) by extensions ['colcon_meta']
[0.117s] Level 1:colcon.colcon_core.package_identification:_identify(src/simple_launch) by extension 'colcon_meta'
[0.117s] Level 1:colcon.colcon_core.package_identification:_identify(src/simple_launch) by extensions ['ros']
[0.117s] Level 1:colcon.colcon_core.package_identification:_identify(src/simple_launch) by extension 'ros'
[0.117s] DEBUG:colcon.colcon_core.package_identification:Package 'src/simple_launch' with type 'ros.ament_cmake' and name 'simple_launch'
[0.117s] Level 1:colcon.colcon_core.package_identification:_identify(src/thruster_manager) by extensions ['ignore', 'ignore_ament_install']
[0.117s] Level 1:colcon.colcon_core.package_identification:_identify(src/thruster_manager) by extension 'ignore'
[0.117s] Level 1:colcon.colcon_core.package_identification:_identify(src/thruster_manager) by extension 'ignore_ament_install'
[0.117s] Level 1:colcon.colcon_core.package_identification:_identify(src/thruster_manager) by extensions ['colcon_pkg']
[0.117s] Level 1:colcon.colcon_core.package_identification:_identify(src/thruster_manager) by extension 'colcon_pkg'
[0.118s] Level 1:colcon.colcon_core.package_identification:_identify(src/thruster_manager) by extensions ['colcon_meta']
[0.118s] Level 1:colcon.colcon_core.package_identification:_identify(src/thruster_manager) by extension 'colcon_meta'
[0.118s] Level 1:colcon.colcon_core.package_identification:_identify(src/thruster_manager) by extensions ['ros']
[0.118s] Level 1:colcon.colcon_core.package_identification:_identify(src/thruster_manager) by extension 'ros'
[0.118s] DEBUG:colcon.colcon_core.package_identification:Package 'src/thruster_manager' with type 'ros.ament_cmake' and name 'thruster_manager'
[0.118s] Level 1:colcon.colcon_core.package_discovery:discover_packages(recursive) using defaults
[0.118s] Level 1:colcon.colcon_core.package_discovery:discover_packages(ignore) discover
[0.118s] Level 1:colcon.colcon_core.package_discovery:discover_packages(ignore) using defaults
[0.118s] Level 1:colcon.colcon_core.package_discovery:discover_packages(path) discover
[0.118s] Level 1:colcon.colcon_core.package_discovery:discover_packages(path) using defaults
[0.128s] Level 5:colcon.colcon_core.verb:set package 'bluerov2_description' build argument 'cmake_args' from command line to 'None'
[0.128s] Level 5:colcon.colcon_core.verb:set package 'bluerov2_description' build argument 'cmake_target' from command line to 'None'
[0.128s] Level 5:colcon.colcon_core.verb:set package 'bluerov2_description' build argument 'cmake_target_skip_unavailable' from command line to 'False'
[0.128s] Level 5:colcon.colcon_core.verb:set package 'bluerov2_description' build argument 'cmake_clean_cache' from command line to 'False'
[0.128s] Level 5:colcon.colcon_core.verb:set package 'bluerov2_description' build argument 'cmake_clean_first' from command line to 'False'
[0.128s] Level 5:colcon.colcon_core.verb:set package 'bluerov2_description' build argument 'cmake_force_configure' from command line to 'False'
[0.128s] Level 5:colcon.colcon_core.verb:set package 'bluerov2_description' build argument 'ament_cmake_args' from command line to 'None'
[0.128s] Level 5:colcon.colcon_core.verb:set package 'bluerov2_description' build argument 'catkin_cmake_args' from command line to 'None'
[0.128s] Level 5:colcon.colcon_core.verb:set package 'bluerov2_description' build argument 'catkin_skip_building_tests' from command line to 'False'
[0.128s] DEBUG:colcon.colcon_core.verb:Building package 'bluerov2_description' with the following arguments: {'ament_cmake_args': None, 'build_base': '/mnt/ros_ws/build/bluerov2_description', 'catkin_cmake_args': None, 'catkin_skip_building_tests': False, 'cmake_args': None, 'cmake_clean_cache': False, 'cmake_clean_first': False, 'cmake_force_configure': False, 'cmake_target': None, 'cmake_target_skip_unavailable': False, 'install_base': '/mnt/ros_ws/install/bluerov2_description', 'merge_install': False, 'path': '/mnt/ros_ws/src/bluerov2_description', 'symlink_install': False, 'test_result_base': None}
[0.128s] Level 5:colcon.colcon_core.verb:set package 'pose_to_tf' build argument 'cmake_args' from command line to 'None'
[0.128s] Level 5:colcon.colcon_core.verb:set package 'pose_to_tf' build argument 'cmake_target' from command line to 'None'
[0.128s] Level 5:colcon.colcon_core.verb:set package 'pose_to_tf' build argument 'cmake_target_skip_unavailable' from command line to 'False'
[0.128s] Level 5:colcon.colcon_core.verb:set package 'pose_to_tf' build argument 'cmake_clean_cache' from command line to 'False'
[0.128s] Level 5:colcon.colcon_core.verb:set package 'pose_to_tf' build argument 'cmake_clean_first' from command line to 'False'
[0.128s] Level 5:colcon.colcon_core.verb:set package 'pose_to_tf' build argument 'cmake_force_configure' from command line to 'False'
[0.128s] Level 5:colcon.colcon_core.verb:set package 'pose_to_tf' build argument 'ament_cmake_args' from command line to 'None'
[0.128s] Level 5:colcon.colcon_core.verb:set package 'pose_to_tf' build argument 'catkin_cmake_args' from command line to 'None'
[0.128s] Level 5:colcon.colcon_core.verb:set package 'pose_to_tf' build argument 'catkin_skip_building_tests' from command line to 'False'
[0.128s] DEBUG:colcon.colcon_core.verb:Building package 'pose_to_tf' with the following arguments: {'ament_cmake_args': None, 'build_base': '/mnt/ros_ws/build/pose_to_tf', 'catkin_cmake_args': None, 'catkin_skip_building_tests': False, 'cmake_args': None, 'cmake_clean_cache': False, 'cmake_clean_first': False, 'cmake_force_configure': False, 'cmake_target': None, 'cmake_target_skip_unavailable': False, 'install_base': '/mnt/ros_ws/install/pose_to_tf', 'merge_install': False, 'path': '/mnt/ros_ws/src/pose_to_tf', 'symlink_install': False, 'test_result_base': None}
[0.128s] Level 5:colcon.colcon_core.verb:set package 'simple_launch' build argument 'cmake_args' from command line to 'None'
[0.128s] Level 5:colcon.colcon_core.verb:set package 'simple_launch' build argument 'cmake_target' from command line to 'None'
[0.128s] Level 5:colcon.colcon_core.verb:set package 'simple_launch' build argument 'cmake_target_skip_unavailable' from command line to 'False'
[0.128s] Level 5:colcon.colcon_core.verb:set package 'simple_launch' build argument 'cmake_clean_cache' from command line to 'False'
[0.128s] Level 5:colcon.colcon_core.verb:set package 'simple_launch' build argument 'cmake_clean_first' from command line to 'False'
[0.128s] Level 5:colcon.colcon_core.verb:set package 'simple_launch' build argument 'cmake_force_configure' from command line to 'False'
[0.128s] Level 5:colcon.colcon_core.verb:set package 'simple_launch' build argument 'ament_cmake_args' from command line to 'None'
[0.128s] Level 5:colcon.colcon_core.verb:set package 'simple_launch' build argument 'catkin_cmake_args' from command line to 'None'
[0.128s] Level 5:colcon.colcon_core.verb:set package 'simple_launch' build argument 'catkin_skip_building_tests' from command line to 'False'
[0.128s] DEBUG:colcon.colcon_core.verb:Building package 'simple_launch' with the following arguments: {'ament_cmake_args': None, 'build_base': '/mnt/ros_ws/build/simple_launch', 'catkin_cmake_args': None, 'catkin_skip_building_tests': False, 'cmake_args': None, 'cmake_clean_cache': False, 'cmake_clean_first': False, 'cmake_force_configure': False, 'cmake_target': None, 'cmake_target_skip_unavailable': False, 'install_base': '/mnt/ros_ws/install/simple_launch', 'merge_install': False, 'path': '/mnt/ros_ws/src/simple_launch', 'symlink_install': False, 'test_result_base': None}
[0.128s] Level 5:colcon.colcon_core.verb:set package 'thruster_manager' build argument 'cmake_args' from command line to 'None'
[0.128s] Level 5:colcon.colcon_core.verb:set package 'thruster_manager' build argument 'cmake_target' from command line to 'None'
[0.128s] Level 5:colcon.colcon_core.verb:set package 'thruster_manager' build argument 'cmake_target_skip_unavailable' from command line to 'False'
[0.128s] Level 5:colcon.colcon_core.verb:set package 'thruster_manager' build argument 'cmake_clean_cache' from command line to 'False'
[0.128s] Level 5:colcon.colcon_core.verb:set package 'thruster_manager' build argument 'cmake_clean_first' from command line to 'False'
[0.128s] Level 5:colcon.colcon_core.verb:set package 'thruster_manager' build argument 'cmake_force_configure' from command line to 'False'
[0.128s] Level 5:colcon.colcon_core.verb:set package 'thruster_manager' build argument 'ament_cmake_args' from command line to 'None'
[0.128s] Level 5:colcon.colcon_core.verb:set package 'thruster_manager' build argument 'catkin_cmake_args' from command line to 'None'
[0.128s] Level 5:colcon.colcon_core.verb:set package 'thruster_manager' build argument 'catkin_skip_building_tests' from command line to 'False'
[0.128s] DEBUG:colcon.colcon_core.verb:Building package 'thruster_manager' with the following arguments: {'ament_cmake_args': None, 'build_base': '/mnt/ros_ws/build/thruster_manager', 'catkin_cmake_args': None, 'catkin_skip_building_tests': False, 'cmake_args': None, 'cmake_clean_cache': False, 'cmake_clean_first': False, 'cmake_force_configure': False, 'cmake_target': None, 'cmake_target_skip_unavailable': False, 'install_base': '/mnt/ros_ws/install/thruster_manager', 'merge_install': False, 'path': '/mnt/ros_ws/src/thruster_manager', 'symlink_install': False, 'test_result_base': None}
[0.129s] Level 5:colcon.colcon_core.verb:set package 'auv_control' build argument 'cmake_args' from command line to 'None'
[0.129s] Level 5:colcon.colcon_core.verb:set package 'auv_control' build argument 'cmake_target' from command line to 'None'
[0.129s] Level 5:colcon.colcon_core.verb:set package 'auv_control' build argument 'cmake_target_skip_unavailable' from command line to 'False'
[0.129s] Level 5:colcon.colcon_core.verb:set package 'auv_control' build argument 'cmake_clean_cache' from command line to 'False'
[0.129s] Level 5:colcon.colcon_core.verb:set package 'auv_control' build argument 'cmake_clean_first' from command line to 'False'
[0.129s] Level 5:colcon.colcon_core.verb:set package 'auv_control' build argument 'cmake_force_configure' from command line to 'False'
[0.129s] Level 5:colcon.colcon_core.verb:set package 'auv_control' build argument 'ament_cmake_args' from command line to 'None'
[0.129s] Level 5:colcon.colcon_core.verb:set package 'auv_control' build argument 'catkin_cmake_args' from command line to 'None'
[0.129s] Level 5:colcon.colcon_core.verb:set package 'auv_control' build argument 'catkin_skip_building_tests' from command line to 'False'
[0.129s] DEBUG:colcon.colcon_core.verb:Building package 'auv_control' with the following arguments: {'ament_cmake_args': None, 'build_base': '/mnt/ros_ws/build/auv_control', 'catkin_cmake_args': None, 'catkin_skip_building_tests': False, 'cmake_args': None, 'cmake_clean_cache': False, 'cmake_clean_first': False, 'cmake_force_configure': False, 'cmake_target': None, 'cmake_target_skip_unavailable': False, 'install_base': '/mnt/ros_ws/install/auv_control', 'merge_install': False, 'path': '/mnt/ros_ws/src/auv_control', 'symlink_install': False, 'test_result_base': None}
[0.129s] Level 5:colcon.colcon_core.verb:set package 'bluerov2_control' build argument 'cmake_args' from command line to 'None'
[0.129s] Level 5:colcon.colcon_core.verb:set package 'bluerov2_control' build argument 'cmake_target' from command line to 'None'
[0.129s] Level 5:colcon.colcon_core.verb:set package 'bluerov2_control' build argument 'cmake_target_skip_unavailable' from command line to 'False'
[0.129s] Level 5:colcon.colcon_core.verb:set package 'bluerov2_control' build argument 'cmake_clean_cache' from command line to 'False'
[0.129s] Level 5:colcon.colcon_core.verb:set package 'bluerov2_control' build argument 'cmake_clean_first' from command line to 'False'
[0.129s] Level 5:colcon.colcon_core.verb:set package 'bluerov2_control' build argument 'cmake_force_configure' from command line to 'False'
[0.129s] Level 5:colcon.colcon_core.verb:set package 'bluerov2_control' build argument 'ament_cmake_args' from command line to 'None'
[0.129s] Level 5:colcon.colcon_core.verb:set package 'bluerov2_control' build argument 'catkin_cmake_args' from command line to 'None'
[0.129s] Level 5:colcon.colcon_core.verb:set package 'bluerov2_control' build argument 'catkin_skip_building_tests' from command line to 'False'
[0.129s] DEBUG:colcon.colcon_core.verb:Building package 'bluerov2_control' with the following arguments: {'ament_cmake_args': None, 'build_base': '/mnt/ros_ws/build/bluerov2_control', 'catkin_cmake_args': None, 'catkin_skip_building_tests': False, 'cmake_args': None, 'cmake_clean_cache': False, 'cmake_clean_first': False, 'cmake_force_configure': False, 'cmake_target': None, 'cmake_target_skip_unavailable': False, 'install_base': '/mnt/ros_ws/install/bluerov2_control', 'merge_install': False, 'path': '/mnt/ros_ws/src/bluerov2_control', 'symlink_install': False, 'test_result_base': None}
[0.129s] INFO:colcon.colcon_core.executor:Executing jobs using 'parallel' executor
[0.130s] DEBUG:colcon.colcon_parallel_executor.executor.parallel:run_until_complete
[0.130s] INFO:colcon.colcon_ros.task.ament_cmake.build:Building ROS package in '/mnt/ros_ws/src/thruster_manager' with build type 'ament_cmake'
[0.130s] INFO:colcon.colcon_cmake.task.cmake.build:Building CMake package in '/mnt/ros_ws/src/thruster_manager'
[0.131s] INFO:colcon.colcon_core.plugin_system:Skipping extension 'colcon_core.shell.bat': Not used on non-Windows systems
[0.131s] INFO:colcon.colcon_core.shell:Skip shell extension 'powershell' for command environment: Not usable outside of PowerShell
[0.131s] DEBUG:colcon.colcon_core.shell:Skip shell extension 'dsv' for command environment
[0.133s] INFO:colcon.colcon_ros.task.ament_cmake.build:Building ROS package in '/mnt/ros_ws/src/bluerov2_description' with build type 'ament_cmake'
[0.133s] INFO:colcon.colcon_cmake.task.cmake.build:Building CMake package in '/mnt/ros_ws/src/bluerov2_description'
[0.133s] INFO:colcon.colcon_core.shell:Skip shell extension 'powershell' for command environment: Not usable outside of PowerShell
[0.133s] DEBUG:colcon.colcon_core.shell:Skip shell extension 'dsv' for command environment
[0.135s] INFO:colcon.colcon_ros.task.ament_cmake.build:Building ROS package in '/mnt/ros_ws/src/pose_to_tf' with build type 'ament_cmake'
[0.135s] INFO:colcon.colcon_cmake.task.cmake.build:Building CMake package in '/mnt/ros_ws/src/pose_to_tf'
[0.135s] INFO:colcon.colcon_core.shell:Skip shell extension 'powershell' for command environment: Not usable outside of PowerShell
[0.135s] DEBUG:colcon.colcon_core.shell:Skip shell extension 'dsv' for command environment
[0.136s] INFO:colcon.colcon_ros.task.ament_cmake.build:Building ROS package in '/mnt/ros_ws/src/simple_launch' with build type 'ament_cmake'
[0.137s] INFO:colcon.colcon_cmake.task.cmake.build:Building CMake package in '/mnt/ros_ws/src/simple_launch'
[0.137s] INFO:colcon.colcon_core.shell:Skip shell extension 'powershell' for command environment: Not usable outside of PowerShell
[0.137s] DEBUG:colcon.colcon_core.shell:Skip shell extension 'dsv' for command environment
[0.140s] DEBUG:colcon.colcon_core.event_handler.log_command:Invoking command in '/mnt/ros_ws/build/thruster_manager': CMAKE_PREFIX_PATH=${CMAKE_PREFIX_PATH}:/opt/ros/humble /usr/bin/cmake --build /mnt/ros_ws/build/thruster_manager -- -j20 -l20
[0.141s] DEBUG:colcon.colcon_core.event_handler.log_command:Invoking command in '/mnt/ros_ws/build/bluerov2_description': CMAKE_PREFIX_PATH=${CMAKE_PREFIX_PATH}:/opt/ros/humble /usr/bin/cmake --build /mnt/ros_ws/build/bluerov2_description -- -j20 -l20
[0.142s] DEBUG:colcon.colcon_core.event_handler.log_command:Invoking command in '/mnt/ros_ws/build/pose_to_tf': CMAKE_PREFIX_PATH=${CMAKE_PREFIX_PATH}:/opt/ros/humble /usr/bin/cmake --build /mnt/ros_ws/build/pose_to_tf -- -j20 -l20
[0.145s] DEBUG:colcon.colcon_core.event_handler.log_command:Invoking command in '/mnt/ros_ws/build/simple_launch': CMAKE_PREFIX_PATH=${CMAKE_PREFIX_PATH}:/opt/ros/humble /usr/bin/cmake --build /mnt/ros_ws/build/simple_launch -- -j20 -l20
[0.165s] DEBUG:colcon.colcon_core.event_handler.log_command:Invoked command in '/mnt/ros_ws/build/bluerov2_description' returned '0': CMAKE_PREFIX_PATH=${CMAKE_PREFIX_PATH}:/opt/ros/humble /usr/bin/cmake --build /mnt/ros_ws/build/bluerov2_description -- -j20 -l20
[0.172s] DEBUG:colcon.colcon_core.event_handler.log_command:Invoking command in '/mnt/ros_ws/build/bluerov2_description': CMAKE_PREFIX_PATH=${CMAKE_PREFIX_PATH}:/opt/ros/humble /usr/bin/cmake --install /mnt/ros_ws/build/bluerov2_description
[0.177s] Level 1:colcon.colcon_core.environment:create_environment_scripts_only(bluerov2_description)
[0.178s] DEBUG:colcon.colcon_core.event_handler.log_command:Invoked command in '/mnt/ros_ws/build/bluerov2_description' returned '0': CMAKE_PREFIX_PATH=${CMAKE_PREFIX_PATH}:/opt/ros/humble /usr/bin/cmake --install /mnt/ros_ws/build/bluerov2_description
[0.179s] Level 1:colcon.colcon_core.environment:checking '/mnt/ros_ws/install/bluerov2_description' for CMake module files
[0.179s] Level 1:colcon.colcon_core.environment:checking '/mnt/ros_ws/install/bluerov2_description' for CMake config files
[0.180s] Level 1:colcon.colcon_core.shell:create_environment_hook('bluerov2_description', 'cmake_prefix_path')
[0.180s] INFO:colcon.colcon_core.shell:Creating environment hook '/mnt/ros_ws/install/bluerov2_description/share/bluerov2_description/hook/cmake_prefix_path.ps1'
[0.180s] INFO:colcon.colcon_core.shell:Creating environment descriptor '/mnt/ros_ws/install/bluerov2_description/share/bluerov2_description/hook/cmake_prefix_path.dsv'
[0.180s] INFO:colcon.colcon_core.shell:Creating environment hook '/mnt/ros_ws/install/bluerov2_description/share/bluerov2_description/hook/cmake_prefix_path.sh'
[0.181s] Level 1:colcon.colcon_core.environment:checking '/mnt/ros_ws/install/bluerov2_description/bin'
[0.181s] Level 1:colcon.colcon_core.environment:checking '/mnt/ros_ws/install/bluerov2_description/lib/pkgconfig/bluerov2_description.pc'
[0.182s] Level 1:colcon.colcon_core.environment:checking '/mnt/ros_ws/install/bluerov2_description/lib/python3.10/site-packages'
[0.182s] Level 1:colcon.colcon_core.environment:checking '/mnt/ros_ws/install/bluerov2_description/bin'
[0.182s] INFO:colcon.colcon_core.shell:Creating package script '/mnt/ros_ws/install/bluerov2_description/share/bluerov2_description/package.ps1'
[0.187s] INFO:colcon.colcon_core.shell:Creating package descriptor '/mnt/ros_ws/install/bluerov2_description/share/bluerov2_description/package.dsv'
[0.188s] INFO:colcon.colcon_core.shell:Creating package script '/mnt/ros_ws/install/bluerov2_description/share/bluerov2_description/package.sh'
[0.188s] INFO:colcon.colcon_core.shell:Creating package script '/mnt/ros_ws/install/bluerov2_description/share/bluerov2_description/package.bash'
[0.188s] INFO:colcon.colcon_core.shell:Creating package script '/mnt/ros_ws/install/bluerov2_description/share/bluerov2_description/package.zsh'
[0.188s] Level 1:colcon.colcon_core.environment:create_file_with_runtime_dependencies(/mnt/ros_ws/install/bluerov2_description/share/colcon-core/packages/bluerov2_description)
[0.189s] Level 1:colcon.colcon_core.environment:create_environment_scripts_only(bluerov2_description)
[0.189s] Level 1:colcon.colcon_core.environment:checking '/mnt/ros_ws/install/bluerov2_description' for CMake module files
[0.189s] Level 1:colcon.colcon_core.environment:checking '/mnt/ros_ws/install/bluerov2_description' for CMake config files
[0.189s] Level 1:colcon.colcon_core.shell:create_environment_hook('bluerov2_description', 'cmake_prefix_path')
[0.189s] INFO:colcon.colcon_core.shell:Creating environment hook '/mnt/ros_ws/install/bluerov2_description/share/bluerov2_description/hook/cmake_prefix_path.ps1'
[0.189s] INFO:colcon.colcon_core.shell:Creating environment descriptor '/mnt/ros_ws/install/bluerov2_description/share/bluerov2_description/hook/cmake_prefix_path.dsv'
[0.189s] INFO:colcon.colcon_core.shell:Creating environment hook '/mnt/ros_ws/install/bluerov2_description/share/bluerov2_description/hook/cmake_prefix_path.sh'
[0.190s] Level 1:colcon.colcon_core.environment:checking '/mnt/ros_ws/install/bluerov2_description/bin'
[0.190s] Level 1:colcon.colcon_core.environment:checking '/mnt/ros_ws/install/bluerov2_description/lib/pkgconfig/bluerov2_description.pc'
[0.190s] Level 1:colcon.colcon_core.environment:checking '/mnt/ros_ws/install/bluerov2_description/lib/python3.10/site-packages'
[0.190s] Level 1:colcon.colcon_core.environment:checking '/mnt/ros_ws/install/bluerov2_description/bin'
[0.190s] INFO:colcon.colcon_core.shell:Creating package script '/mnt/ros_ws/install/bluerov2_description/share/bluerov2_description/package.ps1'
[0.190s] INFO:colcon.colcon_core.shell:Creating package descriptor '/mnt/ros_ws/install/bluerov2_description/share/bluerov2_description/package.dsv'
[0.190s] INFO:colcon.colcon_core.shell:Creating package script '/mnt/ros_ws/install/bluerov2_description/share/bluerov2_description/package.sh'
[0.191s] INFO:colcon.colcon_core.shell:Creating package script '/mnt/ros_ws/install/bluerov2_description/share/bluerov2_description/package.bash'
[0.191s] INFO:colcon.colcon_core.shell:Creating package script '/mnt/ros_ws/install/bluerov2_description/share/bluerov2_description/package.zsh'
[0.191s] Level 1:colcon.colcon_core.environment:create_file_with_runtime_dependencies(/mnt/ros_ws/install/bluerov2_description/share/colcon-core/packages/bluerov2_description)
[0.192s] DEBUG:colcon.colcon_core.event_handler.log_command:Invoked command in '/mnt/ros_ws/build/pose_to_tf' returned '0': CMAKE_PREFIX_PATH=${CMAKE_PREFIX_PATH}:/opt/ros/humble /usr/bin/cmake --build /mnt/ros_ws/build/pose_to_tf -- -j20 -l20
[0.192s] DEBUG:colcon.colcon_core.event_handler.log_command:Invoking command in '/mnt/ros_ws/build/pose_to_tf': CMAKE_PREFIX_PATH=${CMAKE_PREFIX_PATH}:/opt/ros/humble /usr/bin/cmake --install /mnt/ros_ws/build/pose_to_tf
[0.197s] Level 1:colcon.colcon_core.environment:create_environment_scripts_only(pose_to_tf)
[0.198s] Level 1:colcon.colcon_core.environment:checking '/mnt/ros_ws/install/pose_to_tf' for CMake module files
[0.198s] DEBUG:colcon.colcon_core.event_handler.log_command:Invoked command in '/mnt/ros_ws/build/pose_to_tf' returned '0': CMAKE_PREFIX_PATH=${CMAKE_PREFIX_PATH}:/opt/ros/humble /usr/bin/cmake --install /mnt/ros_ws/build/pose_to_tf
[0.198s] Level 1:colcon.colcon_core.environment:checking '/mnt/ros_ws/install/pose_to_tf' for CMake config files
[0.198s] Level 1:colcon.colcon_core.shell:create_environment_hook('pose_to_tf', 'cmake_prefix_path')
[0.199s] INFO:colcon.colcon_core.shell:Creating environment hook '/mnt/ros_ws/install/pose_to_tf/share/pose_to_tf/hook/cmake_prefix_path.ps1'
[0.199s] INFO:colcon.colcon_core.shell:Creating environment descriptor '/mnt/ros_ws/install/pose_to_tf/share/pose_to_tf/hook/cmake_prefix_path.dsv'
[0.199s] INFO:colcon.colcon_core.shell:Creating environment hook '/mnt/ros_ws/install/pose_to_tf/share/pose_to_tf/hook/cmake_prefix_path.sh'
[0.200s] Level 1:colcon.colcon_core.environment:checking '/mnt/ros_ws/install/pose_to_tf/lib'
[0.200s] Level 1:colcon.colcon_core.environment:checking '/mnt/ros_ws/install/pose_to_tf/bin'
[0.200s] Level 1:colcon.colcon_core.environment:checking '/mnt/ros_ws/install/pose_to_tf/lib/pkgconfig/pose_to_tf.pc'
[0.200s] Level 1:colcon.colcon_core.environment:checking '/mnt/ros_ws/install/pose_to_tf/lib/python3.10/site-packages'
[0.200s] Level 1:colcon.colcon_core.environment:checking '/mnt/ros_ws/install/pose_to_tf/bin'
[0.201s] INFO:colcon.colcon_core.shell:Creating package script '/mnt/ros_ws/install/pose_to_tf/share/pose_to_tf/package.ps1'
[0.201s] INFO:colcon.colcon_core.shell:Creating package descriptor '/mnt/ros_ws/install/pose_to_tf/share/pose_to_tf/package.dsv'
[0.201s] INFO:colcon.colcon_core.shell:Creating package script '/mnt/ros_ws/install/pose_to_tf/share/pose_to_tf/package.sh'
[0.201s] INFO:colcon.colcon_core.shell:Creating package script '/mnt/ros_ws/install/pose_to_tf/share/pose_to_tf/package.bash'
[0.202s] INFO:colcon.colcon_core.shell:Creating package script '/mnt/ros_ws/install/pose_to_tf/share/pose_to_tf/package.zsh'
[0.202s] Level 1:colcon.colcon_core.environment:create_file_with_runtime_dependencies(/mnt/ros_ws/install/pose_to_tf/share/colcon-core/packages/pose_to_tf)
[0.202s] Level 1:colcon.colcon_core.environment:create_environment_scripts_only(pose_to_tf)
[0.203s] Level 1:colcon.colcon_core.environment:checking '/mnt/ros_ws/install/pose_to_tf' for CMake module files
[0.203s] Level 1:colcon.colcon_core.environment:checking '/mnt/ros_ws/install/pose_to_tf' for CMake config files
[0.203s] Level 1:colcon.colcon_core.shell:create_environment_hook('pose_to_tf', 'cmake_prefix_path')
[0.203s] INFO:colcon.colcon_core.shell:Creating environment hook '/mnt/ros_ws/install/pose_to_tf/share/pose_to_tf/hook/cmake_prefix_path.ps1'
[0.203s] INFO:colcon.colcon_core.shell:Creating environment descriptor '/mnt/ros_ws/install/pose_to_tf/share/pose_to_tf/hook/cmake_prefix_path.dsv'
[0.204s] INFO:colcon.colcon_core.shell:Creating environment hook '/mnt/ros_ws/install/pose_to_tf/share/pose_to_tf/hook/cmake_prefix_path.sh'
[0.204s] Level 1:colcon.colcon_core.environment:checking '/mnt/ros_ws/install/pose_to_tf/lib'
[0.204s] Level 1:colcon.colcon_core.environment:checking '/mnt/ros_ws/install/pose_to_tf/bin'
[0.204s] Level 1:colcon.colcon_core.environment:checking '/mnt/ros_ws/install/pose_to_tf/lib/pkgconfig/pose_to_tf.pc'
[0.204s] Level 1:colcon.colcon_core.environment:checking '/mnt/ros_ws/install/pose_to_tf/lib/python3.10/site-packages'
[0.204s] Level 1:colcon.colcon_core.environment:checking '/mnt/ros_ws/install/pose_to_tf/bin'
[0.204s] INFO:colcon.colcon_core.shell:Creating package script '/mnt/ros_ws/install/pose_to_tf/share/pose_to_tf/package.ps1'
[0.204s] INFO:colcon.colcon_core.shell:Creating package descriptor '/mnt/ros_ws/install/pose_to_tf/share/pose_to_tf/package.dsv'
[0.205s] INFO:colcon.colcon_core.shell:Creating package script '/mnt/ros_ws/install/pose_to_tf/share/pose_to_tf/package.sh'
[0.205s] INFO:colcon.colcon_core.shell:Creating package script '/mnt/ros_ws/install/pose_to_tf/share/pose_to_tf/package.bash'
[0.205s] INFO:colcon.colcon_core.shell:Creating package script '/mnt/ros_ws/install/pose_to_tf/share/pose_to_tf/package.zsh'
[0.205s] Level 1:colcon.colcon_core.environment:create_file_with_runtime_dependencies(/mnt/ros_ws/install/pose_to_tf/share/colcon-core/packages/pose_to_tf)
[0.206s] DEBUG:colcon.colcon_core.event_handler.log_command:Invoked command in '/mnt/ros_ws/build/thruster_manager' returned '0': CMAKE_PREFIX_PATH=${CMAKE_PREFIX_PATH}:/opt/ros/humble /usr/bin/cmake --build /mnt/ros_ws/build/thruster_manager -- -j20 -l20
[0.206s] DEBUG:colcon.colcon_core.event_handler.log_command:Invoking command in '/mnt/ros_ws/build/thruster_manager': CMAKE_PREFIX_PATH=${CMAKE_PREFIX_PATH}:/opt/ros/humble /usr/bin/cmake --install /mnt/ros_ws/build/thruster_manager
[0.212s] Level 1:colcon.colcon_core.environment:create_environment_scripts_only(thruster_manager)
[0.212s] Level 1:colcon.colcon_core.environment:checking '/mnt/ros_ws/install/thruster_manager' for CMake module files
[0.213s] Level 1:colcon.colcon_core.environment:checking '/mnt/ros_ws/install/thruster_manager' for CMake config files
[0.214s] DEBUG:colcon.colcon_core.event_handler.log_command:Invoked command in '/mnt/ros_ws/build/thruster_manager' returned '0': CMAKE_PREFIX_PATH=${CMAKE_PREFIX_PATH}:/opt/ros/humble /usr/bin/cmake --install /mnt/ros_ws/build/thruster_manager
[0.214s] Level 1:colcon.colcon_core.shell:create_environment_hook('thruster_manager', 'cmake_prefix_path')
[0.214s] INFO:colcon.colcon_core.shell:Creating environment hook '/mnt/ros_ws/install/thruster_manager/share/thruster_manager/hook/cmake_prefix_path.ps1'
[0.214s] INFO:colcon.colcon_core.shell:Creating environment descriptor '/mnt/ros_ws/install/thruster_manager/share/thruster_manager/hook/cmake_prefix_path.dsv'
[0.214s] INFO:colcon.colcon_core.shell:Creating environment hook '/mnt/ros_ws/install/thruster_manager/share/thruster_manager/hook/cmake_prefix_path.sh'
[0.214s] Level 1:colcon.colcon_core.environment:checking '/mnt/ros_ws/install/thruster_manager/lib'
[0.215s] Level 1:colcon.colcon_core.shell:create_environment_hook('thruster_manager', 'ld_library_path_lib')
[0.215s] INFO:colcon.colcon_core.shell:Creating environment hook '/mnt/ros_ws/install/thruster_manager/share/thruster_manager/hook/ld_library_path_lib.ps1'
[0.215s] INFO:colcon.colcon_core.shell:Creating environment descriptor '/mnt/ros_ws/install/thruster_manager/share/thruster_manager/hook/ld_library_path_lib.dsv'
[0.215s] INFO:colcon.colcon_core.shell:Creating environment hook '/mnt/ros_ws/install/thruster_manager/share/thruster_manager/hook/ld_library_path_lib.sh'
[0.215s] Level 1:colcon.colcon_core.environment:checking '/mnt/ros_ws/install/thruster_manager/bin'
[0.215s] Level 1:colcon.colcon_core.environment:checking '/mnt/ros_ws/install/thruster_manager/lib/pkgconfig/thruster_manager.pc'
[0.215s] Level 1:colcon.colcon_core.environment:checking '/mnt/ros_ws/install/thruster_manager/lib/python3.10/site-packages'
[0.215s] Level 1:colcon.colcon_core.environment:checking '/mnt/ros_ws/install/thruster_manager/bin'
[0.215s] INFO:colcon.colcon_core.shell:Creating package script '/mnt/ros_ws/install/thruster_manager/share/thruster_manager/package.ps1'
[0.216s] INFO:colcon.colcon_core.shell:Creating package descriptor '/mnt/ros_ws/install/thruster_manager/share/thruster_manager/package.dsv'
[0.216s] INFO:colcon.colcon_core.shell:Creating package script '/mnt/ros_ws/install/thruster_manager/share/thruster_manager/package.sh'
[0.216s] INFO:colcon.colcon_core.shell:Creating package script '/mnt/ros_ws/install/thruster_manager/share/thruster_manager/package.bash'
[0.216s] INFO:colcon.colcon_core.shell:Creating package script '/mnt/ros_ws/install/thruster_manager/share/thruster_manager/package.zsh'
[0.216s] Level 1:colcon.colcon_core.environment:create_file_with_runtime_dependencies(/mnt/ros_ws/install/thruster_manager/share/colcon-core/packages/thruster_manager)
[0.216s] Level 1:colcon.colcon_core.environment:create_environment_scripts_only(thruster_manager)
[0.217s] Level 1:colcon.colcon_core.environment:checking '/mnt/ros_ws/install/thruster_manager' for CMake module files
[0.217s] Level 1:colcon.colcon_core.environment:checking '/mnt/ros_ws/install/thruster_manager' for CMake config files
[0.217s] Level 1:colcon.colcon_core.shell:create_environment_hook('thruster_manager', 'cmake_prefix_path')
[0.217s] INFO:colcon.colcon_core.shell:Creating environment hook '/mnt/ros_ws/install/thruster_manager/share/thruster_manager/hook/cmake_prefix_path.ps1'
[0.217s] INFO:colcon.colcon_core.shell:Creating environment descriptor '/mnt/ros_ws/install/thruster_manager/share/thruster_manager/hook/cmake_prefix_path.dsv'
[0.217s] INFO:colcon.colcon_core.shell:Creating environment hook '/mnt/ros_ws/install/thruster_manager/share/thruster_manager/hook/cmake_prefix_path.sh'
[0.217s] Level 1:colcon.colcon_core.environment:checking '/mnt/ros_ws/install/thruster_manager/lib'
[0.217s] Level 1:colcon.colcon_core.shell:create_environment_hook('thruster_manager', 'ld_library_path_lib')
[0.218s] INFO:colcon.colcon_core.shell:Creating environment hook '/mnt/ros_ws/install/thruster_manager/share/thruster_manager/hook/ld_library_path_lib.ps1'
[0.218s] INFO:colcon.colcon_core.shell:Creating environment descriptor '/mnt/ros_ws/install/thruster_manager/share/thruster_manager/hook/ld_library_path_lib.dsv'
[0.218s] INFO:colcon.colcon_core.shell:Creating environment hook '/mnt/ros_ws/install/thruster_manager/share/thruster_manager/hook/ld_library_path_lib.sh'
[0.218s] Level 1:colcon.colcon_core.environment:checking '/mnt/ros_ws/install/thruster_manager/bin'
[0.218s] Level 1:colcon.colcon_core.environment:checking '/mnt/ros_ws/install/thruster_manager/lib/pkgconfig/thruster_manager.pc'
[0.218s] Level 1:colcon.colcon_core.environment:checking '/mnt/ros_ws/install/thruster_manager/lib/python3.10/site-packages'
[0.218s] Level 1:colcon.colcon_core.environment:checking '/mnt/ros_ws/install/thruster_manager/bin'
[0.218s] INFO:colcon.colcon_core.shell:Creating package script '/mnt/ros_ws/install/thruster_manager/share/thruster_manager/package.ps1'
[0.219s] INFO:colcon.colcon_core.shell:Creating package descriptor '/mnt/ros_ws/install/thruster_manager/share/thruster_manager/package.dsv'
[0.219s] INFO:colcon.colcon_core.shell:Creating package script '/mnt/ros_ws/install/thruster_manager/share/thruster_manager/package.sh'
[0.219s] INFO:colcon.colcon_core.shell:Creating package script '/mnt/ros_ws/install/thruster_manager/share/thruster_manager/package.bash'
[0.219s] INFO:colcon.colcon_core.shell:Creating package script '/mnt/ros_ws/install/thruster_manager/share/thruster_manager/package.zsh'
[0.219s] Level 1:colcon.colcon_core.environment:create_file_with_runtime_dependencies(/mnt/ros_ws/install/thruster_manager/share/colcon-core/packages/thruster_manager)
[0.219s] INFO:colcon.colcon_ros.task.ament_cmake.build:Building ROS package in '/mnt/ros_ws/src/auv_control' with build type 'ament_cmake'
[0.219s] INFO:colcon.colcon_cmake.task.cmake.build:Building CMake package in '/mnt/ros_ws/src/auv_control'
[0.219s] INFO:colcon.colcon_core.shell:Skip shell extension 'powershell' for command environment: Not usable outside of PowerShell
[0.219s] DEBUG:colcon.colcon_core.shell:Skip shell extension 'dsv' for command environment
[0.226s] DEBUG:colcon.colcon_core.event_handler.log_command:Invoking command in '/mnt/ros_ws/build/auv_control': AMENT_PREFIX_PATH=/mnt/ros_ws/install/thruster_manager:${AMENT_PREFIX_PATH} CMAKE_PREFIX_PATH=/mnt/ros_ws/install/thruster_manager:/mnt/ros_ws/install/pose_to_tf:/mnt/ros_ws/install/bluerov2_description:/mnt/ros_ws/install/bluerov2_control:/opt/ros/humble LD_LIBRARY_PATH=/mnt/ros_ws/install/thruster_manager/lib:${LD_LIBRARY_PATH} /usr/bin/cmake --build /mnt/ros_ws/build/auv_control -- -j20 -l20
[0.301s] DEBUG:colcon.colcon_core.event_handler.log_command:Invoked command in '/mnt/ros_ws/build/simple_launch' returned '0': CMAKE_PREFIX_PATH=${CMAKE_PREFIX_PATH}:/opt/ros/humble /usr/bin/cmake --build /mnt/ros_ws/build/simple_launch -- -j20 -l20
[0.302s] DEBUG:colcon.colcon_core.event_handler.log_command:Invoking command in '/mnt/ros_ws/build/simple_launch': CMAKE_PREFIX_PATH=${CMAKE_PREFIX_PATH}:/opt/ros/humble /usr/bin/cmake --install /mnt/ros_ws/build/simple_launch
[0.327s] Level 1:colcon.colcon_core.environment:create_environment_scripts_only(simple_launch)
[0.327s] Level 1:colcon.colcon_core.environment:checking '/mnt/ros_ws/install/simple_launch' for CMake module files
[0.328s] DEBUG:colcon.colcon_core.event_handler.log_command:Invoked command in '/mnt/ros_ws/build/simple_launch' returned '0': CMAKE_PREFIX_PATH=${CMAKE_PREFIX_PATH}:/opt/ros/humble /usr/bin/cmake --install /mnt/ros_ws/build/simple_launch
[0.328s] Level 1:colcon.colcon_core.environment:checking '/mnt/ros_ws/install/simple_launch' for CMake config files
[0.328s] Level 1:colcon.colcon_core.shell:create_environment_hook('simple_launch', 'cmake_prefix_path')
[0.328s] INFO:colcon.colcon_core.shell:Creating environment hook '/mnt/ros_ws/install/simple_launch/share/simple_launch/hook/cmake_prefix_path.ps1'
[0.329s] INFO:colcon.colcon_core.shell:Creating environment descriptor '/mnt/ros_ws/install/simple_launch/share/simple_launch/hook/cmake_prefix_path.dsv'
[0.329s] INFO:colcon.colcon_core.shell:Creating environment hook '/mnt/ros_ws/install/simple_launch/share/simple_launch/hook/cmake_prefix_path.sh'
[0.330s] Level 1:colcon.colcon_core.environment:checking '/mnt/ros_ws/install/simple_launch/lib'
[0.330s] Level 1:colcon.colcon_core.environment:checking '/mnt/ros_ws/install/simple_launch/bin'
[0.330s] Level 1:colcon.colcon_core.environment:checking '/mnt/ros_ws/install/simple_launch/lib/pkgconfig/simple_launch.pc'
[0.330s] Level 1:colcon.colcon_core.environment:checking '/mnt/ros_ws/install/simple_launch/lib/python3.10/site-packages'
[0.330s] Level 1:colcon.colcon_core.environment:checking '/mnt/ros_ws/install/simple_launch/bin'
[0.330s] INFO:colcon.colcon_core.shell:Creating package script '/mnt/ros_ws/install/simple_launch/share/simple_launch/package.ps1'
[0.331s] INFO:colcon.colcon_core.shell:Creating package descriptor '/mnt/ros_ws/install/simple_launch/share/simple_launch/package.dsv'
[0.331s] INFO:colcon.colcon_core.shell:Creating package script '/mnt/ros_ws/install/simple_launch/share/simple_launch/package.sh'
[0.331s] INFO:colcon.colcon_core.shell:Creating package script '/mnt/ros_ws/install/simple_launch/share/simple_launch/package.bash'
[0.332s] INFO:colcon.colcon_core.shell:Creating package script '/mnt/ros_ws/install/simple_launch/share/simple_launch/package.zsh'
[0.332s] Level 1:colcon.colcon_core.environment:create_file_with_runtime_dependencies(/mnt/ros_ws/install/simple_launch/share/colcon-core/packages/simple_launch)
[0.332s] Level 1:colcon.colcon_core.environment:create_environment_scripts_only(simple_launch)
[0.332s] Level 1:colcon.colcon_core.environment:checking '/mnt/ros_ws/install/simple_launch' for CMake module files
[0.333s] Level 1:colcon.colcon_core.environment:checking '/mnt/ros_ws/install/simple_launch' for CMake config files
[0.333s] Level 1:colcon.colcon_core.shell:create_environment_hook('simple_launch', 'cmake_prefix_path')
[0.333s] INFO:colcon.colcon_core.shell:Creating environment hook '/mnt/ros_ws/install/simple_launch/share/simple_launch/hook/cmake_prefix_path.ps1'
[0.333s] INFO:colcon.colcon_core.shell:Creating environment descriptor '/mnt/ros_ws/install/simple_launch/share/simple_launch/hook/cmake_prefix_path.dsv'
[0.333s] INFO:colcon.colcon_core.shell:Creating environment hook '/mnt/ros_ws/install/simple_launch/share/simple_launch/hook/cmake_prefix_path.sh'
[0.334s] Level 1:colcon.colcon_core.environment:checking '/mnt/ros_ws/install/simple_launch/lib'
[0.334s] Level 1:colcon.colcon_core.environment:checking '/mnt/ros_ws/install/simple_launch/bin'
[0.334s] Level 1:colcon.colcon_core.environment:checking '/mnt/ros_ws/install/simple_launch/lib/pkgconfig/simple_launch.pc'
[0.334s] Level 1:colcon.colcon_core.environment:checking '/mnt/ros_ws/install/simple_launch/lib/python3.10/site-packages'
[0.334s] Level 1:colcon.colcon_core.environment:checking '/mnt/ros_ws/install/simple_launch/bin'
[0.334s] INFO:colcon.colcon_core.shell:Creating package script '/mnt/ros_ws/install/simple_launch/share/simple_launch/package.ps1'
[0.334s] INFO:colcon.colcon_core.shell:Creating package descriptor '/mnt/ros_ws/install/simple_launch/share/simple_launch/package.dsv'
[0.334s] INFO:colcon.colcon_core.shell:Creating package script '/mnt/ros_ws/install/simple_launch/share/simple_launch/package.sh'
[0.335s] INFO:colcon.colcon_core.shell:Creating package script '/mnt/ros_ws/install/simple_launch/share/simple_launch/package.bash'
[0.335s] INFO:colcon.colcon_core.shell:Creating package script '/mnt/ros_ws/install/simple_launch/share/simple_launch/package.zsh'
[0.335s] Level 1:colcon.colcon_core.environment:create_file_with_runtime_dependencies(/mnt/ros_ws/install/simple_launch/share/colcon-core/packages/simple_launch)
[15.583s] DEBUG:colcon.colcon_core.event_handler.log_command:Invoked command in '/mnt/ros_ws/build/auv_control' returned '0': AMENT_PREFIX_PATH=/mnt/ros_ws/install/thruster_manager:${AMENT_PREFIX_PATH} CMAKE_PREFIX_PATH=/mnt/ros_ws/install/thruster_manager:/mnt/ros_ws/install/pose_to_tf:/mnt/ros_ws/install/bluerov2_description:/mnt/ros_ws/install/bluerov2_control:/opt/ros/humble LD_LIBRARY_PATH=/mnt/ros_ws/install/thruster_manager/lib:${LD_LIBRARY_PATH} /usr/bin/cmake --build /mnt/ros_ws/build/auv_control -- -j20 -l20
[15.584s] DEBUG:colcon.colcon_core.event_handler.log_command:Invoking command in '/mnt/ros_ws/build/auv_control': AMENT_PREFIX_PATH=/mnt/ros_ws/install/thruster_manager:${AMENT_PREFIX_PATH} CMAKE_PREFIX_PATH=/mnt/ros_ws/install/thruster_manager:/mnt/ros_ws/install/pose_to_tf:/mnt/ros_ws/install/bluerov2_description:/mnt/ros_ws/install/bluerov2_control:/opt/ros/humble LD_LIBRARY_PATH=/mnt/ros_ws/install/thruster_manager/lib:${LD_LIBRARY_PATH} /usr/bin/cmake --install /mnt/ros_ws/build/auv_control
[15.628s] Level 1:colcon.colcon_core.environment:create_environment_scripts_only(auv_control)
[15.628s] Level 1:colcon.colcon_core.environment:checking '/mnt/ros_ws/install/auv_control' for CMake module files
[15.628s] DEBUG:colcon.colcon_core.event_handler.log_command:Invoked command in '/mnt/ros_ws/build/auv_control' returned '0': AMENT_PREFIX_PATH=/mnt/ros_ws/install/thruster_manager:${AMENT_PREFIX_PATH} CMAKE_PREFIX_PATH=/mnt/ros_ws/install/thruster_manager:/mnt/ros_ws/install/pose_to_tf:/mnt/ros_ws/install/bluerov2_description:/mnt/ros_ws/install/bluerov2_control:/opt/ros/humble LD_LIBRARY_PATH=/mnt/ros_ws/install/thruster_manager/lib:${LD_LIBRARY_PATH} /usr/bin/cmake --install /mnt/ros_ws/build/auv_control
[15.629s] Level 1:colcon.colcon_core.environment:checking '/mnt/ros_ws/install/auv_control' for CMake config files
[15.629s] Level 1:colcon.colcon_core.shell:create_environment_hook('auv_control', 'cmake_prefix_path')
[15.629s] INFO:colcon.colcon_core.shell:Creating environment hook '/mnt/ros_ws/install/auv_control/share/auv_control/hook/cmake_prefix_path.ps1'
[15.629s] INFO:colcon.colcon_core.shell:Creating environment descriptor '/mnt/ros_ws/install/auv_control/share/auv_control/hook/cmake_prefix_path.dsv'
[15.629s] INFO:colcon.colcon_core.shell:Creating environment hook '/mnt/ros_ws/install/auv_control/share/auv_control/hook/cmake_prefix_path.sh'
[15.629s] Level 1:colcon.colcon_core.environment:checking '/mnt/ros_ws/install/auv_control/lib'
[15.630s] Level 1:colcon.colcon_core.shell:create_environment_hook('auv_control', 'ld_library_path_lib')
[15.630s] INFO:colcon.colcon_core.shell:Creating environment hook '/mnt/ros_ws/install/auv_control/share/auv_control/hook/ld_library_path_lib.ps1'
[15.630s] INFO:colcon.colcon_core.shell:Creating environment descriptor '/mnt/ros_ws/install/auv_control/share/auv_control/hook/ld_library_path_lib.dsv'
[15.630s] INFO:colcon.colcon_core.shell:Creating environment hook '/mnt/ros_ws/install/auv_control/share/auv_control/hook/ld_library_path_lib.sh'
[15.630s] Level 1:colcon.colcon_core.environment:checking '/mnt/ros_ws/install/auv_control/bin'
[15.630s] Level 1:colcon.colcon_core.environment:checking '/mnt/ros_ws/install/auv_control/lib/pkgconfig/auv_control.pc'
[15.630s] Level 1:colcon.colcon_core.environment:checking '/mnt/ros_ws/install/auv_control/lib/python3.10/site-packages'
[15.630s] Level 1:colcon.colcon_core.environment:checking '/mnt/ros_ws/install/auv_control/bin'
[15.630s] INFO:colcon.colcon_core.shell:Creating package script '/mnt/ros_ws/install/auv_control/share/auv_control/package.ps1'
[15.631s] INFO:colcon.colcon_core.shell:Creating package descriptor '/mnt/ros_ws/install/auv_control/share/auv_control/package.dsv'
[15.631s] INFO:colcon.colcon_core.shell:Creating package script '/mnt/ros_ws/install/auv_control/share/auv_control/package.sh'
[15.631s] INFO:colcon.colcon_core.shell:Creating package script '/mnt/ros_ws/install/auv_control/share/auv_control/package.bash'
[15.631s] INFO:colcon.colcon_core.shell:Creating package script '/mnt/ros_ws/install/auv_control/share/auv_control/package.zsh'
[15.631s] Level 1:colcon.colcon_core.environment:create_file_with_runtime_dependencies(/mnt/ros_ws/install/auv_control/share/colcon-core/packages/auv_control)
[15.631s] Level 1:colcon.colcon_core.environment:create_environment_scripts_only(auv_control)
[15.632s] Level 1:colcon.colcon_core.environment:checking '/mnt/ros_ws/install/auv_control' for CMake module files
[15.632s] Level 1:colcon.colcon_core.environment:checking '/mnt/ros_ws/install/auv_control' for CMake config files
[15.632s] Level 1:colcon.colcon_core.shell:create_environment_hook('auv_control', 'cmake_prefix_path')
[15.632s] INFO:colcon.colcon_core.shell:Creating environment hook '/mnt/ros_ws/install/auv_control/share/auv_control/hook/cmake_prefix_path.ps1'
[15.632s] INFO:colcon.colcon_core.shell:Creating environment descriptor '/mnt/ros_ws/install/auv_control/share/auv_control/hook/cmake_prefix_path.dsv'
[15.632s] INFO:colcon.colcon_core.shell:Creating environment hook '/mnt/ros_ws/install/auv_control/share/auv_control/hook/cmake_prefix_path.sh'
[15.633s] Level 1:colcon.colcon_core.environment:checking '/mnt/ros_ws/install/auv_control/lib'
[15.633s] Level 1:colcon.colcon_core.shell:create_environment_hook('auv_control', 'ld_library_path_lib')
[15.633s] INFO:colcon.colcon_core.shell:Creating environment hook '/mnt/ros_ws/install/auv_control/share/auv_control/hook/ld_library_path_lib.ps1'
[15.633s] INFO:colcon.colcon_core.shell:Creating environment descriptor '/mnt/ros_ws/install/auv_control/share/auv_control/hook/ld_library_path_lib.dsv'
[15.633s] INFO:colcon.colcon_core.shell:Creating environment hook '/mnt/ros_ws/install/auv_control/share/auv_control/hook/ld_library_path_lib.sh'
[15.633s] Level 1:colcon.colcon_core.environment:checking '/mnt/ros_ws/install/auv_control/bin'
[15.633s] Level 1:colcon.colcon_core.environment:checking '/mnt/ros_ws/install/auv_control/lib/pkgconfig/auv_control.pc'
[15.633s] Level 1:colcon.colcon_core.environment:checking '/mnt/ros_ws/install/auv_control/lib/python3.10/site-packages'
[15.633s] Level 1:colcon.colcon_core.environment:checking '/mnt/ros_ws/install/auv_control/bin'
[15.633s] INFO:colcon.colcon_core.shell:Creating package script '/mnt/ros_ws/install/auv_control/share/auv_control/package.ps1'
[15.634s] INFO:colcon.colcon_core.shell:Creating package descriptor '/mnt/ros_ws/install/auv_control/share/auv_control/package.dsv'
[15.634s] INFO:colcon.colcon_core.shell:Creating package script '/mnt/ros_ws/install/auv_control/share/auv_control/package.sh'
[15.634s] INFO:colcon.colcon_core.shell:Creating package script '/mnt/ros_ws/install/auv_control/share/auv_control/package.bash'
[15.634s] INFO:colcon.colcon_core.shell:Creating package script '/mnt/ros_ws/install/auv_control/share/auv_control/package.zsh'
[15.634s] Level 1:colcon.colcon_core.environment:create_file_with_runtime_dependencies(/mnt/ros_ws/install/auv_control/share/colcon-core/packages/auv_control)
[15.634s] INFO:colcon.colcon_ros.task.ament_cmake.build:Building ROS package in '/mnt/ros_ws/src/bluerov2_control' with build type 'ament_cmake'
[15.635s] INFO:colcon.colcon_cmake.task.cmake.build:Building CMake package in '/mnt/ros_ws/src/bluerov2_control'
[15.635s] INFO:colcon.colcon_core.shell:Skip shell extension 'powershell' for command environment: Not usable outside of PowerShell
[15.635s] DEBUG:colcon.colcon_core.shell:Skip shell extension 'dsv' for command environment
[15.642s] DEBUG:colcon.colcon_core.event_handler.log_command:Invoking command in '/mnt/ros_ws/build/bluerov2_control': AMENT_PREFIX_PATH=/mnt/ros_ws/install/auv_control:/mnt/ros_ws/install/thruster_manager:${AMENT_PREFIX_PATH} CMAKE_PREFIX_PATH=/mnt/ros_ws/install/auv_control:/mnt/ros_ws/install/thruster_manager:/mnt/ros_ws/install/pose_to_tf:/mnt/ros_ws/install/bluerov2_description:/mnt/ros_ws/install/bluerov2_control:/opt/ros/humble LD_LIBRARY_PATH=/mnt/ros_ws/install/auv_control/lib:/mnt/ros_ws/install/thruster_manager/lib:${LD_LIBRARY_PATH} PYTHONPATH=/mnt/ros_ws/install/auv_control/local/lib/python3.10/dist-packages:${PYTHONPATH} /usr/bin/cmake --build /mnt/ros_ws/build/bluerov2_control -- -j20 -l20
[15.662s] DEBUG:colcon.colcon_core.event_handler.log_command:Invoked command in '/mnt/ros_ws/build/bluerov2_control' returned '0': AMENT_PREFIX_PATH=/mnt/ros_ws/install/auv_control:/mnt/ros_ws/install/thruster_manager:${AMENT_PREFIX_PATH} CMAKE_PREFIX_PATH=/mnt/ros_ws/install/auv_control:/mnt/ros_ws/install/thruster_manager:/mnt/ros_ws/install/pose_to_tf:/mnt/ros_ws/install/bluerov2_description:/mnt/ros_ws/install/bluerov2_control:/opt/ros/humble LD_LIBRARY_PATH=/mnt/ros_ws/install/auv_control/lib:/mnt/ros_ws/install/thruster_manager/lib:${LD_LIBRARY_PATH} PYTHONPATH=/mnt/ros_ws/install/auv_control/local/lib/python3.10/dist-packages:${PYTHONPATH} /usr/bin/cmake --build /mnt/ros_ws/build/bluerov2_control -- -j20 -l20
[15.662s] DEBUG:colcon.colcon_core.event_handler.log_command:Invoking command in '/mnt/ros_ws/build/bluerov2_control': AMENT_PREFIX_PATH=/mnt/ros_ws/install/auv_control:/mnt/ros_ws/install/thruster_manager:${AMENT_PREFIX_PATH} CMAKE_PREFIX_PATH=/mnt/ros_ws/install/auv_control:/mnt/ros_ws/install/thruster_manager:/mnt/ros_ws/install/pose_to_tf:/mnt/ros_ws/install/bluerov2_description:/mnt/ros_ws/install/bluerov2_control:/opt/ros/humble LD_LIBRARY_PATH=/mnt/ros_ws/install/auv_control/lib:/mnt/ros_ws/install/thruster_manager/lib:${LD_LIBRARY_PATH} PYTHONPATH=/mnt/ros_ws/install/auv_control/local/lib/python3.10/dist-packages:${PYTHONPATH} /usr/bin/cmake --install /mnt/ros_ws/build/bluerov2_control
[15.669s] Level 1:colcon.colcon_core.environment:create_environment_scripts_only(bluerov2_control)
[15.670s] Level 1:colcon.colcon_core.environment:checking '/mnt/ros_ws/install/bluerov2_control' for CMake module files
[15.670s] DEBUG:colcon.colcon_core.event_handler.log_command:Invoked command in '/mnt/ros_ws/build/bluerov2_control' returned '0': AMENT_PREFIX_PATH=/mnt/ros_ws/install/auv_control:/mnt/ros_ws/install/thruster_manager:${AMENT_PREFIX_PATH} CMAKE_PREFIX_PATH=/mnt/ros_ws/install/auv_control:/mnt/ros_ws/install/thruster_manager:/mnt/ros_ws/install/pose_to_tf:/mnt/ros_ws/install/bluerov2_description:/mnt/ros_ws/install/bluerov2_control:/opt/ros/humble LD_LIBRARY_PATH=/mnt/ros_ws/install/auv_control/lib:/mnt/ros_ws/install/thruster_manager/lib:${LD_LIBRARY_PATH} PYTHONPATH=/mnt/ros_ws/install/auv_control/local/lib/python3.10/dist-packages:${PYTHONPATH} /usr/bin/cmake --install /mnt/ros_ws/build/bluerov2_control
[15.670s] Level 1:colcon.colcon_core.environment:checking '/mnt/ros_ws/install/bluerov2_control' for CMake config files
[15.670s] Level 1:colcon.colcon_core.shell:create_environment_hook('bluerov2_control', 'cmake_prefix_path')
[15.671s] INFO:colcon.colcon_core.shell:Creating environment hook '/mnt/ros_ws/install/bluerov2_control/share/bluerov2_control/hook/cmake_prefix_path.ps1'
[15.671s] INFO:colcon.colcon_core.shell:Creating environment descriptor '/mnt/ros_ws/install/bluerov2_control/share/bluerov2_control/hook/cmake_prefix_path.dsv'
[15.671s] INFO:colcon.colcon_core.shell:Creating environment hook '/mnt/ros_ws/install/bluerov2_control/share/bluerov2_control/hook/cmake_prefix_path.sh'
[15.672s] Level 1:colcon.colcon_core.environment:checking '/mnt/ros_ws/install/bluerov2_control/bin'
[15.672s] Level 1:colcon.colcon_core.environment:checking '/mnt/ros_ws/install/bluerov2_control/lib/pkgconfig/bluerov2_control.pc'
[15.672s] Level 1:colcon.colcon_core.environment:checking '/mnt/ros_ws/install/bluerov2_control/lib/python3.10/site-packages'
[15.672s] Level 1:colcon.colcon_core.environment:checking '/mnt/ros_ws/install/bluerov2_control/bin'
[15.672s] INFO:colcon.colcon_core.shell:Creating package script '/mnt/ros_ws/install/bluerov2_control/share/bluerov2_control/package.ps1'
[15.673s] INFO:colcon.colcon_core.shell:Creating package descriptor '/mnt/ros_ws/install/bluerov2_control/share/bluerov2_control/package.dsv'
[15.673s] INFO:colcon.colcon_core.shell:Creating package script '/mnt/ros_ws/install/bluerov2_control/share/bluerov2_control/package.sh'
[15.673s] INFO:colcon.colcon_core.shell:Creating package script '/mnt/ros_ws/install/bluerov2_control/share/bluerov2_control/package.bash'
[15.674s] INFO:colcon.colcon_core.shell:Creating package script '/mnt/ros_ws/install/bluerov2_control/share/bluerov2_control/package.zsh'
[15.674s] Level 1:colcon.colcon_core.environment:create_file_with_runtime_dependencies(/mnt/ros_ws/install/bluerov2_control/share/colcon-core/packages/bluerov2_control)
[15.674s] Level 1:colcon.colcon_core.environment:create_environment_scripts_only(bluerov2_control)
[15.674s] Level 1:colcon.colcon_core.environment:checking '/mnt/ros_ws/install/bluerov2_control' for CMake module files
[15.675s] Level 1:colcon.colcon_core.environment:checking '/mnt/ros_ws/install/bluerov2_control' for CMake config files
[15.675s] Level 1:colcon.colcon_core.shell:create_environment_hook('bluerov2_control', 'cmake_prefix_path')
[15.675s] INFO:colcon.colcon_core.shell:Creating environment hook '/mnt/ros_ws/install/bluerov2_control/share/bluerov2_control/hook/cmake_prefix_path.ps1'
[15.675s] INFO:colcon.colcon_core.shell:Creating environment descriptor '/mnt/ros_ws/install/bluerov2_control/share/bluerov2_control/hook/cmake_prefix_path.dsv'
[15.675s] INFO:colcon.colcon_core.shell:Creating environment hook '/mnt/ros_ws/install/bluerov2_control/share/bluerov2_control/hook/cmake_prefix_path.sh'
[15.676s] Level 1:colcon.colcon_core.environment:checking '/mnt/ros_ws/install/bluerov2_control/bin'
[15.676s] Level 1:colcon.colcon_core.environment:checking '/mnt/ros_ws/install/bluerov2_control/lib/pkgconfig/bluerov2_control.pc'
[15.676s] Level 1:colcon.colcon_core.environment:checking '/mnt/ros_ws/install/bluerov2_control/lib/python3.10/site-packages'
[15.676s] Level 1:colcon.colcon_core.environment:checking '/mnt/ros_ws/install/bluerov2_control/bin'
[15.676s] INFO:colcon.colcon_core.shell:Creating package script '/mnt/ros_ws/install/bluerov2_control/share/bluerov2_control/package.ps1'
[15.677s] INFO:colcon.colcon_core.shell:Creating package descriptor '/mnt/ros_ws/install/bluerov2_control/share/bluerov2_control/package.dsv'
[15.677s] INFO:colcon.colcon_core.shell:Creating package script '/mnt/ros_ws/install/bluerov2_control/share/bluerov2_control/package.sh'
[15.677s] INFO:colcon.colcon_core.shell:Creating package script '/mnt/ros_ws/install/bluerov2_control/share/bluerov2_control/package.bash'
[15.678s] INFO:colcon.colcon_core.shell:Creating package script '/mnt/ros_ws/install/bluerov2_control/share/bluerov2_control/package.zsh'
[15.678s] Level 1:colcon.colcon_core.environment:create_file_with_runtime_dependencies(/mnt/ros_ws/install/bluerov2_control/share/colcon-core/packages/bluerov2_control)
[15.678s] DEBUG:colcon.colcon_parallel_executor.executor.parallel:closing loop
[15.678s] DEBUG:colcon.colcon_parallel_executor.executor.parallel:loop closed
[15.678s] DEBUG:colcon.colcon_parallel_executor.executor.parallel:run_until_complete finished with '0'
[15.678s] DEBUG:colcon.colcon_core.event_reactor:joining thread
[15.683s] INFO:colcon.colcon_core.plugin_system:Skipping extension 'colcon_notification.desktop_notification.notify_send': Could not find 'notify-send'
[15.684s] INFO:colcon.colcon_core.plugin_system:Skipping extension 'colcon_notification.desktop_notification.terminal_notifier': Not used on non-Darwin systems
[15.684s] INFO:colcon.colcon_core.plugin_system:Skipping extension 'colcon_notification.desktop_notification.win32': Not used on non-Windows systems
[15.684s] INFO:colcon.colcon_notification.desktop_notification:Sending desktop notification using 'notify2'
[15.685s] DEBUG:colcon.colcon_notification.desktop_notification.notify2:Failed to initialize notify2: org.freedesktop.DBus.Error.Spawn.ExecFailed: /usr/bin/dbus-launch terminated abnormally without any error message
[15.686s] DEBUG:colcon.colcon_core.event_reactor:joined thread
[15.686s] INFO:colcon.colcon_core.shell:Creating prefix script '/mnt/ros_ws/install/local_setup.ps1'
[15.686s] INFO:colcon.colcon_core.shell:Creating prefix util module '/mnt/ros_ws/install/_local_setup_util_ps1.py'
[15.687s] INFO:colcon.colcon_core.shell:Creating prefix chain script '/mnt/ros_ws/install/setup.ps1'
[15.688s] INFO:colcon.colcon_core.shell:Creating prefix script '/mnt/ros_ws/install/local_setup.sh'
[15.688s] INFO:colcon.colcon_core.shell:Creating prefix util module '/mnt/ros_ws/install/_local_setup_util_sh.py'
[15.688s] INFO:colcon.colcon_core.shell:Creating prefix chain script '/mnt/ros_ws/install/setup.sh'
[15.689s] INFO:colcon.colcon_core.shell:Creating prefix script '/mnt/ros_ws/install/local_setup.bash'
[15.689s] INFO:colcon.colcon_core.shell:Creating prefix chain script '/mnt/ros_ws/install/setup.bash'
[15.690s] INFO:colcon.colcon_core.shell:Creating prefix script '/mnt/ros_ws/install/local_setup.zsh'
[15.690s] INFO:colcon.colcon_core.shell:Creating prefix chain script '/mnt/ros_ws/install/setup.zsh'
