[  2%] [34m[1mGenerating C code for ROS interfaces[0m
[  5%] [34m[1mGenerating C++ code for ROS interfaces[0m
[  5%] Built target ament_cmake_python_copy_auv_control
running egg_info
creating auv_control.egg-info
writing auv_control.egg-info/PKG-INFO
writing dependency_links to auv_control.egg-info/dependency_links.txt
writing top-level names to auv_control.egg-info/top_level.txt
writing manifest file 'auv_control.egg-info/SOURCES.txt'
reading manifest file 'auv_control.egg-info/SOURCES.txt'
writing manifest file 'auv_control.egg-info/SOURCES.txt'
[  5%] Built target ament_cmake_python_build_auv_control_egg
[  5%] Built target auv_control__cpp
[  7%] [34m[1mGenerating C++ introspection for ROS interfaces[0m
[ 10%] [34m[1mGenerating C++ type support dispatch for ROS interfaces[0m
[ 12%] [34m[1mGenerating C++ type support for eProsima Fast-RTPS[0m
[ 15%] [32mBuilding C object CMakeFiles/auv_control__rosidl_generator_c.dir/rosidl_generator_c/auv_control/srv/detail/control__functions.c.o[0m
[ 17%] [32m[1mLinking C shared library libauv_control__rosidl_generator_c.so[0m
[ 17%] Built target auv_control__rosidl_generator_c
[ 20%] [34m[1mGenerating C type support dispatch for ROS interfaces[0m
[ 23%] [34m[1mGenerating C introspection for ROS interfaces[0m
[ 25%] [34m[1mGenerating C type support for eProsima Fast-RTPS[0m
[ 28%] [32mBuilding CXX object CMakeFiles/auv_control__rosidl_typesupport_cpp.dir/rosidl_typesupport_cpp/auv_control/srv/control__type_support.cpp.o[0m
[ 30%] [32mBuilding CXX object CMakeFiles/auv_control__rosidl_typesupport_introspection_cpp.dir/rosidl_typesupport_introspection_cpp/auv_control/srv/detail/control__type_support.cpp.o[0m
[ 33%] [32mBuilding CXX object CMakeFiles/auv_control__rosidl_typesupport_fastrtps_cpp.dir/rosidl_typesupport_fastrtps_cpp/auv_control/srv/detail/dds_fastrtps/control__type_support.cpp.o[0m
[ 35%] [32mBuilding CXX object CMakeFiles/auv_control__rosidl_typesupport_c.dir/rosidl_typesupport_c/auv_control/srv/control__type_support.cpp.o[0m
[ 38%] [32mBuilding CXX object CMakeFiles/auv_control__rosidl_typesupport_fastrtps_c.dir/rosidl_typesupport_fastrtps_c/auv_control/srv/detail/control__type_support_c.cpp.o[0m
[ 41%] [32mBuilding C object CMakeFiles/auv_control__rosidl_typesupport_introspection_c.dir/rosidl_typesupport_introspection_c/auv_control/srv/detail/control__type_support.c.o[0m
[ 43%] [32m[1mLinking CXX shared library libauv_control__rosidl_typesupport_c.so[0m
[ 46%] [32m[1mLinking C shared library libauv_control__rosidl_typesupport_introspection_c.so[0m
[ 48%] [32m[1mLinking CXX shared library libauv_control__rosidl_typesupport_cpp.so[0m
[ 48%] Built target auv_control__rosidl_typesupport_c
[ 48%] Built target auv_control__rosidl_typesupport_introspection_c
[ 48%] Built target auv_control__rosidl_typesupport_cpp
[ 53%] [32mBuilding CXX object CMakeFiles/control_common.dir/src/controller_io.cpp.o[0m
[ 53%] [32mBuilding CXX object CMakeFiles/control_common.dir/src/hydrodynamics.cpp.o[0m
[ 56%] [32m[1mLinking CXX shared library libauv_control__rosidl_typesupport_introspection_cpp.so[0m
[ 56%] Built target auv_control__rosidl_typesupport_introspection_cpp
[ 58%] [32m[1mLinking CXX shared library libauv_control__rosidl_typesupport_fastrtps_cpp.so[0m
[ 61%] [32m[1mLinking CXX shared library libauv_control__rosidl_typesupport_fastrtps_c.so[0m
[ 61%] Built target auv_control__rosidl_typesupport_fastrtps_cpp
[ 61%] Built target auv_control__rosidl_typesupport_fastrtps_c
[ 61%] Built target auv_control
[ 64%] [34m[1mGenerating Python code for ROS interfaces[0m
[ 64%] Built target auv_control__py
[ 66%] [32mBuilding C object CMakeFiles/auv_control__rosidl_generator_py.dir/rosidl_generator_py/auv_control/srv/_control_s.c.o[0m
[ 69%] [32m[1mLinking C shared library rosidl_generator_py/auv_control/libauv_control__rosidl_generator_py.so[0m
[ 69%] Built target auv_control__rosidl_generator_py
[ 71%] [32mBuilding C object CMakeFiles/auv_control__rosidl_typesupport_c__pyext.dir/rosidl_generator_py/auv_control/_auv_control_s.ep.rosidl_typesupport_c.c.o[0m
[ 74%] [32mBuilding C object CMakeFiles/auv_control__rosidl_typesupport_introspection_c__pyext.dir/rosidl_generator_py/auv_control/_auv_control_s.ep.rosidl_typesupport_introspection_c.c.o[0m
[ 76%] [32mBuilding C object CMakeFiles/auv_control__rosidl_typesupport_fastrtps_c__pyext.dir/rosidl_generator_py/auv_control/_auv_control_s.ep.rosidl_typesupport_fastrtps_c.c.o[0m
[ 79%] [32m[1mLinking C shared library rosidl_generator_py/auv_control/auv_control_s__rosidl_typesupport_fastrtps_c.cpython-310-x86_64-linux-gnu.so[0m
[ 82%] [32m[1mLinking C shared library rosidl_generator_py/auv_control/auv_control_s__rosidl_typesupport_c.cpython-310-x86_64-linux-gnu.so[0m
[ 84%] [32m[1mLinking C shared library rosidl_generator_py/auv_control/auv_control_s__rosidl_typesupport_introspection_c.cpython-310-x86_64-linux-gnu.so[0m
[ 84%] Built target auv_control__rosidl_typesupport_c__pyext
[ 84%] Built target auv_control__rosidl_typesupport_fastrtps_c__pyext
[ 84%] Built target auv_control__rosidl_typesupport_introspection_c__pyext
[ 87%] [32m[1mLinking CXX shared library libcontrol_common.so[0m
[ 87%] Built target control_common
[ 89%] [32mBuilding CXX object CMakeFiles/cascaded_pid.dir/src/cascaded_pid.cpp.o[0m
[ 92%] [32mBuilding CXX object CMakeFiles/cascaded_pid.dir/src/pos_vel_pid.cpp.o[0m
[ 94%] [32mBuilding CXX object CMakeFiles/sliding_mode.dir/src/sliding_mode.cpp.o[0m
[ 97%] [32m[1mLinking CXX executable sliding_mode[0m
[100%] [32m[1mLinking CXX executable cascaded_pid[0m
[100%] Built target sliding_mode
[100%] Built target cascaded_pid
-- Install configuration: ""
-- Installing: /mnt/ros_ws/install/auv_control/share/ament_index/resource_index/rosidl_interfaces/auv_control
-- Installing: /mnt/ros_ws/install/auv_control/include/auv_control/auv_control
-- Installing: /mnt/ros_ws/install/auv_control/include/auv_control/auv_control/srv
-- Installing: /mnt/ros_ws/install/auv_control/include/auv_control/auv_control/srv/detail
-- Installing: /mnt/ros_ws/install/auv_control/include/auv_control/auv_control/srv/detail/control__functions.h
-- Installing: /mnt/ros_ws/install/auv_control/include/auv_control/auv_control/srv/detail/control__type_support.h
-- Installing: /mnt/ros_ws/install/auv_control/include/auv_control/auv_control/srv/detail/control__struct.h
-- Installing: /mnt/ros_ws/install/auv_control/include/auv_control/auv_control/srv/detail/control__functions.c
-- Installing: /mnt/ros_ws/install/auv_control/include/auv_control/auv_control/srv/control.h
-- Installing: /mnt/ros_ws/install/auv_control/include/auv_control/auv_control/msg
-- Installing: /mnt/ros_ws/install/auv_control/include/auv_control/auv_control/msg/rosidl_generator_c__visibility_control.h
-- Installing: /mnt/ros_ws/install/auv_control/share/auv_control/environment/library_path.sh
-- Installing: /mnt/ros_ws/install/auv_control/share/auv_control/environment/library_path.dsv
-- Installing: /mnt/ros_ws/install/auv_control/lib/libauv_control__rosidl_generator_c.so
-- Set runtime path of "/mnt/ros_ws/install/auv_control/lib/libauv_control__rosidl_generator_c.so" to ""
-- Up-to-date: /mnt/ros_ws/install/auv_control/include/auv_control/auv_control
-- Up-to-date: /mnt/ros_ws/install/auv_control/include/auv_control/auv_control/srv
-- Up-to-date: /mnt/ros_ws/install/auv_control/include/auv_control/auv_control/srv/detail
-- Installing: /mnt/ros_ws/install/auv_control/include/auv_control/auv_control/srv/detail/control__rosidl_typesupport_fastrtps_c.h
-- Up-to-date: /mnt/ros_ws/install/auv_control/include/auv_control/auv_control/msg
-- Installing: /mnt/ros_ws/install/auv_control/include/auv_control/auv_control/msg/rosidl_typesupport_fastrtps_c__visibility_control.h
-- Installing: /mnt/ros_ws/install/auv_control/lib/libauv_control__rosidl_typesupport_fastrtps_c.so
-- Set runtime path of "/mnt/ros_ws/install/auv_control/lib/libauv_control__rosidl_typesupport_fastrtps_c.so" to ""
-- Up-to-date: /mnt/ros_ws/install/auv_control/include/auv_control/auv_control
-- Up-to-date: /mnt/ros_ws/install/auv_control/include/auv_control/auv_control/srv
-- Installing: /mnt/ros_ws/install/auv_control/include/auv_control/auv_control/srv/control.hpp
-- Up-to-date: /mnt/ros_ws/install/auv_control/include/auv_control/auv_control/srv/detail
-- Installing: /mnt/ros_ws/install/auv_control/include/auv_control/auv_control/srv/detail/control__traits.hpp
-- Installing: /mnt/ros_ws/install/auv_control/include/auv_control/auv_control/srv/detail/control__struct.hpp
-- Installing: /mnt/ros_ws/install/auv_control/include/auv_control/auv_control/srv/detail/control__builder.hpp
-- Installing: /mnt/ros_ws/install/auv_control/include/auv_control/auv_control/srv/detail/control__type_support.hpp
-- Up-to-date: /mnt/ros_ws/install/auv_control/include/auv_control/auv_control/msg
-- Installing: /mnt/ros_ws/install/auv_control/include/auv_control/auv_control/msg/rosidl_generator_cpp__visibility_control.hpp
-- Up-to-date: /mnt/ros_ws/install/auv_control/include/auv_control/auv_control
-- Up-to-date: /mnt/ros_ws/install/auv_control/include/auv_control/auv_control/srv
-- Up-to-date: /mnt/ros_ws/install/auv_control/include/auv_control/auv_control/srv/detail
-- Installing: /mnt/ros_ws/install/auv_control/include/auv_control/auv_control/srv/detail/dds_fastrtps
-- Installing: /mnt/ros_ws/install/auv_control/include/auv_control/auv_control/srv/detail/control__rosidl_typesupport_fastrtps_cpp.hpp
-- Up-to-date: /mnt/ros_ws/install/auv_control/include/auv_control/auv_control/msg
-- Installing: /mnt/ros_ws/install/auv_control/include/auv_control/auv_control/msg/rosidl_typesupport_fastrtps_cpp__visibility_control.h
-- Installing: /mnt/ros_ws/install/auv_control/lib/libauv_control__rosidl_typesupport_fastrtps_cpp.so
-- Set runtime path of "/mnt/ros_ws/install/auv_control/lib/libauv_control__rosidl_typesupport_fastrtps_cpp.so" to ""
-- Up-to-date: /mnt/ros_ws/install/auv_control/include/auv_control/auv_control
-- Up-to-date: /mnt/ros_ws/install/auv_control/include/auv_control/auv_control/srv
-- Up-to-date: /mnt/ros_ws/install/auv_control/include/auv_control/auv_control/srv/detail
-- Installing: /mnt/ros_ws/install/auv_control/include/auv_control/auv_control/srv/detail/control__type_support.c
-- Installing: /mnt/ros_ws/install/auv_control/include/auv_control/auv_control/srv/detail/control__rosidl_typesupport_introspection_c.h
-- Up-to-date: /mnt/ros_ws/install/auv_control/include/auv_control/auv_control/msg
-- Installing: /mnt/ros_ws/install/auv_control/include/auv_control/auv_control/msg/rosidl_typesupport_introspection_c__visibility_control.h
-- Installing: /mnt/ros_ws/install/auv_control/lib/libauv_control__rosidl_typesupport_introspection_c.so
-- Set runtime path of "/mnt/ros_ws/install/auv_control/lib/libauv_control__rosidl_typesupport_introspection_c.so" to ""
-- Installing: /mnt/ros_ws/install/auv_control/lib/libauv_control__rosidl_typesupport_c.so
-- Set runtime path of "/mnt/ros_ws/install/auv_control/lib/libauv_control__rosidl_typesupport_c.so" to ""
-- Up-to-date: /mnt/ros_ws/install/auv_control/include/auv_control/auv_control
-- Up-to-date: /mnt/ros_ws/install/auv_control/include/auv_control/auv_control/srv
-- Up-to-date: /mnt/ros_ws/install/auv_control/include/auv_control/auv_control/srv/detail
-- Installing: /mnt/ros_ws/install/auv_control/include/auv_control/auv_control/srv/detail/control__rosidl_typesupport_introspection_cpp.hpp
-- Installing: /mnt/ros_ws/install/auv_control/include/auv_control/auv_control/srv/detail/control__type_support.cpp
-- Installing: /mnt/ros_ws/install/auv_control/lib/libauv_control__rosidl_typesupport_introspection_cpp.so
-- Set runtime path of "/mnt/ros_ws/install/auv_control/lib/libauv_control__rosidl_typesupport_introspection_cpp.so" to ""
-- Installing: /mnt/ros_ws/install/auv_control/lib/libauv_control__rosidl_typesupport_cpp.so
-- Set runtime path of "/mnt/ros_ws/install/auv_control/lib/libauv_control__rosidl_typesupport_cpp.so" to ""
-- Installing: /mnt/ros_ws/install/auv_control/share/auv_control/environment/pythonpath.sh
-- Installing: /mnt/ros_ws/install/auv_control/share/auv_control/environment/pythonpath.dsv
-- Installing: /mnt/ros_ws/install/auv_control/local/lib/python3.10/dist-packages/auv_control-0.0.1-py3.10.egg-info
-- Installing: /mnt/ros_ws/install/auv_control/local/lib/python3.10/dist-packages/auv_control-0.0.1-py3.10.egg-info/SOURCES.txt
-- Installing: /mnt/ros_ws/install/auv_control/local/lib/python3.10/dist-packages/auv_control-0.0.1-py3.10.egg-info/dependency_links.txt
-- Installing: /mnt/ros_ws/install/auv_control/local/lib/python3.10/dist-packages/auv_control-0.0.1-py3.10.egg-info/top_level.txt
-- Installing: /mnt/ros_ws/install/auv_control/local/lib/python3.10/dist-packages/auv_control-0.0.1-py3.10.egg-info/PKG-INFO
-- Installing: /mnt/ros_ws/install/auv_control/local/lib/python3.10/dist-packages/auv_control
-- Installing: /mnt/ros_ws/install/auv_control/local/lib/python3.10/dist-packages/auv_control/_auv_control_s.ep.rosidl_typesupport_introspection_c.c
-- Installing: /mnt/ros_ws/install/auv_control/local/lib/python3.10/dist-packages/auv_control/_auv_control_s.ep.rosidl_typesupport_c.c
-- Installing: /mnt/ros_ws/install/auv_control/local/lib/python3.10/dist-packages/auv_control/srv
-- Installing: /mnt/ros_ws/install/auv_control/local/lib/python3.10/dist-packages/auv_control/srv/_control.py
-- Installing: /mnt/ros_ws/install/auv_control/local/lib/python3.10/dist-packages/auv_control/srv/__init__.py
-- Installing: /mnt/ros_ws/install/auv_control/local/lib/python3.10/dist-packages/auv_control/srv/_control_s.c
-- Installing: /mnt/ros_ws/install/auv_control/local/lib/python3.10/dist-packages/auv_control/_auv_control_s.ep.rosidl_typesupport_fastrtps_c.c
-- Installing: /mnt/ros_ws/install/auv_control/local/lib/python3.10/dist-packages/auv_control/auv_control_s__rosidl_typesupport_fastrtps_c.cpython-310-x86_64-linux-gnu.so
-- Installing: /mnt/ros_ws/install/auv_control/local/lib/python3.10/dist-packages/auv_control/__init__.py
-- Installing: /mnt/ros_ws/install/auv_control/local/lib/python3.10/dist-packages/auv_control/auv_control_s__rosidl_typesupport_c.cpython-310-x86_64-linux-gnu.so
-- Installing: /mnt/ros_ws/install/auv_control/local/lib/python3.10/dist-packages/auv_control/libauv_control__rosidl_generator_py.so
-- Installing: /mnt/ros_ws/install/auv_control/local/lib/python3.10/dist-packages/auv_control/auv_control_s__rosidl_typesupport_introspection_c.cpython-310-x86_64-linux-gnu.so
Listing '/mnt/ros_ws/install/auv_control/local/lib/python3.10/dist-packages/auv_control'...
Compiling '/mnt/ros_ws/install/auv_control/local/lib/python3.10/dist-packages/auv_control/__init__.py'...
Listing '/mnt/ros_ws/install/auv_control/local/lib/python3.10/dist-packages/auv_control/srv'...
Compiling '/mnt/ros_ws/install/auv_control/local/lib/python3.10/dist-packages/auv_control/srv/__init__.py'...
Compiling '/mnt/ros_ws/install/auv_control/local/lib/python3.10/dist-packages/auv_control/srv/_control.py'...
-- Installing: /mnt/ros_ws/install/auv_control/local/lib/python3.10/dist-packages/auv_control/auv_control_s__rosidl_typesupport_fastrtps_c.cpython-310-x86_64-linux-gnu.so
-- Set runtime path of "/mnt/ros_ws/install/auv_control/local/lib/python3.10/dist-packages/auv_control/auv_control_s__rosidl_typesupport_fastrtps_c.cpython-310-x86_64-linux-gnu.so" to ""
-- Installing: /mnt/ros_ws/install/auv_control/local/lib/python3.10/dist-packages/auv_control/auv_control_s__rosidl_typesupport_introspection_c.cpython-310-x86_64-linux-gnu.so
-- Set runtime path of "/mnt/ros_ws/install/auv_control/local/lib/python3.10/dist-packages/auv_control/auv_control_s__rosidl_typesupport_introspection_c.cpython-310-x86_64-linux-gnu.so" to ""
-- Installing: /mnt/ros_ws/install/auv_control/local/lib/python3.10/dist-packages/auv_control/auv_control_s__rosidl_typesupport_c.cpython-310-x86_64-linux-gnu.so
-- Set runtime path of "/mnt/ros_ws/install/auv_control/local/lib/python3.10/dist-packages/auv_control/auv_control_s__rosidl_typesupport_c.cpython-310-x86_64-linux-gnu.so" to ""
-- Installing: /mnt/ros_ws/install/auv_control/lib/libauv_control__rosidl_generator_py.so
-- Set runtime path of "/mnt/ros_ws/install/auv_control/lib/libauv_control__rosidl_generator_py.so" to ""
-- Installing: /mnt/ros_ws/install/auv_control/share/auv_control/srv/Control.idl
-- Installing: /mnt/ros_ws/install/auv_control/share/auv_control/srv/Control.srv
-- Installing: /mnt/ros_ws/install/auv_control/share/auv_control/srv/Control_Request.msg
-- Installing: /mnt/ros_ws/install/auv_control/share/auv_control/srv/Control_Response.msg
-- Installing: /mnt/ros_ws/install/auv_control/lib/libcontrol_common.so
-- Set runtime path of "/mnt/ros_ws/install/auv_control/lib/libcontrol_common.so" to ""
-- Installing: /mnt/ros_ws/install/auv_control/lib/auv_control/cascaded_pid
-- Set runtime path of "/mnt/ros_ws/install/auv_control/lib/auv_control/cascaded_pid" to ""
-- Installing: /mnt/ros_ws/install/auv_control/lib/auv_control/sliding_mode
-- Set runtime path of "/mnt/ros_ws/install/auv_control/lib/auv_control/sliding_mode" to ""
-- Installing: /mnt/ros_ws/install/auv_control/share/auv_control/launch
-- Installing: /mnt/ros_ws/install/auv_control/share/auv_control/launch/pose_setpoint.yaml
-- Installing: /mnt/ros_ws/install/auv_control/share/auv_control/launch/vel_setpoint.yaml
-- Installing: /mnt/ros_ws/install/auv_control/share/auv_control/launch/wrench_launch.py
-- Installing: /mnt/ros_ws/install/auv_control/share/auv_control/launch/wrench.yaml
-- Installing: /mnt/ros_ws/install/auv_control/share/auv_control/launch/pose_launch.py
-- Up-to-date: /mnt/ros_ws/install/auv_control/include
-- Up-to-date: /mnt/ros_ws/install/auv_control/include/auv_control
-- Installing: /mnt/ros_ws/install/auv_control/include/auv_control/cascaded_pid.h
-- Installing: /mnt/ros_ws/install/auv_control/include/auv_control/controller_io.h
-- Installing: /mnt/ros_ws/install/auv_control/include/auv_control/service_sync.h
-- Installing: /mnt/ros_ws/install/auv_control/include/auv_control/butterworth.h
-- Installing: /mnt/ros_ws/install/auv_control/include/auv_control/eigen_typedefs.h
-- Installing: /mnt/ros_ws/install/auv_control/include/auv_control/pos_vel_pid.h
-- Installing: /mnt/ros_ws/install/auv_control/include/auv_control/controller_gains.h
-- Installing: /mnt/ros_ws/install/auv_control/include/auv_control/hydrodynamics.h
-- Up-to-date: /mnt/ros_ws/install/auv_control/include/auv_control
-- Up-to-date: /mnt/ros_ws/install/auv_control/include/auv_control/auv_control
-- Installing: /mnt/ros_ws/install/auv_control/include/auv_control/auv_control/cascaded_pid.h
-- Installing: /mnt/ros_ws/install/auv_control/include/auv_control/auv_control/controller_io.h
-- Installing: /mnt/ros_ws/install/auv_control/include/auv_control/auv_control/service_sync.h
-- Installing: /mnt/ros_ws/install/auv_control/include/auv_control/auv_control/butterworth.h
-- Installing: /mnt/ros_ws/install/auv_control/include/auv_control/auv_control/eigen_typedefs.h
-- Installing: /mnt/ros_ws/install/auv_control/include/auv_control/auv_control/pos_vel_pid.h
-- Installing: /mnt/ros_ws/install/auv_control/include/auv_control/auv_control/controller_gains.h
-- Installing: /mnt/ros_ws/install/auv_control/include/auv_control/auv_control/hydrodynamics.h
-- Installing: /mnt/ros_ws/install/auv_control/share/ament_index/resource_index/package_run_dependencies/auv_control
-- Installing: /mnt/ros_ws/install/auv_control/share/ament_index/resource_index/parent_prefix_path/auv_control
-- Installing: /mnt/ros_ws/install/auv_control/share/auv_control/environment/ament_prefix_path.sh
-- Installing: /mnt/ros_ws/install/auv_control/share/auv_control/environment/ament_prefix_path.dsv
-- Installing: /mnt/ros_ws/install/auv_control/share/auv_control/environment/path.sh
-- Installing: /mnt/ros_ws/install/auv_control/share/auv_control/environment/path.dsv
-- Installing: /mnt/ros_ws/install/auv_control/share/auv_control/local_setup.bash
-- Installing: /mnt/ros_ws/install/auv_control/share/auv_control/local_setup.sh
-- Installing: /mnt/ros_ws/install/auv_control/share/auv_control/local_setup.zsh
-- Installing: /mnt/ros_ws/install/auv_control/share/auv_control/local_setup.dsv
-- Installing: /mnt/ros_ws/install/auv_control/share/auv_control/package.dsv
-- Installing: /mnt/ros_ws/install/auv_control/share/ament_index/resource_index/packages/auv_control
-- Installing: /mnt/ros_ws/install/auv_control/share/auv_control/cmake/export_auv_control__rosidl_generator_cExport.cmake
-- Installing: /mnt/ros_ws/install/auv_control/share/auv_control/cmake/export_auv_control__rosidl_generator_cExport-noconfig.cmake
-- Installing: /mnt/ros_ws/install/auv_control/share/auv_control/cmake/export_auv_control__rosidl_typesupport_fastrtps_cExport.cmake
-- Installing: /mnt/ros_ws/install/auv_control/share/auv_control/cmake/export_auv_control__rosidl_typesupport_fastrtps_cExport-noconfig.cmake
-- Installing: /mnt/ros_ws/install/auv_control/share/auv_control/cmake/export_auv_control__rosidl_generator_cppExport.cmake
-- Installing: /mnt/ros_ws/install/auv_control/share/auv_control/cmake/export_auv_control__rosidl_typesupport_fastrtps_cppExport.cmake
-- Installing: /mnt/ros_ws/install/auv_control/share/auv_control/cmake/export_auv_control__rosidl_typesupport_fastrtps_cppExport-noconfig.cmake
-- Installing: /mnt/ros_ws/install/auv_control/share/auv_control/cmake/auv_control__rosidl_typesupport_introspection_cExport.cmake
-- Installing: /mnt/ros_ws/install/auv_control/share/auv_control/cmake/auv_control__rosidl_typesupport_introspection_cExport-noconfig.cmake
-- Installing: /mnt/ros_ws/install/auv_control/share/auv_control/cmake/auv_control__rosidl_typesupport_cExport.cmake
-- Installing: /mnt/ros_ws/install/auv_control/share/auv_control/cmake/auv_control__rosidl_typesupport_cExport-noconfig.cmake
-- Installing: /mnt/ros_ws/install/auv_control/share/auv_control/cmake/auv_control__rosidl_typesupport_introspection_cppExport.cmake
-- Installing: /mnt/ros_ws/install/auv_control/share/auv_control/cmake/auv_control__rosidl_typesupport_introspection_cppExport-noconfig.cmake
-- Installing: /mnt/ros_ws/install/auv_control/share/auv_control/cmake/auv_control__rosidl_typesupport_cppExport.cmake
-- Installing: /mnt/ros_ws/install/auv_control/share/auv_control/cmake/auv_control__rosidl_typesupport_cppExport-noconfig.cmake
-- Installing: /mnt/ros_ws/install/auv_control/share/auv_control/cmake/export_auv_control__rosidl_generator_pyExport.cmake
-- Installing: /mnt/ros_ws/install/auv_control/share/auv_control/cmake/export_auv_control__rosidl_generator_pyExport-noconfig.cmake
-- Installing: /mnt/ros_ws/install/auv_control/share/auv_control/cmake/rosidl_cmake-extras.cmake
-- Installing: /mnt/ros_ws/install/auv_control/share/auv_control/cmake/ament_cmake_export_include_directories-extras.cmake
-- Installing: /mnt/ros_ws/install/auv_control/share/auv_control/cmake/ament_cmake_export_libraries-extras.cmake
-- Installing: /mnt/ros_ws/install/auv_control/share/auv_control/cmake/ament_cmake_export_targets-extras.cmake
-- Installing: /mnt/ros_ws/install/auv_control/share/auv_control/cmake/rosidl_cmake_export_typesupport_targets-extras.cmake
-- Installing: /mnt/ros_ws/install/auv_control/share/auv_control/cmake/ament_cmake_export_dependencies-extras.cmake
-- Installing: /mnt/ros_ws/install/auv_control/share/auv_control/cmake/rosidl_cmake_export_typesupport_libraries-extras.cmake
-- Installing: /mnt/ros_ws/install/auv_control/share/auv_control/cmake/auv_controlConfig.cmake
-- Installing: /mnt/ros_ws/install/auv_control/share/auv_control/cmake/auv_controlConfig-version.cmake
-- Installing: /mnt/ros_ws/install/auv_control/share/auv_control/package.xml
