[0.006s] Invoking command in '/mnt/ros_ws/build/auv_control': AMENT_PREFIX_PATH=/mnt/ros_ws/install/thruster_manager:${AMENT_PREFIX_PATH} CMAKE_PREFIX_PATH=/mnt/ros_ws/install/thruster_manager:/mnt/ros_ws/install/pose_to_tf:/mnt/ros_ws/install/bluerov2_description:/mnt/ros_ws/install/bluerov2_control:/opt/ros/humble LD_LIBRARY_PATH=/mnt/ros_ws/install/thruster_manager/lib:${LD_LIBRARY_PATH} /usr/bin/cmake --build /mnt/ros_ws/build/auv_control -- -j20 -l20
[0.033s] [  2%] [34m[1mGenerating C code for ROS interfaces[0m
[0.040s] [  5%] [34m[1mGenerating C++ code for ROS interfaces[0m
[0.044s] [  5%] Built target ament_cmake_python_copy_auv_control
[0.145s] running egg_info
[0.145s] creating auv_control.egg-info
[0.145s] writing auv_control.egg-info/PKG-INFO
[0.145s] writing dependency_links to auv_control.egg-info/dependency_links.txt
[0.146s] writing top-level names to auv_control.egg-info/top_level.txt
[0.146s] writing manifest file 'auv_control.egg-info/SOURCES.txt'
[0.146s] reading manifest file 'auv_control.egg-info/SOURCES.txt'
[0.147s] writing manifest file 'auv_control.egg-info/SOURCES.txt'
[0.158s] [  5%] Built target ament_cmake_python_build_auv_control_egg
[0.170s] [  5%] Built target auv_control__cpp
[0.174s] [  7%] [34m[1mGenerating C++ introspection for ROS interfaces[0m
[0.176s] [ 10%] [34m[1mGenerating C++ type support dispatch for ROS interfaces[0m
[0.177s] [ 12%] [34m[1mGenerating C++ type support for eProsima Fast-RTPS[0m
[0.184s] [ 15%] [32mBuilding C object CMakeFiles/auv_control__rosidl_generator_c.dir/rosidl_generator_c/auv_control/srv/detail/control__functions.c.o[0m
[0.218s] [ 17%] [32m[1mLinking C shared library libauv_control__rosidl_generator_c.so[0m
[0.240s] [ 17%] Built target auv_control__rosidl_generator_c
[0.244s] [ 20%] [34m[1mGenerating C type support dispatch for ROS interfaces[0m
[0.246s] [ 23%] [34m[1mGenerating C introspection for ROS interfaces[0m
[0.247s] [ 25%] [34m[1mGenerating C type support for eProsima Fast-RTPS[0m
[0.291s] [ 28%] [32mBuilding CXX object CMakeFiles/auv_control__rosidl_typesupport_cpp.dir/rosidl_typesupport_cpp/auv_control/srv/control__type_support.cpp.o[0m
[0.306s] [ 30%] [32mBuilding CXX object CMakeFiles/auv_control__rosidl_typesupport_introspection_cpp.dir/rosidl_typesupport_introspection_cpp/auv_control/srv/detail/control__type_support.cpp.o[0m
[0.318s] [ 33%] [32mBuilding CXX object CMakeFiles/auv_control__rosidl_typesupport_fastrtps_cpp.dir/rosidl_typesupport_fastrtps_cpp/auv_control/srv/detail/dds_fastrtps/control__type_support.cpp.o[0m
[0.367s] [ 35%] [32mBuilding CXX object CMakeFiles/auv_control__rosidl_typesupport_c.dir/rosidl_typesupport_c/auv_control/srv/control__type_support.cpp.o[0m
[0.379s] [ 38%] [32mBuilding CXX object CMakeFiles/auv_control__rosidl_typesupport_fastrtps_c.dir/rosidl_typesupport_fastrtps_c/auv_control/srv/detail/control__type_support_c.cpp.o[0m
[0.384s] [ 41%] [32mBuilding C object CMakeFiles/auv_control__rosidl_typesupport_introspection_c.dir/rosidl_typesupport_introspection_c/auv_control/srv/detail/control__type_support.c.o[0m
[0.385s] [ 43%] [32m[1mLinking CXX shared library libauv_control__rosidl_typesupport_c.so[0m
[0.403s] [ 46%] [32m[1mLinking C shared library libauv_control__rosidl_typesupport_introspection_c.so[0m
[0.406s] [ 48%] [32m[1mLinking CXX shared library libauv_control__rosidl_typesupport_cpp.so[0m
[0.406s] [ 48%] Built target auv_control__rosidl_typesupport_c
[0.420s] [ 48%] Built target auv_control__rosidl_typesupport_introspection_c
[0.431s] [ 48%] Built target auv_control__rosidl_typesupport_cpp
[0.445s] [ 53%] [32mBuilding CXX object CMakeFiles/control_common.dir/src/controller_io.cpp.o[0m
[0.445s] [ 53%] [32mBuilding CXX object CMakeFiles/control_common.dir/src/hydrodynamics.cpp.o[0m
[0.468s] [ 56%] [32m[1mLinking CXX shared library libauv_control__rosidl_typesupport_introspection_cpp.so[0m
[0.495s] [ 56%] Built target auv_control__rosidl_typesupport_introspection_cpp
[0.513s] [ 58%] [32m[1mLinking CXX shared library libauv_control__rosidl_typesupport_fastrtps_cpp.so[0m
[0.548s] [ 61%] [32m[1mLinking CXX shared library libauv_control__rosidl_typesupport_fastrtps_c.so[0m
[0.553s] [ 61%] Built target auv_control__rosidl_typesupport_fastrtps_cpp
[0.589s] [ 61%] Built target auv_control__rosidl_typesupport_fastrtps_c
[0.603s] [ 61%] Built target auv_control
[0.616s] [ 64%] [34m[1mGenerating Python code for ROS interfaces[0m
[0.796s] [ 64%] Built target auv_control__py
[0.812s] [ 66%] [32mBuilding C object CMakeFiles/auv_control__rosidl_generator_py.dir/rosidl_generator_py/auv_control/srv/_control_s.c.o[0m
[0.895s] [ 69%] [32m[1mLinking C shared library rosidl_generator_py/auv_control/libauv_control__rosidl_generator_py.so[0m
[0.923s] [ 69%] Built target auv_control__rosidl_generator_py
[0.937s] [ 71%] [32mBuilding C object CMakeFiles/auv_control__rosidl_typesupport_c__pyext.dir/rosidl_generator_py/auv_control/_auv_control_s.ep.rosidl_typesupport_c.c.o[0m
[0.937s] [ 74%] [32mBuilding C object CMakeFiles/auv_control__rosidl_typesupport_introspection_c__pyext.dir/rosidl_generator_py/auv_control/_auv_control_s.ep.rosidl_typesupport_introspection_c.c.o[0m
[0.938s] [ 76%] [32mBuilding C object CMakeFiles/auv_control__rosidl_typesupport_fastrtps_c__pyext.dir/rosidl_generator_py/auv_control/_auv_control_s.ep.rosidl_typesupport_fastrtps_c.c.o[0m
[0.987s] [ 79%] [32m[1mLinking C shared library rosidl_generator_py/auv_control/auv_control_s__rosidl_typesupport_fastrtps_c.cpython-310-x86_64-linux-gnu.so[0m
[0.988s] [ 82%] [32m[1mLinking C shared library rosidl_generator_py/auv_control/auv_control_s__rosidl_typesupport_c.cpython-310-x86_64-linux-gnu.so[0m
[0.999s] [ 84%] [32m[1mLinking C shared library rosidl_generator_py/auv_control/auv_control_s__rosidl_typesupport_introspection_c.cpython-310-x86_64-linux-gnu.so[0m
[1.012s] [ 84%] Built target auv_control__rosidl_typesupport_c__pyext
[1.012s] [ 84%] Built target auv_control__rosidl_typesupport_fastrtps_c__pyext
[1.019s] [ 84%] Built target auv_control__rosidl_typesupport_introspection_c__pyext
[11.709s] [ 87%] [32m[1mLinking CXX shared library libcontrol_common.so[0m
[12.693s] [ 87%] Built target control_common
[12.704s] [ 89%] [32mBuilding CXX object CMakeFiles/cascaded_pid.dir/src/cascaded_pid.cpp.o[0m
[12.705s] [ 92%] [32mBuilding CXX object CMakeFiles/cascaded_pid.dir/src/pos_vel_pid.cpp.o[0m
[12.706s] [ 94%] [32mBuilding CXX object CMakeFiles/sliding_mode.dir/src/sliding_mode.cpp.o[0m
[14.902s] [ 97%] [32m[1mLinking CXX executable sliding_mode[0m
[14.903s] [100%] [32m[1mLinking CXX executable cascaded_pid[0m
[15.297s] [100%] Built target sliding_mode
[15.356s] [100%] Built target cascaded_pid
[15.363s] Invoked command in '/mnt/ros_ws/build/auv_control' returned '0': AMENT_PREFIX_PATH=/mnt/ros_ws/install/thruster_manager:${AMENT_PREFIX_PATH} CMAKE_PREFIX_PATH=/mnt/ros_ws/install/thruster_manager:/mnt/ros_ws/install/pose_to_tf:/mnt/ros_ws/install/bluerov2_description:/mnt/ros_ws/install/bluerov2_control:/opt/ros/humble LD_LIBRARY_PATH=/mnt/ros_ws/install/thruster_manager/lib:${LD_LIBRARY_PATH} /usr/bin/cmake --build /mnt/ros_ws/build/auv_control -- -j20 -l20
[15.364s] Invoking command in '/mnt/ros_ws/build/auv_control': AMENT_PREFIX_PATH=/mnt/ros_ws/install/thruster_manager:${AMENT_PREFIX_PATH} CMAKE_PREFIX_PATH=/mnt/ros_ws/install/thruster_manager:/mnt/ros_ws/install/pose_to_tf:/mnt/ros_ws/install/bluerov2_description:/mnt/ros_ws/install/bluerov2_control:/opt/ros/humble LD_LIBRARY_PATH=/mnt/ros_ws/install/thruster_manager/lib:${LD_LIBRARY_PATH} /usr/bin/cmake --install /mnt/ros_ws/build/auv_control
[15.367s] -- Install configuration: ""
[15.367s] -- Installing: /mnt/ros_ws/install/auv_control/share/ament_index/resource_index/rosidl_interfaces/auv_control
[15.368s] -- Installing: /mnt/ros_ws/install/auv_control/include/auv_control/auv_control
[15.368s] -- Installing: /mnt/ros_ws/install/auv_control/include/auv_control/auv_control/srv
[15.368s] -- Installing: /mnt/ros_ws/install/auv_control/include/auv_control/auv_control/srv/detail
[15.368s] -- Installing: /mnt/ros_ws/install/auv_control/include/auv_control/auv_control/srv/detail/control__functions.h
[15.368s] -- Installing: /mnt/ros_ws/install/auv_control/include/auv_control/auv_control/srv/detail/control__type_support.h
[15.368s] -- Installing: /mnt/ros_ws/install/auv_control/include/auv_control/auv_control/srv/detail/control__struct.h
[15.368s] -- Installing: /mnt/ros_ws/install/auv_control/include/auv_control/auv_control/srv/detail/control__functions.c
[15.368s] -- Installing: /mnt/ros_ws/install/auv_control/include/auv_control/auv_control/srv/control.h
[15.368s] -- Installing: /mnt/ros_ws/install/auv_control/include/auv_control/auv_control/msg
[15.368s] -- Installing: /mnt/ros_ws/install/auv_control/include/auv_control/auv_control/msg/rosidl_generator_c__visibility_control.h
[15.368s] -- Installing: /mnt/ros_ws/install/auv_control/share/auv_control/environment/library_path.sh
[15.369s] -- Installing: /mnt/ros_ws/install/auv_control/share/auv_control/environment/library_path.dsv
[15.369s] -- Installing: /mnt/ros_ws/install/auv_control/lib/libauv_control__rosidl_generator_c.so
[15.369s] -- Set runtime path of "/mnt/ros_ws/install/auv_control/lib/libauv_control__rosidl_generator_c.so" to ""
[15.369s] -- Up-to-date: /mnt/ros_ws/install/auv_control/include/auv_control/auv_control
[15.369s] -- Up-to-date: /mnt/ros_ws/install/auv_control/include/auv_control/auv_control/srv
[15.369s] -- Up-to-date: /mnt/ros_ws/install/auv_control/include/auv_control/auv_control/srv/detail
[15.369s] -- Installing: /mnt/ros_ws/install/auv_control/include/auv_control/auv_control/srv/detail/control__rosidl_typesupport_fastrtps_c.h
[15.369s] -- Up-to-date: /mnt/ros_ws/install/auv_control/include/auv_control/auv_control/msg
[15.369s] -- Installing: /mnt/ros_ws/install/auv_control/include/auv_control/auv_control/msg/rosidl_typesupport_fastrtps_c__visibility_control.h
[15.369s] -- Installing: /mnt/ros_ws/install/auv_control/lib/libauv_control__rosidl_typesupport_fastrtps_c.so
[15.369s] -- Set runtime path of "/mnt/ros_ws/install/auv_control/lib/libauv_control__rosidl_typesupport_fastrtps_c.so" to ""
[15.369s] -- Up-to-date: /mnt/ros_ws/install/auv_control/include/auv_control/auv_control
[15.370s] -- Up-to-date: /mnt/ros_ws/install/auv_control/include/auv_control/auv_control/srv
[15.370s] -- Installing: /mnt/ros_ws/install/auv_control/include/auv_control/auv_control/srv/control.hpp
[15.370s] -- Up-to-date: /mnt/ros_ws/install/auv_control/include/auv_control/auv_control/srv/detail
[15.370s] -- Installing: /mnt/ros_ws/install/auv_control/include/auv_control/auv_control/srv/detail/control__traits.hpp
[15.370s] -- Installing: /mnt/ros_ws/install/auv_control/include/auv_control/auv_control/srv/detail/control__struct.hpp
[15.370s] -- Installing: /mnt/ros_ws/install/auv_control/include/auv_control/auv_control/srv/detail/control__builder.hpp
[15.370s] -- Installing: /mnt/ros_ws/install/auv_control/include/auv_control/auv_control/srv/detail/control__type_support.hpp
[15.370s] -- Up-to-date: /mnt/ros_ws/install/auv_control/include/auv_control/auv_control/msg
[15.370s] -- Installing: /mnt/ros_ws/install/auv_control/include/auv_control/auv_control/msg/rosidl_generator_cpp__visibility_control.hpp
[15.370s] -- Up-to-date: /mnt/ros_ws/install/auv_control/include/auv_control/auv_control
[15.370s] -- Up-to-date: /mnt/ros_ws/install/auv_control/include/auv_control/auv_control/srv
[15.370s] -- Up-to-date: /mnt/ros_ws/install/auv_control/include/auv_control/auv_control/srv/detail
[15.370s] -- Installing: /mnt/ros_ws/install/auv_control/include/auv_control/auv_control/srv/detail/dds_fastrtps
[15.370s] -- Installing: /mnt/ros_ws/install/auv_control/include/auv_control/auv_control/srv/detail/control__rosidl_typesupport_fastrtps_cpp.hpp
[15.371s] -- Up-to-date: /mnt/ros_ws/install/auv_control/include/auv_control/auv_control/msg
[15.371s] -- Installing: /mnt/ros_ws/install/auv_control/include/auv_control/auv_control/msg/rosidl_typesupport_fastrtps_cpp__visibility_control.h
[15.371s] -- Installing: /mnt/ros_ws/install/auv_control/lib/libauv_control__rosidl_typesupport_fastrtps_cpp.so
[15.371s] -- Set runtime path of "/mnt/ros_ws/install/auv_control/lib/libauv_control__rosidl_typesupport_fastrtps_cpp.so" to ""
[15.371s] -- Up-to-date: /mnt/ros_ws/install/auv_control/include/auv_control/auv_control
[15.371s] -- Up-to-date: /mnt/ros_ws/install/auv_control/include/auv_control/auv_control/srv
[15.371s] -- Up-to-date: /mnt/ros_ws/install/auv_control/include/auv_control/auv_control/srv/detail
[15.371s] -- Installing: /mnt/ros_ws/install/auv_control/include/auv_control/auv_control/srv/detail/control__type_support.c
[15.371s] -- Installing: /mnt/ros_ws/install/auv_control/include/auv_control/auv_control/srv/detail/control__rosidl_typesupport_introspection_c.h
[15.371s] -- Up-to-date: /mnt/ros_ws/install/auv_control/include/auv_control/auv_control/msg
[15.371s] -- Installing: /mnt/ros_ws/install/auv_control/include/auv_control/auv_control/msg/rosidl_typesupport_introspection_c__visibility_control.h
[15.371s] -- Installing: /mnt/ros_ws/install/auv_control/lib/libauv_control__rosidl_typesupport_introspection_c.so
[15.372s] -- Set runtime path of "/mnt/ros_ws/install/auv_control/lib/libauv_control__rosidl_typesupport_introspection_c.so" to ""
[15.372s] -- Installing: /mnt/ros_ws/install/auv_control/lib/libauv_control__rosidl_typesupport_c.so
[15.372s] -- Set runtime path of "/mnt/ros_ws/install/auv_control/lib/libauv_control__rosidl_typesupport_c.so" to ""
[15.372s] -- Up-to-date: /mnt/ros_ws/install/auv_control/include/auv_control/auv_control
[15.372s] -- Up-to-date: /mnt/ros_ws/install/auv_control/include/auv_control/auv_control/srv
[15.372s] -- Up-to-date: /mnt/ros_ws/install/auv_control/include/auv_control/auv_control/srv/detail
[15.372s] -- Installing: /mnt/ros_ws/install/auv_control/include/auv_control/auv_control/srv/detail/control__rosidl_typesupport_introspection_cpp.hpp
[15.373s] -- Installing: /mnt/ros_ws/install/auv_control/include/auv_control/auv_control/srv/detail/control__type_support.cpp
[15.373s] -- Installing: /mnt/ros_ws/install/auv_control/lib/libauv_control__rosidl_typesupport_introspection_cpp.so
[15.373s] -- Set runtime path of "/mnt/ros_ws/install/auv_control/lib/libauv_control__rosidl_typesupport_introspection_cpp.so" to ""
[15.373s] -- Installing: /mnt/ros_ws/install/auv_control/lib/libauv_control__rosidl_typesupport_cpp.so
[15.373s] -- Set runtime path of "/mnt/ros_ws/install/auv_control/lib/libauv_control__rosidl_typesupport_cpp.so" to ""
[15.373s] -- Installing: /mnt/ros_ws/install/auv_control/share/auv_control/environment/pythonpath.sh
[15.373s] -- Installing: /mnt/ros_ws/install/auv_control/share/auv_control/environment/pythonpath.dsv
[15.373s] -- Installing: /mnt/ros_ws/install/auv_control/local/lib/python3.10/dist-packages/auv_control-0.0.1-py3.10.egg-info
[15.373s] -- Installing: /mnt/ros_ws/install/auv_control/local/lib/python3.10/dist-packages/auv_control-0.0.1-py3.10.egg-info/SOURCES.txt
[15.373s] -- Installing: /mnt/ros_ws/install/auv_control/local/lib/python3.10/dist-packages/auv_control-0.0.1-py3.10.egg-info/dependency_links.txt
[15.373s] -- Installing: /mnt/ros_ws/install/auv_control/local/lib/python3.10/dist-packages/auv_control-0.0.1-py3.10.egg-info/top_level.txt
[15.373s] -- Installing: /mnt/ros_ws/install/auv_control/local/lib/python3.10/dist-packages/auv_control-0.0.1-py3.10.egg-info/PKG-INFO
[15.373s] -- Installing: /mnt/ros_ws/install/auv_control/local/lib/python3.10/dist-packages/auv_control
[15.373s] -- Installing: /mnt/ros_ws/install/auv_control/local/lib/python3.10/dist-packages/auv_control/_auv_control_s.ep.rosidl_typesupport_introspection_c.c
[15.373s] -- Installing: /mnt/ros_ws/install/auv_control/local/lib/python3.10/dist-packages/auv_control/_auv_control_s.ep.rosidl_typesupport_c.c
[15.373s] -- Installing: /mnt/ros_ws/install/auv_control/local/lib/python3.10/dist-packages/auv_control/srv
[15.373s] -- Installing: /mnt/ros_ws/install/auv_control/local/lib/python3.10/dist-packages/auv_control/srv/_control.py
[15.373s] -- Installing: /mnt/ros_ws/install/auv_control/local/lib/python3.10/dist-packages/auv_control/srv/__init__.py
[15.373s] -- Installing: /mnt/ros_ws/install/auv_control/local/lib/python3.10/dist-packages/auv_control/srv/_control_s.c
[15.373s] -- Installing: /mnt/ros_ws/install/auv_control/local/lib/python3.10/dist-packages/auv_control/_auv_control_s.ep.rosidl_typesupport_fastrtps_c.c
[15.373s] -- Installing: /mnt/ros_ws/install/auv_control/local/lib/python3.10/dist-packages/auv_control/auv_control_s__rosidl_typesupport_fastrtps_c.cpython-310-x86_64-linux-gnu.so
[15.373s] -- Installing: /mnt/ros_ws/install/auv_control/local/lib/python3.10/dist-packages/auv_control/__init__.py
[15.373s] -- Installing: /mnt/ros_ws/install/auv_control/local/lib/python3.10/dist-packages/auv_control/auv_control_s__rosidl_typesupport_c.cpython-310-x86_64-linux-gnu.so
[15.373s] -- Installing: /mnt/ros_ws/install/auv_control/local/lib/python3.10/dist-packages/auv_control/libauv_control__rosidl_generator_py.so
[15.373s] -- Installing: /mnt/ros_ws/install/auv_control/local/lib/python3.10/dist-packages/auv_control/auv_control_s__rosidl_typesupport_introspection_c.cpython-310-x86_64-linux-gnu.so
[15.389s] Listing '/mnt/ros_ws/install/auv_control/local/lib/python3.10/dist-packages/auv_control'...
[15.389s] Compiling '/mnt/ros_ws/install/auv_control/local/lib/python3.10/dist-packages/auv_control/__init__.py'...
[15.389s] Listing '/mnt/ros_ws/install/auv_control/local/lib/python3.10/dist-packages/auv_control/srv'...
[15.389s] Compiling '/mnt/ros_ws/install/auv_control/local/lib/python3.10/dist-packages/auv_control/srv/__init__.py'...
[15.389s] Compiling '/mnt/ros_ws/install/auv_control/local/lib/python3.10/dist-packages/auv_control/srv/_control.py'...
[15.391s] -- Installing: /mnt/ros_ws/install/auv_control/local/lib/python3.10/dist-packages/auv_control/auv_control_s__rosidl_typesupport_fastrtps_c.cpython-310-x86_64-linux-gnu.so
[15.391s] -- Set runtime path of "/mnt/ros_ws/install/auv_control/local/lib/python3.10/dist-packages/auv_control/auv_control_s__rosidl_typesupport_fastrtps_c.cpython-310-x86_64-linux-gnu.so" to ""
[15.391s] -- Installing: /mnt/ros_ws/install/auv_control/local/lib/python3.10/dist-packages/auv_control/auv_control_s__rosidl_typesupport_introspection_c.cpython-310-x86_64-linux-gnu.so
[15.391s] -- Set runtime path of "/mnt/ros_ws/install/auv_control/local/lib/python3.10/dist-packages/auv_control/auv_control_s__rosidl_typesupport_introspection_c.cpython-310-x86_64-linux-gnu.so" to ""
[15.391s] -- Installing: /mnt/ros_ws/install/auv_control/local/lib/python3.10/dist-packages/auv_control/auv_control_s__rosidl_typesupport_c.cpython-310-x86_64-linux-gnu.so
[15.391s] -- Set runtime path of "/mnt/ros_ws/install/auv_control/local/lib/python3.10/dist-packages/auv_control/auv_control_s__rosidl_typesupport_c.cpython-310-x86_64-linux-gnu.so" to ""
[15.391s] -- Installing: /mnt/ros_ws/install/auv_control/lib/libauv_control__rosidl_generator_py.so
[15.392s] -- Set runtime path of "/mnt/ros_ws/install/auv_control/lib/libauv_control__rosidl_generator_py.so" to ""
[15.392s] -- Installing: /mnt/ros_ws/install/auv_control/share/auv_control/srv/Control.idl
[15.392s] -- Installing: /mnt/ros_ws/install/auv_control/share/auv_control/srv/Control.srv
[15.392s] -- Installing: /mnt/ros_ws/install/auv_control/share/auv_control/srv/Control_Request.msg
[15.392s] -- Installing: /mnt/ros_ws/install/auv_control/share/auv_control/srv/Control_Response.msg
[15.392s] -- Installing: /mnt/ros_ws/install/auv_control/lib/libcontrol_common.so
[15.403s] -- Set runtime path of "/mnt/ros_ws/install/auv_control/lib/libcontrol_common.so" to ""
[15.403s] -- Installing: /mnt/ros_ws/install/auv_control/lib/auv_control/cascaded_pid
[15.404s] -- Set runtime path of "/mnt/ros_ws/install/auv_control/lib/auv_control/cascaded_pid" to ""
[15.404s] -- Installing: /mnt/ros_ws/install/auv_control/lib/auv_control/sliding_mode
[15.404s] -- Set runtime path of "/mnt/ros_ws/install/auv_control/lib/auv_control/sliding_mode" to ""
[15.404s] -- Installing: /mnt/ros_ws/install/auv_control/share/auv_control/launch
[15.404s] -- Installing: /mnt/ros_ws/install/auv_control/share/auv_control/launch/pose_setpoint.yaml
[15.404s] -- Installing: /mnt/ros_ws/install/auv_control/share/auv_control/launch/vel_setpoint.yaml
[15.404s] -- Installing: /mnt/ros_ws/install/auv_control/share/auv_control/launch/wrench_launch.py
[15.404s] -- Installing: /mnt/ros_ws/install/auv_control/share/auv_control/launch/wrench.yaml
[15.404s] -- Installing: /mnt/ros_ws/install/auv_control/share/auv_control/launch/pose_launch.py
[15.404s] -- Up-to-date: /mnt/ros_ws/install/auv_control/include
[15.404s] -- Up-to-date: /mnt/ros_ws/install/auv_control/include/auv_control
[15.404s] -- Installing: /mnt/ros_ws/install/auv_control/include/auv_control/cascaded_pid.h
[15.404s] -- Installing: /mnt/ros_ws/install/auv_control/include/auv_control/controller_io.h
[15.404s] -- Installing: /mnt/ros_ws/install/auv_control/include/auv_control/service_sync.h
[15.404s] -- Installing: /mnt/ros_ws/install/auv_control/include/auv_control/butterworth.h
[15.404s] -- Installing: /mnt/ros_ws/install/auv_control/include/auv_control/eigen_typedefs.h
[15.404s] -- Installing: /mnt/ros_ws/install/auv_control/include/auv_control/pos_vel_pid.h
[15.404s] -- Installing: /mnt/ros_ws/install/auv_control/include/auv_control/controller_gains.h
[15.404s] -- Installing: /mnt/ros_ws/install/auv_control/include/auv_control/hydrodynamics.h
[15.405s] -- Up-to-date: /mnt/ros_ws/install/auv_control/include/auv_control
[15.405s] -- Up-to-date: /mnt/ros_ws/install/auv_control/include/auv_control/auv_control
[15.405s] -- Installing: /mnt/ros_ws/install/auv_control/include/auv_control/auv_control/cascaded_pid.h
[15.405s] -- Installing: /mnt/ros_ws/install/auv_control/include/auv_control/auv_control/controller_io.h
[15.405s] -- Installing: /mnt/ros_ws/install/auv_control/include/auv_control/auv_control/service_sync.h
[15.405s] -- Installing: /mnt/ros_ws/install/auv_control/include/auv_control/auv_control/butterworth.h
[15.405s] -- Installing: /mnt/ros_ws/install/auv_control/include/auv_control/auv_control/eigen_typedefs.h
[15.405s] -- Installing: /mnt/ros_ws/install/auv_control/include/auv_control/auv_control/pos_vel_pid.h
[15.405s] -- Installing: /mnt/ros_ws/install/auv_control/include/auv_control/auv_control/controller_gains.h
[15.405s] -- Installing: /mnt/ros_ws/install/auv_control/include/auv_control/auv_control/hydrodynamics.h
[15.405s] -- Installing: /mnt/ros_ws/install/auv_control/share/ament_index/resource_index/package_run_dependencies/auv_control
[15.405s] -- Installing: /mnt/ros_ws/install/auv_control/share/ament_index/resource_index/parent_prefix_path/auv_control
[15.405s] -- Installing: /mnt/ros_ws/install/auv_control/share/auv_control/environment/ament_prefix_path.sh
[15.405s] -- Installing: /mnt/ros_ws/install/auv_control/share/auv_control/environment/ament_prefix_path.dsv
[15.405s] -- Installing: /mnt/ros_ws/install/auv_control/share/auv_control/environment/path.sh
[15.405s] -- Installing: /mnt/ros_ws/install/auv_control/share/auv_control/environment/path.dsv
[15.405s] -- Installing: /mnt/ros_ws/install/auv_control/share/auv_control/local_setup.bash
[15.405s] -- Installing: /mnt/ros_ws/install/auv_control/share/auv_control/local_setup.sh
[15.405s] -- Installing: /mnt/ros_ws/install/auv_control/share/auv_control/local_setup.zsh
[15.405s] -- Installing: /mnt/ros_ws/install/auv_control/share/auv_control/local_setup.dsv
[15.405s] -- Installing: /mnt/ros_ws/install/auv_control/share/auv_control/package.dsv
[15.405s] -- Installing: /mnt/ros_ws/install/auv_control/share/ament_index/resource_index/packages/auv_control
[15.406s] -- Installing: /mnt/ros_ws/install/auv_control/share/auv_control/cmake/export_auv_control__rosidl_generator_cExport.cmake
[15.406s] -- Installing: /mnt/ros_ws/install/auv_control/share/auv_control/cmake/export_auv_control__rosidl_generator_cExport-noconfig.cmake
[15.406s] -- Installing: /mnt/ros_ws/install/auv_control/share/auv_control/cmake/export_auv_control__rosidl_typesupport_fastrtps_cExport.cmake
[15.406s] -- Installing: /mnt/ros_ws/install/auv_control/share/auv_control/cmake/export_auv_control__rosidl_typesupport_fastrtps_cExport-noconfig.cmake
[15.406s] -- Installing: /mnt/ros_ws/install/auv_control/share/auv_control/cmake/export_auv_control__rosidl_generator_cppExport.cmake
[15.406s] -- Installing: /mnt/ros_ws/install/auv_control/share/auv_control/cmake/export_auv_control__rosidl_typesupport_fastrtps_cppExport.cmake
[15.406s] -- Installing: /mnt/ros_ws/install/auv_control/share/auv_control/cmake/export_auv_control__rosidl_typesupport_fastrtps_cppExport-noconfig.cmake
[15.406s] -- Installing: /mnt/ros_ws/install/auv_control/share/auv_control/cmake/auv_control__rosidl_typesupport_introspection_cExport.cmake
[15.406s] -- Installing: /mnt/ros_ws/install/auv_control/share/auv_control/cmake/auv_control__rosidl_typesupport_introspection_cExport-noconfig.cmake
[15.406s] -- Installing: /mnt/ros_ws/install/auv_control/share/auv_control/cmake/auv_control__rosidl_typesupport_cExport.cmake
[15.406s] -- Installing: /mnt/ros_ws/install/auv_control/share/auv_control/cmake/auv_control__rosidl_typesupport_cExport-noconfig.cmake
[15.406s] -- Installing: /mnt/ros_ws/install/auv_control/share/auv_control/cmake/auv_control__rosidl_typesupport_introspection_cppExport.cmake
[15.406s] -- Installing: /mnt/ros_ws/install/auv_control/share/auv_control/cmake/auv_control__rosidl_typesupport_introspection_cppExport-noconfig.cmake
[15.406s] -- Installing: /mnt/ros_ws/install/auv_control/share/auv_control/cmake/auv_control__rosidl_typesupport_cppExport.cmake
[15.406s] -- Installing: /mnt/ros_ws/install/auv_control/share/auv_control/cmake/auv_control__rosidl_typesupport_cppExport-noconfig.cmake
[15.406s] -- Installing: /mnt/ros_ws/install/auv_control/share/auv_control/cmake/export_auv_control__rosidl_generator_pyExport.cmake
[15.406s] -- Installing: /mnt/ros_ws/install/auv_control/share/auv_control/cmake/export_auv_control__rosidl_generator_pyExport-noconfig.cmake
[15.406s] -- Installing: /mnt/ros_ws/install/auv_control/share/auv_control/cmake/rosidl_cmake-extras.cmake
[15.406s] -- Installing: /mnt/ros_ws/install/auv_control/share/auv_control/cmake/ament_cmake_export_include_directories-extras.cmake
[15.406s] -- Installing: /mnt/ros_ws/install/auv_control/share/auv_control/cmake/ament_cmake_export_libraries-extras.cmake
[15.406s] -- Installing: /mnt/ros_ws/install/auv_control/share/auv_control/cmake/ament_cmake_export_targets-extras.cmake
[15.407s] -- Installing: /mnt/ros_ws/install/auv_control/share/auv_control/cmake/rosidl_cmake_export_typesupport_targets-extras.cmake
[15.407s] -- Installing: /mnt/ros_ws/install/auv_control/share/auv_control/cmake/ament_cmake_export_dependencies-extras.cmake
[15.407s] -- Installing: /mnt/ros_ws/install/auv_control/share/auv_control/cmake/rosidl_cmake_export_typesupport_libraries-extras.cmake
[15.407s] -- Installing: /mnt/ros_ws/install/auv_control/share/auv_control/cmake/auv_controlConfig.cmake
[15.407s] -- Installing: /mnt/ros_ws/install/auv_control/share/auv_control/cmake/auv_controlConfig-version.cmake
[15.407s] -- Installing: /mnt/ros_ws/install/auv_control/share/auv_control/package.xml
[15.408s] Invoked command in '/mnt/ros_ws/build/auv_control' returned '0': AMENT_PREFIX_PATH=/mnt/ros_ws/install/thruster_manager:${AMENT_PREFIX_PATH} CMAKE_PREFIX_PATH=/mnt/ros_ws/install/thruster_manager:/mnt/ros_ws/install/pose_to_tf:/mnt/ros_ws/install/bluerov2_description:/mnt/ros_ws/install/bluerov2_control:/opt/ros/humble LD_LIBRARY_PATH=/mnt/ros_ws/install/thruster_manager/lib:${LD_LIBRARY_PATH} /usr/bin/cmake --install /mnt/ros_ws/build/auv_control
