[0.010s] Invoking command in '/mnt/ros_ws/build/thruster_manager': CMAKE_PREFIX_PATH=${CMAKE_PREFIX_PATH}:/mnt/ros_ws/install/rov_control_tools:/opt/ros/humble /usr/bin/cmake /mnt/ros_ws/src/thruster_manager -DCMAKE_INSTALL_PREFIX=/mnt/ros_ws/install/thruster_manager
[0.042s] -- The C compiler identification is GNU 11.4.0
[0.074s] -- The CXX compiler identification is GNU 11.4.0
[0.078s] -- Detecting C compiler ABI info
[0.119s] -- Detecting C compiler ABI info - done
[0.123s] -- Check for working C compiler: /usr/bin/cc - skipped
[0.123s] -- Detecting C compile features
[0.123s] -- Detecting C compile features - done
[0.125s] -- Detecting CXX compiler ABI info
[0.171s] -- Detecting CXX compiler ABI info - done
[0.175s] -- Check for working CXX compiler: /usr/bin/c++ - skipped
[0.175s] -- Detecting CXX compile features
[0.175s] -- Detecting CXX compile features - done
[0.176s] -- Found ament_cmake: 1.3.11 (/opt/ros/humble/share/ament_cmake/cmake)
[0.255s] -- Found Python3: /usr/bin/python3 (found version "3.10.12") found components: Interpreter 
[0.315s] -- Found rclcpp: 16.0.12 (/opt/ros/humble/share/rclcpp/cmake)
[0.340s] -- Found rosidl_generator_c: 3.1.6 (/opt/ros/humble/share/rosidl_generator_c/cmake)
[0.343s] -- Found rosidl_adapter: 3.1.6 (/opt/ros/humble/share/rosidl_adapter/cmake)
[0.347s] -- Found rosidl_generator_cpp: 3.1.6 (/opt/ros/humble/share/rosidl_generator_cpp/cmake)
[0.358s] -- Using all available rosidl_typesupport_c: rosidl_typesupport_fastrtps_c;rosidl_typesupport_introspection_c
[0.362s] -- Using all available rosidl_typesupport_cpp: rosidl_typesupport_fastrtps_cpp;rosidl_typesupport_introspection_cpp
[0.383s] -- Found rmw_implementation_cmake: 6.1.2 (/opt/ros/humble/share/rmw_implementation_cmake/cmake)
[0.385s] -- Found rmw_fastrtps_cpp: 6.2.7 (/opt/ros/humble/share/rmw_fastrtps_cpp/cmake)
[0.436s] -- Found OpenSSL: /usr/lib/x86_64-linux-gnu/libcrypto.so (found version "3.0.2")  
[0.456s] -- Found FastRTPS: /opt/ros/humble/include  
[0.488s] -- Using RMW implementation 'rmw_fastrtps_cpp' as default
[0.495s] -- Looking for pthread.h
[0.541s] -- Looking for pthread.h - found
[0.542s] -- Performing Test CMAKE_HAVE_LIBC_PTHREAD
[0.584s] -- Performing Test CMAKE_HAVE_LIBC_PTHREAD - Success
[0.585s] -- Found Threads: TRUE  
[0.616s] -- Found geometry_msgs: 4.8.0 (/opt/ros/humble/share/geometry_msgs/cmake)
[0.623s] -- Found sensor_msgs: 4.8.0 (/opt/ros/humble/share/sensor_msgs/cmake)
[0.631s] -- Found tf2_ros: 0.25.12 (/opt/ros/humble/share/tf2_ros/cmake)
[0.681s] -- Found urdf: 2.6.1 (/opt/ros/humble/share/urdf/cmake)
[0.696s] -- Found kdl_parser: 2.6.4 (/opt/ros/humble/share/kdl_parser/cmake)
[0.703s] -- Found eigen3_cmake_module: 0.1.1 (/opt/ros/humble/share/eigen3_cmake_module/cmake)
[0.704s] -- Found Eigen3: TRUE (found version "3.4.0") 
[0.704s] -- Ensuring Eigen3 include directory is part of orocos-kdl CMake target
[0.706s] -- Found rclcpp_lifecycle: 16.0.12 (/opt/ros/humble/share/rclcpp_lifecycle/cmake)
[0.754s] -- Configuring done
[0.764s] -- Generating done
[0.768s] -- Build files have been written to: /mnt/ros_ws/build/thruster_manager
[0.773s] Invoked command in '/mnt/ros_ws/build/thruster_manager' returned '0': CMAKE_PREFIX_PATH=${CMAKE_PREFIX_PATH}:/mnt/ros_ws/install/rov_control_tools:/opt/ros/humble /usr/bin/cmake /mnt/ros_ws/src/thruster_manager -DCMAKE_INSTALL_PREFIX=/mnt/ros_ws/install/thruster_manager
[0.773s] Invoking command in '/mnt/ros_ws/build/thruster_manager': CMAKE_PREFIX_PATH=${CMAKE_PREFIX_PATH}:/mnt/ros_ws/install/rov_control_tools:/opt/ros/humble /usr/bin/cmake --build /mnt/ros_ws/build/thruster_manager -- -j20 -l20
[0.809s] [ 28%] [32mBuilding CXX object CMakeFiles/thruster_manager_node.dir/rclcpp_components/node_main_thruster_manager_node.cpp.o[0m
[0.809s] [ 28%] [32mBuilding CXX object CMakeFiles/thruster_manager.dir/src/thruster_manager.cpp.o[0m
[0.809s] [ 42%] [32mBuilding CXX object CMakeFiles/thruster_manager.dir/src/thruster_manager_node.cpp.o[0m
[2.242s] [ 57%] [32m[1mLinking CXX executable thruster_manager_node[0m
[2.311s] [ 57%] Built target thruster_manager_node
[8.216s] [ 71%] [32m[1mLinking CXX shared library libthruster_manager.so[0m
[8.883s] [ 71%] Built target thruster_manager
[8.896s] [ 85%] [32mBuilding CXX object CMakeFiles/publish_wrenches.dir/src/publish_wrenches.cpp.o[0m
[15.335s] [100%] [32m[1mLinking CXX executable publish_wrenches[0m
[15.865s] [100%] Built target publish_wrenches
[15.872s] Invoked command in '/mnt/ros_ws/build/thruster_manager' returned '0': CMAKE_PREFIX_PATH=${CMAKE_PREFIX_PATH}:/mnt/ros_ws/install/rov_control_tools:/opt/ros/humble /usr/bin/cmake --build /mnt/ros_ws/build/thruster_manager -- -j20 -l20
[15.873s] Invoking command in '/mnt/ros_ws/build/thruster_manager': CMAKE_PREFIX_PATH=${CMAKE_PREFIX_PATH}:/mnt/ros_ws/install/rov_control_tools:/opt/ros/humble /usr/bin/cmake --install /mnt/ros_ws/build/thruster_manager
[15.878s] -- Install configuration: ""
[15.879s] -- Installing: /mnt/ros_ws/install/thruster_manager/lib/thruster_manager/thruster_manager_node
[15.879s] -- Set runtime path of "/mnt/ros_ws/install/thruster_manager/lib/thruster_manager/thruster_manager_node" to ""
[15.879s] -- Installing: /mnt/ros_ws/install/thruster_manager/lib/libthruster_manager.so
[15.887s] -- Set runtime path of "/mnt/ros_ws/install/thruster_manager/lib/libthruster_manager.so" to ""
[15.887s] -- Installing: /mnt/ros_ws/install/thruster_manager/lib/thruster_manager/publish_wrenches
[15.890s] -- Set runtime path of "/mnt/ros_ws/install/thruster_manager/lib/thruster_manager/publish_wrenches" to ""
[15.890s] -- Installing: /mnt/ros_ws/install/thruster_manager/include
[15.890s] -- Installing: /mnt/ros_ws/install/thruster_manager/include/thruster_manager
[15.890s] -- Installing: /mnt/ros_ws/install/thruster_manager/include/thruster_manager/thruster_manager_node.h
[15.890s] -- Installing: /mnt/ros_ws/install/thruster_manager/include/thruster_manager/thruster_link.h
[15.890s] -- Installing: /mnt/ros_ws/install/thruster_manager/include/thruster_manager/thruster_manager.h
[15.890s] -- Installing: /mnt/ros_ws/install/thruster_manager/include/thruster_manager/model_parser.h
[15.890s] -- Up-to-date: /mnt/ros_ws/install/thruster_manager/include/thruster_manager
[15.890s] -- Installing: /mnt/ros_ws/install/thruster_manager/include/thruster_manager/thruster_manager
[15.890s] -- Installing: /mnt/ros_ws/install/thruster_manager/include/thruster_manager/thruster_manager/thruster_manager_node.h
[15.890s] -- Installing: /mnt/ros_ws/install/thruster_manager/include/thruster_manager/thruster_manager/thruster_link.h
[15.890s] -- Installing: /mnt/ros_ws/install/thruster_manager/include/thruster_manager/thruster_manager/thruster_manager.h
[15.890s] -- Installing: /mnt/ros_ws/install/thruster_manager/include/thruster_manager/thruster_manager/model_parser.h
[15.890s] -- Installing: /mnt/ros_ws/install/thruster_manager/share/thruster_manager/environment/library_path.sh
[15.890s] -- Installing: /mnt/ros_ws/install/thruster_manager/share/thruster_manager/environment/library_path.dsv
[15.890s] -- Installing: /mnt/ros_ws/install/thruster_manager/share/ament_index/resource_index/package_run_dependencies/thruster_manager
[15.891s] -- Installing: /mnt/ros_ws/install/thruster_manager/share/ament_index/resource_index/parent_prefix_path/thruster_manager
[15.891s] -- Installing: /mnt/ros_ws/install/thruster_manager/share/thruster_manager/environment/ament_prefix_path.sh
[15.891s] -- Installing: /mnt/ros_ws/install/thruster_manager/share/thruster_manager/environment/ament_prefix_path.dsv
[15.891s] -- Installing: /mnt/ros_ws/install/thruster_manager/share/thruster_manager/environment/path.sh
[15.891s] -- Installing: /mnt/ros_ws/install/thruster_manager/share/thruster_manager/environment/path.dsv
[15.891s] -- Installing: /mnt/ros_ws/install/thruster_manager/share/thruster_manager/local_setup.bash
[15.891s] -- Installing: /mnt/ros_ws/install/thruster_manager/share/thruster_manager/local_setup.sh
[15.891s] -- Installing: /mnt/ros_ws/install/thruster_manager/share/thruster_manager/local_setup.zsh
[15.891s] -- Installing: /mnt/ros_ws/install/thruster_manager/share/thruster_manager/local_setup.dsv
[15.891s] -- Installing: /mnt/ros_ws/install/thruster_manager/share/thruster_manager/package.dsv
[15.891s] -- Installing: /mnt/ros_ws/install/thruster_manager/share/ament_index/resource_index/packages/thruster_manager
[15.891s] -- Installing: /mnt/ros_ws/install/thruster_manager/share/ament_index/resource_index/rclcpp_components/thruster_manager
[15.891s] -- Installing: /mnt/ros_ws/install/thruster_manager/share/thruster_manager/cmake/ament_cmake_export_libraries-extras.cmake
[15.891s] -- Installing: /mnt/ros_ws/install/thruster_manager/share/thruster_manager/cmake/ament_cmake_export_include_directories-extras.cmake
[15.891s] -- Installing: /mnt/ros_ws/install/thruster_manager/share/thruster_manager/cmake/ament_cmake_export_dependencies-extras.cmake
[15.891s] -- Installing: /mnt/ros_ws/install/thruster_manager/share/thruster_manager/cmake/thruster_managerConfig.cmake
[15.891s] -- Installing: /mnt/ros_ws/install/thruster_manager/share/thruster_manager/cmake/thruster_managerConfig-version.cmake
[15.891s] -- Installing: /mnt/ros_ws/install/thruster_manager/share/thruster_manager/package.xml
[15.892s] Invoked command in '/mnt/ros_ws/build/thruster_manager' returned '0': CMAKE_PREFIX_PATH=${CMAKE_PREFIX_PATH}:/mnt/ros_ws/install/rov_control_tools:/opt/ros/humble /usr/bin/cmake --install /mnt/ros_ws/build/thruster_manager
