[0.110s] Invoking command in '/mnt/ros_ws/build/simple_launch': CMAKE_PREFIX_PATH=${CMAKE_PREFIX_PATH}:/mnt/ros_ws/install/rov_control_tools:/opt/ros/humble /usr/bin/cmake --build /mnt/ros_ws/build/simple_launch -- -j20 -l20
[0.142s] Built target ament_cmake_python_copy_simple_launch
[0.255s] running egg_info
[0.255s] writing simple_launch.egg-info/PKG-INFO
[0.255s] writing dependency_links to simple_launch.egg-info/dependency_links.txt
[0.255s] writing top-level names to simple_launch.egg-info/top_level.txt
[0.256s] reading manifest file 'simple_launch.egg-info/SOURCES.txt'
[0.256s] writing manifest file 'simple_launch.egg-info/SOURCES.txt'
[0.269s] Built target ament_cmake_python_build_simple_launch_egg
[0.276s] Invoked command in '/mnt/ros_ws/build/simple_launch' returned '0': CMAKE_PREFIX_PATH=${CMAKE_PREFIX_PATH}:/mnt/ros_ws/install/rov_control_tools:/opt/ros/humble /usr/bin/cmake --build /mnt/ros_ws/build/simple_launch -- -j20 -l20
[0.277s] Invoking command in '/mnt/ros_ws/build/simple_launch': CMAKE_PREFIX_PATH=${CMAKE_PREFIX_PATH}:/mnt/ros_ws/install/rov_control_tools:/opt/ros/humble /usr/bin/cmake --install /mnt/ros_ws/build/simple_launch
[0.280s] -- Install configuration: ""
[0.280s] -- Up-to-date: /mnt/ros_ws/install/simple_launch/share/simple_launch/example
[0.280s] -- Up-to-date: /mnt/ros_ws/install/simple_launch/share/simple_launch/example/example_launch.py
[0.281s] -- Up-to-date: /mnt/ros_ws/install/simple_launch/share/simple_launch/example/example_opaque_launch.py
[0.281s] -- Up-to-date: /mnt/ros_ws/install/simple_launch/share/simple_launch/example/composition_launch.py
[0.281s] -- Up-to-date: /mnt/ros_ws/install/simple_launch/share/simple_launch/example/scoped_opaque_launch.py
[0.281s] -- Up-to-date: /mnt/ros_ws/install/simple_launch/share/simple_launch/example/event_example_launch.py
[0.281s] -- Up-to-date: /mnt/ros_ws/install/simple_launch/share/simple_launch/example/scoped_launch.py
[0.281s] -- Up-to-date: /mnt/ros_ws/install/simple_launch/share/simple_launch/example/composition_opaque_launch.py
[0.281s] -- Up-to-date: /mnt/ros_ws/install/simple_launch/share/simple_launch/example/gazebo
[0.281s] -- Up-to-date: /mnt/ros_ws/install/simple_launch/share/simple_launch/example/gazebo/demo_world.sdf
[0.281s] -- Up-to-date: /mnt/ros_ws/install/simple_launch/share/simple_launch/example/gazebo/gazebo_launch.py
[0.281s] -- Up-to-date: /mnt/ros_ws/install/simple_launch/share/simple_launch/example/gazebo/turret_gazebo.rviz
[0.281s] -- Up-to-date: /mnt/ros_ws/install/simple_launch/share/simple_launch/example/included_launch.py
[0.281s] -- Up-to-date: /mnt/ros_ws/install/simple_launch/share/simple_launch/example/turret.xacro
[0.281s] -- Up-to-date: /mnt/ros_ws/install/simple_launch/share/simple_launch/example/turret.rviz
[0.281s] -- Up-to-date: /mnt/ros_ws/install/simple_launch/share/simple_launch/example/event_tutorial_launch.py
[0.281s] -- Up-to-date: /mnt/ros_ws/install/simple_launch/share/simple_launch/example/condition_launch.py
[0.281s] -- Up-to-date: /mnt/ros_ws/install/simple_launch/share/simple_launch/example/scoped_included_launch.py
[0.281s] -- Up-to-date: /mnt/ros_ws/install/simple_launch/lib/simple_launch/call_service
[0.281s] -- Up-to-date: /mnt/ros_ws/install/simple_launch/lib/simple_launch/set_parameters
[0.281s] -- Up-to-date: /mnt/ros_ws/install/simple_launch/lib/simple_launch/generate_gz_world
[0.282s] -- Up-to-date: /mnt/ros_ws/install/simple_launch/share/simple_launch/environment/pythonpath.sh
[0.282s] -- Up-to-date: /mnt/ros_ws/install/simple_launch/share/simple_launch/environment/pythonpath.dsv
[0.282s] -- Up-to-date: /mnt/ros_ws/install/simple_launch/local/lib/python3.10/dist-packages/simple_launch-1.11.0-py3.10.egg-info
[0.282s] -- Installing: /mnt/ros_ws/install/simple_launch/local/lib/python3.10/dist-packages/simple_launch-1.11.0-py3.10.egg-info/SOURCES.txt
[0.282s] -- Installing: /mnt/ros_ws/install/simple_launch/local/lib/python3.10/dist-packages/simple_launch-1.11.0-py3.10.egg-info/dependency_links.txt
[0.282s] -- Installing: /mnt/ros_ws/install/simple_launch/local/lib/python3.10/dist-packages/simple_launch-1.11.0-py3.10.egg-info/top_level.txt
[0.282s] -- Installing: /mnt/ros_ws/install/simple_launch/local/lib/python3.10/dist-packages/simple_launch-1.11.0-py3.10.egg-info/PKG-INFO
[0.282s] -- Up-to-date: /mnt/ros_ws/install/simple_launch/local/lib/python3.10/dist-packages/simple_launch
[0.282s] -- Up-to-date: /mnt/ros_ws/install/simple_launch/local/lib/python3.10/dist-packages/simple_launch/simple_substitution.py
[0.282s] -- Up-to-date: /mnt/ros_ws/install/simple_launch/local/lib/python3.10/dist-packages/simple_launch/group.py
[0.282s] -- Up-to-date: /mnt/ros_ws/install/simple_launch/local/lib/python3.10/dist-packages/simple_launch/gazebo.py
[0.282s] -- Up-to-date: /mnt/ros_ws/install/simple_launch/local/lib/python3.10/dist-packages/simple_launch/__init__.py
[0.282s] -- Up-to-date: /mnt/ros_ws/install/simple_launch/local/lib/python3.10/dist-packages/simple_launch/console.py
[0.282s] -- Up-to-date: /mnt/ros_ws/install/simple_launch/local/lib/python3.10/dist-packages/simple_launch/events.py
[0.300s] Listing '/mnt/ros_ws/install/simple_launch/local/lib/python3.10/dist-packages/simple_launch'...
[0.303s] -- Up-to-date: /mnt/ros_ws/install/simple_launch/share/ament_index/resource_index/package_run_dependencies/simple_launch
[0.303s] -- Up-to-date: /mnt/ros_ws/install/simple_launch/share/ament_index/resource_index/parent_prefix_path/simple_launch
[0.303s] -- Up-to-date: /mnt/ros_ws/install/simple_launch/share/simple_launch/environment/ament_prefix_path.sh
[0.303s] -- Up-to-date: /mnt/ros_ws/install/simple_launch/share/simple_launch/environment/ament_prefix_path.dsv
[0.303s] -- Up-to-date: /mnt/ros_ws/install/simple_launch/share/simple_launch/environment/path.sh
[0.303s] -- Up-to-date: /mnt/ros_ws/install/simple_launch/share/simple_launch/environment/path.dsv
[0.303s] -- Up-to-date: /mnt/ros_ws/install/simple_launch/share/simple_launch/local_setup.bash
[0.303s] -- Up-to-date: /mnt/ros_ws/install/simple_launch/share/simple_launch/local_setup.sh
[0.303s] -- Up-to-date: /mnt/ros_ws/install/simple_launch/share/simple_launch/local_setup.zsh
[0.304s] -- Up-to-date: /mnt/ros_ws/install/simple_launch/share/simple_launch/local_setup.dsv
[0.304s] -- Installing: /mnt/ros_ws/install/simple_launch/share/simple_launch/package.dsv
[0.304s] -- Up-to-date: /mnt/ros_ws/install/simple_launch/share/ament_index/resource_index/packages/simple_launch
[0.304s] -- Up-to-date: /mnt/ros_ws/install/simple_launch/share/simple_launch/cmake/simple_launchConfig.cmake
[0.304s] -- Up-to-date: /mnt/ros_ws/install/simple_launch/share/simple_launch/cmake/simple_launchConfig-version.cmake
[0.304s] -- Up-to-date: /mnt/ros_ws/install/simple_launch/share/simple_launch/package.xml
[0.305s] Invoked command in '/mnt/ros_ws/build/simple_launch' returned '0': CMAKE_PREFIX_PATH=${CMAKE_PREFIX_PATH}:/mnt/ros_ws/install/rov_control_tools:/opt/ros/humble /usr/bin/cmake --install /mnt/ros_ws/build/simple_launch
