[0.107s] Invoking command in '/mnt/ros_ws/build/simple_launch': CMAKE_PREFIX_PATH=${CMAKE_PREFIX_PATH}:/mnt/ros_ws/install/rov_control_tools:/opt/ros/humble /usr/bin/cmake /mnt/ros_ws/src/simple_launch -DCMAKE_INSTALL_PREFIX=/mnt/ros_ws/install/simple_launch
[0.133s] -- The C compiler identification is GNU 11.4.0
[0.164s] -- The CXX compiler identification is GNU 11.4.0
[0.167s] -- Detecting C compiler ABI info
[0.206s] -- Detecting C compiler ABI info - done
[0.210s] -- Check for working C compiler: /usr/bin/cc - skipped
[0.210s] -- Detecting C compile features
[0.210s] -- Detecting C compile features - done
[0.211s] -- Detecting CXX compiler ABI info
[0.257s] -- Detecting CXX compiler ABI info - done
[0.261s] -- Check for working CXX compiler: /usr/bin/c++ - skipped
[0.261s] -- Detecting CXX compile features
[0.261s] -- Detecting CXX compile features - done
[0.262s] -- Found ament_cmake: 1.3.11 (/opt/ros/humble/share/ament_cmake/cmake)
[0.363s] -- Found Python3: /usr/bin/python3 (found version "3.10.12") found components: Interpreter 
[0.479s] -- Configuring done
[0.480s] -- Generating done
[0.481s] -- Build files have been written to: /mnt/ros_ws/build/simple_launch
[0.483s] Invoked command in '/mnt/ros_ws/build/simple_launch' returned '0': CMAKE_PREFIX_PATH=${CMAKE_PREFIX_PATH}:/mnt/ros_ws/install/rov_control_tools:/opt/ros/humble /usr/bin/cmake /mnt/ros_ws/src/simple_launch -DCMAKE_INSTALL_PREFIX=/mnt/ros_ws/install/simple_launch
[0.484s] Invoking command in '/mnt/ros_ws/build/simple_launch': CMAKE_PREFIX_PATH=${CMAKE_PREFIX_PATH}:/mnt/ros_ws/install/rov_control_tools:/opt/ros/humble /usr/bin/cmake --build /mnt/ros_ws/build/simple_launch -- -j20 -l20
[0.528s] Built target ament_cmake_python_copy_simple_launch
[0.643s] running egg_info
[0.644s] creating simple_launch.egg-info
[0.644s] writing simple_launch.egg-info/PKG-INFO
[0.644s] writing dependency_links to simple_launch.egg-info/dependency_links.txt
[0.644s] writing top-level names to simple_launch.egg-info/top_level.txt
[0.644s] writing manifest file 'simple_launch.egg-info/SOURCES.txt'
[0.645s] reading manifest file 'simple_launch.egg-info/SOURCES.txt'
[0.645s] writing manifest file 'simple_launch.egg-info/SOURCES.txt'
[0.658s] Built target ament_cmake_python_build_simple_launch_egg
[0.664s] Invoked command in '/mnt/ros_ws/build/simple_launch' returned '0': CMAKE_PREFIX_PATH=${CMAKE_PREFIX_PATH}:/mnt/ros_ws/install/rov_control_tools:/opt/ros/humble /usr/bin/cmake --build /mnt/ros_ws/build/simple_launch -- -j20 -l20
[0.665s] Invoking command in '/mnt/ros_ws/build/simple_launch': CMAKE_PREFIX_PATH=${CMAKE_PREFIX_PATH}:/mnt/ros_ws/install/rov_control_tools:/opt/ros/humble /usr/bin/cmake --install /mnt/ros_ws/build/simple_launch
[0.669s] -- Install configuration: ""
[0.669s] -- Installing: /mnt/ros_ws/install/simple_launch/share/simple_launch/example
[0.669s] -- Installing: /mnt/ros_ws/install/simple_launch/share/simple_launch/example/example_launch.py
[0.669s] -- Installing: /mnt/ros_ws/install/simple_launch/share/simple_launch/example/example_opaque_launch.py
[0.670s] -- Installing: /mnt/ros_ws/install/simple_launch/share/simple_launch/example/composition_launch.py
[0.670s] -- Installing: /mnt/ros_ws/install/simple_launch/share/simple_launch/example/scoped_opaque_launch.py
[0.670s] -- Installing: /mnt/ros_ws/install/simple_launch/share/simple_launch/example/event_example_launch.py
[0.670s] -- Installing: /mnt/ros_ws/install/simple_launch/share/simple_launch/example/scoped_launch.py
[0.670s] -- Installing: /mnt/ros_ws/install/simple_launch/share/simple_launch/example/composition_opaque_launch.py
[0.670s] -- Installing: /mnt/ros_ws/install/simple_launch/share/simple_launch/example/gazebo
[0.670s] -- Installing: /mnt/ros_ws/install/simple_launch/share/simple_launch/example/gazebo/demo_world.sdf
[0.670s] -- Installing: /mnt/ros_ws/install/simple_launch/share/simple_launch/example/gazebo/gazebo_launch.py
[0.670s] -- Installing: /mnt/ros_ws/install/simple_launch/share/simple_launch/example/gazebo/turret_gazebo.rviz
[0.670s] -- Installing: /mnt/ros_ws/install/simple_launch/share/simple_launch/example/included_launch.py
[0.670s] -- Installing: /mnt/ros_ws/install/simple_launch/share/simple_launch/example/turret.xacro
[0.670s] -- Installing: /mnt/ros_ws/install/simple_launch/share/simple_launch/example/turret.rviz
[0.670s] -- Installing: /mnt/ros_ws/install/simple_launch/share/simple_launch/example/event_tutorial_launch.py
[0.670s] -- Installing: /mnt/ros_ws/install/simple_launch/share/simple_launch/example/condition_launch.py
[0.670s] -- Installing: /mnt/ros_ws/install/simple_launch/share/simple_launch/example/scoped_included_launch.py
[0.670s] -- Installing: /mnt/ros_ws/install/simple_launch/lib/simple_launch/call_service
[0.670s] -- Installing: /mnt/ros_ws/install/simple_launch/lib/simple_launch/set_parameters
[0.671s] -- Installing: /mnt/ros_ws/install/simple_launch/lib/simple_launch/generate_gz_world
[0.671s] -- Installing: /mnt/ros_ws/install/simple_launch/share/simple_launch/environment/pythonpath.sh
[0.671s] -- Installing: /mnt/ros_ws/install/simple_launch/share/simple_launch/environment/pythonpath.dsv
[0.671s] -- Installing: /mnt/ros_ws/install/simple_launch/local/lib/python3.10/dist-packages/simple_launch-1.11.0-py3.10.egg-info
[0.671s] -- Installing: /mnt/ros_ws/install/simple_launch/local/lib/python3.10/dist-packages/simple_launch-1.11.0-py3.10.egg-info/SOURCES.txt
[0.671s] -- Installing: /mnt/ros_ws/install/simple_launch/local/lib/python3.10/dist-packages/simple_launch-1.11.0-py3.10.egg-info/dependency_links.txt
[0.671s] -- Installing: /mnt/ros_ws/install/simple_launch/local/lib/python3.10/dist-packages/simple_launch-1.11.0-py3.10.egg-info/top_level.txt
[0.671s] -- Installing: /mnt/ros_ws/install/simple_launch/local/lib/python3.10/dist-packages/simple_launch-1.11.0-py3.10.egg-info/PKG-INFO
[0.671s] -- Installing: /mnt/ros_ws/install/simple_launch/local/lib/python3.10/dist-packages/simple_launch
[0.671s] -- Installing: /mnt/ros_ws/install/simple_launch/local/lib/python3.10/dist-packages/simple_launch/simple_substitution.py
[0.671s] -- Installing: /mnt/ros_ws/install/simple_launch/local/lib/python3.10/dist-packages/simple_launch/group.py
[0.671s] -- Installing: /mnt/ros_ws/install/simple_launch/local/lib/python3.10/dist-packages/simple_launch/gazebo.py
[0.671s] -- Installing: /mnt/ros_ws/install/simple_launch/local/lib/python3.10/dist-packages/simple_launch/__init__.py
[0.671s] -- Installing: /mnt/ros_ws/install/simple_launch/local/lib/python3.10/dist-packages/simple_launch/console.py
[0.671s] -- Installing: /mnt/ros_ws/install/simple_launch/local/lib/python3.10/dist-packages/simple_launch/events.py
[0.693s] Listing '/mnt/ros_ws/install/simple_launch/local/lib/python3.10/dist-packages/simple_launch'...
[0.693s] Compiling '/mnt/ros_ws/install/simple_launch/local/lib/python3.10/dist-packages/simple_launch/__init__.py'...
[0.693s] Compiling '/mnt/ros_ws/install/simple_launch/local/lib/python3.10/dist-packages/simple_launch/console.py'...
[0.693s] Compiling '/mnt/ros_ws/install/simple_launch/local/lib/python3.10/dist-packages/simple_launch/events.py'...
[0.693s] Compiling '/mnt/ros_ws/install/simple_launch/local/lib/python3.10/dist-packages/simple_launch/gazebo.py'...
[0.693s] Compiling '/mnt/ros_ws/install/simple_launch/local/lib/python3.10/dist-packages/simple_launch/group.py'...
[0.693s] Compiling '/mnt/ros_ws/install/simple_launch/local/lib/python3.10/dist-packages/simple_launch/simple_substitution.py'...
[0.695s] -- Installing: /mnt/ros_ws/install/simple_launch/share/ament_index/resource_index/package_run_dependencies/simple_launch
[0.695s] -- Installing: /mnt/ros_ws/install/simple_launch/share/ament_index/resource_index/parent_prefix_path/simple_launch
[0.695s] -- Installing: /mnt/ros_ws/install/simple_launch/share/simple_launch/environment/ament_prefix_path.sh
[0.695s] -- Installing: /mnt/ros_ws/install/simple_launch/share/simple_launch/environment/ament_prefix_path.dsv
[0.695s] -- Installing: /mnt/ros_ws/install/simple_launch/share/simple_launch/environment/path.sh
[0.695s] -- Installing: /mnt/ros_ws/install/simple_launch/share/simple_launch/environment/path.dsv
[0.695s] -- Installing: /mnt/ros_ws/install/simple_launch/share/simple_launch/local_setup.bash
[0.696s] -- Installing: /mnt/ros_ws/install/simple_launch/share/simple_launch/local_setup.sh
[0.696s] -- Installing: /mnt/ros_ws/install/simple_launch/share/simple_launch/local_setup.zsh
[0.696s] -- Installing: /mnt/ros_ws/install/simple_launch/share/simple_launch/local_setup.dsv
[0.696s] -- Installing: /mnt/ros_ws/install/simple_launch/share/simple_launch/package.dsv
[0.696s] -- Installing: /mnt/ros_ws/install/simple_launch/share/ament_index/resource_index/packages/simple_launch
[0.696s] -- Installing: /mnt/ros_ws/install/simple_launch/share/simple_launch/cmake/simple_launchConfig.cmake
[0.696s] -- Installing: /mnt/ros_ws/install/simple_launch/share/simple_launch/cmake/simple_launchConfig-version.cmake
[0.696s] -- Installing: /mnt/ros_ws/install/simple_launch/share/simple_launch/package.xml
[0.698s] Invoked command in '/mnt/ros_ws/build/simple_launch' returned '0': CMAKE_PREFIX_PATH=${CMAKE_PREFIX_PATH}:/mnt/ros_ws/install/rov_control_tools:/opt/ros/humble /usr/bin/cmake --install /mnt/ros_ws/build/simple_launch
