Built target ament_cmake_python_copy_simple_launch
running egg_info
writing simple_launch.egg-info/PKG-INFO
writing dependency_links to simple_launch.egg-info/dependency_links.txt
writing top-level names to simple_launch.egg-info/top_level.txt
reading manifest file 'simple_launch.egg-info/SOURCES.txt'
writing manifest file 'simple_launch.egg-info/SOURCES.txt'
Built target ament_cmake_python_build_simple_launch_egg
-- Install configuration: ""
-- Up-to-date: /mnt/ros_ws/install/simple_launch/share/simple_launch/example
-- Up-to-date: /mnt/ros_ws/install/simple_launch/share/simple_launch/example/example_launch.py
-- Up-to-date: /mnt/ros_ws/install/simple_launch/share/simple_launch/example/example_opaque_launch.py
-- Up-to-date: /mnt/ros_ws/install/simple_launch/share/simple_launch/example/composition_launch.py
-- Up-to-date: /mnt/ros_ws/install/simple_launch/share/simple_launch/example/scoped_opaque_launch.py
-- Up-to-date: /mnt/ros_ws/install/simple_launch/share/simple_launch/example/event_example_launch.py
-- Up-to-date: /mnt/ros_ws/install/simple_launch/share/simple_launch/example/scoped_launch.py
-- Up-to-date: /mnt/ros_ws/install/simple_launch/share/simple_launch/example/composition_opaque_launch.py
-- Up-to-date: /mnt/ros_ws/install/simple_launch/share/simple_launch/example/gazebo
-- Up-to-date: /mnt/ros_ws/install/simple_launch/share/simple_launch/example/gazebo/demo_world.sdf
-- Up-to-date: /mnt/ros_ws/install/simple_launch/share/simple_launch/example/gazebo/gazebo_launch.py
-- Up-to-date: /mnt/ros_ws/install/simple_launch/share/simple_launch/example/gazebo/turret_gazebo.rviz
-- Up-to-date: /mnt/ros_ws/install/simple_launch/share/simple_launch/example/included_launch.py
-- Up-to-date: /mnt/ros_ws/install/simple_launch/share/simple_launch/example/turret.xacro
-- Up-to-date: /mnt/ros_ws/install/simple_launch/share/simple_launch/example/turret.rviz
-- Up-to-date: /mnt/ros_ws/install/simple_launch/share/simple_launch/example/event_tutorial_launch.py
-- Up-to-date: /mnt/ros_ws/install/simple_launch/share/simple_launch/example/condition_launch.py
-- Up-to-date: /mnt/ros_ws/install/simple_launch/share/simple_launch/example/scoped_included_launch.py
-- Up-to-date: /mnt/ros_ws/install/simple_launch/lib/simple_launch/call_service
-- Up-to-date: /mnt/ros_ws/install/simple_launch/lib/simple_launch/set_parameters
-- Up-to-date: /mnt/ros_ws/install/simple_launch/lib/simple_launch/generate_gz_world
-- Up-to-date: /mnt/ros_ws/install/simple_launch/share/simple_launch/environment/pythonpath.sh
-- Up-to-date: /mnt/ros_ws/install/simple_launch/share/simple_launch/environment/pythonpath.dsv
-- Up-to-date: /mnt/ros_ws/install/simple_launch/local/lib/python3.10/dist-packages/simple_launch-1.11.0-py3.10.egg-info
-- Installing: /mnt/ros_ws/install/simple_launch/local/lib/python3.10/dist-packages/simple_launch-1.11.0-py3.10.egg-info/SOURCES.txt
-- Installing: /mnt/ros_ws/install/simple_launch/local/lib/python3.10/dist-packages/simple_launch-1.11.0-py3.10.egg-info/dependency_links.txt
-- Installing: /mnt/ros_ws/install/simple_launch/local/lib/python3.10/dist-packages/simple_launch-1.11.0-py3.10.egg-info/top_level.txt
-- Installing: /mnt/ros_ws/install/simple_launch/local/lib/python3.10/dist-packages/simple_launch-1.11.0-py3.10.egg-info/PKG-INFO
-- Up-to-date: /mnt/ros_ws/install/simple_launch/local/lib/python3.10/dist-packages/simple_launch
-- Up-to-date: /mnt/ros_ws/install/simple_launch/local/lib/python3.10/dist-packages/simple_launch/simple_substitution.py
-- Up-to-date: /mnt/ros_ws/install/simple_launch/local/lib/python3.10/dist-packages/simple_launch/group.py
-- Up-to-date: /mnt/ros_ws/install/simple_launch/local/lib/python3.10/dist-packages/simple_launch/gazebo.py
-- Up-to-date: /mnt/ros_ws/install/simple_launch/local/lib/python3.10/dist-packages/simple_launch/__init__.py
-- Up-to-date: /mnt/ros_ws/install/simple_launch/local/lib/python3.10/dist-packages/simple_launch/console.py
-- Up-to-date: /mnt/ros_ws/install/simple_launch/local/lib/python3.10/dist-packages/simple_launch/events.py
Listing '/mnt/ros_ws/install/simple_launch/local/lib/python3.10/dist-packages/simple_launch'...
-- Up-to-date: /mnt/ros_ws/install/simple_launch/share/ament_index/resource_index/package_run_dependencies/simple_launch
-- Up-to-date: /mnt/ros_ws/install/simple_launch/share/ament_index/resource_index/parent_prefix_path/simple_launch
-- Up-to-date: /mnt/ros_ws/install/simple_launch/share/simple_launch/environment/ament_prefix_path.sh
-- Up-to-date: /mnt/ros_ws/install/simple_launch/share/simple_launch/environment/ament_prefix_path.dsv
-- Up-to-date: /mnt/ros_ws/install/simple_launch/share/simple_launch/environment/path.sh
-- Up-to-date: /mnt/ros_ws/install/simple_launch/share/simple_launch/environment/path.dsv
-- Up-to-date: /mnt/ros_ws/install/simple_launch/share/simple_launch/local_setup.bash
-- Up-to-date: /mnt/ros_ws/install/simple_launch/share/simple_launch/local_setup.sh
-- Up-to-date: /mnt/ros_ws/install/simple_launch/share/simple_launch/local_setup.zsh
-- Up-to-date: /mnt/ros_ws/install/simple_launch/share/simple_launch/local_setup.dsv
-- Up-to-date: /mnt/ros_ws/install/simple_launch/share/simple_launch/package.dsv
-- Up-to-date: /mnt/ros_ws/install/simple_launch/share/ament_index/resource_index/packages/simple_launch
-- Up-to-date: /mnt/ros_ws/install/simple_launch/share/simple_launch/cmake/simple_launchConfig.cmake
-- Up-to-date: /mnt/ros_ws/install/simple_launch/share/simple_launch/cmake/simple_launchConfig-version.cmake
-- Up-to-date: /mnt/ros_ws/install/simple_launch/share/simple_launch/package.xml
