[0.047s] DEBUG:colcon:Command line arguments: ['/usr/bin/colcon', 'build']
[0.047s] DEBUG:colcon:Parsed command line arguments: Namespace(log_base=None, log_level=None, verb_name='build', build_base='build', install_base='install', merge_install=False, symlink_install=False, test_result_base=None, continue_on_error=False, executor='parallel', parallel_workers=20, event_handlers=None, ignore_user_meta=False, metas=['./colcon.meta'], base_paths=['.'], packages_ignore=None, packages_ignore_regex=None, paths=None, packages_up_to=None, packages_up_to_regex=None, packages_above=None, packages_above_and_dependencies=None, packages_above_depth=None, packages_select_by_dep=None, packages_skip_by_dep=None, packages_skip_up_to=None, packages_select_build_failed=False, packages_skip_build_finished=False, packages_select_test_failures=False, packages_skip_test_passed=False, packages_select=None, packages_skip=None, packages_select_regex=None, packages_skip_regex=None, packages_start=None, packages_end=None, cmake_args=None, cmake_target=None, cmake_target_skip_unavailable=False, cmake_clean_cache=False, cmake_clean_first=False, cmake_force_configure=False, ament_cmake_args=None, catkin_cmake_args=None, catkin_skip_building_tests=False, mixin_files=None, mixin=None, verb_parser=<colcon_mixin.mixin.mixin_argument.MixinArgumentDecorator object at 0x702f7dce0310>, verb_extension=<colcon_core.verb.build.BuildVerb object at 0x702f7dcafdf0>, main=<bound method BuildVerb.main of <colcon_core.verb.build.BuildVerb object at 0x702f7dcafdf0>>, mixin_verb=('build',))
[0.105s] Level 1:colcon.colcon_core.package_discovery:discover_packages(colcon_meta) check parameters
[0.105s] Level 1:colcon.colcon_core.package_discovery:discover_packages(recursive) check parameters
[0.105s] Level 1:colcon.colcon_core.package_discovery:discover_packages(ignore) check parameters
[0.105s] Level 1:colcon.colcon_core.package_discovery:discover_packages(path) check parameters
[0.105s] Level 1:colcon.colcon_core.package_discovery:discover_packages(colcon_meta) discover
[0.105s] Level 1:colcon.colcon_core.package_discovery:discover_packages(recursive) discover
[0.105s] INFO:colcon.colcon_core.package_discovery:Crawling recursively for packages in '/mnt/ros_ws'
[0.105s] Level 1:colcon.colcon_core.package_identification:_identify(.) by extensions ['ignore', 'ignore_ament_install']
[0.106s] Level 1:colcon.colcon_core.package_identification:_identify(.) by extension 'ignore'
[0.106s] Level 1:colcon.colcon_core.package_identification:_identify(.) by extension 'ignore_ament_install'
[0.106s] Level 1:colcon.colcon_core.package_identification:_identify(.) by extensions ['colcon_pkg']
[0.106s] Level 1:colcon.colcon_core.package_identification:_identify(.) by extension 'colcon_pkg'
[0.106s] Level 1:colcon.colcon_core.package_identification:_identify(.) by extensions ['colcon_meta']
[0.106s] Level 1:colcon.colcon_core.package_identification:_identify(.) by extension 'colcon_meta'
[0.106s] Level 1:colcon.colcon_core.package_identification:_identify(.) by extensions ['ros']
[0.106s] Level 1:colcon.colcon_core.package_identification:_identify(.) by extension 'ros'
[0.111s] Level 1:colcon.colcon_core.package_identification:_identify(.) by extensions ['cmake', 'python']
[0.111s] Level 1:colcon.colcon_core.package_identification:_identify(.) by extension 'cmake'
[0.111s] Level 1:colcon.colcon_core.package_identification:_identify(.) by extension 'python'
[0.111s] Level 1:colcon.colcon_core.package_identification:_identify(.) by extensions ['python_setup_py']
[0.111s] Level 1:colcon.colcon_core.package_identification:_identify(.) by extension 'python_setup_py'
[0.111s] Level 1:colcon.colcon_core.package_identification:_identify(build) by extensions ['ignore', 'ignore_ament_install']
[0.111s] Level 1:colcon.colcon_core.package_identification:_identify(build) by extension 'ignore'
[0.111s] Level 1:colcon.colcon_core.package_identification:_identify(build) ignored
[0.111s] Level 1:colcon.colcon_core.package_identification:_identify(install) by extensions ['ignore', 'ignore_ament_install']
[0.111s] Level 1:colcon.colcon_core.package_identification:_identify(install) by extension 'ignore'
[0.111s] Level 1:colcon.colcon_core.package_identification:_identify(install) ignored
[0.111s] Level 1:colcon.colcon_core.package_identification:_identify(log) by extensions ['ignore', 'ignore_ament_install']
[0.111s] Level 1:colcon.colcon_core.package_identification:_identify(log) by extension 'ignore'
[0.111s] Level 1:colcon.colcon_core.package_identification:_identify(log) ignored
[0.111s] Level 1:colcon.colcon_core.package_identification:_identify(src) by extensions ['ignore', 'ignore_ament_install']
[0.111s] Level 1:colcon.colcon_core.package_identification:_identify(src) by extension 'ignore'
[0.111s] Level 1:colcon.colcon_core.package_identification:_identify(src) by extension 'ignore_ament_install'
[0.111s] Level 1:colcon.colcon_core.package_identification:_identify(src) by extensions ['colcon_pkg']
[0.111s] Level 1:colcon.colcon_core.package_identification:_identify(src) by extension 'colcon_pkg'
[0.111s] Level 1:colcon.colcon_core.package_identification:_identify(src) by extensions ['colcon_meta']
[0.111s] Level 1:colcon.colcon_core.package_identification:_identify(src) by extension 'colcon_meta'
[0.111s] Level 1:colcon.colcon_core.package_identification:_identify(src) by extensions ['ros']
[0.112s] Level 1:colcon.colcon_core.package_identification:_identify(src) by extension 'ros'
[0.112s] Level 1:colcon.colcon_core.package_identification:_identify(src) by extensions ['cmake', 'python']
[0.112s] Level 1:colcon.colcon_core.package_identification:_identify(src) by extension 'cmake'
[0.112s] Level 1:colcon.colcon_core.package_identification:_identify(src) by extension 'python'
[0.112s] Level 1:colcon.colcon_core.package_identification:_identify(src) by extensions ['python_setup_py']
[0.112s] Level 1:colcon.colcon_core.package_identification:_identify(src) by extension 'python_setup_py'
[0.112s] Level 1:colcon.colcon_core.package_identification:_identify(src/bluerov2_control) by extensions ['ignore', 'ignore_ament_install']
[0.112s] Level 1:colcon.colcon_core.package_identification:_identify(src/bluerov2_control) by extension 'ignore'
[0.112s] Level 1:colcon.colcon_core.package_identification:_identify(src/bluerov2_control) by extension 'ignore_ament_install'
[0.112s] Level 1:colcon.colcon_core.package_identification:_identify(src/bluerov2_control) by extensions ['colcon_pkg']
[0.112s] Level 1:colcon.colcon_core.package_identification:_identify(src/bluerov2_control) by extension 'colcon_pkg'
[0.112s] Level 1:colcon.colcon_core.package_identification:_identify(src/bluerov2_control) by extensions ['colcon_meta']
[0.112s] Level 1:colcon.colcon_core.package_identification:_identify(src/bluerov2_control) by extension 'colcon_meta'
[0.112s] Level 1:colcon.colcon_core.package_identification:_identify(src/bluerov2_control) by extensions ['ros']
[0.112s] Level 1:colcon.colcon_core.package_identification:_identify(src/bluerov2_control) by extension 'ros'
[0.113s] DEBUG:colcon.colcon_core.package_identification:Package 'src/bluerov2_control' with type 'ros.ament_cmake' and name 'bluerov2_control'
[0.113s] Level 1:colcon.colcon_core.package_identification:_identify(src/bluerov2_description) by extensions ['ignore', 'ignore_ament_install']
[0.113s] Level 1:colcon.colcon_core.package_identification:_identify(src/bluerov2_description) by extension 'ignore'
[0.113s] Level 1:colcon.colcon_core.package_identification:_identify(src/bluerov2_description) by extension 'ignore_ament_install'
[0.113s] Level 1:colcon.colcon_core.package_identification:_identify(src/bluerov2_description) by extensions ['colcon_pkg']
[0.113s] Level 1:colcon.colcon_core.package_identification:_identify(src/bluerov2_description) by extension 'colcon_pkg'
[0.113s] Level 1:colcon.colcon_core.package_identification:_identify(src/bluerov2_description) by extensions ['colcon_meta']
[0.113s] Level 1:colcon.colcon_core.package_identification:_identify(src/bluerov2_description) by extension 'colcon_meta'
[0.113s] Level 1:colcon.colcon_core.package_identification:_identify(src/bluerov2_description) by extensions ['ros']
[0.113s] Level 1:colcon.colcon_core.package_identification:_identify(src/bluerov2_description) by extension 'ros'
[0.113s] DEBUG:colcon.colcon_core.package_identification:Package 'src/bluerov2_description' with type 'ros.ament_cmake' and name 'bluerov2_description'
[0.113s] Level 1:colcon.colcon_core.package_identification:_identify(src/rov_control_tools) by extensions ['ignore', 'ignore_ament_install']
[0.113s] Level 1:colcon.colcon_core.package_identification:_identify(src/rov_control_tools) by extension 'ignore'
[0.113s] Level 1:colcon.colcon_core.package_identification:_identify(src/rov_control_tools) by extension 'ignore_ament_install'
[0.113s] Level 1:colcon.colcon_core.package_identification:_identify(src/rov_control_tools) by extensions ['colcon_pkg']
[0.113s] Level 1:colcon.colcon_core.package_identification:_identify(src/rov_control_tools) by extension 'colcon_pkg'
[0.113s] Level 1:colcon.colcon_core.package_identification:_identify(src/rov_control_tools) by extensions ['colcon_meta']
[0.113s] Level 1:colcon.colcon_core.package_identification:_identify(src/rov_control_tools) by extension 'colcon_meta'
[0.113s] Level 1:colcon.colcon_core.package_identification:_identify(src/rov_control_tools) by extensions ['ros']
[0.113s] Level 1:colcon.colcon_core.package_identification:_identify(src/rov_control_tools) by extension 'ros'
[0.114s] DEBUG:colcon.colcon_core.package_identification:Package 'src/rov_control_tools' with type 'ros.ament_python' and name 'rov_control_tools'
[0.114s] Level 1:colcon.colcon_core.package_discovery:discover_packages(recursive) using defaults
[0.114s] Level 1:colcon.colcon_core.package_discovery:discover_packages(ignore) discover
[0.114s] Level 1:colcon.colcon_core.package_discovery:discover_packages(ignore) using defaults
[0.114s] Level 1:colcon.colcon_core.package_discovery:discover_packages(path) discover
[0.114s] Level 1:colcon.colcon_core.package_discovery:discover_packages(path) using defaults
[0.123s] Level 5:colcon.colcon_core.verb:set package 'bluerov2_control' build argument 'cmake_args' from command line to 'None'
[0.123s] Level 5:colcon.colcon_core.verb:set package 'bluerov2_control' build argument 'cmake_target' from command line to 'None'
[0.123s] Level 5:colcon.colcon_core.verb:set package 'bluerov2_control' build argument 'cmake_target_skip_unavailable' from command line to 'False'
[0.123s] Level 5:colcon.colcon_core.verb:set package 'bluerov2_control' build argument 'cmake_clean_cache' from command line to 'False'
[0.123s] Level 5:colcon.colcon_core.verb:set package 'bluerov2_control' build argument 'cmake_clean_first' from command line to 'False'
[0.123s] Level 5:colcon.colcon_core.verb:set package 'bluerov2_control' build argument 'cmake_force_configure' from command line to 'False'
[0.123s] Level 5:colcon.colcon_core.verb:set package 'bluerov2_control' build argument 'ament_cmake_args' from command line to 'None'
[0.123s] Level 5:colcon.colcon_core.verb:set package 'bluerov2_control' build argument 'catkin_cmake_args' from command line to 'None'
[0.123s] Level 5:colcon.colcon_core.verb:set package 'bluerov2_control' build argument 'catkin_skip_building_tests' from command line to 'False'
[0.123s] DEBUG:colcon.colcon_core.verb:Building package 'bluerov2_control' with the following arguments: {'ament_cmake_args': None, 'build_base': '/mnt/ros_ws/build/bluerov2_control', 'catkin_cmake_args': None, 'catkin_skip_building_tests': False, 'cmake_args': None, 'cmake_clean_cache': False, 'cmake_clean_first': False, 'cmake_force_configure': False, 'cmake_target': None, 'cmake_target_skip_unavailable': False, 'install_base': '/mnt/ros_ws/install/bluerov2_control', 'merge_install': False, 'path': '/mnt/ros_ws/src/bluerov2_control', 'symlink_install': False, 'test_result_base': None}
[0.123s] Level 5:colcon.colcon_core.verb:set package 'bluerov2_description' build argument 'cmake_args' from command line to 'None'
[0.123s] Level 5:colcon.colcon_core.verb:set package 'bluerov2_description' build argument 'cmake_target' from command line to 'None'
[0.123s] Level 5:colcon.colcon_core.verb:set package 'bluerov2_description' build argument 'cmake_target_skip_unavailable' from command line to 'False'
[0.123s] Level 5:colcon.colcon_core.verb:set package 'bluerov2_description' build argument 'cmake_clean_cache' from command line to 'False'
[0.123s] Level 5:colcon.colcon_core.verb:set package 'bluerov2_description' build argument 'cmake_clean_first' from command line to 'False'
[0.123s] Level 5:colcon.colcon_core.verb:set package 'bluerov2_description' build argument 'cmake_force_configure' from command line to 'False'
[0.123s] Level 5:colcon.colcon_core.verb:set package 'bluerov2_description' build argument 'ament_cmake_args' from command line to 'None'
[0.123s] Level 5:colcon.colcon_core.verb:set package 'bluerov2_description' build argument 'catkin_cmake_args' from command line to 'None'
[0.123s] Level 5:colcon.colcon_core.verb:set package 'bluerov2_description' build argument 'catkin_skip_building_tests' from command line to 'False'
[0.123s] DEBUG:colcon.colcon_core.verb:Building package 'bluerov2_description' with the following arguments: {'ament_cmake_args': None, 'build_base': '/mnt/ros_ws/build/bluerov2_description', 'catkin_cmake_args': None, 'catkin_skip_building_tests': False, 'cmake_args': None, 'cmake_clean_cache': False, 'cmake_clean_first': False, 'cmake_force_configure': False, 'cmake_target': None, 'cmake_target_skip_unavailable': False, 'install_base': '/mnt/ros_ws/install/bluerov2_description', 'merge_install': False, 'path': '/mnt/ros_ws/src/bluerov2_description', 'symlink_install': False, 'test_result_base': None}
[0.123s] Level 5:colcon.colcon_core.verb:set package 'rov_control_tools' build argument 'cmake_args' from command line to 'None'
[0.123s] Level 5:colcon.colcon_core.verb:set package 'rov_control_tools' build argument 'cmake_target' from command line to 'None'
[0.123s] Level 5:colcon.colcon_core.verb:set package 'rov_control_tools' build argument 'cmake_target_skip_unavailable' from command line to 'False'
[0.123s] Level 5:colcon.colcon_core.verb:set package 'rov_control_tools' build argument 'cmake_clean_cache' from command line to 'False'
[0.123s] Level 5:colcon.colcon_core.verb:set package 'rov_control_tools' build argument 'cmake_clean_first' from command line to 'False'
[0.123s] Level 5:colcon.colcon_core.verb:set package 'rov_control_tools' build argument 'cmake_force_configure' from command line to 'False'
[0.123s] Level 5:colcon.colcon_core.verb:set package 'rov_control_tools' build argument 'ament_cmake_args' from command line to 'None'
[0.123s] Level 5:colcon.colcon_core.verb:set package 'rov_control_tools' build argument 'catkin_cmake_args' from command line to 'None'
[0.123s] Level 5:colcon.colcon_core.verb:set package 'rov_control_tools' build argument 'catkin_skip_building_tests' from command line to 'False'
[0.123s] DEBUG:colcon.colcon_core.verb:Building package 'rov_control_tools' with the following arguments: {'ament_cmake_args': None, 'build_base': '/mnt/ros_ws/build/rov_control_tools', 'catkin_cmake_args': None, 'catkin_skip_building_tests': False, 'cmake_args': None, 'cmake_clean_cache': False, 'cmake_clean_first': False, 'cmake_force_configure': False, 'cmake_target': None, 'cmake_target_skip_unavailable': False, 'install_base': '/mnt/ros_ws/install/rov_control_tools', 'merge_install': False, 'path': '/mnt/ros_ws/src/rov_control_tools', 'symlink_install': False, 'test_result_base': None}
[0.124s] INFO:colcon.colcon_core.executor:Executing jobs using 'parallel' executor
[0.124s] DEBUG:colcon.colcon_parallel_executor.executor.parallel:run_until_complete
[0.124s] INFO:colcon.colcon_ros.task.ament_cmake.build:Building ROS package in '/mnt/ros_ws/src/bluerov2_control' with build type 'ament_cmake'
[0.124s] INFO:colcon.colcon_cmake.task.cmake.build:Building CMake package in '/mnt/ros_ws/src/bluerov2_control'
[0.125s] INFO:colcon.colcon_core.plugin_system:Skipping extension 'colcon_core.shell.bat': Not used on non-Windows systems
[0.125s] INFO:colcon.colcon_core.shell:Skip shell extension 'powershell' for command environment: Not usable outside of PowerShell
[0.125s] DEBUG:colcon.colcon_core.shell:Skip shell extension 'dsv' for command environment
[0.128s] INFO:colcon.colcon_ros.task.ament_cmake.build:Building ROS package in '/mnt/ros_ws/src/bluerov2_description' with build type 'ament_cmake'
[0.128s] INFO:colcon.colcon_cmake.task.cmake.build:Building CMake package in '/mnt/ros_ws/src/bluerov2_description'
[0.128s] INFO:colcon.colcon_core.shell:Skip shell extension 'powershell' for command environment: Not usable outside of PowerShell
[0.128s] DEBUG:colcon.colcon_core.shell:Skip shell extension 'dsv' for command environment
[0.129s] INFO:colcon.colcon_ros.task.ament_python.build:Building ROS package in '/mnt/ros_ws/src/rov_control_tools' with build type 'ament_python'
[0.129s] Level 1:colcon.colcon_core.shell:create_environment_hook('rov_control_tools', 'ament_prefix_path')
[0.129s] INFO:colcon.colcon_core.shell:Creating environment hook '/mnt/ros_ws/install/rov_control_tools/share/rov_control_tools/hook/ament_prefix_path.ps1'
[0.130s] INFO:colcon.colcon_core.shell:Creating environment descriptor '/mnt/ros_ws/install/rov_control_tools/share/rov_control_tools/hook/ament_prefix_path.dsv'
[0.130s] INFO:colcon.colcon_core.shell:Creating environment hook '/mnt/ros_ws/install/rov_control_tools/share/rov_control_tools/hook/ament_prefix_path.sh'
[0.130s] INFO:colcon.colcon_core.shell:Skip shell extension 'powershell' for command environment: Not usable outside of PowerShell
[0.130s] DEBUG:colcon.colcon_core.shell:Skip shell extension 'dsv' for command environment
[0.134s] DEBUG:colcon.colcon_core.event_handler.log_command:Invoking command in '/mnt/ros_ws/build/bluerov2_control': CMAKE_PREFIX_PATH=${CMAKE_PREFIX_PATH}:/mnt/ros_ws/install/rov_control_tools:/opt/ros/humble /usr/bin/cmake --build /mnt/ros_ws/build/bluerov2_control -- -j20 -l20
[0.135s] DEBUG:colcon.colcon_core.event_handler.log_command:Invoking command in '/mnt/ros_ws/build/bluerov2_description': CMAKE_PREFIX_PATH=${CMAKE_PREFIX_PATH}:/mnt/ros_ws/install/rov_control_tools:/opt/ros/humble /usr/bin/cmake --build /mnt/ros_ws/build/bluerov2_description -- -j20 -l20
[0.243s] INFO:colcon.colcon_core.task.python.build:Building Python package in '/mnt/ros_ws/src/rov_control_tools'
[0.243s] INFO:colcon.colcon_core.shell:Skip shell extension 'powershell' for command environment: Not usable outside of PowerShell
[0.243s] DEBUG:colcon.colcon_core.shell:Skip shell extension 'dsv' for command environment
[0.246s] DEBUG:colcon.colcon_core.event_handler.log_command:Invoked command in '/mnt/ros_ws/build/bluerov2_control' returned '0': CMAKE_PREFIX_PATH=${CMAKE_PREFIX_PATH}:/mnt/ros_ws/install/rov_control_tools:/opt/ros/humble /usr/bin/cmake --build /mnt/ros_ws/build/bluerov2_control -- -j20 -l20
[0.252s] DEBUG:colcon.colcon_core.event_handler.log_command:Invoking command in '/mnt/ros_ws/build/bluerov2_control': CMAKE_PREFIX_PATH=${CMAKE_PREFIX_PATH}:/mnt/ros_ws/install/rov_control_tools:/opt/ros/humble /usr/bin/cmake --install /mnt/ros_ws/build/bluerov2_control
[0.252s] DEBUG:colcon.colcon_core.event_handler.log_command:Invoked command in '/mnt/ros_ws/build/bluerov2_description' returned '0': CMAKE_PREFIX_PATH=${CMAKE_PREFIX_PATH}:/mnt/ros_ws/install/rov_control_tools:/opt/ros/humble /usr/bin/cmake --build /mnt/ros_ws/build/bluerov2_description -- -j20 -l20
[0.252s] DEBUG:colcon.colcon_core.event_handler.log_command:Invoking command in '/mnt/ros_ws/build/bluerov2_description': CMAKE_PREFIX_PATH=${CMAKE_PREFIX_PATH}:/mnt/ros_ws/install/rov_control_tools:/opt/ros/humble /usr/bin/cmake --install /mnt/ros_ws/build/bluerov2_description
[0.257s] Level 1:colcon.colcon_core.environment:create_environment_scripts_only(bluerov2_description)
[0.257s] DEBUG:colcon.colcon_core.event_handler.log_command:Invoked command in '/mnt/ros_ws/build/bluerov2_description' returned '0': CMAKE_PREFIX_PATH=${CMAKE_PREFIX_PATH}:/mnt/ros_ws/install/rov_control_tools:/opt/ros/humble /usr/bin/cmake --install /mnt/ros_ws/build/bluerov2_description
[0.259s] Level 1:colcon.colcon_core.environment:checking '/mnt/ros_ws/install/bluerov2_description' for CMake module files
[0.259s] Level 1:colcon.colcon_core.environment:checking '/mnt/ros_ws/install/bluerov2_description' for CMake config files
[0.259s] Level 1:colcon.colcon_core.shell:create_environment_hook('bluerov2_description', 'cmake_prefix_path')
[0.259s] INFO:colcon.colcon_core.shell:Creating environment hook '/mnt/ros_ws/install/bluerov2_description/share/bluerov2_description/hook/cmake_prefix_path.ps1'
[0.259s] INFO:colcon.colcon_core.shell:Creating environment descriptor '/mnt/ros_ws/install/bluerov2_description/share/bluerov2_description/hook/cmake_prefix_path.dsv'
[0.259s] INFO:colcon.colcon_core.shell:Creating environment hook '/mnt/ros_ws/install/bluerov2_description/share/bluerov2_description/hook/cmake_prefix_path.sh'
[0.260s] Level 1:colcon.colcon_core.environment:checking '/mnt/ros_ws/install/bluerov2_description/bin'
[0.260s] Level 1:colcon.colcon_core.environment:checking '/mnt/ros_ws/install/bluerov2_description/lib/pkgconfig/bluerov2_description.pc'
[0.260s] Level 1:colcon.colcon_core.environment:checking '/mnt/ros_ws/install/bluerov2_description/lib/python3.10/site-packages'
[0.260s] Level 1:colcon.colcon_core.environment:checking '/mnt/ros_ws/install/bluerov2_description/bin'
[0.260s] INFO:colcon.colcon_core.shell:Creating package script '/mnt/ros_ws/install/bluerov2_description/share/bluerov2_description/package.ps1'
[0.260s] INFO:colcon.colcon_core.shell:Creating package descriptor '/mnt/ros_ws/install/bluerov2_description/share/bluerov2_description/package.dsv'
[0.261s] INFO:colcon.colcon_core.shell:Creating package script '/mnt/ros_ws/install/bluerov2_description/share/bluerov2_description/package.sh'
[0.261s] INFO:colcon.colcon_core.shell:Creating package script '/mnt/ros_ws/install/bluerov2_description/share/bluerov2_description/package.bash'
[0.261s] INFO:colcon.colcon_core.shell:Creating package script '/mnt/ros_ws/install/bluerov2_description/share/bluerov2_description/package.zsh'
[0.262s] Level 1:colcon.colcon_core.environment:create_file_with_runtime_dependencies(/mnt/ros_ws/install/bluerov2_description/share/colcon-core/packages/bluerov2_description)
[0.262s] Level 1:colcon.colcon_core.environment:create_environment_scripts_only(bluerov2_description)
[0.262s] Level 1:colcon.colcon_core.environment:checking '/mnt/ros_ws/install/bluerov2_description' for CMake module files
[0.263s] Level 1:colcon.colcon_core.environment:checking '/mnt/ros_ws/install/bluerov2_description' for CMake config files
[0.263s] Level 1:colcon.colcon_core.shell:create_environment_hook('bluerov2_description', 'cmake_prefix_path')
[0.263s] INFO:colcon.colcon_core.shell:Creating environment hook '/mnt/ros_ws/install/bluerov2_description/share/bluerov2_description/hook/cmake_prefix_path.ps1'
[0.263s] INFO:colcon.colcon_core.shell:Creating environment descriptor '/mnt/ros_ws/install/bluerov2_description/share/bluerov2_description/hook/cmake_prefix_path.dsv'
[0.263s] INFO:colcon.colcon_core.shell:Creating environment hook '/mnt/ros_ws/install/bluerov2_description/share/bluerov2_description/hook/cmake_prefix_path.sh'
[0.264s] Level 1:colcon.colcon_core.environment:checking '/mnt/ros_ws/install/bluerov2_description/bin'
[0.264s] Level 1:colcon.colcon_core.environment:checking '/mnt/ros_ws/install/bluerov2_description/lib/pkgconfig/bluerov2_description.pc'
[0.264s] Level 1:colcon.colcon_core.environment:checking '/mnt/ros_ws/install/bluerov2_description/lib/python3.10/site-packages'
[0.264s] Level 1:colcon.colcon_core.environment:checking '/mnt/ros_ws/install/bluerov2_description/bin'
[0.264s] INFO:colcon.colcon_core.shell:Creating package script '/mnt/ros_ws/install/bluerov2_description/share/bluerov2_description/package.ps1'
[0.264s] INFO:colcon.colcon_core.shell:Creating package descriptor '/mnt/ros_ws/install/bluerov2_description/share/bluerov2_description/package.dsv'
[0.264s] INFO:colcon.colcon_core.shell:Creating package script '/mnt/ros_ws/install/bluerov2_description/share/bluerov2_description/package.sh'
[0.264s] INFO:colcon.colcon_core.shell:Creating package script '/mnt/ros_ws/install/bluerov2_description/share/bluerov2_description/package.bash'
[0.265s] INFO:colcon.colcon_core.shell:Creating package script '/mnt/ros_ws/install/bluerov2_description/share/bluerov2_description/package.zsh'
[0.265s] Level 1:colcon.colcon_core.environment:create_file_with_runtime_dependencies(/mnt/ros_ws/install/bluerov2_description/share/colcon-core/packages/bluerov2_description)
[0.265s] Level 1:colcon.colcon_core.environment:create_environment_scripts_only(bluerov2_control)
[0.265s] Level 1:colcon.colcon_core.environment:checking '/mnt/ros_ws/install/bluerov2_control' for CMake module files
[0.265s] DEBUG:colcon.colcon_core.event_handler.log_command:Invoked command in '/mnt/ros_ws/build/bluerov2_control' returned '0': CMAKE_PREFIX_PATH=${CMAKE_PREFIX_PATH}:/mnt/ros_ws/install/rov_control_tools:/opt/ros/humble /usr/bin/cmake --install /mnt/ros_ws/build/bluerov2_control
[0.265s] Level 1:colcon.colcon_core.environment:checking '/mnt/ros_ws/install/bluerov2_control' for CMake config files
[0.265s] Level 1:colcon.colcon_core.shell:create_environment_hook('bluerov2_control', 'cmake_prefix_path')
[0.266s] INFO:colcon.colcon_core.shell:Creating environment hook '/mnt/ros_ws/install/bluerov2_control/share/bluerov2_control/hook/cmake_prefix_path.ps1'
[0.266s] INFO:colcon.colcon_core.shell:Creating environment descriptor '/mnt/ros_ws/install/bluerov2_control/share/bluerov2_control/hook/cmake_prefix_path.dsv'
[0.266s] INFO:colcon.colcon_core.shell:Creating environment hook '/mnt/ros_ws/install/bluerov2_control/share/bluerov2_control/hook/cmake_prefix_path.sh'
[0.266s] Level 1:colcon.colcon_core.environment:checking '/mnt/ros_ws/install/bluerov2_control/bin'
[0.266s] Level 1:colcon.colcon_core.environment:checking '/mnt/ros_ws/install/bluerov2_control/lib/pkgconfig/bluerov2_control.pc'
[0.266s] Level 1:colcon.colcon_core.environment:checking '/mnt/ros_ws/install/bluerov2_control/lib/python3.10/site-packages'
[0.266s] Level 1:colcon.colcon_core.environment:checking '/mnt/ros_ws/install/bluerov2_control/bin'
[0.266s] INFO:colcon.colcon_core.shell:Creating package script '/mnt/ros_ws/install/bluerov2_control/share/bluerov2_control/package.ps1'
[0.267s] INFO:colcon.colcon_core.shell:Creating package descriptor '/mnt/ros_ws/install/bluerov2_control/share/bluerov2_control/package.dsv'
[0.267s] INFO:colcon.colcon_core.shell:Creating package script '/mnt/ros_ws/install/bluerov2_control/share/bluerov2_control/package.sh'
[0.267s] INFO:colcon.colcon_core.shell:Creating package script '/mnt/ros_ws/install/bluerov2_control/share/bluerov2_control/package.bash'
[0.267s] INFO:colcon.colcon_core.shell:Creating package script '/mnt/ros_ws/install/bluerov2_control/share/bluerov2_control/package.zsh'
[0.267s] Level 1:colcon.colcon_core.environment:create_file_with_runtime_dependencies(/mnt/ros_ws/install/bluerov2_control/share/colcon-core/packages/bluerov2_control)
[0.267s] Level 1:colcon.colcon_core.environment:create_environment_scripts_only(bluerov2_control)
[0.267s] Level 1:colcon.colcon_core.environment:checking '/mnt/ros_ws/install/bluerov2_control' for CMake module files
[0.268s] Level 1:colcon.colcon_core.environment:checking '/mnt/ros_ws/install/bluerov2_control' for CMake config files
[0.268s] Level 1:colcon.colcon_core.shell:create_environment_hook('bluerov2_control', 'cmake_prefix_path')
[0.268s] INFO:colcon.colcon_core.shell:Creating environment hook '/mnt/ros_ws/install/bluerov2_control/share/bluerov2_control/hook/cmake_prefix_path.ps1'
[0.268s] INFO:colcon.colcon_core.shell:Creating environment descriptor '/mnt/ros_ws/install/bluerov2_control/share/bluerov2_control/hook/cmake_prefix_path.dsv'
[0.268s] INFO:colcon.colcon_core.shell:Creating environment hook '/mnt/ros_ws/install/bluerov2_control/share/bluerov2_control/hook/cmake_prefix_path.sh'
[0.268s] Level 1:colcon.colcon_core.environment:checking '/mnt/ros_ws/install/bluerov2_control/bin'
[0.268s] Level 1:colcon.colcon_core.environment:checking '/mnt/ros_ws/install/bluerov2_control/lib/pkgconfig/bluerov2_control.pc'
[0.268s] Level 1:colcon.colcon_core.environment:checking '/mnt/ros_ws/install/bluerov2_control/lib/python3.10/site-packages'
[0.269s] Level 1:colcon.colcon_core.environment:checking '/mnt/ros_ws/install/bluerov2_control/bin'
[0.269s] INFO:colcon.colcon_core.shell:Creating package script '/mnt/ros_ws/install/bluerov2_control/share/bluerov2_control/package.ps1'
[0.269s] INFO:colcon.colcon_core.shell:Creating package descriptor '/mnt/ros_ws/install/bluerov2_control/share/bluerov2_control/package.dsv'
[0.269s] INFO:colcon.colcon_core.shell:Creating package script '/mnt/ros_ws/install/bluerov2_control/share/bluerov2_control/package.sh'
[0.269s] INFO:colcon.colcon_core.shell:Creating package script '/mnt/ros_ws/install/bluerov2_control/share/bluerov2_control/package.bash'
[0.269s] INFO:colcon.colcon_core.shell:Creating package script '/mnt/ros_ws/install/bluerov2_control/share/bluerov2_control/package.zsh'
[0.269s] Level 1:colcon.colcon_core.environment:create_file_with_runtime_dependencies(/mnt/ros_ws/install/bluerov2_control/share/colcon-core/packages/bluerov2_control)
[0.380s] DEBUG:colcon.colcon_core.event_handler.log_command:Invoking command in '/mnt/ros_ws/src/rov_control_tools': PYTHONPATH=/mnt/ros_ws/build/rov_control_tools/prefix_override:/usr/lib/python3/dist-packages/colcon_core/task/python/colcon_distutils_commands:/mnt/ros_ws/install/rov_control_tools/lib/python3.10/site-packages:${PYTHONPATH} /usr/bin/python3 -W ignore:setup.py install is deprecated -W ignore:easy_install command is deprecated setup.py egg_info --egg-base ../../build/rov_control_tools build --build-base /mnt/ros_ws/build/rov_control_tools/build install --record /mnt/ros_ws/build/rov_control_tools/install.log --single-version-externally-managed install_data
[0.496s] Level 1:colcon.colcon_core.environment:checking '/mnt/ros_ws/install/rov_control_tools' for CMake module files
[0.496s] DEBUG:colcon.colcon_core.event_handler.log_command:Invoked command in '/mnt/ros_ws/src/rov_control_tools' returned '0': PYTHONPATH=/mnt/ros_ws/build/rov_control_tools/prefix_override:/usr/lib/python3/dist-packages/colcon_core/task/python/colcon_distutils_commands:/mnt/ros_ws/install/rov_control_tools/lib/python3.10/site-packages:${PYTHONPATH} /usr/bin/python3 -W ignore:setup.py install is deprecated -W ignore:easy_install command is deprecated setup.py egg_info --egg-base ../../build/rov_control_tools build --build-base /mnt/ros_ws/build/rov_control_tools/build install --record /mnt/ros_ws/build/rov_control_tools/install.log --single-version-externally-managed install_data
[0.496s] Level 1:colcon.colcon_core.environment:checking '/mnt/ros_ws/install/rov_control_tools' for CMake config files
[0.496s] Level 1:colcon.colcon_core.environment:checking '/mnt/ros_ws/install/rov_control_tools/lib'
[0.496s] Level 1:colcon.colcon_core.environment:checking '/mnt/ros_ws/install/rov_control_tools/bin'
[0.496s] Level 1:colcon.colcon_core.environment:checking '/mnt/ros_ws/install/rov_control_tools/lib/pkgconfig/rov_control_tools.pc'
[0.497s] Level 1:colcon.colcon_core.environment:checking '/mnt/ros_ws/install/rov_control_tools/lib/python3.10/site-packages'
[0.497s] Level 1:colcon.colcon_core.shell:create_environment_hook('rov_control_tools', 'pythonpath')
[0.497s] INFO:colcon.colcon_core.shell:Creating environment hook '/mnt/ros_ws/install/rov_control_tools/share/rov_control_tools/hook/pythonpath.ps1'
[0.497s] INFO:colcon.colcon_core.shell:Creating environment descriptor '/mnt/ros_ws/install/rov_control_tools/share/rov_control_tools/hook/pythonpath.dsv'
[0.497s] INFO:colcon.colcon_core.shell:Creating environment hook '/mnt/ros_ws/install/rov_control_tools/share/rov_control_tools/hook/pythonpath.sh'
[0.497s] Level 1:colcon.colcon_core.environment:checking '/mnt/ros_ws/install/rov_control_tools/bin'
[0.497s] Level 1:colcon.colcon_core.environment:create_environment_scripts_only(rov_control_tools)
[0.497s] INFO:colcon.colcon_core.shell:Creating package script '/mnt/ros_ws/install/rov_control_tools/share/rov_control_tools/package.ps1'
[0.498s] INFO:colcon.colcon_core.shell:Creating package descriptor '/mnt/ros_ws/install/rov_control_tools/share/rov_control_tools/package.dsv'
[0.498s] INFO:colcon.colcon_core.shell:Creating package script '/mnt/ros_ws/install/rov_control_tools/share/rov_control_tools/package.sh'
[0.498s] INFO:colcon.colcon_core.shell:Creating package script '/mnt/ros_ws/install/rov_control_tools/share/rov_control_tools/package.bash'
[0.498s] INFO:colcon.colcon_core.shell:Creating package script '/mnt/ros_ws/install/rov_control_tools/share/rov_control_tools/package.zsh'
[0.498s] Level 1:colcon.colcon_core.environment:create_file_with_runtime_dependencies(/mnt/ros_ws/install/rov_control_tools/share/colcon-core/packages/rov_control_tools)
[0.498s] DEBUG:colcon.colcon_parallel_executor.executor.parallel:closing loop
[0.498s] DEBUG:colcon.colcon_parallel_executor.executor.parallel:loop closed
[0.498s] DEBUG:colcon.colcon_parallel_executor.executor.parallel:run_until_complete finished with '0'
[0.498s] DEBUG:colcon.colcon_core.event_reactor:joining thread
[0.505s] INFO:colcon.colcon_core.plugin_system:Skipping extension 'colcon_notification.desktop_notification.notify_send': Could not find 'notify-send'
[0.505s] INFO:colcon.colcon_core.plugin_system:Skipping extension 'colcon_notification.desktop_notification.terminal_notifier': Not used on non-Darwin systems
[0.505s] INFO:colcon.colcon_core.plugin_system:Skipping extension 'colcon_notification.desktop_notification.win32': Not used on non-Windows systems
[0.505s] INFO:colcon.colcon_notification.desktop_notification:Sending desktop notification using 'notify2'
[0.507s] DEBUG:colcon.colcon_notification.desktop_notification.notify2:Failed to initialize notify2: org.freedesktop.DBus.Error.Spawn.ExecFailed: /usr/bin/dbus-launch terminated abnormally without any error message
[0.507s] DEBUG:colcon.colcon_core.event_reactor:joined thread
[0.507s] INFO:colcon.colcon_core.shell:Creating prefix script '/mnt/ros_ws/install/local_setup.ps1'
[0.508s] INFO:colcon.colcon_core.shell:Creating prefix util module '/mnt/ros_ws/install/_local_setup_util_ps1.py'
[0.508s] INFO:colcon.colcon_core.shell:Creating prefix chain script '/mnt/ros_ws/install/setup.ps1'
[0.509s] INFO:colcon.colcon_core.shell:Creating prefix script '/mnt/ros_ws/install/local_setup.sh'
[0.509s] INFO:colcon.colcon_core.shell:Creating prefix util module '/mnt/ros_ws/install/_local_setup_util_sh.py'
[0.509s] INFO:colcon.colcon_core.shell:Creating prefix chain script '/mnt/ros_ws/install/setup.sh'
[0.510s] INFO:colcon.colcon_core.shell:Creating prefix script '/mnt/ros_ws/install/local_setup.bash'
[0.510s] INFO:colcon.colcon_core.shell:Creating prefix chain script '/mnt/ros_ws/install/setup.bash'
[0.510s] INFO:colcon.colcon_core.shell:Creating prefix script '/mnt/ros_ws/install/local_setup.zsh'
[0.510s] INFO:colcon.colcon_core.shell:Creating prefix chain script '/mnt/ros_ws/install/setup.zsh'
